CRITICAL - 2025-12-10 18:48:09 --> Error: Undefined constant "Config\DB_HOSTNAME"
[Method: GET, Route: /]
in APPPATH\Config\Database.php on line 29.
 1 SYSTEMPATH\Database\Config.php(96): [constant expression]()
 2 SYSTEMPATH\Debug\Toolbar\Collectors\Database.php(258): CodeIgniter\Database\Config::getConnections()
 3 SYSTEMPATH\Debug\Toolbar\Collectors\Database.php(75): CodeIgniter\Debug\Toolbar\Collectors\Database->getConnections()
 4 SYSTEMPATH\Debug\Toolbar.php(68): CodeIgniter\Debug\Toolbar\Collectors\Database->__construct()
 5 SYSTEMPATH\Config\Services.php(796): CodeIgniter\Debug\Toolbar->__construct(Object(Config\Toolbar))
 6 SYSTEMPATH\Config\BaseService.php(312): CodeIgniter\Config\Services::toolbar(Object(Config\Toolbar), false)
 7 SYSTEMPATH\Config\BaseService.php(251): CodeIgniter\Config\BaseService::__callStatic('toolbar', [...])
 8 SYSTEMPATH\Config\Services.php(791): CodeIgniter\Config\BaseService::getSharedInstance('toolbar', null)
 9 SYSTEMPATH\Config\BaseService.php(321): CodeIgniter\Config\Services::toolbar()
10 APPPATH\Config\Events.php(47): CodeIgniter\Config\BaseService::__callStatic('toolbar', [])
11 SYSTEMPATH\Events\Events.php(155): CodeIgniter\Events\Events::Config\{closure}()
12 SYSTEMPATH\CodeIgniter.php(340): CodeIgniter\Events\Events::trigger('pre_system')
13 SYSTEMPATH\Boot.php(325): CodeIgniter\CodeIgniter->run()
14 SYSTEMPATH\Boot.php(67): CodeIgniter\Boot::runCodeIgniter(Object(CodeIgniter\CodeIgniter))
15 FCPATH\index.php(57): CodeIgniter\Boot::bootWeb(Object(Config\Paths))
CRITICAL - 2025-12-10 18:48:09 --> Error: Undefined constant "Config\DB_HOSTNAME"
[Method: GET, Route: favicon.ico]
in APPPATH\Config\Database.php on line 29.
 1 SYSTEMPATH\Database\Config.php(96): [constant expression]()
 2 SYSTEMPATH\Debug\Toolbar\Collectors\Database.php(258): CodeIgniter\Database\Config::getConnections()
 3 SYSTEMPATH\Debug\Toolbar\Collectors\Database.php(75): CodeIgniter\Debug\Toolbar\Collectors\Database->getConnections()
 4 SYSTEMPATH\Debug\Toolbar.php(68): CodeIgniter\Debug\Toolbar\Collectors\Database->__construct()
 5 SYSTEMPATH\Config\Services.php(796): CodeIgniter\Debug\Toolbar->__construct(Object(Config\Toolbar))
 6 SYSTEMPATH\Config\BaseService.php(312): CodeIgniter\Config\Services::toolbar(Object(Config\Toolbar), false)
 7 SYSTEMPATH\Config\BaseService.php(251): CodeIgniter\Config\BaseService::__callStatic('toolbar', [...])
 8 SYSTEMPATH\Config\Services.php(791): CodeIgniter\Config\BaseService::getSharedInstance('toolbar', null)
 9 SYSTEMPATH\Config\BaseService.php(321): CodeIgniter\Config\Services::toolbar()
10 APPPATH\Config\Events.php(47): CodeIgniter\Config\BaseService::__callStatic('toolbar', [])
11 SYSTEMPATH\Events\Events.php(155): CodeIgniter\Events\Events::Config\{closure}()
12 SYSTEMPATH\CodeIgniter.php(340): CodeIgniter\Events\Events::trigger('pre_system')
13 SYSTEMPATH\Boot.php(325): CodeIgniter\CodeIgniter->run()
14 SYSTEMPATH\Boot.php(67): CodeIgniter\Boot::runCodeIgniter(Object(CodeIgniter\CodeIgniter))
15 FCPATH\index.php(57): CodeIgniter\Boot::bootWeb(Object(Config\Paths))
CRITICAL - 2025-12-10 18:48:18 --> Error: Undefined constant "Config\DB_HOSTNAME"
[Method: GET, Route: /]
in APPPATH\Config\Database.php on line 29.
 1 SYSTEMPATH\Database\Config.php(96): [constant expression]()
 2 SYSTEMPATH\Debug\Toolbar\Collectors\Database.php(258): CodeIgniter\Database\Config::getConnections()
 3 SYSTEMPATH\Debug\Toolbar\Collectors\Database.php(75): CodeIgniter\Debug\Toolbar\Collectors\Database->getConnections()
 4 SYSTEMPATH\Debug\Toolbar.php(68): CodeIgniter\Debug\Toolbar\Collectors\Database->__construct()
 5 SYSTEMPATH\Config\Services.php(796): CodeIgniter\Debug\Toolbar->__construct(Object(Config\Toolbar))
 6 SYSTEMPATH\Config\BaseService.php(312): CodeIgniter\Config\Services::toolbar(Object(Config\Toolbar), false)
 7 SYSTEMPATH\Config\BaseService.php(251): CodeIgniter\Config\BaseService::__callStatic('toolbar', [...])
 8 SYSTEMPATH\Config\Services.php(791): CodeIgniter\Config\BaseService::getSharedInstance('toolbar', null)
 9 SYSTEMPATH\Config\BaseService.php(321): CodeIgniter\Config\Services::toolbar()
10 APPPATH\Config\Events.php(47): CodeIgniter\Config\BaseService::__callStatic('toolbar', [])
11 SYSTEMPATH\Events\Events.php(155): CodeIgniter\Events\Events::Config\{closure}()
12 SYSTEMPATH\CodeIgniter.php(340): CodeIgniter\Events\Events::trigger('pre_system')
13 SYSTEMPATH\Boot.php(325): CodeIgniter\CodeIgniter->run()
14 SYSTEMPATH\Boot.php(67): CodeIgniter\Boot::runCodeIgniter(Object(CodeIgniter\CodeIgniter))
15 FCPATH\index.php(57): CodeIgniter\Boot::bootWeb(Object(Config\Paths))
CRITICAL - 2025-12-10 18:48:18 --> Error: Undefined constant "Config\DB_HOSTNAME"
[Method: GET, Route: favicon.ico]
in APPPATH\Config\Database.php on line 29.
 1 SYSTEMPATH\Database\Config.php(96): [constant expression]()
 2 SYSTEMPATH\Debug\Toolbar\Collectors\Database.php(258): CodeIgniter\Database\Config::getConnections()
 3 SYSTEMPATH\Debug\Toolbar\Collectors\Database.php(75): CodeIgniter\Debug\Toolbar\Collectors\Database->getConnections()
 4 SYSTEMPATH\Debug\Toolbar.php(68): CodeIgniter\Debug\Toolbar\Collectors\Database->__construct()
 5 SYSTEMPATH\Config\Services.php(796): CodeIgniter\Debug\Toolbar->__construct(Object(Config\Toolbar))
 6 SYSTEMPATH\Config\BaseService.php(312): CodeIgniter\Config\Services::toolbar(Object(Config\Toolbar), false)
 7 SYSTEMPATH\Config\BaseService.php(251): CodeIgniter\Config\BaseService::__callStatic('toolbar', [...])
 8 SYSTEMPATH\Config\Services.php(791): CodeIgniter\Config\BaseService::getSharedInstance('toolbar', null)
 9 SYSTEMPATH\Config\BaseService.php(321): CodeIgniter\Config\Services::toolbar()
10 APPPATH\Config\Events.php(47): CodeIgniter\Config\BaseService::__callStatic('toolbar', [])
11 SYSTEMPATH\Events\Events.php(155): CodeIgniter\Events\Events::Config\{closure}()
12 SYSTEMPATH\CodeIgniter.php(340): CodeIgniter\Events\Events::trigger('pre_system')
13 SYSTEMPATH\Boot.php(325): CodeIgniter\CodeIgniter->run()
14 SYSTEMPATH\Boot.php(67): CodeIgniter\Boot::runCodeIgniter(Object(CodeIgniter\CodeIgniter))
15 FCPATH\index.php(57): CodeIgniter\Boot::bootWeb(Object(Config\Paths))
CRITICAL - 2025-12-10 18:48:23 --> Error: Undefined constant "Config\DB_HOSTNAME"
[Method: GET, Route: /]
in APPPATH\Config\Database.php on line 29.
 1 SYSTEMPATH\Database\Config.php(96): [constant expression]()
 2 SYSTEMPATH\Debug\Toolbar\Collectors\Database.php(258): CodeIgniter\Database\Config::getConnections()
 3 SYSTEMPATH\Debug\Toolbar\Collectors\Database.php(75): CodeIgniter\Debug\Toolbar\Collectors\Database->getConnections()
 4 SYSTEMPATH\Debug\Toolbar.php(68): CodeIgniter\Debug\Toolbar\Collectors\Database->__construct()
 5 SYSTEMPATH\Config\Services.php(796): CodeIgniter\Debug\Toolbar->__construct(Object(Config\Toolbar))
 6 SYSTEMPATH\Config\BaseService.php(312): CodeIgniter\Config\Services::toolbar(Object(Config\Toolbar), false)
 7 SYSTEMPATH\Config\BaseService.php(251): CodeIgniter\Config\BaseService::__callStatic('toolbar', [...])
 8 SYSTEMPATH\Config\Services.php(791): CodeIgniter\Config\BaseService::getSharedInstance('toolbar', null)
 9 SYSTEMPATH\Config\BaseService.php(321): CodeIgniter\Config\Services::toolbar()
10 APPPATH\Config\Events.php(47): CodeIgniter\Config\BaseService::__callStatic('toolbar', [])
11 SYSTEMPATH\Events\Events.php(155): CodeIgniter\Events\Events::Config\{closure}()
12 SYSTEMPATH\CodeIgniter.php(340): CodeIgniter\Events\Events::trigger('pre_system')
13 SYSTEMPATH\Boot.php(325): CodeIgniter\CodeIgniter->run()
14 SYSTEMPATH\Boot.php(67): CodeIgniter\Boot::runCodeIgniter(Object(CodeIgniter\CodeIgniter))
15 FCPATH\index.php(57): CodeIgniter\Boot::bootWeb(Object(Config\Paths))
CRITICAL - 2025-12-10 18:48:23 --> Error: Undefined constant "Config\DB_HOSTNAME"
[Method: GET, Route: favicon.ico]
in APPPATH\Config\Database.php on line 29.
 1 SYSTEMPATH\Database\Config.php(96): [constant expression]()
 2 SYSTEMPATH\Debug\Toolbar\Collectors\Database.php(258): CodeIgniter\Database\Config::getConnections()
 3 SYSTEMPATH\Debug\Toolbar\Collectors\Database.php(75): CodeIgniter\Debug\Toolbar\Collectors\Database->getConnections()
 4 SYSTEMPATH\Debug\Toolbar.php(68): CodeIgniter\Debug\Toolbar\Collectors\Database->__construct()
 5 SYSTEMPATH\Config\Services.php(796): CodeIgniter\Debug\Toolbar->__construct(Object(Config\Toolbar))
 6 SYSTEMPATH\Config\BaseService.php(312): CodeIgniter\Config\Services::toolbar(Object(Config\Toolbar), false)
 7 SYSTEMPATH\Config\BaseService.php(251): CodeIgniter\Config\BaseService::__callStatic('toolbar', [...])
 8 SYSTEMPATH\Config\Services.php(791): CodeIgniter\Config\BaseService::getSharedInstance('toolbar', null)
 9 SYSTEMPATH\Config\BaseService.php(321): CodeIgniter\Config\Services::toolbar()
10 APPPATH\Config\Events.php(47): CodeIgniter\Config\BaseService::__callStatic('toolbar', [])
11 SYSTEMPATH\Events\Events.php(155): CodeIgniter\Events\Events::Config\{closure}()
12 SYSTEMPATH\CodeIgniter.php(340): CodeIgniter\Events\Events::trigger('pre_system')
13 SYSTEMPATH\Boot.php(325): CodeIgniter\CodeIgniter->run()
14 SYSTEMPATH\Boot.php(67): CodeIgniter\Boot::runCodeIgniter(Object(CodeIgniter\CodeIgniter))
15 FCPATH\index.php(57): CodeIgniter\Boot::bootWeb(Object(Config\Paths))
INFO - 2025-12-10 18:49:56 --> Session: Class initialized using 'CodeIgniter\Session\Handlers\FileHandler' driver.
WARNING - 2025-12-10 18:49:56 --> Session: Sessions is enabled, and one exists. Please don't $session->start();
WARNING - 2025-12-10 18:49:56 --> [DEPRECATED] Optional parameter $select declared before required parameter $count is implicitly treated as a required parameter in APPPATH\Models\User_m.php on line 58.
 1 FCPATH\vendor\composer\ClassLoader.php(576): include('C:\\laragon\\www\\coin\\vendor\\codeigniter4\\framework\\system\\Debug\\Exceptions.php')
 2 FCPATH\vendor\composer\ClassLoader.php(427): Composer\Autoload\{closure}('C:\\laragon\\www\\coin\\vendor\\composer/../../app/Models/User_m.php')
 3 APPPATH\Controllers\Login_c.php(29): Composer\Autoload\ClassLoader->loadClass('App\\Models\\User_m')
 4 SYSTEMPATH\CodeIgniter.php(903): App\Controllers\Login_c->__construct()
 5 SYSTEMPATH\CodeIgniter.php(500): CodeIgniter\CodeIgniter->createController()
 6 SYSTEMPATH\CodeIgniter.php(355): CodeIgniter\CodeIgniter->handleRequest(null, Object(Config\Cache), false)
 7 SYSTEMPATH\Boot.php(325): CodeIgniter\CodeIgniter->run()
 8 SYSTEMPATH\Boot.php(67): CodeIgniter\Boot::runCodeIgniter(Object(CodeIgniter\CodeIgniter))
 9 FCPATH\index.php(57): CodeIgniter\Boot::bootWeb(Object(Config\Paths))
WARNING - 2025-12-10 18:49:56 --> [DEPRECATED] Optional parameter $sum declared before required parameter $count is implicitly treated as a required parameter in APPPATH\Models\User_m.php on line 58.
 1 FCPATH\vendor\composer\ClassLoader.php(576): include('C:\\laragon\\www\\coin\\vendor\\codeigniter4\\framework\\system\\Debug\\Exceptions.php')
 2 FCPATH\vendor\composer\ClassLoader.php(427): Composer\Autoload\{closure}('C:\\laragon\\www\\coin\\vendor\\composer/../../app/Models/User_m.php')
 3 APPPATH\Controllers\Login_c.php(29): Composer\Autoload\ClassLoader->loadClass('App\\Models\\User_m')
 4 SYSTEMPATH\CodeIgniter.php(903): App\Controllers\Login_c->__construct()
 5 SYSTEMPATH\CodeIgniter.php(500): CodeIgniter\CodeIgniter->createController()
 6 SYSTEMPATH\CodeIgniter.php(355): CodeIgniter\CodeIgniter->handleRequest(null, Object(Config\Cache), false)
 7 SYSTEMPATH\Boot.php(325): CodeIgniter\CodeIgniter->run()
 8 SYSTEMPATH\Boot.php(67): CodeIgniter\Boot::runCodeIgniter(Object(CodeIgniter\CodeIgniter))
 9 FCPATH\index.php(57): CodeIgniter\Boot::bootWeb(Object(Config\Paths))
INFO - 2025-12-10 18:50:03 --> Session: Class initialized using 'CodeIgniter\Session\Handlers\FileHandler' driver.
WARNING - 2025-12-10 18:50:03 --> Session: Sessions is enabled, and one exists. Please don't $session->start();
WARNING - 2025-12-10 18:50:03 --> [DEPRECATED] Optional parameter $select declared before required parameter $count is implicitly treated as a required parameter in APPPATH\Models\User_m.php on line 58.
 1 FCPATH\vendor\composer\ClassLoader.php(576): include('C:\\laragon\\www\\coin\\vendor\\codeigniter4\\framework\\system\\Debug\\Exceptions.php')
 2 FCPATH\vendor\composer\ClassLoader.php(427): Composer\Autoload\{closure}('C:\\laragon\\www\\coin\\vendor\\composer/../../app/Models/User_m.php')
 3 APPPATH\Controllers\Login_c.php(29): Composer\Autoload\ClassLoader->loadClass('App\\Models\\User_m')
 4 SYSTEMPATH\CodeIgniter.php(903): App\Controllers\Login_c->__construct()
 5 SYSTEMPATH\CodeIgniter.php(500): CodeIgniter\CodeIgniter->createController()
 6 SYSTEMPATH\CodeIgniter.php(355): CodeIgniter\CodeIgniter->handleRequest(null, Object(Config\Cache), false)
 7 SYSTEMPATH\Boot.php(325): CodeIgniter\CodeIgniter->run()
 8 SYSTEMPATH\Boot.php(67): CodeIgniter\Boot::runCodeIgniter(Object(CodeIgniter\CodeIgniter))
 9 FCPATH\index.php(57): CodeIgniter\Boot::bootWeb(Object(Config\Paths))
WARNING - 2025-12-10 18:50:03 --> [DEPRECATED] Optional parameter $sum declared before required parameter $count is implicitly treated as a required parameter in APPPATH\Models\User_m.php on line 58.
 1 FCPATH\vendor\composer\ClassLoader.php(576): include('C:\\laragon\\www\\coin\\vendor\\codeigniter4\\framework\\system\\Debug\\Exceptions.php')
 2 FCPATH\vendor\composer\ClassLoader.php(427): Composer\Autoload\{closure}('C:\\laragon\\www\\coin\\vendor\\composer/../../app/Models/User_m.php')
 3 APPPATH\Controllers\Login_c.php(29): Composer\Autoload\ClassLoader->loadClass('App\\Models\\User_m')
 4 SYSTEMPATH\CodeIgniter.php(903): App\Controllers\Login_c->__construct()
 5 SYSTEMPATH\CodeIgniter.php(500): CodeIgniter\CodeIgniter->createController()
 6 SYSTEMPATH\CodeIgniter.php(355): CodeIgniter\CodeIgniter->handleRequest(null, Object(Config\Cache), false)
 7 SYSTEMPATH\Boot.php(325): CodeIgniter\CodeIgniter->run()
 8 SYSTEMPATH\Boot.php(67): CodeIgniter\Boot::runCodeIgniter(Object(CodeIgniter\CodeIgniter))
 9 FCPATH\index.php(57): CodeIgniter\Boot::bootWeb(Object(Config\Paths))
INFO - 2025-12-10 18:50:10 --> Session: Class initialized using 'CodeIgniter\Session\Handlers\FileHandler' driver.
WARNING - 2025-12-10 18:50:10 --> Session: Sessions is enabled, and one exists. Please don't $session->start();
WARNING - 2025-12-10 18:50:10 --> [DEPRECATED] Optional parameter $select declared before required parameter $count is implicitly treated as a required parameter in APPPATH\Models\User_m.php on line 58.
 1 FCPATH\vendor\composer\ClassLoader.php(576): include('C:\\laragon\\www\\coin\\vendor\\codeigniter4\\framework\\system\\Debug\\Exceptions.php')
 2 FCPATH\vendor\composer\ClassLoader.php(427): Composer\Autoload\{closure}('C:\\laragon\\www\\coin\\vendor\\composer/../../app/Models/User_m.php')
 3 APPPATH\Controllers\Login_c.php(29): Composer\Autoload\ClassLoader->loadClass('App\\Models\\User_m')
 4 SYSTEMPATH\CodeIgniter.php(903): App\Controllers\Login_c->__construct()
 5 SYSTEMPATH\CodeIgniter.php(500): CodeIgniter\CodeIgniter->createController()
 6 SYSTEMPATH\CodeIgniter.php(355): CodeIgniter\CodeIgniter->handleRequest(null, Object(Config\Cache), false)
 7 SYSTEMPATH\Boot.php(325): CodeIgniter\CodeIgniter->run()
 8 SYSTEMPATH\Boot.php(67): CodeIgniter\Boot::runCodeIgniter(Object(CodeIgniter\CodeIgniter))
 9 FCPATH\index.php(57): CodeIgniter\Boot::bootWeb(Object(Config\Paths))
WARNING - 2025-12-10 18:50:10 --> [DEPRECATED] Optional parameter $sum declared before required parameter $count is implicitly treated as a required parameter in APPPATH\Models\User_m.php on line 58.
 1 FCPATH\vendor\composer\ClassLoader.php(576): include('C:\\laragon\\www\\coin\\vendor\\codeigniter4\\framework\\system\\Debug\\Exceptions.php')
 2 FCPATH\vendor\composer\ClassLoader.php(427): Composer\Autoload\{closure}('C:\\laragon\\www\\coin\\vendor\\composer/../../app/Models/User_m.php')
 3 APPPATH\Controllers\Login_c.php(29): Composer\Autoload\ClassLoader->loadClass('App\\Models\\User_m')
 4 SYSTEMPATH\CodeIgniter.php(903): App\Controllers\Login_c->__construct()
 5 SYSTEMPATH\CodeIgniter.php(500): CodeIgniter\CodeIgniter->createController()
 6 SYSTEMPATH\CodeIgniter.php(355): CodeIgniter\CodeIgniter->handleRequest(null, Object(Config\Cache), false)
 7 SYSTEMPATH\Boot.php(325): CodeIgniter\CodeIgniter->run()
 8 SYSTEMPATH\Boot.php(67): CodeIgniter\Boot::runCodeIgniter(Object(CodeIgniter\CodeIgniter))
 9 FCPATH\index.php(57): CodeIgniter\Boot::bootWeb(Object(Config\Paths))
INFO - 2025-12-10 18:50:11 --> Session: Class initialized using 'CodeIgniter\Session\Handlers\FileHandler' driver.
WARNING - 2025-12-10 18:50:11 --> Session: Sessions is enabled, and one exists. Please don't $session->start();
WARNING - 2025-12-10 18:50:11 --> [DEPRECATED] Optional parameter $select declared before required parameter $count is implicitly treated as a required parameter in APPPATH\Models\User_m.php on line 58.
 1 FCPATH\vendor\composer\ClassLoader.php(576): include('C:\\laragon\\www\\coin\\vendor\\codeigniter4\\framework\\system\\Debug\\Exceptions.php')
 2 FCPATH\vendor\composer\ClassLoader.php(427): Composer\Autoload\{closure}('C:\\laragon\\www\\coin\\vendor\\composer/../../app/Models/User_m.php')
 3 APPPATH\Controllers\User_c.php(36): Composer\Autoload\ClassLoader->loadClass('App\\Models\\User_m')
 4 SYSTEMPATH\CodeIgniter.php(903): App\Controllers\User_c->__construct()
 5 SYSTEMPATH\CodeIgniter.php(500): CodeIgniter\CodeIgniter->createController()
 6 SYSTEMPATH\CodeIgniter.php(355): CodeIgniter\CodeIgniter->handleRequest(null, Object(Config\Cache), false)
 7 SYSTEMPATH\Boot.php(325): CodeIgniter\CodeIgniter->run()
 8 SYSTEMPATH\Boot.php(67): CodeIgniter\Boot::runCodeIgniter(Object(CodeIgniter\CodeIgniter))
 9 FCPATH\index.php(57): CodeIgniter\Boot::bootWeb(Object(Config\Paths))
WARNING - 2025-12-10 18:50:11 --> [DEPRECATED] Optional parameter $sum declared before required parameter $count is implicitly treated as a required parameter in APPPATH\Models\User_m.php on line 58.
 1 FCPATH\vendor\composer\ClassLoader.php(576): include('C:\\laragon\\www\\coin\\vendor\\codeigniter4\\framework\\system\\Debug\\Exceptions.php')
 2 FCPATH\vendor\composer\ClassLoader.php(427): Composer\Autoload\{closure}('C:\\laragon\\www\\coin\\vendor\\composer/../../app/Models/User_m.php')
 3 APPPATH\Controllers\User_c.php(36): Composer\Autoload\ClassLoader->loadClass('App\\Models\\User_m')
 4 SYSTEMPATH\CodeIgniter.php(903): App\Controllers\User_c->__construct()
 5 SYSTEMPATH\CodeIgniter.php(500): CodeIgniter\CodeIgniter->createController()
 6 SYSTEMPATH\CodeIgniter.php(355): CodeIgniter\CodeIgniter->handleRequest(null, Object(Config\Cache), false)
 7 SYSTEMPATH\Boot.php(325): CodeIgniter\CodeIgniter->run()
 8 SYSTEMPATH\Boot.php(67): CodeIgniter\Boot::runCodeIgniter(Object(CodeIgniter\CodeIgniter))
 9 FCPATH\index.php(57): CodeIgniter\Boot::bootWeb(Object(Config\Paths))
INFO - 2025-12-10 18:50:53 --> Session: Class initialized using 'CodeIgniter\Session\Handlers\FileHandler' driver.
WARNING - 2025-12-10 18:50:53 --> Session: Sessions is enabled, and one exists. Please don't $session->start();
WARNING - 2025-12-10 18:50:53 --> [DEPRECATED] Optional parameter $select declared before required parameter $count is implicitly treated as a required parameter in APPPATH\Models\User_m.php on line 58.
 1 FCPATH\vendor\composer\ClassLoader.php(576): include('C:\\laragon\\www\\coin\\vendor\\codeigniter4\\framework\\system\\Debug\\Exceptions.php')
 2 FCPATH\vendor\composer\ClassLoader.php(427): Composer\Autoload\{closure}('C:\\laragon\\www\\coin\\vendor\\composer/../../app/Models/User_m.php')
 3 APPPATH\Controllers\User_c.php(36): Composer\Autoload\ClassLoader->loadClass('App\\Models\\User_m')
 4 SYSTEMPATH\CodeIgniter.php(903): App\Controllers\User_c->__construct()
 5 SYSTEMPATH\CodeIgniter.php(500): CodeIgniter\CodeIgniter->createController()
 6 SYSTEMPATH\CodeIgniter.php(355): CodeIgniter\CodeIgniter->handleRequest(null, Object(Config\Cache), false)
 7 SYSTEMPATH\Boot.php(325): CodeIgniter\CodeIgniter->run()
 8 SYSTEMPATH\Boot.php(67): CodeIgniter\Boot::runCodeIgniter(Object(CodeIgniter\CodeIgniter))
 9 FCPATH\index.php(57): CodeIgniter\Boot::bootWeb(Object(Config\Paths))
WARNING - 2025-12-10 18:50:53 --> [DEPRECATED] Optional parameter $sum declared before required parameter $count is implicitly treated as a required parameter in APPPATH\Models\User_m.php on line 58.
 1 FCPATH\vendor\composer\ClassLoader.php(576): include('C:\\laragon\\www\\coin\\vendor\\codeigniter4\\framework\\system\\Debug\\Exceptions.php')
 2 FCPATH\vendor\composer\ClassLoader.php(427): Composer\Autoload\{closure}('C:\\laragon\\www\\coin\\vendor\\composer/../../app/Models/User_m.php')
 3 APPPATH\Controllers\User_c.php(36): Composer\Autoload\ClassLoader->loadClass('App\\Models\\User_m')
 4 SYSTEMPATH\CodeIgniter.php(903): App\Controllers\User_c->__construct()
 5 SYSTEMPATH\CodeIgniter.php(500): CodeIgniter\CodeIgniter->createController()
 6 SYSTEMPATH\CodeIgniter.php(355): CodeIgniter\CodeIgniter->handleRequest(null, Object(Config\Cache), false)
 7 SYSTEMPATH\Boot.php(325): CodeIgniter\CodeIgniter->run()
 8 SYSTEMPATH\Boot.php(67): CodeIgniter\Boot::runCodeIgniter(Object(CodeIgniter\CodeIgniter))
 9 FCPATH\index.php(57): CodeIgniter\Boot::bootWeb(Object(Config\Paths))
INFO - 2025-12-10 18:51:16 --> Session: Class initialized using 'CodeIgniter\Session\Handlers\FileHandler' driver.
WARNING - 2025-12-10 18:51:16 --> Session: Sessions is enabled, and one exists. Please don't $session->start();
WARNING - 2025-12-10 18:51:16 --> [DEPRECATED] Optional parameter $select declared before required parameter $count is implicitly treated as a required parameter in APPPATH\Models\User_m.php on line 58.
 1 FCPATH\vendor\composer\ClassLoader.php(576): include('C:\\laragon\\www\\coin\\vendor\\codeigniter4\\framework\\system\\Debug\\Exceptions.php')
 2 FCPATH\vendor\composer\ClassLoader.php(427): Composer\Autoload\{closure}('C:\\laragon\\www\\coin\\vendor\\composer/../../app/Models/User_m.php')
 3 APPPATH\Controllers\User_c.php(36): Composer\Autoload\ClassLoader->loadClass('App\\Models\\User_m')
 4 SYSTEMPATH\CodeIgniter.php(903): App\Controllers\User_c->__construct()
 5 SYSTEMPATH\CodeIgniter.php(500): CodeIgniter\CodeIgniter->createController()
 6 SYSTEMPATH\CodeIgniter.php(355): CodeIgniter\CodeIgniter->handleRequest(null, Object(Config\Cache), false)
 7 SYSTEMPATH\Boot.php(325): CodeIgniter\CodeIgniter->run()
 8 SYSTEMPATH\Boot.php(67): CodeIgniter\Boot::runCodeIgniter(Object(CodeIgniter\CodeIgniter))
 9 FCPATH\index.php(57): CodeIgniter\Boot::bootWeb(Object(Config\Paths))
WARNING - 2025-12-10 18:51:16 --> [DEPRECATED] Optional parameter $sum declared before required parameter $count is implicitly treated as a required parameter in APPPATH\Models\User_m.php on line 58.
 1 FCPATH\vendor\composer\ClassLoader.php(576): include('C:\\laragon\\www\\coin\\vendor\\codeigniter4\\framework\\system\\Debug\\Exceptions.php')
 2 FCPATH\vendor\composer\ClassLoader.php(427): Composer\Autoload\{closure}('C:\\laragon\\www\\coin\\vendor\\composer/../../app/Models/User_m.php')
 3 APPPATH\Controllers\User_c.php(36): Composer\Autoload\ClassLoader->loadClass('App\\Models\\User_m')
 4 SYSTEMPATH\CodeIgniter.php(903): App\Controllers\User_c->__construct()
 5 SYSTEMPATH\CodeIgniter.php(500): CodeIgniter\CodeIgniter->createController()
 6 SYSTEMPATH\CodeIgniter.php(355): CodeIgniter\CodeIgniter->handleRequest(null, Object(Config\Cache), false)
 7 SYSTEMPATH\Boot.php(325): CodeIgniter\CodeIgniter->run()
 8 SYSTEMPATH\Boot.php(67): CodeIgniter\Boot::runCodeIgniter(Object(CodeIgniter\CodeIgniter))
 9 FCPATH\index.php(57): CodeIgniter\Boot::bootWeb(Object(Config\Paths))
INFO - 2025-12-10 18:51:22 --> Session: Class initialized using 'CodeIgniter\Session\Handlers\FileHandler' driver.
WARNING - 2025-12-10 18:51:22 --> Session: Sessions is enabled, and one exists. Please don't $session->start();
WARNING - 2025-12-10 18:51:22 --> [DEPRECATED] Optional parameter $select declared before required parameter $count is implicitly treated as a required parameter in APPPATH\Models\User_m.php on line 58.
 1 FCPATH\vendor\composer\ClassLoader.php(576): include('C:\\laragon\\www\\coin\\vendor\\codeigniter4\\framework\\system\\Debug\\Exceptions.php')
 2 FCPATH\vendor\composer\ClassLoader.php(427): Composer\Autoload\{closure}('C:\\laragon\\www\\coin\\vendor\\composer/../../app/Models/User_m.php')
 3 APPPATH\Controllers\User_c.php(36): Composer\Autoload\ClassLoader->loadClass('App\\Models\\User_m')
 4 SYSTEMPATH\CodeIgniter.php(903): App\Controllers\User_c->__construct()
 5 SYSTEMPATH\CodeIgniter.php(500): CodeIgniter\CodeIgniter->createController()
 6 SYSTEMPATH\CodeIgniter.php(355): CodeIgniter\CodeIgniter->handleRequest(null, Object(Config\Cache), false)
 7 SYSTEMPATH\Boot.php(325): CodeIgniter\CodeIgniter->run()
 8 SYSTEMPATH\Boot.php(67): CodeIgniter\Boot::runCodeIgniter(Object(CodeIgniter\CodeIgniter))
 9 FCPATH\index.php(57): CodeIgniter\Boot::bootWeb(Object(Config\Paths))
WARNING - 2025-12-10 18:51:22 --> [DEPRECATED] Optional parameter $sum declared before required parameter $count is implicitly treated as a required parameter in APPPATH\Models\User_m.php on line 58.
 1 FCPATH\vendor\composer\ClassLoader.php(576): include('C:\\laragon\\www\\coin\\vendor\\codeigniter4\\framework\\system\\Debug\\Exceptions.php')
 2 FCPATH\vendor\composer\ClassLoader.php(427): Composer\Autoload\{closure}('C:\\laragon\\www\\coin\\vendor\\composer/../../app/Models/User_m.php')
 3 APPPATH\Controllers\User_c.php(36): Composer\Autoload\ClassLoader->loadClass('App\\Models\\User_m')
 4 SYSTEMPATH\CodeIgniter.php(903): App\Controllers\User_c->__construct()
 5 SYSTEMPATH\CodeIgniter.php(500): CodeIgniter\CodeIgniter->createController()
 6 SYSTEMPATH\CodeIgniter.php(355): CodeIgniter\CodeIgniter->handleRequest(null, Object(Config\Cache), false)
 7 SYSTEMPATH\Boot.php(325): CodeIgniter\CodeIgniter->run()
 8 SYSTEMPATH\Boot.php(67): CodeIgniter\Boot::runCodeIgniter(Object(CodeIgniter\CodeIgniter))
 9 FCPATH\index.php(57): CodeIgniter\Boot::bootWeb(Object(Config\Paths))
INFO - 2025-12-10 18:58:20 --> Session: Class initialized using 'CodeIgniter\Session\Handlers\FileHandler' driver.
WARNING - 2025-12-10 18:58:20 --> Session: Sessions is enabled, and one exists. Please don't $session->start();
WARNING - 2025-12-10 18:58:20 --> [DEPRECATED] Optional parameter $select declared before required parameter $count is implicitly treated as a required parameter in APPPATH\Models\User_m.php on line 58.
 1 FCPATH\vendor\composer\ClassLoader.php(576): include('C:\\laragon\\www\\coin\\vendor\\codeigniter4\\framework\\system\\Debug\\Exceptions.php')
 2 FCPATH\vendor\composer\ClassLoader.php(427): Composer\Autoload\{closure}('C:\\laragon\\www\\coin\\vendor\\composer/../../app/Models/User_m.php')
 3 APPPATH\Controllers\User_c.php(36): Composer\Autoload\ClassLoader->loadClass('App\\Models\\User_m')
 4 SYSTEMPATH\CodeIgniter.php(903): App\Controllers\User_c->__construct()
 5 SYSTEMPATH\CodeIgniter.php(500): CodeIgniter\CodeIgniter->createController()
 6 SYSTEMPATH\CodeIgniter.php(355): CodeIgniter\CodeIgniter->handleRequest(null, Object(Config\Cache), false)
 7 SYSTEMPATH\Boot.php(325): CodeIgniter\CodeIgniter->run()
 8 SYSTEMPATH\Boot.php(67): CodeIgniter\Boot::runCodeIgniter(Object(CodeIgniter\CodeIgniter))
 9 FCPATH\index.php(57): CodeIgniter\Boot::bootWeb(Object(Config\Paths))
WARNING - 2025-12-10 18:58:20 --> [DEPRECATED] Optional parameter $sum declared before required parameter $count is implicitly treated as a required parameter in APPPATH\Models\User_m.php on line 58.
 1 FCPATH\vendor\composer\ClassLoader.php(576): include('C:\\laragon\\www\\coin\\vendor\\codeigniter4\\framework\\system\\Debug\\Exceptions.php')
 2 FCPATH\vendor\composer\ClassLoader.php(427): Composer\Autoload\{closure}('C:\\laragon\\www\\coin\\vendor\\composer/../../app/Models/User_m.php')
 3 APPPATH\Controllers\User_c.php(36): Composer\Autoload\ClassLoader->loadClass('App\\Models\\User_m')
 4 SYSTEMPATH\CodeIgniter.php(903): App\Controllers\User_c->__construct()
 5 SYSTEMPATH\CodeIgniter.php(500): CodeIgniter\CodeIgniter->createController()
 6 SYSTEMPATH\CodeIgniter.php(355): CodeIgniter\CodeIgniter->handleRequest(null, Object(Config\Cache), false)
 7 SYSTEMPATH\Boot.php(325): CodeIgniter\CodeIgniter->run()
 8 SYSTEMPATH\Boot.php(67): CodeIgniter\Boot::runCodeIgniter(Object(CodeIgniter\CodeIgniter))
 9 FCPATH\index.php(57): CodeIgniter\Boot::bootWeb(Object(Config\Paths))
INFO - 2025-12-10 18:58:22 --> Session: Class initialized using 'CodeIgniter\Session\Handlers\FileHandler' driver.
WARNING - 2025-12-10 18:58:22 --> Session: Sessions is enabled, and one exists. Please don't $session->start();
WARNING - 2025-12-10 18:58:22 --> [DEPRECATED] Optional parameter $select declared before required parameter $count is implicitly treated as a required parameter in APPPATH\Models\User_m.php on line 58.
 1 FCPATH\vendor\composer\ClassLoader.php(576): include('C:\\laragon\\www\\coin\\vendor\\codeigniter4\\framework\\system\\Debug\\Exceptions.php')
 2 FCPATH\vendor\composer\ClassLoader.php(427): Composer\Autoload\{closure}('C:\\laragon\\www\\coin\\vendor\\composer/../../app/Models/User_m.php')
 3 APPPATH\Controllers\User_c.php(36): Composer\Autoload\ClassLoader->loadClass('App\\Models\\User_m')
 4 SYSTEMPATH\CodeIgniter.php(903): App\Controllers\User_c->__construct()
 5 SYSTEMPATH\CodeIgniter.php(500): CodeIgniter\CodeIgniter->createController()
 6 SYSTEMPATH\CodeIgniter.php(355): CodeIgniter\CodeIgniter->handleRequest(null, Object(Config\Cache), false)
 7 SYSTEMPATH\Boot.php(325): CodeIgniter\CodeIgniter->run()
 8 SYSTEMPATH\Boot.php(67): CodeIgniter\Boot::runCodeIgniter(Object(CodeIgniter\CodeIgniter))
 9 FCPATH\index.php(57): CodeIgniter\Boot::bootWeb(Object(Config\Paths))
WARNING - 2025-12-10 18:58:22 --> [DEPRECATED] Optional parameter $sum declared before required parameter $count is implicitly treated as a required parameter in APPPATH\Models\User_m.php on line 58.
 1 FCPATH\vendor\composer\ClassLoader.php(576): include('C:\\laragon\\www\\coin\\vendor\\codeigniter4\\framework\\system\\Debug\\Exceptions.php')
 2 FCPATH\vendor\composer\ClassLoader.php(427): Composer\Autoload\{closure}('C:\\laragon\\www\\coin\\vendor\\composer/../../app/Models/User_m.php')
 3 APPPATH\Controllers\User_c.php(36): Composer\Autoload\ClassLoader->loadClass('App\\Models\\User_m')
 4 SYSTEMPATH\CodeIgniter.php(903): App\Controllers\User_c->__construct()
 5 SYSTEMPATH\CodeIgniter.php(500): CodeIgniter\CodeIgniter->createController()
 6 SYSTEMPATH\CodeIgniter.php(355): CodeIgniter\CodeIgniter->handleRequest(null, Object(Config\Cache), false)
 7 SYSTEMPATH\Boot.php(325): CodeIgniter\CodeIgniter->run()
 8 SYSTEMPATH\Boot.php(67): CodeIgniter\Boot::runCodeIgniter(Object(CodeIgniter\CodeIgniter))
 9 FCPATH\index.php(57): CodeIgniter\Boot::bootWeb(Object(Config\Paths))
INFO - 2025-12-10 19:01:05 --> Session: Class initialized using 'CodeIgniter\Session\Handlers\FileHandler' driver.
WARNING - 2025-12-10 19:01:05 --> Session: Sessions is enabled, and one exists. Please don't $session->start();
WARNING - 2025-12-10 19:01:05 --> [DEPRECATED] Optional parameter $select declared before required parameter $count is implicitly treated as a required parameter in APPPATH\Models\User_m.php on line 58.
 1 FCPATH\vendor\composer\ClassLoader.php(576): include('C:\\laragon\\www\\coin\\vendor\\codeigniter4\\framework\\system\\Debug\\Exceptions.php')
 2 FCPATH\vendor\composer\ClassLoader.php(427): Composer\Autoload\{closure}('C:\\laragon\\www\\coin\\vendor\\composer/../../app/Models/User_m.php')
 3 APPPATH\Controllers\User_c.php(36): Composer\Autoload\ClassLoader->loadClass('App\\Models\\User_m')
 4 SYSTEMPATH\CodeIgniter.php(903): App\Controllers\User_c->__construct()
 5 SYSTEMPATH\CodeIgniter.php(500): CodeIgniter\CodeIgniter->createController()
 6 SYSTEMPATH\CodeIgniter.php(355): CodeIgniter\CodeIgniter->handleRequest(null, Object(Config\Cache), false)
 7 SYSTEMPATH\Boot.php(325): CodeIgniter\CodeIgniter->run()
 8 SYSTEMPATH\Boot.php(67): CodeIgniter\Boot::runCodeIgniter(Object(CodeIgniter\CodeIgniter))
 9 FCPATH\index.php(57): CodeIgniter\Boot::bootWeb(Object(Config\Paths))
WARNING - 2025-12-10 19:01:05 --> [DEPRECATED] Optional parameter $sum declared before required parameter $count is implicitly treated as a required parameter in APPPATH\Models\User_m.php on line 58.
 1 FCPATH\vendor\composer\ClassLoader.php(576): include('C:\\laragon\\www\\coin\\vendor\\codeigniter4\\framework\\system\\Debug\\Exceptions.php')
 2 FCPATH\vendor\composer\ClassLoader.php(427): Composer\Autoload\{closure}('C:\\laragon\\www\\coin\\vendor\\composer/../../app/Models/User_m.php')
 3 APPPATH\Controllers\User_c.php(36): Composer\Autoload\ClassLoader->loadClass('App\\Models\\User_m')
 4 SYSTEMPATH\CodeIgniter.php(903): App\Controllers\User_c->__construct()
 5 SYSTEMPATH\CodeIgniter.php(500): CodeIgniter\CodeIgniter->createController()
 6 SYSTEMPATH\CodeIgniter.php(355): CodeIgniter\CodeIgniter->handleRequest(null, Object(Config\Cache), false)
 7 SYSTEMPATH\Boot.php(325): CodeIgniter\CodeIgniter->run()
 8 SYSTEMPATH\Boot.php(67): CodeIgniter\Boot::runCodeIgniter(Object(CodeIgniter\CodeIgniter))
 9 FCPATH\index.php(57): CodeIgniter\Boot::bootWeb(Object(Config\Paths))
INFO - 2025-12-10 19:01:26 --> Session: Class initialized using 'CodeIgniter\Session\Handlers\FileHandler' driver.
WARNING - 2025-12-10 19:01:26 --> Session: Sessions is enabled, and one exists. Please don't $session->start();
WARNING - 2025-12-10 19:01:26 --> [DEPRECATED] Optional parameter $select declared before required parameter $count is implicitly treated as a required parameter in APPPATH\Models\User_m.php on line 58.
 1 FCPATH\vendor\composer\ClassLoader.php(576): include('C:\\laragon\\www\\coin\\vendor\\codeigniter4\\framework\\system\\Debug\\Exceptions.php')
 2 FCPATH\vendor\composer\ClassLoader.php(427): Composer\Autoload\{closure}('C:\\laragon\\www\\coin\\vendor\\composer/../../app/Models/User_m.php')
 3 APPPATH\Controllers\User_c.php(36): Composer\Autoload\ClassLoader->loadClass('App\\Models\\User_m')
 4 SYSTEMPATH\CodeIgniter.php(903): App\Controllers\User_c->__construct()
 5 SYSTEMPATH\CodeIgniter.php(500): CodeIgniter\CodeIgniter->createController()
 6 SYSTEMPATH\CodeIgniter.php(355): CodeIgniter\CodeIgniter->handleRequest(null, Object(Config\Cache), false)
 7 SYSTEMPATH\Boot.php(325): CodeIgniter\CodeIgniter->run()
 8 SYSTEMPATH\Boot.php(67): CodeIgniter\Boot::runCodeIgniter(Object(CodeIgniter\CodeIgniter))
 9 FCPATH\index.php(57): CodeIgniter\Boot::bootWeb(Object(Config\Paths))
WARNING - 2025-12-10 19:01:26 --> [DEPRECATED] Optional parameter $sum declared before required parameter $count is implicitly treated as a required parameter in APPPATH\Models\User_m.php on line 58.
 1 FCPATH\vendor\composer\ClassLoader.php(576): include('C:\\laragon\\www\\coin\\vendor\\codeigniter4\\framework\\system\\Debug\\Exceptions.php')
 2 FCPATH\vendor\composer\ClassLoader.php(427): Composer\Autoload\{closure}('C:\\laragon\\www\\coin\\vendor\\composer/../../app/Models/User_m.php')
 3 APPPATH\Controllers\User_c.php(36): Composer\Autoload\ClassLoader->loadClass('App\\Models\\User_m')
 4 SYSTEMPATH\CodeIgniter.php(903): App\Controllers\User_c->__construct()
 5 SYSTEMPATH\CodeIgniter.php(500): CodeIgniter\CodeIgniter->createController()
 6 SYSTEMPATH\CodeIgniter.php(355): CodeIgniter\CodeIgniter->handleRequest(null, Object(Config\Cache), false)
 7 SYSTEMPATH\Boot.php(325): CodeIgniter\CodeIgniter->run()
 8 SYSTEMPATH\Boot.php(67): CodeIgniter\Boot::runCodeIgniter(Object(CodeIgniter\CodeIgniter))
 9 FCPATH\index.php(57): CodeIgniter\Boot::bootWeb(Object(Config\Paths))
INFO - 2025-12-10 19:01:29 --> Session: Class initialized using 'CodeIgniter\Session\Handlers\FileHandler' driver.
WARNING - 2025-12-10 19:01:29 --> Session: Sessions is enabled, and one exists. Please don't $session->start();
WARNING - 2025-12-10 19:01:29 --> [DEPRECATED] Optional parameter $select declared before required parameter $count is implicitly treated as a required parameter in APPPATH\Models\User_m.php on line 58.
 1 FCPATH\vendor\composer\ClassLoader.php(576): include('C:\\laragon\\www\\coin\\vendor\\codeigniter4\\framework\\system\\Debug\\Exceptions.php')
 2 FCPATH\vendor\composer\ClassLoader.php(427): Composer\Autoload\{closure}('C:\\laragon\\www\\coin\\vendor\\composer/../../app/Models/User_m.php')
 3 APPPATH\Controllers\User_c.php(36): Composer\Autoload\ClassLoader->loadClass('App\\Models\\User_m')
 4 SYSTEMPATH\CodeIgniter.php(903): App\Controllers\User_c->__construct()
 5 SYSTEMPATH\CodeIgniter.php(500): CodeIgniter\CodeIgniter->createController()
 6 SYSTEMPATH\CodeIgniter.php(355): CodeIgniter\CodeIgniter->handleRequest(null, Object(Config\Cache), false)
 7 SYSTEMPATH\Boot.php(325): CodeIgniter\CodeIgniter->run()
 8 SYSTEMPATH\Boot.php(67): CodeIgniter\Boot::runCodeIgniter(Object(CodeIgniter\CodeIgniter))
 9 FCPATH\index.php(57): CodeIgniter\Boot::bootWeb(Object(Config\Paths))
WARNING - 2025-12-10 19:01:29 --> [DEPRECATED] Optional parameter $sum declared before required parameter $count is implicitly treated as a required parameter in APPPATH\Models\User_m.php on line 58.
 1 FCPATH\vendor\composer\ClassLoader.php(576): include('C:\\laragon\\www\\coin\\vendor\\codeigniter4\\framework\\system\\Debug\\Exceptions.php')
 2 FCPATH\vendor\composer\ClassLoader.php(427): Composer\Autoload\{closure}('C:\\laragon\\www\\coin\\vendor\\composer/../../app/Models/User_m.php')
 3 APPPATH\Controllers\User_c.php(36): Composer\Autoload\ClassLoader->loadClass('App\\Models\\User_m')
 4 SYSTEMPATH\CodeIgniter.php(903): App\Controllers\User_c->__construct()
 5 SYSTEMPATH\CodeIgniter.php(500): CodeIgniter\CodeIgniter->createController()
 6 SYSTEMPATH\CodeIgniter.php(355): CodeIgniter\CodeIgniter->handleRequest(null, Object(Config\Cache), false)
 7 SYSTEMPATH\Boot.php(325): CodeIgniter\CodeIgniter->run()
 8 SYSTEMPATH\Boot.php(67): CodeIgniter\Boot::runCodeIgniter(Object(CodeIgniter\CodeIgniter))
 9 FCPATH\index.php(57): CodeIgniter\Boot::bootWeb(Object(Config\Paths))
INFO - 2025-12-10 19:01:44 --> Session: Class initialized using 'CodeIgniter\Session\Handlers\FileHandler' driver.
WARNING - 2025-12-10 19:01:44 --> Session: Sessions is enabled, and one exists. Please don't $session->start();
WARNING - 2025-12-10 19:01:44 --> [DEPRECATED] Optional parameter $select declared before required parameter $count is implicitly treated as a required parameter in APPPATH\Models\User_m.php on line 58.
 1 FCPATH\vendor\composer\ClassLoader.php(576): include('C:\\laragon\\www\\coin\\vendor\\codeigniter4\\framework\\system\\Debug\\Exceptions.php')
 2 FCPATH\vendor\composer\ClassLoader.php(427): Composer\Autoload\{closure}('C:\\laragon\\www\\coin\\vendor\\composer/../../app/Models/User_m.php')
 3 APPPATH\Controllers\User_c.php(36): Composer\Autoload\ClassLoader->loadClass('App\\Models\\User_m')
 4 SYSTEMPATH\CodeIgniter.php(903): App\Controllers\User_c->__construct()
 5 SYSTEMPATH\CodeIgniter.php(500): CodeIgniter\CodeIgniter->createController()
 6 SYSTEMPATH\CodeIgniter.php(355): CodeIgniter\CodeIgniter->handleRequest(null, Object(Config\Cache), false)
 7 SYSTEMPATH\Boot.php(325): CodeIgniter\CodeIgniter->run()
 8 SYSTEMPATH\Boot.php(67): CodeIgniter\Boot::runCodeIgniter(Object(CodeIgniter\CodeIgniter))
 9 FCPATH\index.php(57): CodeIgniter\Boot::bootWeb(Object(Config\Paths))
WARNING - 2025-12-10 19:01:44 --> [DEPRECATED] Optional parameter $sum declared before required parameter $count is implicitly treated as a required parameter in APPPATH\Models\User_m.php on line 58.
 1 FCPATH\vendor\composer\ClassLoader.php(576): include('C:\\laragon\\www\\coin\\vendor\\codeigniter4\\framework\\system\\Debug\\Exceptions.php')
 2 FCPATH\vendor\composer\ClassLoader.php(427): Composer\Autoload\{closure}('C:\\laragon\\www\\coin\\vendor\\composer/../../app/Models/User_m.php')
 3 APPPATH\Controllers\User_c.php(36): Composer\Autoload\ClassLoader->loadClass('App\\Models\\User_m')
 4 SYSTEMPATH\CodeIgniter.php(903): App\Controllers\User_c->__construct()
 5 SYSTEMPATH\CodeIgniter.php(500): CodeIgniter\CodeIgniter->createController()
 6 SYSTEMPATH\CodeIgniter.php(355): CodeIgniter\CodeIgniter->handleRequest(null, Object(Config\Cache), false)
 7 SYSTEMPATH\Boot.php(325): CodeIgniter\CodeIgniter->run()
 8 SYSTEMPATH\Boot.php(67): CodeIgniter\Boot::runCodeIgniter(Object(CodeIgniter\CodeIgniter))
 9 FCPATH\index.php(57): CodeIgniter\Boot::bootWeb(Object(Config\Paths))
INFO - 2025-12-10 19:01:53 --> Session: Class initialized using 'CodeIgniter\Session\Handlers\FileHandler' driver.
WARNING - 2025-12-10 19:01:53 --> Session: Sessions is enabled, and one exists. Please don't $session->start();
WARNING - 2025-12-10 19:01:53 --> [DEPRECATED] Optional parameter $select declared before required parameter $count is implicitly treated as a required parameter in APPPATH\Models\User_m.php on line 58.
 1 FCPATH\vendor\composer\ClassLoader.php(576): include('C:\\laragon\\www\\coin\\vendor\\codeigniter4\\framework\\system\\Debug\\Exceptions.php')
 2 FCPATH\vendor\composer\ClassLoader.php(427): Composer\Autoload\{closure}('C:\\laragon\\www\\coin\\vendor\\composer/../../app/Models/User_m.php')
 3 APPPATH\Controllers\User_c.php(36): Composer\Autoload\ClassLoader->loadClass('App\\Models\\User_m')
 4 SYSTEMPATH\CodeIgniter.php(903): App\Controllers\User_c->__construct()
 5 SYSTEMPATH\CodeIgniter.php(500): CodeIgniter\CodeIgniter->createController()
 6 SYSTEMPATH\CodeIgniter.php(355): CodeIgniter\CodeIgniter->handleRequest(null, Object(Config\Cache), false)
 7 SYSTEMPATH\Boot.php(325): CodeIgniter\CodeIgniter->run()
 8 SYSTEMPATH\Boot.php(67): CodeIgniter\Boot::runCodeIgniter(Object(CodeIgniter\CodeIgniter))
 9 FCPATH\index.php(57): CodeIgniter\Boot::bootWeb(Object(Config\Paths))
WARNING - 2025-12-10 19:01:53 --> [DEPRECATED] Optional parameter $sum declared before required parameter $count is implicitly treated as a required parameter in APPPATH\Models\User_m.php on line 58.
 1 FCPATH\vendor\composer\ClassLoader.php(576): include('C:\\laragon\\www\\coin\\vendor\\codeigniter4\\framework\\system\\Debug\\Exceptions.php')
 2 FCPATH\vendor\composer\ClassLoader.php(427): Composer\Autoload\{closure}('C:\\laragon\\www\\coin\\vendor\\composer/../../app/Models/User_m.php')
 3 APPPATH\Controllers\User_c.php(36): Composer\Autoload\ClassLoader->loadClass('App\\Models\\User_m')
 4 SYSTEMPATH\CodeIgniter.php(903): App\Controllers\User_c->__construct()
 5 SYSTEMPATH\CodeIgniter.php(500): CodeIgniter\CodeIgniter->createController()
 6 SYSTEMPATH\CodeIgniter.php(355): CodeIgniter\CodeIgniter->handleRequest(null, Object(Config\Cache), false)
 7 SYSTEMPATH\Boot.php(325): CodeIgniter\CodeIgniter->run()
 8 SYSTEMPATH\Boot.php(67): CodeIgniter\Boot::runCodeIgniter(Object(CodeIgniter\CodeIgniter))
 9 FCPATH\index.php(57): CodeIgniter\Boot::bootWeb(Object(Config\Paths))
INFO - 2025-12-10 19:02:11 --> Session: Class initialized using 'CodeIgniter\Session\Handlers\FileHandler' driver.
WARNING - 2025-12-10 19:02:11 --> Session: Sessions is enabled, and one exists. Please don't $session->start();
WARNING - 2025-12-10 19:02:11 --> [DEPRECATED] Optional parameter $select declared before required parameter $count is implicitly treated as a required parameter in APPPATH\Models\User_m.php on line 58.
 1 FCPATH\vendor\composer\ClassLoader.php(576): include('C:\\laragon\\www\\coin\\vendor\\codeigniter4\\framework\\system\\Debug\\Exceptions.php')
 2 FCPATH\vendor\composer\ClassLoader.php(427): Composer\Autoload\{closure}('C:\\laragon\\www\\coin\\vendor\\composer/../../app/Models/User_m.php')
 3 APPPATH\Controllers\User_c.php(36): Composer\Autoload\ClassLoader->loadClass('App\\Models\\User_m')
 4 SYSTEMPATH\CodeIgniter.php(903): App\Controllers\User_c->__construct()
 5 SYSTEMPATH\CodeIgniter.php(500): CodeIgniter\CodeIgniter->createController()
 6 SYSTEMPATH\CodeIgniter.php(355): CodeIgniter\CodeIgniter->handleRequest(null, Object(Config\Cache), false)
 7 SYSTEMPATH\Boot.php(325): CodeIgniter\CodeIgniter->run()
 8 SYSTEMPATH\Boot.php(67): CodeIgniter\Boot::runCodeIgniter(Object(CodeIgniter\CodeIgniter))
 9 FCPATH\index.php(57): CodeIgniter\Boot::bootWeb(Object(Config\Paths))
WARNING - 2025-12-10 19:02:11 --> [DEPRECATED] Optional parameter $sum declared before required parameter $count is implicitly treated as a required parameter in APPPATH\Models\User_m.php on line 58.
 1 FCPATH\vendor\composer\ClassLoader.php(576): include('C:\\laragon\\www\\coin\\vendor\\codeigniter4\\framework\\system\\Debug\\Exceptions.php')
 2 FCPATH\vendor\composer\ClassLoader.php(427): Composer\Autoload\{closure}('C:\\laragon\\www\\coin\\vendor\\composer/../../app/Models/User_m.php')
 3 APPPATH\Controllers\User_c.php(36): Composer\Autoload\ClassLoader->loadClass('App\\Models\\User_m')
 4 SYSTEMPATH\CodeIgniter.php(903): App\Controllers\User_c->__construct()
 5 SYSTEMPATH\CodeIgniter.php(500): CodeIgniter\CodeIgniter->createController()
 6 SYSTEMPATH\CodeIgniter.php(355): CodeIgniter\CodeIgniter->handleRequest(null, Object(Config\Cache), false)
 7 SYSTEMPATH\Boot.php(325): CodeIgniter\CodeIgniter->run()
 8 SYSTEMPATH\Boot.php(67): CodeIgniter\Boot::runCodeIgniter(Object(CodeIgniter\CodeIgniter))
 9 FCPATH\index.php(57): CodeIgniter\Boot::bootWeb(Object(Config\Paths))
INFO - 2025-12-10 19:02:15 --> Session: Class initialized using 'CodeIgniter\Session\Handlers\FileHandler' driver.
WARNING - 2025-12-10 19:02:15 --> Session: Sessions is enabled, and one exists. Please don't $session->start();
WARNING - 2025-12-10 19:02:15 --> [DEPRECATED] Optional parameter $select declared before required parameter $count is implicitly treated as a required parameter in APPPATH\Models\User_m.php on line 58.
 1 FCPATH\vendor\composer\ClassLoader.php(576): include('C:\\laragon\\www\\coin\\vendor\\codeigniter4\\framework\\system\\Debug\\Exceptions.php')
 2 FCPATH\vendor\composer\ClassLoader.php(427): Composer\Autoload\{closure}('C:\\laragon\\www\\coin\\vendor\\composer/../../app/Models/User_m.php')
 3 APPPATH\Controllers\User_c.php(36): Composer\Autoload\ClassLoader->loadClass('App\\Models\\User_m')
 4 SYSTEMPATH\CodeIgniter.php(903): App\Controllers\User_c->__construct()
 5 SYSTEMPATH\CodeIgniter.php(500): CodeIgniter\CodeIgniter->createController()
 6 SYSTEMPATH\CodeIgniter.php(355): CodeIgniter\CodeIgniter->handleRequest(null, Object(Config\Cache), false)
 7 SYSTEMPATH\Boot.php(325): CodeIgniter\CodeIgniter->run()
 8 SYSTEMPATH\Boot.php(67): CodeIgniter\Boot::runCodeIgniter(Object(CodeIgniter\CodeIgniter))
 9 FCPATH\index.php(57): CodeIgniter\Boot::bootWeb(Object(Config\Paths))
WARNING - 2025-12-10 19:02:15 --> [DEPRECATED] Optional parameter $sum declared before required parameter $count is implicitly treated as a required parameter in APPPATH\Models\User_m.php on line 58.
 1 FCPATH\vendor\composer\ClassLoader.php(576): include('C:\\laragon\\www\\coin\\vendor\\codeigniter4\\framework\\system\\Debug\\Exceptions.php')
 2 FCPATH\vendor\composer\ClassLoader.php(427): Composer\Autoload\{closure}('C:\\laragon\\www\\coin\\vendor\\composer/../../app/Models/User_m.php')
 3 APPPATH\Controllers\User_c.php(36): Composer\Autoload\ClassLoader->loadClass('App\\Models\\User_m')
 4 SYSTEMPATH\CodeIgniter.php(903): App\Controllers\User_c->__construct()
 5 SYSTEMPATH\CodeIgniter.php(500): CodeIgniter\CodeIgniter->createController()
 6 SYSTEMPATH\CodeIgniter.php(355): CodeIgniter\CodeIgniter->handleRequest(null, Object(Config\Cache), false)
 7 SYSTEMPATH\Boot.php(325): CodeIgniter\CodeIgniter->run()
 8 SYSTEMPATH\Boot.php(67): CodeIgniter\Boot::runCodeIgniter(Object(CodeIgniter\CodeIgniter))
 9 FCPATH\index.php(57): CodeIgniter\Boot::bootWeb(Object(Config\Paths))
INFO - 2025-12-10 19:02:18 --> Session: Class initialized using 'CodeIgniter\Session\Handlers\FileHandler' driver.
WARNING - 2025-12-10 19:02:18 --> Session: Sessions is enabled, and one exists. Please don't $session->start();
WARNING - 2025-12-10 19:02:18 --> [DEPRECATED] Optional parameter $select declared before required parameter $count is implicitly treated as a required parameter in APPPATH\Models\User_m.php on line 58.
 1 FCPATH\vendor\composer\ClassLoader.php(576): include('C:\\laragon\\www\\coin\\vendor\\codeigniter4\\framework\\system\\Debug\\Exceptions.php')
 2 FCPATH\vendor\composer\ClassLoader.php(427): Composer\Autoload\{closure}('C:\\laragon\\www\\coin\\vendor\\composer/../../app/Models/User_m.php')
 3 APPPATH\Controllers\Login_c.php(29): Composer\Autoload\ClassLoader->loadClass('App\\Models\\User_m')
 4 SYSTEMPATH\CodeIgniter.php(903): App\Controllers\Login_c->__construct()
 5 SYSTEMPATH\CodeIgniter.php(500): CodeIgniter\CodeIgniter->createController()
 6 SYSTEMPATH\CodeIgniter.php(355): CodeIgniter\CodeIgniter->handleRequest(null, Object(Config\Cache), false)
 7 SYSTEMPATH\Boot.php(325): CodeIgniter\CodeIgniter->run()
 8 SYSTEMPATH\Boot.php(67): CodeIgniter\Boot::runCodeIgniter(Object(CodeIgniter\CodeIgniter))
 9 FCPATH\index.php(57): CodeIgniter\Boot::bootWeb(Object(Config\Paths))
WARNING - 2025-12-10 19:02:18 --> [DEPRECATED] Optional parameter $sum declared before required parameter $count is implicitly treated as a required parameter in APPPATH\Models\User_m.php on line 58.
 1 FCPATH\vendor\composer\ClassLoader.php(576): include('C:\\laragon\\www\\coin\\vendor\\codeigniter4\\framework\\system\\Debug\\Exceptions.php')
 2 FCPATH\vendor\composer\ClassLoader.php(427): Composer\Autoload\{closure}('C:\\laragon\\www\\coin\\vendor\\composer/../../app/Models/User_m.php')
 3 APPPATH\Controllers\Login_c.php(29): Composer\Autoload\ClassLoader->loadClass('App\\Models\\User_m')
 4 SYSTEMPATH\CodeIgniter.php(903): App\Controllers\Login_c->__construct()
 5 SYSTEMPATH\CodeIgniter.php(500): CodeIgniter\CodeIgniter->createController()
 6 SYSTEMPATH\CodeIgniter.php(355): CodeIgniter\CodeIgniter->handleRequest(null, Object(Config\Cache), false)
 7 SYSTEMPATH\Boot.php(325): CodeIgniter\CodeIgniter->run()
 8 SYSTEMPATH\Boot.php(67): CodeIgniter\Boot::runCodeIgniter(Object(CodeIgniter\CodeIgniter))
 9 FCPATH\index.php(57): CodeIgniter\Boot::bootWeb(Object(Config\Paths))
INFO - 2025-12-10 19:02:20 --> Session: Class initialized using 'CodeIgniter\Session\Handlers\FileHandler' driver.
WARNING - 2025-12-10 19:02:20 --> Session: Sessions is enabled, and one exists. Please don't $session->start();
WARNING - 2025-12-10 19:02:20 --> [DEPRECATED] Optional parameter $select declared before required parameter $count is implicitly treated as a required parameter in APPPATH\Models\User_m.php on line 58.
 1 FCPATH\vendor\composer\ClassLoader.php(576): include('C:\\laragon\\www\\coin\\vendor\\codeigniter4\\framework\\system\\Debug\\Exceptions.php')
 2 FCPATH\vendor\composer\ClassLoader.php(427): Composer\Autoload\{closure}('C:\\laragon\\www\\coin\\vendor\\composer/../../app/Models/User_m.php')
 3 APPPATH\Controllers\User_c.php(36): Composer\Autoload\ClassLoader->loadClass('App\\Models\\User_m')
 4 SYSTEMPATH\CodeIgniter.php(903): App\Controllers\User_c->__construct()
 5 SYSTEMPATH\CodeIgniter.php(500): CodeIgniter\CodeIgniter->createController()
 6 SYSTEMPATH\CodeIgniter.php(355): CodeIgniter\CodeIgniter->handleRequest(null, Object(Config\Cache), false)
 7 SYSTEMPATH\Boot.php(325): CodeIgniter\CodeIgniter->run()
 8 SYSTEMPATH\Boot.php(67): CodeIgniter\Boot::runCodeIgniter(Object(CodeIgniter\CodeIgniter))
 9 FCPATH\index.php(57): CodeIgniter\Boot::bootWeb(Object(Config\Paths))
WARNING - 2025-12-10 19:02:20 --> [DEPRECATED] Optional parameter $sum declared before required parameter $count is implicitly treated as a required parameter in APPPATH\Models\User_m.php on line 58.
 1 FCPATH\vendor\composer\ClassLoader.php(576): include('C:\\laragon\\www\\coin\\vendor\\codeigniter4\\framework\\system\\Debug\\Exceptions.php')
 2 FCPATH\vendor\composer\ClassLoader.php(427): Composer\Autoload\{closure}('C:\\laragon\\www\\coin\\vendor\\composer/../../app/Models/User_m.php')
 3 APPPATH\Controllers\User_c.php(36): Composer\Autoload\ClassLoader->loadClass('App\\Models\\User_m')
 4 SYSTEMPATH\CodeIgniter.php(903): App\Controllers\User_c->__construct()
 5 SYSTEMPATH\CodeIgniter.php(500): CodeIgniter\CodeIgniter->createController()
 6 SYSTEMPATH\CodeIgniter.php(355): CodeIgniter\CodeIgniter->handleRequest(null, Object(Config\Cache), false)
 7 SYSTEMPATH\Boot.php(325): CodeIgniter\CodeIgniter->run()
 8 SYSTEMPATH\Boot.php(67): CodeIgniter\Boot::runCodeIgniter(Object(CodeIgniter\CodeIgniter))
 9 FCPATH\index.php(57): CodeIgniter\Boot::bootWeb(Object(Config\Paths))
INFO - 2025-12-10 19:02:23 --> Session: Class initialized using 'CodeIgniter\Session\Handlers\FileHandler' driver.
WARNING - 2025-12-10 19:02:23 --> Session: Sessions is enabled, and one exists. Please don't $session->start();
WARNING - 2025-12-10 19:02:23 --> [DEPRECATED] Optional parameter $select declared before required parameter $count is implicitly treated as a required parameter in APPPATH\Models\User_m.php on line 58.
 1 FCPATH\vendor\composer\ClassLoader.php(576): include('C:\\laragon\\www\\coin\\vendor\\codeigniter4\\framework\\system\\Debug\\Exceptions.php')
 2 FCPATH\vendor\composer\ClassLoader.php(427): Composer\Autoload\{closure}('C:\\laragon\\www\\coin\\vendor\\composer/../../app/Models/User_m.php')
 3 APPPATH\Controllers\User_c.php(36): Composer\Autoload\ClassLoader->loadClass('App\\Models\\User_m')
 4 SYSTEMPATH\CodeIgniter.php(903): App\Controllers\User_c->__construct()
 5 SYSTEMPATH\CodeIgniter.php(500): CodeIgniter\CodeIgniter->createController()
 6 SYSTEMPATH\CodeIgniter.php(355): CodeIgniter\CodeIgniter->handleRequest(null, Object(Config\Cache), false)
 7 SYSTEMPATH\Boot.php(325): CodeIgniter\CodeIgniter->run()
 8 SYSTEMPATH\Boot.php(67): CodeIgniter\Boot::runCodeIgniter(Object(CodeIgniter\CodeIgniter))
 9 FCPATH\index.php(57): CodeIgniter\Boot::bootWeb(Object(Config\Paths))
WARNING - 2025-12-10 19:02:23 --> [DEPRECATED] Optional parameter $sum declared before required parameter $count is implicitly treated as a required parameter in APPPATH\Models\User_m.php on line 58.
 1 FCPATH\vendor\composer\ClassLoader.php(576): include('C:\\laragon\\www\\coin\\vendor\\codeigniter4\\framework\\system\\Debug\\Exceptions.php')
 2 FCPATH\vendor\composer\ClassLoader.php(427): Composer\Autoload\{closure}('C:\\laragon\\www\\coin\\vendor\\composer/../../app/Models/User_m.php')
 3 APPPATH\Controllers\User_c.php(36): Composer\Autoload\ClassLoader->loadClass('App\\Models\\User_m')
 4 SYSTEMPATH\CodeIgniter.php(903): App\Controllers\User_c->__construct()
 5 SYSTEMPATH\CodeIgniter.php(500): CodeIgniter\CodeIgniter->createController()
 6 SYSTEMPATH\CodeIgniter.php(355): CodeIgniter\CodeIgniter->handleRequest(null, Object(Config\Cache), false)
 7 SYSTEMPATH\Boot.php(325): CodeIgniter\CodeIgniter->run()
 8 SYSTEMPATH\Boot.php(67): CodeIgniter\Boot::runCodeIgniter(Object(CodeIgniter\CodeIgniter))
 9 FCPATH\index.php(57): CodeIgniter\Boot::bootWeb(Object(Config\Paths))
INFO - 2025-12-10 19:02:56 --> Session: Class initialized using 'CodeIgniter\Session\Handlers\FileHandler' driver.
WARNING - 2025-12-10 19:02:56 --> Session: Sessions is enabled, and one exists. Please don't $session->start();
WARNING - 2025-12-10 19:02:56 --> [DEPRECATED] Optional parameter $select declared before required parameter $count is implicitly treated as a required parameter in APPPATH\Models\User_m.php on line 58.
 1 FCPATH\vendor\composer\ClassLoader.php(576): include('C:\\laragon\\www\\coin\\vendor\\codeigniter4\\framework\\system\\Debug\\Exceptions.php')
 2 FCPATH\vendor\composer\ClassLoader.php(427): Composer\Autoload\{closure}('C:\\laragon\\www\\coin\\vendor\\composer/../../app/Models/User_m.php')
 3 APPPATH\Controllers\User_c.php(36): Composer\Autoload\ClassLoader->loadClass('App\\Models\\User_m')
 4 SYSTEMPATH\CodeIgniter.php(903): App\Controllers\User_c->__construct()
 5 SYSTEMPATH\CodeIgniter.php(500): CodeIgniter\CodeIgniter->createController()
 6 SYSTEMPATH\CodeIgniter.php(355): CodeIgniter\CodeIgniter->handleRequest(null, Object(Config\Cache), false)
 7 SYSTEMPATH\Boot.php(325): CodeIgniter\CodeIgniter->run()
 8 SYSTEMPATH\Boot.php(67): CodeIgniter\Boot::runCodeIgniter(Object(CodeIgniter\CodeIgniter))
 9 FCPATH\index.php(57): CodeIgniter\Boot::bootWeb(Object(Config\Paths))
WARNING - 2025-12-10 19:02:56 --> [DEPRECATED] Optional parameter $sum declared before required parameter $count is implicitly treated as a required parameter in APPPATH\Models\User_m.php on line 58.
 1 FCPATH\vendor\composer\ClassLoader.php(576): include('C:\\laragon\\www\\coin\\vendor\\codeigniter4\\framework\\system\\Debug\\Exceptions.php')
 2 FCPATH\vendor\composer\ClassLoader.php(427): Composer\Autoload\{closure}('C:\\laragon\\www\\coin\\vendor\\composer/../../app/Models/User_m.php')
 3 APPPATH\Controllers\User_c.php(36): Composer\Autoload\ClassLoader->loadClass('App\\Models\\User_m')
 4 SYSTEMPATH\CodeIgniter.php(903): App\Controllers\User_c->__construct()
 5 SYSTEMPATH\CodeIgniter.php(500): CodeIgniter\CodeIgniter->createController()
 6 SYSTEMPATH\CodeIgniter.php(355): CodeIgniter\CodeIgniter->handleRequest(null, Object(Config\Cache), false)
 7 SYSTEMPATH\Boot.php(325): CodeIgniter\CodeIgniter->run()
 8 SYSTEMPATH\Boot.php(67): CodeIgniter\Boot::runCodeIgniter(Object(CodeIgniter\CodeIgniter))
 9 FCPATH\index.php(57): CodeIgniter\Boot::bootWeb(Object(Config\Paths))
INFO - 2025-12-10 19:03:02 --> Session: Class initialized using 'CodeIgniter\Session\Handlers\FileHandler' driver.
WARNING - 2025-12-10 19:03:02 --> Session: Sessions is enabled, and one exists. Please don't $session->start();
WARNING - 2025-12-10 19:03:02 --> [DEPRECATED] Optional parameter $select declared before required parameter $count is implicitly treated as a required parameter in APPPATH\Models\User_m.php on line 58.
 1 FCPATH\vendor\composer\ClassLoader.php(576): include('C:\\laragon\\www\\coin\\vendor\\codeigniter4\\framework\\system\\Debug\\Exceptions.php')
 2 FCPATH\vendor\composer\ClassLoader.php(427): Composer\Autoload\{closure}('C:\\laragon\\www\\coin\\vendor\\composer/../../app/Models/User_m.php')
 3 APPPATH\Controllers\User_c.php(36): Composer\Autoload\ClassLoader->loadClass('App\\Models\\User_m')
 4 SYSTEMPATH\CodeIgniter.php(903): App\Controllers\User_c->__construct()
 5 SYSTEMPATH\CodeIgniter.php(500): CodeIgniter\CodeIgniter->createController()
 6 SYSTEMPATH\CodeIgniter.php(355): CodeIgniter\CodeIgniter->handleRequest(null, Object(Config\Cache), false)
 7 SYSTEMPATH\Boot.php(325): CodeIgniter\CodeIgniter->run()
 8 SYSTEMPATH\Boot.php(67): CodeIgniter\Boot::runCodeIgniter(Object(CodeIgniter\CodeIgniter))
 9 FCPATH\index.php(57): CodeIgniter\Boot::bootWeb(Object(Config\Paths))
WARNING - 2025-12-10 19:03:02 --> [DEPRECATED] Optional parameter $sum declared before required parameter $count is implicitly treated as a required parameter in APPPATH\Models\User_m.php on line 58.
 1 FCPATH\vendor\composer\ClassLoader.php(576): include('C:\\laragon\\www\\coin\\vendor\\codeigniter4\\framework\\system\\Debug\\Exceptions.php')
 2 FCPATH\vendor\composer\ClassLoader.php(427): Composer\Autoload\{closure}('C:\\laragon\\www\\coin\\vendor\\composer/../../app/Models/User_m.php')
 3 APPPATH\Controllers\User_c.php(36): Composer\Autoload\ClassLoader->loadClass('App\\Models\\User_m')
 4 SYSTEMPATH\CodeIgniter.php(903): App\Controllers\User_c->__construct()
 5 SYSTEMPATH\CodeIgniter.php(500): CodeIgniter\CodeIgniter->createController()
 6 SYSTEMPATH\CodeIgniter.php(355): CodeIgniter\CodeIgniter->handleRequest(null, Object(Config\Cache), false)
 7 SYSTEMPATH\Boot.php(325): CodeIgniter\CodeIgniter->run()
 8 SYSTEMPATH\Boot.php(67): CodeIgniter\Boot::runCodeIgniter(Object(CodeIgniter\CodeIgniter))
 9 FCPATH\index.php(57): CodeIgniter\Boot::bootWeb(Object(Config\Paths))
INFO - 2025-12-10 19:03:10 --> Session: Class initialized using 'CodeIgniter\Session\Handlers\FileHandler' driver.
WARNING - 2025-12-10 19:03:10 --> Session: Sessions is enabled, and one exists. Please don't $session->start();
WARNING - 2025-12-10 19:03:10 --> [DEPRECATED] Optional parameter $select declared before required parameter $count is implicitly treated as a required parameter in APPPATH\Models\User_m.php on line 58.
 1 FCPATH\vendor\composer\ClassLoader.php(576): include('C:\\laragon\\www\\coin\\vendor\\codeigniter4\\framework\\system\\Debug\\Exceptions.php')
 2 FCPATH\vendor\composer\ClassLoader.php(427): Composer\Autoload\{closure}('C:\\laragon\\www\\coin\\vendor\\composer/../../app/Models/User_m.php')
 3 APPPATH\Controllers\User_c.php(36): Composer\Autoload\ClassLoader->loadClass('App\\Models\\User_m')
 4 SYSTEMPATH\CodeIgniter.php(903): App\Controllers\User_c->__construct()
 5 SYSTEMPATH\CodeIgniter.php(500): CodeIgniter\CodeIgniter->createController()
 6 SYSTEMPATH\CodeIgniter.php(355): CodeIgniter\CodeIgniter->handleRequest(null, Object(Config\Cache), false)
 7 SYSTEMPATH\Boot.php(325): CodeIgniter\CodeIgniter->run()
 8 SYSTEMPATH\Boot.php(67): CodeIgniter\Boot::runCodeIgniter(Object(CodeIgniter\CodeIgniter))
 9 FCPATH\index.php(57): CodeIgniter\Boot::bootWeb(Object(Config\Paths))
WARNING - 2025-12-10 19:03:10 --> [DEPRECATED] Optional parameter $sum declared before required parameter $count is implicitly treated as a required parameter in APPPATH\Models\User_m.php on line 58.
 1 FCPATH\vendor\composer\ClassLoader.php(576): include('C:\\laragon\\www\\coin\\vendor\\codeigniter4\\framework\\system\\Debug\\Exceptions.php')
 2 FCPATH\vendor\composer\ClassLoader.php(427): Composer\Autoload\{closure}('C:\\laragon\\www\\coin\\vendor\\composer/../../app/Models/User_m.php')
 3 APPPATH\Controllers\User_c.php(36): Composer\Autoload\ClassLoader->loadClass('App\\Models\\User_m')
 4 SYSTEMPATH\CodeIgniter.php(903): App\Controllers\User_c->__construct()
 5 SYSTEMPATH\CodeIgniter.php(500): CodeIgniter\CodeIgniter->createController()
 6 SYSTEMPATH\CodeIgniter.php(355): CodeIgniter\CodeIgniter->handleRequest(null, Object(Config\Cache), false)
 7 SYSTEMPATH\Boot.php(325): CodeIgniter\CodeIgniter->run()
 8 SYSTEMPATH\Boot.php(67): CodeIgniter\Boot::runCodeIgniter(Object(CodeIgniter\CodeIgniter))
 9 FCPATH\index.php(57): CodeIgniter\Boot::bootWeb(Object(Config\Paths))
INFO - 2025-12-10 19:03:50 --> Session: Class initialized using 'CodeIgniter\Session\Handlers\FileHandler' driver.
WARNING - 2025-12-10 19:03:50 --> Session: Sessions is enabled, and one exists. Please don't $session->start();
WARNING - 2025-12-10 19:03:50 --> [DEPRECATED] Optional parameter $select declared before required parameter $count is implicitly treated as a required parameter in APPPATH\Models\User_m.php on line 58.
 1 FCPATH\vendor\composer\ClassLoader.php(576): include('C:\\laragon\\www\\coin\\vendor\\codeigniter4\\framework\\system\\Debug\\Exceptions.php')
 2 FCPATH\vendor\composer\ClassLoader.php(427): Composer\Autoload\{closure}('C:\\laragon\\www\\coin\\vendor\\composer/../../app/Models/User_m.php')
 3 APPPATH\Controllers\User_c.php(36): Composer\Autoload\ClassLoader->loadClass('App\\Models\\User_m')
 4 SYSTEMPATH\CodeIgniter.php(903): App\Controllers\User_c->__construct()
 5 SYSTEMPATH\CodeIgniter.php(500): CodeIgniter\CodeIgniter->createController()
 6 SYSTEMPATH\CodeIgniter.php(355): CodeIgniter\CodeIgniter->handleRequest(null, Object(Config\Cache), false)
 7 SYSTEMPATH\Boot.php(325): CodeIgniter\CodeIgniter->run()
 8 SYSTEMPATH\Boot.php(67): CodeIgniter\Boot::runCodeIgniter(Object(CodeIgniter\CodeIgniter))
 9 FCPATH\index.php(57): CodeIgniter\Boot::bootWeb(Object(Config\Paths))
WARNING - 2025-12-10 19:03:50 --> [DEPRECATED] Optional parameter $sum declared before required parameter $count is implicitly treated as a required parameter in APPPATH\Models\User_m.php on line 58.
 1 FCPATH\vendor\composer\ClassLoader.php(576): include('C:\\laragon\\www\\coin\\vendor\\codeigniter4\\framework\\system\\Debug\\Exceptions.php')
 2 FCPATH\vendor\composer\ClassLoader.php(427): Composer\Autoload\{closure}('C:\\laragon\\www\\coin\\vendor\\composer/../../app/Models/User_m.php')
 3 APPPATH\Controllers\User_c.php(36): Composer\Autoload\ClassLoader->loadClass('App\\Models\\User_m')
 4 SYSTEMPATH\CodeIgniter.php(903): App\Controllers\User_c->__construct()
 5 SYSTEMPATH\CodeIgniter.php(500): CodeIgniter\CodeIgniter->createController()
 6 SYSTEMPATH\CodeIgniter.php(355): CodeIgniter\CodeIgniter->handleRequest(null, Object(Config\Cache), false)
 7 SYSTEMPATH\Boot.php(325): CodeIgniter\CodeIgniter->run()
 8 SYSTEMPATH\Boot.php(67): CodeIgniter\Boot::runCodeIgniter(Object(CodeIgniter\CodeIgniter))
 9 FCPATH\index.php(57): CodeIgniter\Boot::bootWeb(Object(Config\Paths))
