INFO - 2025-05-19 18:14:27 --> Session: Class initialized using 'CodeIgniter\Session\Handlers\FileHandler' driver.
WARNING - 2025-05-19 18:14:27 --> Session: Sessions is enabled, and one exists. Please don't $session->start();
INFO - 2025-05-19 18:14:46 --> Session: Class initialized using 'CodeIgniter\Session\Handlers\FileHandler' driver.
WARNING - 2025-05-19 18:14:46 --> Session: Sessions is enabled, and one exists. Please don't $session->start();
INFO - 2025-05-19 18:14:46 --> Session: Class initialized using 'CodeIgniter\Session\Handlers\FileHandler' driver.
WARNING - 2025-05-19 18:14:46 --> Session: Sessions is enabled, and one exists. Please don't $session->start();
INFO - 2025-05-19 18:14:47 --> Session: Class initialized using 'CodeIgniter\Session\Handlers\FileHandler' driver.
WARNING - 2025-05-19 18:14:47 --> Session: Sessions is enabled, and one exists. Please don't $session->start();
INFO - 2025-05-19 18:14:47 --> Session: Class initialized using 'CodeIgniter\Session\Handlers\FileHandler' driver.
WARNING - 2025-05-19 18:14:47 --> Session: Sessions is enabled, and one exists. Please don't $session->start();
INFO - 2025-05-19 18:14:48 --> Session: Class initialized using 'CodeIgniter\Session\Handlers\FileHandler' driver.
WARNING - 2025-05-19 18:14:48 --> Session: Sessions is enabled, and one exists. Please don't $session->start();
INFO - 2025-05-19 18:14:48 --> Session: Class initialized using 'CodeIgniter\Session\Handlers\FileHandler' driver.
WARNING - 2025-05-19 18:14:48 --> Session: Sessions is enabled, and one exists. Please don't $session->start();
INFO - 2025-05-19 18:14:48 --> Session: Class initialized using 'CodeIgniter\Session\Handlers\FileHandler' driver.
WARNING - 2025-05-19 18:14:48 --> Session: Sessions is enabled, and one exists. Please don't $session->start();
INFO - 2025-05-19 18:14:52 --> Session: Class initialized using 'CodeIgniter\Session\Handlers\FileHandler' driver.
WARNING - 2025-05-19 18:14:52 --> Session: Sessions is enabled, and one exists. Please don't $session->start();
WARNING - 2025-05-19 18:14:52 --> [DEPRECATED] Optional parameter $game_name declared before required parameter $game_id is implicitly treated as a required parameter in APPPATH\Models\User_m.php on line 305.
 1 FCPATH\vendor\composer\ClassLoader.php(576): include('C:\\laragon\\www\\pro1\\vendor\\codeigniter4\\framework\\system\\Debug\\Exceptions.php')
 2 FCPATH\vendor\composer\ClassLoader.php(427): Composer\Autoload\{closure}('C:\\laragon\\www\\pro1\\vendor\\composer/../../app/Models/User_m.php')
 3 APPPATH\Helpers\functions_helper.php(133): Composer\Autoload\ClassLoader->loadClass('App\\Models\\User_m')
 4 APPPATH\Views\admin\delhi_game_list.php(10): check_delhi_market_time('2025-05-18 06:00:00', '0', '3', '2025-05-17 05:00:00')
 5 SYSTEMPATH\View\View.php(234): include('C:\\laragon\\www\\pro1\\app\\Views\\admin\\delhi_game_list.php')
 6 SYSTEMPATH\View\View.php(237): CodeIgniter\View\View->CodeIgniter\View\{closure}()
 7 SYSTEMPATH\Common.php(1171): CodeIgniter\View\View->render('admin/delhi_game_list', [], true)
 8 APPPATH\Helpers\functions_helper.php(521): view('admin/delhi_game_list', [...])
 9 APPPATH\Controllers\Admin_c.php(2708): load_view('admin', 'admin/delhi_game_list', [...])
10 SYSTEMPATH\CodeIgniter.php(933): App\Controllers\Admin_c->delhi_game_list()
11 SYSTEMPATH\CodeIgniter.php(509): CodeIgniter\CodeIgniter->runController(Object(App\Controllers\Admin_c))
12 SYSTEMPATH\CodeIgniter.php(355): CodeIgniter\CodeIgniter->handleRequest(null, Object(Config\Cache), false)
13 SYSTEMPATH\Boot.php(325): CodeIgniter\CodeIgniter->run()
14 SYSTEMPATH\Boot.php(67): CodeIgniter\Boot::runCodeIgniter(Object(CodeIgniter\CodeIgniter))
15 FCPATH\index.php(57): CodeIgniter\Boot::bootWeb(Object(Config\Paths))
INFO - 2025-05-19 18:14:55 --> Session: Class initialized using 'CodeIgniter\Session\Handlers\FileHandler' driver.
WARNING - 2025-05-19 18:14:55 --> Session: Sessions is enabled, and one exists. Please don't $session->start();
INFO - 2025-05-19 18:14:57 --> Session: Class initialized using 'CodeIgniter\Session\Handlers\FileHandler' driver.
WARNING - 2025-05-19 18:14:57 --> Session: Sessions is enabled, and one exists. Please don't $session->start();
INFO - 2025-05-19 18:15:20 --> Session: Class initialized using 'CodeIgniter\Session\Handlers\FileHandler' driver.
WARNING - 2025-05-19 18:15:20 --> Session: Sessions is enabled, and one exists. Please don't $session->start();
INFO - 2025-05-19 18:15:23 --> Session: Class initialized using 'CodeIgniter\Session\Handlers\FileHandler' driver.
WARNING - 2025-05-19 18:15:23 --> Session: Sessions is enabled, and one exists. Please don't $session->start();
INFO - 2025-05-19 18:15:23 --> Session: Class initialized using 'CodeIgniter\Session\Handlers\FileHandler' driver.
WARNING - 2025-05-19 18:15:23 --> Session: Sessions is enabled, and one exists. Please don't $session->start();
INFO - 2025-05-19 18:15:23 --> Session: Class initialized using 'CodeIgniter\Session\Handlers\FileHandler' driver.
WARNING - 2025-05-19 18:15:23 --> Session: Sessions is enabled, and one exists. Please don't $session->start();
INFO - 2025-05-19 18:15:24 --> Session: Class initialized using 'CodeIgniter\Session\Handlers\FileHandler' driver.
WARNING - 2025-05-19 18:15:24 --> Session: Sessions is enabled, and one exists. Please don't $session->start();
INFO - 2025-05-19 18:15:24 --> Session: Class initialized using 'CodeIgniter\Session\Handlers\FileHandler' driver.
WARNING - 2025-05-19 18:15:24 --> Session: Sessions is enabled, and one exists. Please don't $session->start();
INFO - 2025-05-19 18:15:24 --> Session: Class initialized using 'CodeIgniter\Session\Handlers\FileHandler' driver.
WARNING - 2025-05-19 18:15:24 --> Session: Sessions is enabled, and one exists. Please don't $session->start();
INFO - 2025-05-19 18:15:26 --> Session: Class initialized using 'CodeIgniter\Session\Handlers\FileHandler' driver.
WARNING - 2025-05-19 18:15:26 --> Session: Sessions is enabled, and one exists. Please don't $session->start();
WARNING - 2025-05-19 18:15:26 --> [DEPRECATED] Optional parameter $game_name declared before required parameter $game_id is implicitly treated as a required parameter in APPPATH\Models\User_m.php on line 305.
 1 FCPATH\vendor\composer\ClassLoader.php(576): include('C:\\laragon\\www\\pro1\\vendor\\codeigniter4\\framework\\system\\Debug\\Exceptions.php')
 2 FCPATH\vendor\composer\ClassLoader.php(427): Composer\Autoload\{closure}('C:\\laragon\\www\\pro1\\vendor\\composer/../../app/Models/User_m.php')
 3 APPPATH\Helpers\functions_helper.php(133): Composer\Autoload\ClassLoader->loadClass('App\\Models\\User_m')
 4 APPPATH\Views\admin\delhi_game_list.php(10): check_delhi_market_time('2025-05-20 06:00:00', '0', '3', '2025-05-19 05:00:00')
 5 SYSTEMPATH\View\View.php(234): include('C:\\laragon\\www\\pro1\\app\\Views\\admin\\delhi_game_list.php')
 6 SYSTEMPATH\View\View.php(237): CodeIgniter\View\View->CodeIgniter\View\{closure}()
 7 SYSTEMPATH\Common.php(1171): CodeIgniter\View\View->render('admin/delhi_game_list', [], true)
 8 APPPATH\Helpers\functions_helper.php(521): view('admin/delhi_game_list', [...])
 9 APPPATH\Controllers\Admin_c.php(2708): load_view('admin', 'admin/delhi_game_list', [...])
10 SYSTEMPATH\CodeIgniter.php(933): App\Controllers\Admin_c->delhi_game_list()
11 SYSTEMPATH\CodeIgniter.php(509): CodeIgniter\CodeIgniter->runController(Object(App\Controllers\Admin_c))
12 SYSTEMPATH\CodeIgniter.php(355): CodeIgniter\CodeIgniter->handleRequest(null, Object(Config\Cache), false)
13 SYSTEMPATH\Boot.php(325): CodeIgniter\CodeIgniter->run()
14 SYSTEMPATH\Boot.php(67): CodeIgniter\Boot::runCodeIgniter(Object(CodeIgniter\CodeIgniter))
15 FCPATH\index.php(57): CodeIgniter\Boot::bootWeb(Object(Config\Paths))
INFO - 2025-05-19 18:37:24 --> Session: Class initialized using 'CodeIgniter\Session\Handlers\FileHandler' driver.
WARNING - 2025-05-19 18:37:24 --> Session: Sessions is enabled, and one exists. Please don't $session->start();
WARNING - 2025-05-19 18:37:25 --> [DEPRECATED] Optional parameter $game_name declared before required parameter $game_id is implicitly treated as a required parameter in APPPATH\Models\User_m.php on line 305.
 1 FCPATH\vendor\composer\ClassLoader.php(576): include('C:\\laragon\\www\\pro1\\vendor\\codeigniter4\\framework\\system\\Debug\\Exceptions.php')
 2 FCPATH\vendor\composer\ClassLoader.php(427): Composer\Autoload\{closure}('C:\\laragon\\www\\pro1\\vendor\\composer/../../app/Models/User_m.php')
 3 APPPATH\Helpers\functions_helper.php(133): Composer\Autoload\ClassLoader->loadClass('App\\Models\\User_m')
 4 APPPATH\Views\admin\delhi_game_list.php(10): check_delhi_market_time('2025-05-20 06:00:00', '0', '3', '2025-05-19 05:00:00')
 5 SYSTEMPATH\View\View.php(234): include('C:\\laragon\\www\\pro1\\app\\Views\\admin\\delhi_game_list.php')
 6 SYSTEMPATH\View\View.php(237): CodeIgniter\View\View->CodeIgniter\View\{closure}()
 7 SYSTEMPATH\Common.php(1171): CodeIgniter\View\View->render('admin/delhi_game_list', [], true)
 8 APPPATH\Helpers\functions_helper.php(521): view('admin/delhi_game_list', [...])
 9 APPPATH\Controllers\Admin_c.php(2708): load_view('admin', 'admin/delhi_game_list', [...])
10 SYSTEMPATH\CodeIgniter.php(933): App\Controllers\Admin_c->delhi_game_list()
11 SYSTEMPATH\CodeIgniter.php(509): CodeIgniter\CodeIgniter->runController(Object(App\Controllers\Admin_c))
12 SYSTEMPATH\CodeIgniter.php(355): CodeIgniter\CodeIgniter->handleRequest(null, Object(Config\Cache), false)
13 SYSTEMPATH\Boot.php(325): CodeIgniter\CodeIgniter->run()
14 SYSTEMPATH\Boot.php(67): CodeIgniter\Boot::runCodeIgniter(Object(CodeIgniter\CodeIgniter))
15 FCPATH\index.php(57): CodeIgniter\Boot::bootWeb(Object(Config\Paths))
INFO - 2025-05-19 18:39:55 --> Session: Class initialized using 'CodeIgniter\Session\Handlers\FileHandler' driver.
WARNING - 2025-05-19 18:39:55 --> Session: Sessions is enabled, and one exists. Please don't $session->start();
INFO - 2025-05-19 18:39:55 --> Session: Class initialized using 'CodeIgniter\Session\Handlers\FileHandler' driver.
WARNING - 2025-05-19 18:39:55 --> Session: Sessions is enabled, and one exists. Please don't $session->start();
