INFO - 2025-09-13 09:54:19 --> Session: Class initialized using 'CodeIgniter\Session\Handlers\FileHandler' driver.
WARNING - 2025-09-13 09:54:19 --> Session: Sessions is enabled, and one exists. Please don't $session->start();
INFO - 2025-09-13 09:54:24 --> Session: Class initialized using 'CodeIgniter\Session\Handlers\FileHandler' driver.
WARNING - 2025-09-13 09:54:24 --> Session: Sessions is enabled, and one exists. Please don't $session->start();
ERROR - 2025-09-13 09:54:24 --> mysqli_sql_exception: Unknown column 'slot_id' in 'where clause' in C:\laragon\www\pro1\vendor\codeigniter4\framework\system\Database\MySQLi\Connection.php:312
Stack trace:
#0 C:\laragon\www\pro1\vendor\codeigniter4\framework\system\Database\MySQLi\Connection.php(312): mysqli->query('\r\n            U...', 0)
#1 C:\laragon\www\pro1\vendor\codeigniter4\framework\system\Database\BaseConnection.php(734): CodeIgniter\Database\MySQLi\Connection->execute('\r\n            U...')
#2 C:\laragon\www\pro1\vendor\codeigniter4\framework\system\Database\BaseConnection.php(648): CodeIgniter\Database\BaseConnection->simpleQuery('\r\n            U...')
#3 C:\laragon\www\pro1\app\Models\Admin_m.php(2721): CodeIgniter\Database\BaseConnection->query('\r\n            U...')
#4 C:\laragon\www\pro1\app\Controllers\Admin_c.php(5482): App\Models\Admin_m->update_game_details('jodi_entry', '229', '138')
#5 C:\laragon\www\pro1\vendor\codeigniter4\framework\system\CodeIgniter.php(933): App\Controllers\Admin_c->reverse_mh_game()
#6 C:\laragon\www\pro1\vendor\codeigniter4\framework\system\CodeIgniter.php(509): CodeIgniter\CodeIgniter->runController(Object(App\Controllers\Admin_c))
#7 C:\laragon\www\pro1\vendor\codeigniter4\framework\system\CodeIgniter.php(355): CodeIgniter\CodeIgniter->handleRequest(NULL, Object(Config\Cache), false)
#8 C:\laragon\www\pro1\vendor\codeigniter4\framework\system\Boot.php(325): CodeIgniter\CodeIgniter->run()
#9 C:\laragon\www\pro1\vendor\codeigniter4\framework\system\Boot.php(67): CodeIgniter\Boot::runCodeIgniter(Object(CodeIgniter\CodeIgniter))
#10 C:\laragon\www\pro1\index.php(57): CodeIgniter\Boot::bootWeb(Object(Config\Paths))
#11 {main}
CRITICAL - 2025-09-13 09:54:24 --> CodeIgniter\Database\Exceptions\DatabaseException: Unknown column 'slot_id' in 'where clause'
[Method: POST, Route: maharastra-reverse-admin]
in SYSTEMPATH\Database\BaseConnection.php on line 688.
 1 APPPATH\Models\Admin_m.php(2721): CodeIgniter\Database\BaseConnection->query('
            UPDATE users u
            INNER JOIN (SELECT `refUser_id`, SUM(jodi_entry_price) AS total_amount
FROM `jodi_entry`
WHERE DATE(jodi_entry_date) = \'2025-09-13\'
AND `refMarket_id` = \'229\'
AND `slot_id` = \'138\'
GROUP BY `refUser_id`) t ON u.id = t.refUser_id
            SET 
                u.amount = u.amount + t.total_amount,
                u.win_amount = u.win_amount + t.total_amount
        ')
 2 APPPATH\Controllers\Admin_c.php(5482): App\Models\Admin_m->update_game_details('jodi_entry', '229', '138')
 3 SYSTEMPATH\CodeIgniter.php(933): App\Controllers\Admin_c->reverse_mh_game()
 4 SYSTEMPATH\CodeIgniter.php(509): CodeIgniter\CodeIgniter->runController(Object(App\Controllers\Admin_c))
 5 SYSTEMPATH\CodeIgniter.php(355): CodeIgniter\CodeIgniter->handleRequest(null, Object(Config\Cache), false)
 6 SYSTEMPATH\Boot.php(325): CodeIgniter\CodeIgniter->run()
 7 SYSTEMPATH\Boot.php(67): CodeIgniter\Boot::runCodeIgniter(Object(CodeIgniter\CodeIgniter))
 8 FCPATH\index.php(57): CodeIgniter\Boot::bootWeb(Object(Config\Paths))
CRITICAL - 2025-09-13 09:54:24 --> [Caused by] CodeIgniter\Database\Exceptions\DatabaseException: Unknown column 'slot_id' in 'where clause'
in SYSTEMPATH\Database\MySQLi\Connection.php on line 317.
 1 SYSTEMPATH\Database\BaseConnection.php(734): CodeIgniter\Database\MySQLi\Connection->execute('
            UPDATE users u
            INNER JOIN (SELECT `refUser_id`, SUM(jodi_entry_price) AS total_amount
FROM `jodi_entry`
WHERE DATE(jodi_entry_date) = \'2025-09-13\'
AND `refMarket_id` = \'229\'
AND `slot_id` = \'138\'
GROUP BY `refUser_id`) t ON u.id = t.refUser_id
            SET 
                u.amount = u.amount + t.total_amount,
                u.win_amount = u.win_amount + t.total_amount
        ')
 2 SYSTEMPATH\Database\BaseConnection.php(648): CodeIgniter\Database\BaseConnection->simpleQuery('
            UPDATE users u
            INNER JOIN (SELECT `refUser_id`, SUM(jodi_entry_price) AS total_amount
FROM `jodi_entry`
WHERE DATE(jodi_entry_date) = \'2025-09-13\'
AND `refMarket_id` = \'229\'
AND `slot_id` = \'138\'
GROUP BY `refUser_id`) t ON u.id = t.refUser_id
            SET 
                u.amount = u.amount + t.total_amount,
                u.win_amount = u.win_amount + t.total_amount
        ')
 3 APPPATH\Models\Admin_m.php(2721): CodeIgniter\Database\BaseConnection->query('
            UPDATE users u
            INNER JOIN (SELECT `refUser_id`, SUM(jodi_entry_price) AS total_amount
FROM `jodi_entry`
WHERE DATE(jodi_entry_date) = \'2025-09-13\'
AND `refMarket_id` = \'229\'
AND `slot_id` = \'138\'
GROUP BY `refUser_id`) t ON u.id = t.refUser_id
            SET 
                u.amount = u.amount + t.total_amount,
                u.win_amount = u.win_amount + t.total_amount
        ')
 4 APPPATH\Controllers\Admin_c.php(5482): App\Models\Admin_m->update_game_details('jodi_entry', '229', '138')
 5 SYSTEMPATH\CodeIgniter.php(933): App\Controllers\Admin_c->reverse_mh_game()
 6 SYSTEMPATH\CodeIgniter.php(509): CodeIgniter\CodeIgniter->runController(Object(App\Controllers\Admin_c))
 7 SYSTEMPATH\CodeIgniter.php(355): CodeIgniter\CodeIgniter->handleRequest(null, Object(Config\Cache), false)
 8 SYSTEMPATH\Boot.php(325): CodeIgniter\CodeIgniter->run()
 9 SYSTEMPATH\Boot.php(67): CodeIgniter\Boot::runCodeIgniter(Object(CodeIgniter\CodeIgniter))
10 FCPATH\index.php(57): CodeIgniter\Boot::bootWeb(Object(Config\Paths))
CRITICAL - 2025-09-13 09:54:24 --> [Caused by] mysqli_sql_exception: Unknown column 'slot_id' in 'where clause'
in SYSTEMPATH\Database\MySQLi\Connection.php on line 312.
 1 SYSTEMPATH\Database\MySQLi\Connection.php(312): mysqli->query('
            UPDATE users u
            INNER JOIN (SELECT `refUser_id`, SUM(jodi_entry_price) AS total_amount
FROM `jodi_entry`
WHERE DATE(jodi_entry_date) = \'2025-09-13\'
AND `refMarket_id` = \'229\'
AND `slot_id` = \'138\'
GROUP BY `refUser_id`) t ON u.id = t.refUser_id
            SET 
                u.amount = u.amount + t.total_amount,
                u.win_amount = u.win_amount + t.total_amount
        ', 0)
 2 SYSTEMPATH\Database\BaseConnection.php(734): CodeIgniter\Database\MySQLi\Connection->execute('
            UPDATE users u
            INNER JOIN (SELECT `refUser_id`, SUM(jodi_entry_price) AS total_amount
FROM `jodi_entry`
WHERE DATE(jodi_entry_date) = \'2025-09-13\'
AND `refMarket_id` = \'229\'
AND `slot_id` = \'138\'
GROUP BY `refUser_id`) t ON u.id = t.refUser_id
            SET 
                u.amount = u.amount + t.total_amount,
                u.win_amount = u.win_amount + t.total_amount
        ')
 3 SYSTEMPATH\Database\BaseConnection.php(648): CodeIgniter\Database\BaseConnection->simpleQuery('
            UPDATE users u
            INNER JOIN (SELECT `refUser_id`, SUM(jodi_entry_price) AS total_amount
FROM `jodi_entry`
WHERE DATE(jodi_entry_date) = \'2025-09-13\'
AND `refMarket_id` = \'229\'
AND `slot_id` = \'138\'
GROUP BY `refUser_id`) t ON u.id = t.refUser_id
            SET 
                u.amount = u.amount + t.total_amount,
                u.win_amount = u.win_amount + t.total_amount
        ')
 4 APPPATH\Models\Admin_m.php(2721): CodeIgniter\Database\BaseConnection->query('
            UPDATE users u
            INNER JOIN (SELECT `refUser_id`, SUM(jodi_entry_price) AS total_amount
FROM `jodi_entry`
WHERE DATE(jodi_entry_date) = \'2025-09-13\'
AND `refMarket_id` = \'229\'
AND `slot_id` = \'138\'
GROUP BY `refUser_id`) t ON u.id = t.refUser_id
            SET 
                u.amount = u.amount + t.total_amount,
                u.win_amount = u.win_amount + t.total_amount
        ')
 5 APPPATH\Controllers\Admin_c.php(5482): App\Models\Admin_m->update_game_details('jodi_entry', '229', '138')
 6 SYSTEMPATH\CodeIgniter.php(933): App\Controllers\Admin_c->reverse_mh_game()
 7 SYSTEMPATH\CodeIgniter.php(509): CodeIgniter\CodeIgniter->runController(Object(App\Controllers\Admin_c))
 8 SYSTEMPATH\CodeIgniter.php(355): CodeIgniter\CodeIgniter->handleRequest(null, Object(Config\Cache), false)
 9 SYSTEMPATH\Boot.php(325): CodeIgniter\CodeIgniter->run()
10 SYSTEMPATH\Boot.php(67): CodeIgniter\Boot::runCodeIgniter(Object(CodeIgniter\CodeIgniter))
11 FCPATH\index.php(57): CodeIgniter\Boot::bootWeb(Object(Config\Paths))
INFO - 2025-09-13 09:56:49 --> Session: Class initialized using 'CodeIgniter\Session\Handlers\FileHandler' driver.
WARNING - 2025-09-13 09:56:49 --> Session: Sessions is enabled, and one exists. Please don't $session->start();
CRITICAL - 2025-09-13 09:56:49 --> Error: Object of class CodeIgniter\Database\MySQLi\Builder could not be converted to string
[Method: POST, Route: maharastra-reverse-admin]
in APPPATH\Models\Admin_m.php on line 2717.
 1 APPPATH\Controllers\Admin_c.php(5481): App\Models\Admin_m->update_game_details('digit_entry', '229', '138')
 2 SYSTEMPATH\CodeIgniter.php(933): App\Controllers\Admin_c->reverse_mh_game()
 3 SYSTEMPATH\CodeIgniter.php(509): CodeIgniter\CodeIgniter->runController(Object(App\Controllers\Admin_c))
 4 SYSTEMPATH\CodeIgniter.php(355): CodeIgniter\CodeIgniter->handleRequest(null, Object(Config\Cache), false)
 5 SYSTEMPATH\Boot.php(325): CodeIgniter\CodeIgniter->run()
 6 SYSTEMPATH\Boot.php(67): CodeIgniter\Boot::runCodeIgniter(Object(CodeIgniter\CodeIgniter))
 7 FCPATH\index.php(57): CodeIgniter\Boot::bootWeb(Object(Config\Paths))
INFO - 2025-09-13 09:57:39 --> Session: Class initialized using 'CodeIgniter\Session\Handlers\FileHandler' driver.
WARNING - 2025-09-13 09:57:39 --> Session: Sessions is enabled, and one exists. Please don't $session->start();
CRITICAL - 2025-09-13 09:57:39 --> Error: Object of class CodeIgniter\Database\MySQLi\Builder could not be converted to string
[Method: POST, Route: maharastra-reverse-admin]
in APPPATH\Models\Admin_m.php on line 2716.
 1 APPPATH\Controllers\Admin_c.php(5481): App\Models\Admin_m->update_game_details('digit_entry', '229', '138')
 2 SYSTEMPATH\CodeIgniter.php(933): App\Controllers\Admin_c->reverse_mh_game()
 3 SYSTEMPATH\CodeIgniter.php(509): CodeIgniter\CodeIgniter->runController(Object(App\Controllers\Admin_c))
 4 SYSTEMPATH\CodeIgniter.php(355): CodeIgniter\CodeIgniter->handleRequest(null, Object(Config\Cache), false)
 5 SYSTEMPATH\Boot.php(325): CodeIgniter\CodeIgniter->run()
 6 SYSTEMPATH\Boot.php(67): CodeIgniter\Boot::runCodeIgniter(Object(CodeIgniter\CodeIgniter))
 7 FCPATH\index.php(57): CodeIgniter\Boot::bootWeb(Object(Config\Paths))
INFO - 2025-09-13 09:57:44 --> Session: Class initialized using 'CodeIgniter\Session\Handlers\FileHandler' driver.
WARNING - 2025-09-13 09:57:44 --> Session: Sessions is enabled, and one exists. Please don't $session->start();
WARNING - 2025-09-13 09:57:58 --> [DEPRECATED] Optional parameter $market_name declared before required parameter $market_id is implicitly treated as a required parameter in APPPATH\Controllers\User_c.php on line 2445.
 1 FCPATH\vendor\composer\ClassLoader.php(576): include('C:\\laragon\\www\\pro1\\vendor\\codeigniter4\\framework\\system\\Debug\\Exceptions.php')
 2 FCPATH\vendor\composer\ClassLoader.php(427): Composer\Autoload\{closure}('C:\\laragon\\www\\pro1\\vendor\\composer/../../app/Controllers/User_c.php')
 3 [internal function]: Composer\Autoload\ClassLoader->loadClass('App\\Controllers\\User_c')
 4 SYSTEMPATH\CodeIgniter.php(887): class_exists('\\App\\Controllers\\User_c', true)
 5 SYSTEMPATH\CodeIgniter.php(496): CodeIgniter\CodeIgniter->startController()
 6 SYSTEMPATH\CodeIgniter.php(355): CodeIgniter\CodeIgniter->handleRequest(null, Object(Config\Cache), false)
 7 SYSTEMPATH\Boot.php(325): CodeIgniter\CodeIgniter->run()
 8 SYSTEMPATH\Boot.php(67): CodeIgniter\Boot::runCodeIgniter(Object(CodeIgniter\CodeIgniter))
 9 FCPATH\index.php(57): CodeIgniter\Boot::bootWeb(Object(Config\Paths))
INFO - 2025-09-13 09:57:58 --> Session: Class initialized using 'CodeIgniter\Session\Handlers\FileHandler' driver.
WARNING - 2025-09-13 09:57:58 --> Session: Sessions is enabled, and one exists. Please don't $session->start();
WARNING - 2025-09-13 09:58:13 --> [DEPRECATED] Optional parameter $market_name declared before required parameter $market_id is implicitly treated as a required parameter in APPPATH\Controllers\User_c.php on line 2445.
 1 FCPATH\vendor\composer\ClassLoader.php(576): include('C:\\laragon\\www\\pro1\\vendor\\codeigniter4\\framework\\system\\Debug\\Exceptions.php')
 2 FCPATH\vendor\composer\ClassLoader.php(427): Composer\Autoload\{closure}('C:\\laragon\\www\\pro1\\vendor\\composer/../../app/Controllers/User_c.php')
 3 [internal function]: Composer\Autoload\ClassLoader->loadClass('App\\Controllers\\User_c')
 4 SYSTEMPATH\CodeIgniter.php(887): class_exists('\\App\\Controllers\\User_c', true)
 5 SYSTEMPATH\CodeIgniter.php(496): CodeIgniter\CodeIgniter->startController()
 6 SYSTEMPATH\CodeIgniter.php(355): CodeIgniter\CodeIgniter->handleRequest(null, Object(Config\Cache), false)
 7 SYSTEMPATH\Boot.php(325): CodeIgniter\CodeIgniter->run()
 8 SYSTEMPATH\Boot.php(67): CodeIgniter\Boot::runCodeIgniter(Object(CodeIgniter\CodeIgniter))
 9 FCPATH\index.php(57): CodeIgniter\Boot::bootWeb(Object(Config\Paths))
INFO - 2025-09-13 09:58:13 --> Session: Class initialized using 'CodeIgniter\Session\Handlers\FileHandler' driver.
WARNING - 2025-09-13 09:58:13 --> Session: Sessions is enabled, and one exists. Please don't $session->start();
CRITICAL - 2025-09-13 09:58:13 --> ErrorException: Undefined array key 1
[Method: POST, Route: submit-maharashtra-game]
in APPPATH\Controllers\User_c.php on line 1353.
 1 APPPATH\Controllers\User_c.php(1353): CodeIgniter\Debug\Exceptions->errorHandler(2, 'Undefined array key 1', 'C:\\laragon\\www\\pro1\\app\\Controllers\\User_c.php', 1353)
 2 SYSTEMPATH\CodeIgniter.php(933): App\Controllers\User_c->submit_game()
 3 SYSTEMPATH\CodeIgniter.php(509): CodeIgniter\CodeIgniter->runController(Object(App\Controllers\User_c))
 4 SYSTEMPATH\CodeIgniter.php(355): CodeIgniter\CodeIgniter->handleRequest(null, Object(Config\Cache), false)
 5 SYSTEMPATH\Boot.php(325): CodeIgniter\CodeIgniter->run()
 6 SYSTEMPATH\Boot.php(67): CodeIgniter\Boot::runCodeIgniter(Object(CodeIgniter\CodeIgniter))
 7 FCPATH\index.php(57): CodeIgniter\Boot::bootWeb(Object(Config\Paths))
WARNING - 2025-09-13 09:58:15 --> [DEPRECATED] Optional parameter $market_name declared before required parameter $market_id is implicitly treated as a required parameter in APPPATH\Controllers\User_c.php on line 2445.
 1 FCPATH\vendor\composer\ClassLoader.php(576): include('C:\\laragon\\www\\pro1\\vendor\\codeigniter4\\framework\\system\\Debug\\Exceptions.php')
 2 FCPATH\vendor\composer\ClassLoader.php(427): Composer\Autoload\{closure}('C:\\laragon\\www\\pro1\\vendor\\composer/../../app/Controllers/User_c.php')
 3 [internal function]: Composer\Autoload\ClassLoader->loadClass('App\\Controllers\\User_c')
 4 SYSTEMPATH\CodeIgniter.php(887): class_exists('\\App\\Controllers\\User_c', true)
 5 SYSTEMPATH\CodeIgniter.php(496): CodeIgniter\CodeIgniter->startController()
 6 SYSTEMPATH\CodeIgniter.php(355): CodeIgniter\CodeIgniter->handleRequest(null, Object(Config\Cache), false)
 7 SYSTEMPATH\Boot.php(325): CodeIgniter\CodeIgniter->run()
 8 SYSTEMPATH\Boot.php(67): CodeIgniter\Boot::runCodeIgniter(Object(CodeIgniter\CodeIgniter))
 9 FCPATH\index.php(57): CodeIgniter\Boot::bootWeb(Object(Config\Paths))
INFO - 2025-09-13 09:58:15 --> Session: Class initialized using 'CodeIgniter\Session\Handlers\FileHandler' driver.
WARNING - 2025-09-13 09:58:15 --> Session: Sessions is enabled, and one exists. Please don't $session->start();
CRITICAL - 2025-09-13 09:58:15 --> ErrorException: Undefined array key 1
[Method: POST, Route: submit-maharashtra-game]
in APPPATH\Controllers\User_c.php on line 1353.
 1 APPPATH\Controllers\User_c.php(1353): CodeIgniter\Debug\Exceptions->errorHandler(2, 'Undefined array key 1', 'C:\\laragon\\www\\pro1\\app\\Controllers\\User_c.php', 1353)
 2 SYSTEMPATH\CodeIgniter.php(933): App\Controllers\User_c->submit_game()
 3 SYSTEMPATH\CodeIgniter.php(509): CodeIgniter\CodeIgniter->runController(Object(App\Controllers\User_c))
 4 SYSTEMPATH\CodeIgniter.php(355): CodeIgniter\CodeIgniter->handleRequest(null, Object(Config\Cache), false)
 5 SYSTEMPATH\Boot.php(325): CodeIgniter\CodeIgniter->run()
 6 SYSTEMPATH\Boot.php(67): CodeIgniter\Boot::runCodeIgniter(Object(CodeIgniter\CodeIgniter))
 7 FCPATH\index.php(57): CodeIgniter\Boot::bootWeb(Object(Config\Paths))
WARNING - 2025-09-13 09:58:16 --> [DEPRECATED] Optional parameter $market_name declared before required parameter $market_id is implicitly treated as a required parameter in APPPATH\Controllers\User_c.php on line 2445.
 1 FCPATH\vendor\composer\ClassLoader.php(576): include('C:\\laragon\\www\\pro1\\vendor\\codeigniter4\\framework\\system\\Debug\\Exceptions.php')
 2 FCPATH\vendor\composer\ClassLoader.php(427): Composer\Autoload\{closure}('C:\\laragon\\www\\pro1\\vendor\\composer/../../app/Controllers/User_c.php')
 3 [internal function]: Composer\Autoload\ClassLoader->loadClass('App\\Controllers\\User_c')
 4 SYSTEMPATH\CodeIgniter.php(887): class_exists('\\App\\Controllers\\User_c', true)
 5 SYSTEMPATH\CodeIgniter.php(496): CodeIgniter\CodeIgniter->startController()
 6 SYSTEMPATH\CodeIgniter.php(355): CodeIgniter\CodeIgniter->handleRequest(null, Object(Config\Cache), false)
 7 SYSTEMPATH\Boot.php(325): CodeIgniter\CodeIgniter->run()
 8 SYSTEMPATH\Boot.php(67): CodeIgniter\Boot::runCodeIgniter(Object(CodeIgniter\CodeIgniter))
 9 FCPATH\index.php(57): CodeIgniter\Boot::bootWeb(Object(Config\Paths))
INFO - 2025-09-13 09:58:16 --> Session: Class initialized using 'CodeIgniter\Session\Handlers\FileHandler' driver.
WARNING - 2025-09-13 09:58:16 --> Session: Sessions is enabled, and one exists. Please don't $session->start();
