INFO - 2025-09-11 21:50:35 --> Session: Class initialized using 'CodeIgniter\Session\Handlers\FileHandler' driver.
WARNING - 2025-09-11 21:50:35 --> Session: Sessions is enabled, and one exists. Please don't $session->start();
INFO - 2025-09-11 21:50:39 --> Session: Class initialized using 'CodeIgniter\Session\Handlers\FileHandler' driver.
WARNING - 2025-09-11 21:50:39 --> Session: Sessions is enabled, and one exists. Please don't $session->start();
INFO - 2025-09-11 21:50:39 --> Session: Class initialized using 'CodeIgniter\Session\Handlers\FileHandler' driver.
WARNING - 2025-09-11 21:50:39 --> Session: Sessions is enabled, and one exists. Please don't $session->start();
INFO - 2025-09-11 21:50:39 --> Session: Class initialized using 'CodeIgniter\Session\Handlers\FileHandler' driver.
WARNING - 2025-09-11 21:50:39 --> Session: Sessions is enabled, and one exists. Please don't $session->start();
INFO - 2025-09-11 21:50:40 --> Session: Class initialized using 'CodeIgniter\Session\Handlers\FileHandler' driver.
WARNING - 2025-09-11 21:50:40 --> Session: Sessions is enabled, and one exists. Please don't $session->start();
INFO - 2025-09-11 21:50:40 --> Session: Class initialized using 'CodeIgniter\Session\Handlers\FileHandler' driver.
WARNING - 2025-09-11 21:50:40 --> Session: Sessions is enabled, and one exists. Please don't $session->start();
INFO - 2025-09-11 21:50:40 --> Session: Class initialized using 'CodeIgniter\Session\Handlers\FileHandler' driver.
WARNING - 2025-09-11 21:50:40 --> Session: Sessions is enabled, and one exists. Please don't $session->start();
INFO - 2025-09-11 21:50:44 --> Session: Class initialized using 'CodeIgniter\Session\Handlers\FileHandler' driver.
WARNING - 2025-09-11 21:50:44 --> Session: Sessions is enabled, and one exists. Please don't $session->start();
INFO - 2025-09-11 21:50:45 --> Session: Class initialized using 'CodeIgniter\Session\Handlers\FileHandler' driver.
WARNING - 2025-09-11 21:50:45 --> Session: Sessions is enabled, and one exists. Please don't $session->start();
INFO - 2025-09-11 21:50:46 --> Session: Class initialized using 'CodeIgniter\Session\Handlers\FileHandler' driver.
WARNING - 2025-09-11 21:50:46 --> Session: Sessions is enabled, and one exists. Please don't $session->start();
INFO - 2025-09-11 21:50:46 --> Session: Class initialized using 'CodeIgniter\Session\Handlers\FileHandler' driver.
WARNING - 2025-09-11 21:50:46 --> Session: Sessions is enabled, and one exists. Please don't $session->start();
INFO - 2025-09-11 21:50:47 --> Session: Class initialized using 'CodeIgniter\Session\Handlers\FileHandler' driver.
WARNING - 2025-09-11 21:50:47 --> Session: Sessions is enabled, and one exists. Please don't $session->start();
INFO - 2025-09-11 21:50:47 --> Session: Class initialized using 'CodeIgniter\Session\Handlers\FileHandler' driver.
WARNING - 2025-09-11 21:50:47 --> Session: Sessions is enabled, and one exists. Please don't $session->start();
INFO - 2025-09-11 21:50:47 --> Session: Class initialized using 'CodeIgniter\Session\Handlers\FileHandler' driver.
WARNING - 2025-09-11 21:50:47 --> Session: Sessions is enabled, and one exists. Please don't $session->start();
INFO - 2025-09-11 21:50:47 --> Session: Class initialized using 'CodeIgniter\Session\Handlers\FileHandler' driver.
WARNING - 2025-09-11 21:50:47 --> Session: Sessions is enabled, and one exists. Please don't $session->start();
WARNING - 2025-09-11 22:46:06 --> [DEPRECATED] Optional parameter $market_name declared before required parameter $market_id is implicitly treated as a required parameter in APPPATH\Controllers\User_c.php on line 2445.
 1 FCPATH\vendor\composer\ClassLoader.php(576): include('C:\\laragon\\www\\pro1\\vendor\\codeigniter4\\framework\\system\\Debug\\Exceptions.php')
 2 FCPATH\vendor\composer\ClassLoader.php(427): Composer\Autoload\{closure}('C:\\laragon\\www\\pro1\\vendor\\composer/../../app/Controllers/User_c.php')
 3 [internal function]: Composer\Autoload\ClassLoader->loadClass('App\\Controllers\\User_c')
 4 SYSTEMPATH\CodeIgniter.php(887): class_exists('\\App\\Controllers\\User_c', true)
 5 SYSTEMPATH\CodeIgniter.php(496): CodeIgniter\CodeIgniter->startController()
 6 SYSTEMPATH\CodeIgniter.php(355): CodeIgniter\CodeIgniter->handleRequest(null, Object(Config\Cache), false)
 7 SYSTEMPATH\Boot.php(325): CodeIgniter\CodeIgniter->run()
 8 SYSTEMPATH\Boot.php(67): CodeIgniter\Boot::runCodeIgniter(Object(CodeIgniter\CodeIgniter))
 9 FCPATH\index.php(57): CodeIgniter\Boot::bootWeb(Object(Config\Paths))
INFO - 2025-09-11 22:46:06 --> Session: Class initialized using 'CodeIgniter\Session\Handlers\FileHandler' driver.
WARNING - 2025-09-11 22:46:06 --> Session: Sessions is enabled, and one exists. Please don't $session->start();
CRITICAL - 2025-09-11 22:46:06 --> TypeError: Unsupported operand types: string + int
[Method: GET, Route: dashboard-user]
in APPPATH\Controllers\User_c.php on line 123.
 1 SYSTEMPATH\CodeIgniter.php(933): App\Controllers\User_c->index()
 2 SYSTEMPATH\CodeIgniter.php(509): CodeIgniter\CodeIgniter->runController(Object(App\Controllers\User_c))
 3 SYSTEMPATH\CodeIgniter.php(355): CodeIgniter\CodeIgniter->handleRequest(null, Object(Config\Cache), false)
 4 SYSTEMPATH\Boot.php(325): CodeIgniter\CodeIgniter->run()
 5 SYSTEMPATH\Boot.php(67): CodeIgniter\Boot::runCodeIgniter(Object(CodeIgniter\CodeIgniter))
 6 FCPATH\index.php(57): CodeIgniter\Boot::bootWeb(Object(Config\Paths))
