INFO - 2025-05-23 19:56:00 --> Session: Class initialized using 'CodeIgniter\Session\Handlers\FileHandler' driver.
WARNING - 2025-05-23 19:56:00 --> Session: Sessions is enabled, and one exists. Please don't $session->start();
INFO - 2025-05-23 19:56:02 --> Session: Class initialized using 'CodeIgniter\Session\Handlers\FileHandler' driver.
WARNING - 2025-05-23 19:56:02 --> Session: Sessions is enabled, and one exists. Please don't $session->start();
INFO - 2025-05-23 19:56:02 --> Session: Class initialized using 'CodeIgniter\Session\Handlers\FileHandler' driver.
WARNING - 2025-05-23 19:56:02 --> Session: Sessions is enabled, and one exists. Please don't $session->start();
INFO - 2025-05-23 19:56:02 --> Session: Class initialized using 'CodeIgniter\Session\Handlers\FileHandler' driver.
WARNING - 2025-05-23 19:56:02 --> Session: Sessions is enabled, and one exists. Please don't $session->start();
INFO - 2025-05-23 19:56:03 --> Session: Class initialized using 'CodeIgniter\Session\Handlers\FileHandler' driver.
WARNING - 2025-05-23 19:56:03 --> Session: Sessions is enabled, and one exists. Please don't $session->start();
ERROR - 2025-05-23 19:56:03 --> mysqli_sql_exception: Table 'pro1.pana' doesn't exist in C:\laragon\www\pro1\vendor\codeigniter4\framework\system\Database\MySQLi\Connection.php:312
Stack trace:
#0 C:\laragon\www\pro1\vendor\codeigniter4\framework\system\Database\MySQLi\Connection.php(312): mysqli->query('SELECT COUNT(*)...', 0)
#1 C:\laragon\www\pro1\vendor\codeigniter4\framework\system\Database\BaseConnection.php(734): CodeIgniter\Database\MySQLi\Connection->execute('SELECT COUNT(*)...')
#2 C:\laragon\www\pro1\vendor\codeigniter4\framework\system\Database\BaseConnection.php(648): CodeIgniter\Database\BaseConnection->simpleQuery('SELECT COUNT(*)...')
#3 C:\laragon\www\pro1\vendor\codeigniter4\framework\system\Database\BaseBuilder.php(1728): CodeIgniter\Database\BaseConnection->query('SELECT COUNT(*)...', Array, false)
#4 C:\laragon\www\pro1\app\Models\Datatable_m.php(65): CodeIgniter\Database\BaseBuilder->countAllResults()
#5 C:\laragon\www\pro1\app\Controllers\Admin_c.php(4038): App\Models\Datatable_m->count_filtered('pana', Array, Array, Array, 'pana_play_game_...')
#6 C:\laragon\www\pro1\vendor\codeigniter4\framework\system\CodeIgniter.php(933): App\Controllers\Admin_c->user_new_play_game_history_ajax()
#7 C:\laragon\www\pro1\vendor\codeigniter4\framework\system\CodeIgniter.php(509): CodeIgniter\CodeIgniter->runController(Object(App\Controllers\Admin_c))
#8 C:\laragon\www\pro1\vendor\codeigniter4\framework\system\CodeIgniter.php(355): CodeIgniter\CodeIgniter->handleRequest(NULL, Object(Config\Cache), false)
#9 C:\laragon\www\pro1\vendor\codeigniter4\framework\system\Boot.php(325): CodeIgniter\CodeIgniter->run()
#10 C:\laragon\www\pro1\vendor\codeigniter4\framework\system\Boot.php(67): CodeIgniter\Boot::runCodeIgniter(Object(CodeIgniter\CodeIgniter))
#11 C:\laragon\www\pro1\index.php(57): CodeIgniter\Boot::bootWeb(Object(Config\Paths))
#12 {main}
CRITICAL - 2025-05-23 19:56:03 --> CodeIgniter\Database\Exceptions\DatabaseException: Table 'pro1.pana' doesn't exist
[Method: POST, Route: admin-user-play-game-history]
in SYSTEMPATH\Database\BaseConnection.php on line 688.
 1 SYSTEMPATH\Database\BaseBuilder.php(1728): CodeIgniter\Database\BaseConnection->query('SELECT COUNT(*) AS `numrows`
FROM `pana`', [], false)
 2 APPPATH\Models\Datatable_m.php(65): CodeIgniter\Database\BaseBuilder->countAllResults()
 3 APPPATH\Controllers\Admin_c.php(4038): App\Models\Datatable_m->count_filtered('pana', [...], [...], [...], 'pana_play_game_history_ajax')
 4 SYSTEMPATH\CodeIgniter.php(933): App\Controllers\Admin_c->user_new_play_game_history_ajax()
 5 SYSTEMPATH\CodeIgniter.php(509): CodeIgniter\CodeIgniter->runController(Object(App\Controllers\Admin_c))
 6 SYSTEMPATH\CodeIgniter.php(355): CodeIgniter\CodeIgniter->handleRequest(null, Object(Config\Cache), false)
 7 SYSTEMPATH\Boot.php(325): CodeIgniter\CodeIgniter->run()
 8 SYSTEMPATH\Boot.php(67): CodeIgniter\Boot::runCodeIgniter(Object(CodeIgniter\CodeIgniter))
 9 FCPATH\index.php(57): CodeIgniter\Boot::bootWeb(Object(Config\Paths))
CRITICAL - 2025-05-23 19:56:03 --> [Caused by] CodeIgniter\Database\Exceptions\DatabaseException: Table 'pro1.pana' doesn't exist
in SYSTEMPATH\Database\MySQLi\Connection.php on line 317.
 1 SYSTEMPATH\Database\BaseConnection.php(734): CodeIgniter\Database\MySQLi\Connection->execute('SELECT COUNT(*) AS `numrows`
FROM `pana`')
 2 SYSTEMPATH\Database\BaseConnection.php(648): CodeIgniter\Database\BaseConnection->simpleQuery('SELECT COUNT(*) AS `numrows`
FROM `pana`')
 3 SYSTEMPATH\Database\BaseBuilder.php(1728): CodeIgniter\Database\BaseConnection->query('SELECT COUNT(*) AS `numrows`
FROM `pana`', [], false)
 4 APPPATH\Models\Datatable_m.php(65): CodeIgniter\Database\BaseBuilder->countAllResults()
 5 APPPATH\Controllers\Admin_c.php(4038): App\Models\Datatable_m->count_filtered('pana', [...], [...], [...], 'pana_play_game_history_ajax')
 6 SYSTEMPATH\CodeIgniter.php(933): App\Controllers\Admin_c->user_new_play_game_history_ajax()
 7 SYSTEMPATH\CodeIgniter.php(509): CodeIgniter\CodeIgniter->runController(Object(App\Controllers\Admin_c))
 8 SYSTEMPATH\CodeIgniter.php(355): CodeIgniter\CodeIgniter->handleRequest(null, Object(Config\Cache), false)
 9 SYSTEMPATH\Boot.php(325): CodeIgniter\CodeIgniter->run()
10 SYSTEMPATH\Boot.php(67): CodeIgniter\Boot::runCodeIgniter(Object(CodeIgniter\CodeIgniter))
11 FCPATH\index.php(57): CodeIgniter\Boot::bootWeb(Object(Config\Paths))
CRITICAL - 2025-05-23 19:56:03 --> [Caused by] mysqli_sql_exception: Table 'pro1.pana' doesn't exist
in SYSTEMPATH\Database\MySQLi\Connection.php on line 312.
 1 SYSTEMPATH\Database\MySQLi\Connection.php(312): mysqli->query('SELECT COUNT(*) AS `numrows`
FROM `pana`', 0)
 2 SYSTEMPATH\Database\BaseConnection.php(734): CodeIgniter\Database\MySQLi\Connection->execute('SELECT COUNT(*) AS `numrows`
FROM `pana`')
 3 SYSTEMPATH\Database\BaseConnection.php(648): CodeIgniter\Database\BaseConnection->simpleQuery('SELECT COUNT(*) AS `numrows`
FROM `pana`')
 4 SYSTEMPATH\Database\BaseBuilder.php(1728): CodeIgniter\Database\BaseConnection->query('SELECT COUNT(*) AS `numrows`
FROM `pana`', [], false)
 5 APPPATH\Models\Datatable_m.php(65): CodeIgniter\Database\BaseBuilder->countAllResults()
 6 APPPATH\Controllers\Admin_c.php(4038): App\Models\Datatable_m->count_filtered('pana', [...], [...], [...], 'pana_play_game_history_ajax')
 7 SYSTEMPATH\CodeIgniter.php(933): App\Controllers\Admin_c->user_new_play_game_history_ajax()
 8 SYSTEMPATH\CodeIgniter.php(509): CodeIgniter\CodeIgniter->runController(Object(App\Controllers\Admin_c))
 9 SYSTEMPATH\CodeIgniter.php(355): CodeIgniter\CodeIgniter->handleRequest(null, Object(Config\Cache), false)
10 SYSTEMPATH\Boot.php(325): CodeIgniter\CodeIgniter->run()
11 SYSTEMPATH\Boot.php(67): CodeIgniter\Boot::runCodeIgniter(Object(CodeIgniter\CodeIgniter))
12 FCPATH\index.php(57): CodeIgniter\Boot::bootWeb(Object(Config\Paths))
INFO - 2025-05-23 19:56:03 --> Session: Class initialized using 'CodeIgniter\Session\Handlers\FileHandler' driver.
WARNING - 2025-05-23 19:56:03 --> Session: Sessions is enabled, and one exists. Please don't $session->start();
INFO - 2025-05-23 19:56:03 --> Session: Class initialized using 'CodeIgniter\Session\Handlers\FileHandler' driver.
WARNING - 2025-05-23 19:56:03 --> Session: Sessions is enabled, and one exists. Please don't $session->start();
INFO - 2025-05-23 19:58:35 --> Session: Class initialized using 'CodeIgniter\Session\Handlers\FileHandler' driver.
WARNING - 2025-05-23 19:58:35 --> Session: Sessions is enabled, and one exists. Please don't $session->start();
INFO - 2025-05-23 19:58:36 --> Session: Class initialized using 'CodeIgniter\Session\Handlers\FileHandler' driver.
WARNING - 2025-05-23 19:58:36 --> Session: Sessions is enabled, and one exists. Please don't $session->start();
INFO - 2025-05-23 19:58:36 --> Session: Class initialized using 'CodeIgniter\Session\Handlers\FileHandler' driver.
WARNING - 2025-05-23 19:58:36 --> Session: Sessions is enabled, and one exists. Please don't $session->start();
INFO - 2025-05-23 19:58:36 --> Session: Class initialized using 'CodeIgniter\Session\Handlers\FileHandler' driver.
WARNING - 2025-05-23 19:58:36 --> Session: Sessions is enabled, and one exists. Please don't $session->start();
INFO - 2025-05-23 19:58:37 --> Session: Class initialized using 'CodeIgniter\Session\Handlers\FileHandler' driver.
WARNING - 2025-05-23 19:58:37 --> Session: Sessions is enabled, and one exists. Please don't $session->start();
INFO - 2025-05-23 19:58:37 --> Session: Class initialized using 'CodeIgniter\Session\Handlers\FileHandler' driver.
WARNING - 2025-05-23 19:58:37 --> Session: Sessions is enabled, and one exists. Please don't $session->start();
INFO - 2025-05-23 19:58:38 --> Session: Class initialized using 'CodeIgniter\Session\Handlers\FileHandler' driver.
WARNING - 2025-05-23 19:58:38 --> Session: Sessions is enabled, and one exists. Please don't $session->start();
INFO - 2025-05-23 20:03:12 --> Session: Class initialized using 'CodeIgniter\Session\Handlers\FileHandler' driver.
WARNING - 2025-05-23 20:03:12 --> Session: Sessions is enabled, and one exists. Please don't $session->start();
INFO - 2025-05-23 20:03:12 --> Session: Class initialized using 'CodeIgniter\Session\Handlers\FileHandler' driver.
WARNING - 2025-05-23 20:03:12 --> Session: Sessions is enabled, and one exists. Please don't $session->start();
INFO - 2025-05-23 20:03:15 --> Session: Class initialized using 'CodeIgniter\Session\Handlers\FileHandler' driver.
WARNING - 2025-05-23 20:03:15 --> Session: Sessions is enabled, and one exists. Please don't $session->start();
INFO - 2025-05-23 20:03:15 --> Session: Class initialized using 'CodeIgniter\Session\Handlers\FileHandler' driver.
WARNING - 2025-05-23 20:03:15 --> Session: Sessions is enabled, and one exists. Please don't $session->start();
INFO - 2025-05-23 20:03:17 --> Session: Class initialized using 'CodeIgniter\Session\Handlers\FileHandler' driver.
WARNING - 2025-05-23 20:03:17 --> Session: Sessions is enabled, and one exists. Please don't $session->start();
INFO - 2025-05-23 20:03:17 --> Session: Class initialized using 'CodeIgniter\Session\Handlers\FileHandler' driver.
WARNING - 2025-05-23 20:03:17 --> Session: Sessions is enabled, and one exists. Please don't $session->start();
INFO - 2025-05-23 20:03:21 --> Session: Class initialized using 'CodeIgniter\Session\Handlers\FileHandler' driver.
WARNING - 2025-05-23 20:03:21 --> Session: Sessions is enabled, and one exists. Please don't $session->start();
INFO - 2025-05-23 20:03:21 --> Session: Class initialized using 'CodeIgniter\Session\Handlers\FileHandler' driver.
WARNING - 2025-05-23 20:03:21 --> Session: Sessions is enabled, and one exists. Please don't $session->start();
INFO - 2025-05-23 20:03:25 --> Session: Class initialized using 'CodeIgniter\Session\Handlers\FileHandler' driver.
WARNING - 2025-05-23 20:03:25 --> Session: Sessions is enabled, and one exists. Please don't $session->start();
INFO - 2025-05-23 20:03:25 --> Session: Class initialized using 'CodeIgniter\Session\Handlers\FileHandler' driver.
WARNING - 2025-05-23 20:03:25 --> Session: Sessions is enabled, and one exists. Please don't $session->start();
INFO - 2025-05-23 20:03:29 --> Session: Class initialized using 'CodeIgniter\Session\Handlers\FileHandler' driver.
WARNING - 2025-05-23 20:03:29 --> Session: Sessions is enabled, and one exists. Please don't $session->start();
INFO - 2025-05-23 20:03:29 --> Session: Class initialized using 'CodeIgniter\Session\Handlers\FileHandler' driver.
WARNING - 2025-05-23 20:03:29 --> Session: Sessions is enabled, and one exists. Please don't $session->start();
INFO - 2025-05-23 20:06:30 --> Session: Class initialized using 'CodeIgniter\Session\Handlers\FileHandler' driver.
WARNING - 2025-05-23 20:06:30 --> Session: Sessions is enabled, and one exists. Please don't $session->start();
INFO - 2025-05-23 20:06:30 --> Session: Class initialized using 'CodeIgniter\Session\Handlers\FileHandler' driver.
WARNING - 2025-05-23 20:06:30 --> Session: Sessions is enabled, and one exists. Please don't $session->start();
INFO - 2025-05-23 20:06:34 --> Session: Class initialized using 'CodeIgniter\Session\Handlers\FileHandler' driver.
WARNING - 2025-05-23 20:06:34 --> Session: Sessions is enabled, and one exists. Please don't $session->start();
INFO - 2025-05-23 20:06:34 --> Session: Class initialized using 'CodeIgniter\Session\Handlers\FileHandler' driver.
WARNING - 2025-05-23 20:06:34 --> Session: Sessions is enabled, and one exists. Please don't $session->start();
INFO - 2025-05-23 20:06:36 --> Session: Class initialized using 'CodeIgniter\Session\Handlers\FileHandler' driver.
WARNING - 2025-05-23 20:06:36 --> Session: Sessions is enabled, and one exists. Please don't $session->start();
INFO - 2025-05-23 20:06:36 --> Session: Class initialized using 'CodeIgniter\Session\Handlers\FileHandler' driver.
WARNING - 2025-05-23 20:06:36 --> Session: Sessions is enabled, and one exists. Please don't $session->start();
INFO - 2025-05-23 20:06:39 --> Session: Class initialized using 'CodeIgniter\Session\Handlers\FileHandler' driver.
WARNING - 2025-05-23 20:06:39 --> Session: Sessions is enabled, and one exists. Please don't $session->start();
INFO - 2025-05-23 20:06:39 --> Session: Class initialized using 'CodeIgniter\Session\Handlers\FileHandler' driver.
WARNING - 2025-05-23 20:06:39 --> Session: Sessions is enabled, and one exists. Please don't $session->start();
INFO - 2025-05-23 20:06:41 --> Session: Class initialized using 'CodeIgniter\Session\Handlers\FileHandler' driver.
WARNING - 2025-05-23 20:06:41 --> Session: Sessions is enabled, and one exists. Please don't $session->start();
INFO - 2025-05-23 20:06:41 --> Session: Class initialized using 'CodeIgniter\Session\Handlers\FileHandler' driver.
WARNING - 2025-05-23 20:06:41 --> Session: Sessions is enabled, and one exists. Please don't $session->start();
INFO - 2025-05-23 20:07:42 --> Session: Class initialized using 'CodeIgniter\Session\Handlers\FileHandler' driver.
WARNING - 2025-05-23 20:07:42 --> Session: Sessions is enabled, and one exists. Please don't $session->start();
INFO - 2025-05-23 20:07:42 --> Session: Class initialized using 'CodeIgniter\Session\Handlers\FileHandler' driver.
WARNING - 2025-05-23 20:07:42 --> Session: Sessions is enabled, and one exists. Please don't $session->start();
INFO - 2025-05-23 20:07:43 --> Session: Class initialized using 'CodeIgniter\Session\Handlers\FileHandler' driver.
WARNING - 2025-05-23 20:07:43 --> Session: Sessions is enabled, and one exists. Please don't $session->start();
INFO - 2025-05-23 20:08:09 --> Session: Class initialized using 'CodeIgniter\Session\Handlers\FileHandler' driver.
WARNING - 2025-05-23 20:08:09 --> Session: Sessions is enabled, and one exists. Please don't $session->start();
INFO - 2025-05-23 20:08:09 --> Session: Class initialized using 'CodeIgniter\Session\Handlers\FileHandler' driver.
WARNING - 2025-05-23 20:08:09 --> Session: Sessions is enabled, and one exists. Please don't $session->start();
INFO - 2025-05-23 20:08:17 --> Session: Class initialized using 'CodeIgniter\Session\Handlers\FileHandler' driver.
WARNING - 2025-05-23 20:08:17 --> Session: Sessions is enabled, and one exists. Please don't $session->start();
INFO - 2025-05-23 20:08:17 --> Session: Class initialized using 'CodeIgniter\Session\Handlers\FileHandler' driver.
WARNING - 2025-05-23 20:08:17 --> Session: Sessions is enabled, and one exists. Please don't $session->start();
INFO - 2025-05-23 20:08:26 --> Session: Class initialized using 'CodeIgniter\Session\Handlers\FileHandler' driver.
WARNING - 2025-05-23 20:08:26 --> Session: Sessions is enabled, and one exists. Please don't $session->start();
INFO - 2025-05-23 20:08:26 --> Session: Class initialized using 'CodeIgniter\Session\Handlers\FileHandler' driver.
WARNING - 2025-05-23 20:08:26 --> Session: Sessions is enabled, and one exists. Please don't $session->start();
INFO - 2025-05-23 20:08:28 --> Session: Class initialized using 'CodeIgniter\Session\Handlers\FileHandler' driver.
WARNING - 2025-05-23 20:08:28 --> Session: Sessions is enabled, and one exists. Please don't $session->start();
INFO - 2025-05-23 20:08:29 --> Session: Class initialized using 'CodeIgniter\Session\Handlers\FileHandler' driver.
WARNING - 2025-05-23 20:08:29 --> Session: Sessions is enabled, and one exists. Please don't $session->start();
INFO - 2025-05-23 20:08:39 --> Session: Class initialized using 'CodeIgniter\Session\Handlers\FileHandler' driver.
WARNING - 2025-05-23 20:08:39 --> Session: Sessions is enabled, and one exists. Please don't $session->start();
INFO - 2025-05-23 20:08:39 --> Session: Class initialized using 'CodeIgniter\Session\Handlers\FileHandler' driver.
WARNING - 2025-05-23 20:08:39 --> Session: Sessions is enabled, and one exists. Please don't $session->start();
INFO - 2025-05-23 20:08:40 --> Session: Class initialized using 'CodeIgniter\Session\Handlers\FileHandler' driver.
WARNING - 2025-05-23 20:08:40 --> Session: Sessions is enabled, and one exists. Please don't $session->start();
INFO - 2025-05-23 20:08:40 --> Session: Class initialized using 'CodeIgniter\Session\Handlers\FileHandler' driver.
WARNING - 2025-05-23 20:08:40 --> Session: Sessions is enabled, and one exists. Please don't $session->start();
INFO - 2025-05-23 20:08:40 --> Session: Class initialized using 'CodeIgniter\Session\Handlers\FileHandler' driver.
WARNING - 2025-05-23 20:08:40 --> Session: Sessions is enabled, and one exists. Please don't $session->start();
INFO - 2025-05-23 20:08:41 --> Session: Class initialized using 'CodeIgniter\Session\Handlers\FileHandler' driver.
WARNING - 2025-05-23 20:08:41 --> Session: Sessions is enabled, and one exists. Please don't $session->start();
INFO - 2025-05-23 20:08:41 --> Session: Class initialized using 'CodeIgniter\Session\Handlers\FileHandler' driver.
WARNING - 2025-05-23 20:08:41 --> Session: Sessions is enabled, and one exists. Please don't $session->start();
INFO - 2025-05-23 20:08:47 --> Session: Class initialized using 'CodeIgniter\Session\Handlers\FileHandler' driver.
WARNING - 2025-05-23 20:08:47 --> Session: Sessions is enabled, and one exists. Please don't $session->start();
INFO - 2025-05-23 20:08:49 --> Session: Class initialized using 'CodeIgniter\Session\Handlers\FileHandler' driver.
WARNING - 2025-05-23 20:08:49 --> Session: Sessions is enabled, and one exists. Please don't $session->start();
INFO - 2025-05-23 20:08:58 --> Session: Class initialized using 'CodeIgniter\Session\Handlers\FileHandler' driver.
WARNING - 2025-05-23 20:08:58 --> Session: Sessions is enabled, and one exists. Please don't $session->start();
INFO - 2025-05-23 20:09:11 --> Session: Class initialized using 'CodeIgniter\Session\Handlers\FileHandler' driver.
WARNING - 2025-05-23 20:09:11 --> Session: Sessions is enabled, and one exists. Please don't $session->start();
INFO - 2025-05-23 20:09:12 --> Session: Class initialized using 'CodeIgniter\Session\Handlers\FileHandler' driver.
WARNING - 2025-05-23 20:09:12 --> Session: Sessions is enabled, and one exists. Please don't $session->start();
INFO - 2025-05-23 20:09:12 --> Session: Class initialized using 'CodeIgniter\Session\Handlers\FileHandler' driver.
WARNING - 2025-05-23 20:09:12 --> Session: Sessions is enabled, and one exists. Please don't $session->start();
ERROR - 2025-05-23 20:09:12 --> mysqli_sql_exception: Table 'pro1.playgame70s' doesn't exist in C:\laragon\www\pro1\vendor\codeigniter4\framework\system\Database\MySQLi\Connection.php:312
Stack trace:
#0 C:\laragon\www\pro1\vendor\codeigniter4\framework\system\Database\MySQLi\Connection.php(312): mysqli->query('SELECT SUM(amou...', 0)
#1 C:\laragon\www\pro1\vendor\codeigniter4\framework\system\Database\BaseConnection.php(734): CodeIgniter\Database\MySQLi\Connection->execute('SELECT SUM(amou...')
#2 C:\laragon\www\pro1\vendor\codeigniter4\framework\system\Database\BaseConnection.php(648): CodeIgniter\Database\BaseConnection->simpleQuery('SELECT SUM(amou...')
#3 C:\laragon\www\pro1\vendor\codeigniter4\framework\system\Database\BaseBuilder.php(1644): CodeIgniter\Database\BaseConnection->query('SELECT SUM(amou...', Array, false)
#4 C:\laragon\www\pro1\app\Models\Admin_m.php(2060): CodeIgniter\Database\BaseBuilder->get()
#5 C:\laragon\www\pro1\app\Controllers\Admin_c.php(121): App\Models\Admin_m->card_get_total_win_bid()
#6 C:\laragon\www\pro1\vendor\codeigniter4\framework\system\CodeIgniter.php(933): App\Controllers\Admin_c->win_bid_commission_ajax()
#7 C:\laragon\www\pro1\vendor\codeigniter4\framework\system\CodeIgniter.php(509): CodeIgniter\CodeIgniter->runController(Object(App\Controllers\Admin_c))
#8 C:\laragon\www\pro1\vendor\codeigniter4\framework\system\CodeIgniter.php(355): CodeIgniter\CodeIgniter->handleRequest(NULL, Object(Config\Cache), false)
#9 C:\laragon\www\pro1\vendor\codeigniter4\framework\system\Boot.php(325): CodeIgniter\CodeIgniter->run()
#10 C:\laragon\www\pro1\vendor\codeigniter4\framework\system\Boot.php(67): CodeIgniter\Boot::runCodeIgniter(Object(CodeIgniter\CodeIgniter))
#11 C:\laragon\www\pro1\index.php(57): CodeIgniter\Boot::bootWeb(Object(Config\Paths))
#12 {main}
CRITICAL - 2025-05-23 20:09:12 --> CodeIgniter\Database\Exceptions\DatabaseException: Table 'pro1.playgame70s' doesn't exist
[Method: POST, Route: win-bid-commission-ajax-admin]
in SYSTEMPATH\Database\BaseConnection.php on line 688.
 1 SYSTEMPATH\Database\BaseBuilder.php(1644): CodeIgniter\Database\BaseConnection->query('SELECT SUM(amount) as total_bid, SUM(CASE WHEN win = 1 THEN amount * rate ELSE 0 END) as total_win, SUM(commission) as total_commission
FROM `playgame70s`
WHERE DATE(date_added) >= :DATE(date_added):
AND DATE(date_added) <= :DATE(date_added).1:', [...], false)
 2 APPPATH\Models\Admin_m.php(2060): CodeIgniter\Database\BaseBuilder->get()
 3 APPPATH\Controllers\Admin_c.php(121): App\Models\Admin_m->card_get_total_win_bid()
 4 SYSTEMPATH\CodeIgniter.php(933): App\Controllers\Admin_c->win_bid_commission_ajax()
 5 SYSTEMPATH\CodeIgniter.php(509): CodeIgniter\CodeIgniter->runController(Object(App\Controllers\Admin_c))
 6 SYSTEMPATH\CodeIgniter.php(355): CodeIgniter\CodeIgniter->handleRequest(null, Object(Config\Cache), false)
 7 SYSTEMPATH\Boot.php(325): CodeIgniter\CodeIgniter->run()
 8 SYSTEMPATH\Boot.php(67): CodeIgniter\Boot::runCodeIgniter(Object(CodeIgniter\CodeIgniter))
 9 FCPATH\index.php(57): CodeIgniter\Boot::bootWeb(Object(Config\Paths))
CRITICAL - 2025-05-23 20:09:12 --> [Caused by] CodeIgniter\Database\Exceptions\DatabaseException: Table 'pro1.playgame70s' doesn't exist
in SYSTEMPATH\Database\MySQLi\Connection.php on line 317.
 1 SYSTEMPATH\Database\BaseConnection.php(734): CodeIgniter\Database\MySQLi\Connection->execute('SELECT SUM(amount) as total_bid, SUM(CASE WHEN win = 1 THEN amount * rate ELSE 0 END) as total_win, SUM(commission) as total_commission
FROM `playgame70s`
WHERE DATE(date_added) >= \'2025-05-23\'
AND DATE(date_added) <= \'2025-05-23\'')
 2 SYSTEMPATH\Database\BaseConnection.php(648): CodeIgniter\Database\BaseConnection->simpleQuery('SELECT SUM(amount) as total_bid, SUM(CASE WHEN win = 1 THEN amount * rate ELSE 0 END) as total_win, SUM(commission) as total_commission
FROM `playgame70s`
WHERE DATE(date_added) >= \'2025-05-23\'
AND DATE(date_added) <= \'2025-05-23\'')
 3 SYSTEMPATH\Database\BaseBuilder.php(1644): CodeIgniter\Database\BaseConnection->query('SELECT SUM(amount) as total_bid, SUM(CASE WHEN win = 1 THEN amount * rate ELSE 0 END) as total_win, SUM(commission) as total_commission
FROM `playgame70s`
WHERE DATE(date_added) >= :DATE(date_added):
AND DATE(date_added) <= :DATE(date_added).1:', [...], false)
 4 APPPATH\Models\Admin_m.php(2060): CodeIgniter\Database\BaseBuilder->get()
 5 APPPATH\Controllers\Admin_c.php(121): App\Models\Admin_m->card_get_total_win_bid()
 6 SYSTEMPATH\CodeIgniter.php(933): App\Controllers\Admin_c->win_bid_commission_ajax()
 7 SYSTEMPATH\CodeIgniter.php(509): CodeIgniter\CodeIgniter->runController(Object(App\Controllers\Admin_c))
 8 SYSTEMPATH\CodeIgniter.php(355): CodeIgniter\CodeIgniter->handleRequest(null, Object(Config\Cache), false)
 9 SYSTEMPATH\Boot.php(325): CodeIgniter\CodeIgniter->run()
10 SYSTEMPATH\Boot.php(67): CodeIgniter\Boot::runCodeIgniter(Object(CodeIgniter\CodeIgniter))
11 FCPATH\index.php(57): CodeIgniter\Boot::bootWeb(Object(Config\Paths))
CRITICAL - 2025-05-23 20:09:12 --> [Caused by] mysqli_sql_exception: Table 'pro1.playgame70s' doesn't exist
in SYSTEMPATH\Database\MySQLi\Connection.php on line 312.
 1 SYSTEMPATH\Database\MySQLi\Connection.php(312): mysqli->query('SELECT SUM(amount) as total_bid, SUM(CASE WHEN win = 1 THEN amount * rate ELSE 0 END) as total_win, SUM(commission) as total_commission
FROM `playgame70s`
WHERE DATE(date_added) >= \'2025-05-23\'
AND DATE(date_added) <= \'2025-05-23\'', 0)
 2 SYSTEMPATH\Database\BaseConnection.php(734): CodeIgniter\Database\MySQLi\Connection->execute('SELECT SUM(amount) as total_bid, SUM(CASE WHEN win = 1 THEN amount * rate ELSE 0 END) as total_win, SUM(commission) as total_commission
FROM `playgame70s`
WHERE DATE(date_added) >= \'2025-05-23\'
AND DATE(date_added) <= \'2025-05-23\'')
 3 SYSTEMPATH\Database\BaseConnection.php(648): CodeIgniter\Database\BaseConnection->simpleQuery('SELECT SUM(amount) as total_bid, SUM(CASE WHEN win = 1 THEN amount * rate ELSE 0 END) as total_win, SUM(commission) as total_commission
FROM `playgame70s`
WHERE DATE(date_added) >= \'2025-05-23\'
AND DATE(date_added) <= \'2025-05-23\'')
 4 SYSTEMPATH\Database\BaseBuilder.php(1644): CodeIgniter\Database\BaseConnection->query('SELECT SUM(amount) as total_bid, SUM(CASE WHEN win = 1 THEN amount * rate ELSE 0 END) as total_win, SUM(commission) as total_commission
FROM `playgame70s`
WHERE DATE(date_added) >= :DATE(date_added):
AND DATE(date_added) <= :DATE(date_added).1:', [...], false)
 5 APPPATH\Models\Admin_m.php(2060): CodeIgniter\Database\BaseBuilder->get()
 6 APPPATH\Controllers\Admin_c.php(121): App\Models\Admin_m->card_get_total_win_bid()
 7 SYSTEMPATH\CodeIgniter.php(933): App\Controllers\Admin_c->win_bid_commission_ajax()
 8 SYSTEMPATH\CodeIgniter.php(509): CodeIgniter\CodeIgniter->runController(Object(App\Controllers\Admin_c))
 9 SYSTEMPATH\CodeIgniter.php(355): CodeIgniter\CodeIgniter->handleRequest(null, Object(Config\Cache), false)
10 SYSTEMPATH\Boot.php(325): CodeIgniter\CodeIgniter->run()
11 SYSTEMPATH\Boot.php(67): CodeIgniter\Boot::runCodeIgniter(Object(CodeIgniter\CodeIgniter))
12 FCPATH\index.php(57): CodeIgniter\Boot::bootWeb(Object(Config\Paths))
INFO - 2025-05-23 20:09:12 --> Session: Class initialized using 'CodeIgniter\Session\Handlers\FileHandler' driver.
WARNING - 2025-05-23 20:09:12 --> Session: Sessions is enabled, and one exists. Please don't $session->start();
INFO - 2025-05-23 20:09:13 --> Session: Class initialized using 'CodeIgniter\Session\Handlers\FileHandler' driver.
WARNING - 2025-05-23 20:09:13 --> Session: Sessions is enabled, and one exists. Please don't $session->start();
INFO - 2025-05-23 20:09:13 --> Session: Class initialized using 'CodeIgniter\Session\Handlers\FileHandler' driver.
WARNING - 2025-05-23 20:09:13 --> Session: Sessions is enabled, and one exists. Please don't $session->start();
INFO - 2025-05-23 20:09:42 --> Session: Class initialized using 'CodeIgniter\Session\Handlers\FileHandler' driver.
WARNING - 2025-05-23 20:09:42 --> Session: Sessions is enabled, and one exists. Please don't $session->start();
INFO - 2025-05-23 20:09:42 --> Session: Class initialized using 'CodeIgniter\Session\Handlers\FileHandler' driver.
WARNING - 2025-05-23 20:09:42 --> Session: Sessions is enabled, and one exists. Please don't $session->start();
ERROR - 2025-05-23 20:09:42 --> mysqli_sql_exception: Table 'pro1.playgame70s' doesn't exist in C:\laragon\www\pro1\vendor\codeigniter4\framework\system\Database\MySQLi\Connection.php:312
Stack trace:
#0 C:\laragon\www\pro1\vendor\codeigniter4\framework\system\Database\MySQLi\Connection.php(312): mysqli->query('SELECT SUM(amou...', 0)
#1 C:\laragon\www\pro1\vendor\codeigniter4\framework\system\Database\BaseConnection.php(734): CodeIgniter\Database\MySQLi\Connection->execute('SELECT SUM(amou...')
#2 C:\laragon\www\pro1\vendor\codeigniter4\framework\system\Database\BaseConnection.php(648): CodeIgniter\Database\BaseConnection->simpleQuery('SELECT SUM(amou...')
#3 C:\laragon\www\pro1\vendor\codeigniter4\framework\system\Database\BaseBuilder.php(1644): CodeIgniter\Database\BaseConnection->query('SELECT SUM(amou...', Array, false)
#4 C:\laragon\www\pro1\app\Models\Admin_m.php(2060): CodeIgniter\Database\BaseBuilder->get()
#5 C:\laragon\www\pro1\app\Controllers\Admin_c.php(121): App\Models\Admin_m->card_get_total_win_bid()
#6 C:\laragon\www\pro1\vendor\codeigniter4\framework\system\CodeIgniter.php(933): App\Controllers\Admin_c->win_bid_commission_ajax()
#7 C:\laragon\www\pro1\vendor\codeigniter4\framework\system\CodeIgniter.php(509): CodeIgniter\CodeIgniter->runController(Object(App\Controllers\Admin_c))
#8 C:\laragon\www\pro1\vendor\codeigniter4\framework\system\CodeIgniter.php(355): CodeIgniter\CodeIgniter->handleRequest(NULL, Object(Config\Cache), false)
#9 C:\laragon\www\pro1\vendor\codeigniter4\framework\system\Boot.php(325): CodeIgniter\CodeIgniter->run()
#10 C:\laragon\www\pro1\vendor\codeigniter4\framework\system\Boot.php(67): CodeIgniter\Boot::runCodeIgniter(Object(CodeIgniter\CodeIgniter))
#11 C:\laragon\www\pro1\index.php(57): CodeIgniter\Boot::bootWeb(Object(Config\Paths))
#12 {main}
CRITICAL - 2025-05-23 20:09:42 --> CodeIgniter\Database\Exceptions\DatabaseException: Table 'pro1.playgame70s' doesn't exist
[Method: POST, Route: win-bid-commission-ajax-admin]
in SYSTEMPATH\Database\BaseConnection.php on line 688.
 1 SYSTEMPATH\Database\BaseBuilder.php(1644): CodeIgniter\Database\BaseConnection->query('SELECT SUM(amount) as total_bid, SUM(CASE WHEN win = 1 THEN amount * rate ELSE 0 END) as total_win, SUM(commission) as total_commission
FROM `playgame70s`
WHERE DATE(date_added) >= :DATE(date_added):
AND DATE(date_added) <= :DATE(date_added).1:', [...], false)
 2 APPPATH\Models\Admin_m.php(2060): CodeIgniter\Database\BaseBuilder->get()
 3 APPPATH\Controllers\Admin_c.php(121): App\Models\Admin_m->card_get_total_win_bid()
 4 SYSTEMPATH\CodeIgniter.php(933): App\Controllers\Admin_c->win_bid_commission_ajax()
 5 SYSTEMPATH\CodeIgniter.php(509): CodeIgniter\CodeIgniter->runController(Object(App\Controllers\Admin_c))
 6 SYSTEMPATH\CodeIgniter.php(355): CodeIgniter\CodeIgniter->handleRequest(null, Object(Config\Cache), false)
 7 SYSTEMPATH\Boot.php(325): CodeIgniter\CodeIgniter->run()
 8 SYSTEMPATH\Boot.php(67): CodeIgniter\Boot::runCodeIgniter(Object(CodeIgniter\CodeIgniter))
 9 FCPATH\index.php(57): CodeIgniter\Boot::bootWeb(Object(Config\Paths))
CRITICAL - 2025-05-23 20:09:42 --> [Caused by] CodeIgniter\Database\Exceptions\DatabaseException: Table 'pro1.playgame70s' doesn't exist
in SYSTEMPATH\Database\MySQLi\Connection.php on line 317.
 1 SYSTEMPATH\Database\BaseConnection.php(734): CodeIgniter\Database\MySQLi\Connection->execute('SELECT SUM(amount) as total_bid, SUM(CASE WHEN win = 1 THEN amount * rate ELSE 0 END) as total_win, SUM(commission) as total_commission
FROM `playgame70s`
WHERE DATE(date_added) >= \'2025-05-23\'
AND DATE(date_added) <= \'2025-05-23\'')
 2 SYSTEMPATH\Database\BaseConnection.php(648): CodeIgniter\Database\BaseConnection->simpleQuery('SELECT SUM(amount) as total_bid, SUM(CASE WHEN win = 1 THEN amount * rate ELSE 0 END) as total_win, SUM(commission) as total_commission
FROM `playgame70s`
WHERE DATE(date_added) >= \'2025-05-23\'
AND DATE(date_added) <= \'2025-05-23\'')
 3 SYSTEMPATH\Database\BaseBuilder.php(1644): CodeIgniter\Database\BaseConnection->query('SELECT SUM(amount) as total_bid, SUM(CASE WHEN win = 1 THEN amount * rate ELSE 0 END) as total_win, SUM(commission) as total_commission
FROM `playgame70s`
WHERE DATE(date_added) >= :DATE(date_added):
AND DATE(date_added) <= :DATE(date_added).1:', [...], false)
 4 APPPATH\Models\Admin_m.php(2060): CodeIgniter\Database\BaseBuilder->get()
 5 APPPATH\Controllers\Admin_c.php(121): App\Models\Admin_m->card_get_total_win_bid()
 6 SYSTEMPATH\CodeIgniter.php(933): App\Controllers\Admin_c->win_bid_commission_ajax()
 7 SYSTEMPATH\CodeIgniter.php(509): CodeIgniter\CodeIgniter->runController(Object(App\Controllers\Admin_c))
 8 SYSTEMPATH\CodeIgniter.php(355): CodeIgniter\CodeIgniter->handleRequest(null, Object(Config\Cache), false)
 9 SYSTEMPATH\Boot.php(325): CodeIgniter\CodeIgniter->run()
10 SYSTEMPATH\Boot.php(67): CodeIgniter\Boot::runCodeIgniter(Object(CodeIgniter\CodeIgniter))
11 FCPATH\index.php(57): CodeIgniter\Boot::bootWeb(Object(Config\Paths))
CRITICAL - 2025-05-23 20:09:42 --> [Caused by] mysqli_sql_exception: Table 'pro1.playgame70s' doesn't exist
in SYSTEMPATH\Database\MySQLi\Connection.php on line 312.
 1 SYSTEMPATH\Database\MySQLi\Connection.php(312): mysqli->query('SELECT SUM(amount) as total_bid, SUM(CASE WHEN win = 1 THEN amount * rate ELSE 0 END) as total_win, SUM(commission) as total_commission
FROM `playgame70s`
WHERE DATE(date_added) >= \'2025-05-23\'
AND DATE(date_added) <= \'2025-05-23\'', 0)
 2 SYSTEMPATH\Database\BaseConnection.php(734): CodeIgniter\Database\MySQLi\Connection->execute('SELECT SUM(amount) as total_bid, SUM(CASE WHEN win = 1 THEN amount * rate ELSE 0 END) as total_win, SUM(commission) as total_commission
FROM `playgame70s`
WHERE DATE(date_added) >= \'2025-05-23\'
AND DATE(date_added) <= \'2025-05-23\'')
 3 SYSTEMPATH\Database\BaseConnection.php(648): CodeIgniter\Database\BaseConnection->simpleQuery('SELECT SUM(amount) as total_bid, SUM(CASE WHEN win = 1 THEN amount * rate ELSE 0 END) as total_win, SUM(commission) as total_commission
FROM `playgame70s`
WHERE DATE(date_added) >= \'2025-05-23\'
AND DATE(date_added) <= \'2025-05-23\'')
 4 SYSTEMPATH\Database\BaseBuilder.php(1644): CodeIgniter\Database\BaseConnection->query('SELECT SUM(amount) as total_bid, SUM(CASE WHEN win = 1 THEN amount * rate ELSE 0 END) as total_win, SUM(commission) as total_commission
FROM `playgame70s`
WHERE DATE(date_added) >= :DATE(date_added):
AND DATE(date_added) <= :DATE(date_added).1:', [...], false)
 5 APPPATH\Models\Admin_m.php(2060): CodeIgniter\Database\BaseBuilder->get()
 6 APPPATH\Controllers\Admin_c.php(121): App\Models\Admin_m->card_get_total_win_bid()
 7 SYSTEMPATH\CodeIgniter.php(933): App\Controllers\Admin_c->win_bid_commission_ajax()
 8 SYSTEMPATH\CodeIgniter.php(509): CodeIgniter\CodeIgniter->runController(Object(App\Controllers\Admin_c))
 9 SYSTEMPATH\CodeIgniter.php(355): CodeIgniter\CodeIgniter->handleRequest(null, Object(Config\Cache), false)
10 SYSTEMPATH\Boot.php(325): CodeIgniter\CodeIgniter->run()
11 SYSTEMPATH\Boot.php(67): CodeIgniter\Boot::runCodeIgniter(Object(CodeIgniter\CodeIgniter))
12 FCPATH\index.php(57): CodeIgniter\Boot::bootWeb(Object(Config\Paths))
INFO - 2025-05-23 20:09:42 --> Session: Class initialized using 'CodeIgniter\Session\Handlers\FileHandler' driver.
WARNING - 2025-05-23 20:09:42 --> Session: Sessions is enabled, and one exists. Please don't $session->start();
INFO - 2025-05-23 20:09:42 --> Session: Class initialized using 'CodeIgniter\Session\Handlers\FileHandler' driver.
WARNING - 2025-05-23 20:09:42 --> Session: Sessions is enabled, and one exists. Please don't $session->start();
INFO - 2025-05-23 20:09:43 --> Session: Class initialized using 'CodeIgniter\Session\Handlers\FileHandler' driver.
WARNING - 2025-05-23 20:09:43 --> Session: Sessions is enabled, and one exists. Please don't $session->start();
INFO - 2025-05-23 20:09:43 --> Session: Class initialized using 'CodeIgniter\Session\Handlers\FileHandler' driver.
WARNING - 2025-05-23 20:09:43 --> Session: Sessions is enabled, and one exists. Please don't $session->start();
INFO - 2025-05-23 20:10:21 --> Session: Class initialized using 'CodeIgniter\Session\Handlers\FileHandler' driver.
WARNING - 2025-05-23 20:10:21 --> Session: Sessions is enabled, and one exists. Please don't $session->start();
INFO - 2025-05-23 20:10:25 --> Session: Class initialized using 'CodeIgniter\Session\Handlers\FileHandler' driver.
WARNING - 2025-05-23 20:10:25 --> Session: Sessions is enabled, and one exists. Please don't $session->start();
INFO - 2025-05-23 20:10:31 --> Session: Class initialized using 'CodeIgniter\Session\Handlers\FileHandler' driver.
WARNING - 2025-05-23 20:10:31 --> Session: Sessions is enabled, and one exists. Please don't $session->start();
INFO - 2025-05-23 20:10:31 --> Session: Class initialized using 'CodeIgniter\Session\Handlers\FileHandler' driver.
WARNING - 2025-05-23 20:10:31 --> Session: Sessions is enabled, and one exists. Please don't $session->start();
INFO - 2025-05-23 20:10:31 --> Session: Class initialized using 'CodeIgniter\Session\Handlers\FileHandler' driver.
WARNING - 2025-05-23 20:10:31 --> Session: Sessions is enabled, and one exists. Please don't $session->start();
INFO - 2025-05-23 20:10:37 --> Session: Class initialized using 'CodeIgniter\Session\Handlers\FileHandler' driver.
WARNING - 2025-05-23 20:10:37 --> Session: Sessions is enabled, and one exists. Please don't $session->start();
INFO - 2025-05-23 21:36:57 --> Session: Class initialized using 'CodeIgniter\Session\Handlers\FileHandler' driver.
WARNING - 2025-05-23 21:36:57 --> Session: Sessions is enabled, and one exists. Please don't $session->start();
