INFO - 2025-05-29 20:32:49 --> Session: Class initialized using 'CodeIgniter\Session\Handlers\FileHandler' driver.
WARNING - 2025-05-29 20:32:49 --> Session: Sessions is enabled, and one exists. Please don't $session->start();
INFO - 2025-05-29 20:32:51 --> Session: Class initialized using 'CodeIgniter\Session\Handlers\FileHandler' driver.
WARNING - 2025-05-29 20:32:51 --> Session: Sessions is enabled, and one exists. Please don't $session->start();
INFO - 2025-05-29 20:32:52 --> Session: Class initialized using 'CodeIgniter\Session\Handlers\FileHandler' driver.
WARNING - 2025-05-29 20:32:52 --> Session: Sessions is enabled, and one exists. Please don't $session->start();
INFO - 2025-05-29 20:32:52 --> Session: Class initialized using 'CodeIgniter\Session\Handlers\FileHandler' driver.
WARNING - 2025-05-29 20:32:52 --> Session: Sessions is enabled, and one exists. Please don't $session->start();
INFO - 2025-05-29 20:48:01 --> Session: Class initialized using 'CodeIgniter\Session\Handlers\FileHandler' driver.
WARNING - 2025-05-29 20:48:01 --> Session: Sessions is enabled, and one exists. Please don't $session->start();
INFO - 2025-05-29 20:48:02 --> Session: Class initialized using 'CodeIgniter\Session\Handlers\FileHandler' driver.
WARNING - 2025-05-29 20:48:02 --> Session: Sessions is enabled, and one exists. Please don't $session->start();
INFO - 2025-05-29 20:48:04 --> Session: Class initialized using 'CodeIgniter\Session\Handlers\FileHandler' driver.
WARNING - 2025-05-29 20:48:04 --> Session: Sessions is enabled, and one exists. Please don't $session->start();
INFO - 2025-05-29 20:48:06 --> Session: Class initialized using 'CodeIgniter\Session\Handlers\FileHandler' driver.
WARNING - 2025-05-29 20:48:06 --> Session: Sessions is enabled, and one exists. Please don't $session->start();
INFO - 2025-05-29 20:48:06 --> Session: Class initialized using 'CodeIgniter\Session\Handlers\FileHandler' driver.
WARNING - 2025-05-29 20:48:06 --> Session: Sessions is enabled, and one exists. Please don't $session->start();
ERROR - 2025-05-29 20:48:06 --> mysqli_sql_exception: Table 'pro1.playgame70s' doesn't exist in C:\laragon\www\pro1\vendor\codeigniter4\framework\system\Database\MySQLi\Connection.php:312
Stack trace:
#0 C:\laragon\www\pro1\vendor\codeigniter4\framework\system\Database\MySQLi\Connection.php(312): mysqli->query('SELECT SUM(amou...', 0)
#1 C:\laragon\www\pro1\vendor\codeigniter4\framework\system\Database\BaseConnection.php(734): CodeIgniter\Database\MySQLi\Connection->execute('SELECT SUM(amou...')
#2 C:\laragon\www\pro1\vendor\codeigniter4\framework\system\Database\BaseConnection.php(648): CodeIgniter\Database\BaseConnection->simpleQuery('SELECT SUM(amou...')
#3 C:\laragon\www\pro1\vendor\codeigniter4\framework\system\Database\BaseBuilder.php(1644): CodeIgniter\Database\BaseConnection->query('SELECT SUM(amou...', Array, false)
#4 C:\laragon\www\pro1\app\Models\Admin_m.php(2060): CodeIgniter\Database\BaseBuilder->get()
#5 C:\laragon\www\pro1\app\Controllers\Admin_c.php(121): App\Models\Admin_m->card_get_total_win_bid()
#6 C:\laragon\www\pro1\vendor\codeigniter4\framework\system\CodeIgniter.php(933): App\Controllers\Admin_c->win_bid_commission_ajax()
#7 C:\laragon\www\pro1\vendor\codeigniter4\framework\system\CodeIgniter.php(509): CodeIgniter\CodeIgniter->runController(Object(App\Controllers\Admin_c))
#8 C:\laragon\www\pro1\vendor\codeigniter4\framework\system\CodeIgniter.php(355): CodeIgniter\CodeIgniter->handleRequest(NULL, Object(Config\Cache), false)
#9 C:\laragon\www\pro1\vendor\codeigniter4\framework\system\Boot.php(325): CodeIgniter\CodeIgniter->run()
#10 C:\laragon\www\pro1\vendor\codeigniter4\framework\system\Boot.php(67): CodeIgniter\Boot::runCodeIgniter(Object(CodeIgniter\CodeIgniter))
#11 C:\laragon\www\pro1\index.php(57): CodeIgniter\Boot::bootWeb(Object(Config\Paths))
#12 {main}
CRITICAL - 2025-05-29 20:48:06 --> CodeIgniter\Database\Exceptions\DatabaseException: Table 'pro1.playgame70s' doesn't exist
[Method: POST, Route: win-bid-commission-ajax-admin]
in SYSTEMPATH\Database\BaseConnection.php on line 688.
 1 SYSTEMPATH\Database\BaseBuilder.php(1644): CodeIgniter\Database\BaseConnection->query('SELECT SUM(amount) as total_bid, SUM(CASE WHEN win = 1 THEN amount * rate ELSE 0 END) as total_win, SUM(commission) as total_commission
FROM `playgame70s`
WHERE DATE(date_added) >= :DATE(date_added):
AND DATE(date_added) <= :DATE(date_added).1:', [...], false)
 2 APPPATH\Models\Admin_m.php(2060): CodeIgniter\Database\BaseBuilder->get()
 3 APPPATH\Controllers\Admin_c.php(121): App\Models\Admin_m->card_get_total_win_bid()
 4 SYSTEMPATH\CodeIgniter.php(933): App\Controllers\Admin_c->win_bid_commission_ajax()
 5 SYSTEMPATH\CodeIgniter.php(509): CodeIgniter\CodeIgniter->runController(Object(App\Controllers\Admin_c))
 6 SYSTEMPATH\CodeIgniter.php(355): CodeIgniter\CodeIgniter->handleRequest(null, Object(Config\Cache), false)
 7 SYSTEMPATH\Boot.php(325): CodeIgniter\CodeIgniter->run()
 8 SYSTEMPATH\Boot.php(67): CodeIgniter\Boot::runCodeIgniter(Object(CodeIgniter\CodeIgniter))
 9 FCPATH\index.php(57): CodeIgniter\Boot::bootWeb(Object(Config\Paths))
CRITICAL - 2025-05-29 20:48:06 --> [Caused by] CodeIgniter\Database\Exceptions\DatabaseException: Table 'pro1.playgame70s' doesn't exist
in SYSTEMPATH\Database\MySQLi\Connection.php on line 317.
 1 SYSTEMPATH\Database\BaseConnection.php(734): CodeIgniter\Database\MySQLi\Connection->execute('SELECT SUM(amount) as total_bid, SUM(CASE WHEN win = 1 THEN amount * rate ELSE 0 END) as total_win, SUM(commission) as total_commission
FROM `playgame70s`
WHERE DATE(date_added) >= \'2025-05-29\'
AND DATE(date_added) <= \'2025-05-29\'')
 2 SYSTEMPATH\Database\BaseConnection.php(648): CodeIgniter\Database\BaseConnection->simpleQuery('SELECT SUM(amount) as total_bid, SUM(CASE WHEN win = 1 THEN amount * rate ELSE 0 END) as total_win, SUM(commission) as total_commission
FROM `playgame70s`
WHERE DATE(date_added) >= \'2025-05-29\'
AND DATE(date_added) <= \'2025-05-29\'')
 3 SYSTEMPATH\Database\BaseBuilder.php(1644): CodeIgniter\Database\BaseConnection->query('SELECT SUM(amount) as total_bid, SUM(CASE WHEN win = 1 THEN amount * rate ELSE 0 END) as total_win, SUM(commission) as total_commission
FROM `playgame70s`
WHERE DATE(date_added) >= :DATE(date_added):
AND DATE(date_added) <= :DATE(date_added).1:', [...], false)
 4 APPPATH\Models\Admin_m.php(2060): CodeIgniter\Database\BaseBuilder->get()
 5 APPPATH\Controllers\Admin_c.php(121): App\Models\Admin_m->card_get_total_win_bid()
 6 SYSTEMPATH\CodeIgniter.php(933): App\Controllers\Admin_c->win_bid_commission_ajax()
 7 SYSTEMPATH\CodeIgniter.php(509): CodeIgniter\CodeIgniter->runController(Object(App\Controllers\Admin_c))
 8 SYSTEMPATH\CodeIgniter.php(355): CodeIgniter\CodeIgniter->handleRequest(null, Object(Config\Cache), false)
 9 SYSTEMPATH\Boot.php(325): CodeIgniter\CodeIgniter->run()
10 SYSTEMPATH\Boot.php(67): CodeIgniter\Boot::runCodeIgniter(Object(CodeIgniter\CodeIgniter))
11 FCPATH\index.php(57): CodeIgniter\Boot::bootWeb(Object(Config\Paths))
CRITICAL - 2025-05-29 20:48:06 --> [Caused by] mysqli_sql_exception: Table 'pro1.playgame70s' doesn't exist
in SYSTEMPATH\Database\MySQLi\Connection.php on line 312.
 1 SYSTEMPATH\Database\MySQLi\Connection.php(312): mysqli->query('SELECT SUM(amount) as total_bid, SUM(CASE WHEN win = 1 THEN amount * rate ELSE 0 END) as total_win, SUM(commission) as total_commission
FROM `playgame70s`
WHERE DATE(date_added) >= \'2025-05-29\'
AND DATE(date_added) <= \'2025-05-29\'', 0)
 2 SYSTEMPATH\Database\BaseConnection.php(734): CodeIgniter\Database\MySQLi\Connection->execute('SELECT SUM(amount) as total_bid, SUM(CASE WHEN win = 1 THEN amount * rate ELSE 0 END) as total_win, SUM(commission) as total_commission
FROM `playgame70s`
WHERE DATE(date_added) >= \'2025-05-29\'
AND DATE(date_added) <= \'2025-05-29\'')
 3 SYSTEMPATH\Database\BaseConnection.php(648): CodeIgniter\Database\BaseConnection->simpleQuery('SELECT SUM(amount) as total_bid, SUM(CASE WHEN win = 1 THEN amount * rate ELSE 0 END) as total_win, SUM(commission) as total_commission
FROM `playgame70s`
WHERE DATE(date_added) >= \'2025-05-29\'
AND DATE(date_added) <= \'2025-05-29\'')
 4 SYSTEMPATH\Database\BaseBuilder.php(1644): CodeIgniter\Database\BaseConnection->query('SELECT SUM(amount) as total_bid, SUM(CASE WHEN win = 1 THEN amount * rate ELSE 0 END) as total_win, SUM(commission) as total_commission
FROM `playgame70s`
WHERE DATE(date_added) >= :DATE(date_added):
AND DATE(date_added) <= :DATE(date_added).1:', [...], false)
 5 APPPATH\Models\Admin_m.php(2060): CodeIgniter\Database\BaseBuilder->get()
 6 APPPATH\Controllers\Admin_c.php(121): App\Models\Admin_m->card_get_total_win_bid()
 7 SYSTEMPATH\CodeIgniter.php(933): App\Controllers\Admin_c->win_bid_commission_ajax()
 8 SYSTEMPATH\CodeIgniter.php(509): CodeIgniter\CodeIgniter->runController(Object(App\Controllers\Admin_c))
 9 SYSTEMPATH\CodeIgniter.php(355): CodeIgniter\CodeIgniter->handleRequest(null, Object(Config\Cache), false)
10 SYSTEMPATH\Boot.php(325): CodeIgniter\CodeIgniter->run()
11 SYSTEMPATH\Boot.php(67): CodeIgniter\Boot::runCodeIgniter(Object(CodeIgniter\CodeIgniter))
12 FCPATH\index.php(57): CodeIgniter\Boot::bootWeb(Object(Config\Paths))
INFO - 2025-05-29 20:48:06 --> Session: Class initialized using 'CodeIgniter\Session\Handlers\FileHandler' driver.
WARNING - 2025-05-29 20:48:06 --> Session: Sessions is enabled, and one exists. Please don't $session->start();
INFO - 2025-05-29 20:48:07 --> Session: Class initialized using 'CodeIgniter\Session\Handlers\FileHandler' driver.
WARNING - 2025-05-29 20:48:07 --> Session: Sessions is enabled, and one exists. Please don't $session->start();
INFO - 2025-05-29 20:48:07 --> Session: Class initialized using 'CodeIgniter\Session\Handlers\FileHandler' driver.
WARNING - 2025-05-29 20:48:07 --> Session: Sessions is enabled, and one exists. Please don't $session->start();
INFO - 2025-05-29 20:48:15 --> Session: Class initialized using 'CodeIgniter\Session\Handlers\FileHandler' driver.
WARNING - 2025-05-29 20:48:15 --> Session: Sessions is enabled, and one exists. Please don't $session->start();
INFO - 2025-05-29 20:48:56 --> Session: Class initialized using 'CodeIgniter\Session\Handlers\FileHandler' driver.
WARNING - 2025-05-29 20:48:56 --> Session: Sessions is enabled, and one exists. Please don't $session->start();
INFO - 2025-05-29 20:58:42 --> Session: Class initialized using 'CodeIgniter\Session\Handlers\FileHandler' driver.
WARNING - 2025-05-29 20:58:42 --> Session: Sessions is enabled, and one exists. Please don't $session->start();
INFO - 2025-05-29 20:58:42 --> Session: Class initialized using 'CodeIgniter\Session\Handlers\FileHandler' driver.
WARNING - 2025-05-29 20:58:42 --> Session: Sessions is enabled, and one exists. Please don't $session->start();
INFO - 2025-05-29 20:58:45 --> Session: Class initialized using 'CodeIgniter\Session\Handlers\FileHandler' driver.
WARNING - 2025-05-29 20:58:45 --> Session: Sessions is enabled, and one exists. Please don't $session->start();
INFO - 2025-05-29 20:58:45 --> Session: Class initialized using 'CodeIgniter\Session\Handlers\FileHandler' driver.
WARNING - 2025-05-29 20:58:45 --> Session: Sessions is enabled, and one exists. Please don't $session->start();
INFO - 2025-05-29 20:58:49 --> Session: Class initialized using 'CodeIgniter\Session\Handlers\FileHandler' driver.
WARNING - 2025-05-29 20:58:49 --> Session: Sessions is enabled, and one exists. Please don't $session->start();
INFO - 2025-05-29 20:58:58 --> Session: Class initialized using 'CodeIgniter\Session\Handlers\FileHandler' driver.
WARNING - 2025-05-29 20:58:58 --> Session: Sessions is enabled, and one exists. Please don't $session->start();
INFO - 2025-05-29 20:59:15 --> Session: Class initialized using 'CodeIgniter\Session\Handlers\FileHandler' driver.
WARNING - 2025-05-29 20:59:15 --> Session: Sessions is enabled, and one exists. Please don't $session->start();
INFO - 2025-05-29 20:59:20 --> Session: Class initialized using 'CodeIgniter\Session\Handlers\FileHandler' driver.
WARNING - 2025-05-29 20:59:20 --> Session: Sessions is enabled, and one exists. Please don't $session->start();
INFO - 2025-05-29 20:59:31 --> Session: Class initialized using 'CodeIgniter\Session\Handlers\FileHandler' driver.
WARNING - 2025-05-29 20:59:31 --> Session: Sessions is enabled, and one exists. Please don't $session->start();
INFO - 2025-05-29 20:59:33 --> Session: Class initialized using 'CodeIgniter\Session\Handlers\FileHandler' driver.
WARNING - 2025-05-29 20:59:33 --> Session: Sessions is enabled, and one exists. Please don't $session->start();
INFO - 2025-05-29 20:59:39 --> Session: Class initialized using 'CodeIgniter\Session\Handlers\FileHandler' driver.
WARNING - 2025-05-29 20:59:39 --> Session: Sessions is enabled, and one exists. Please don't $session->start();
CRITICAL - 2025-05-29 20:59:39 --> TypeError: CodeIgniter\Database\BaseBuilder::setBind(): Argument #1 ($key) must be of type string, int given, called in C:\laragon\www\pro1\vendor\codeigniter4\framework\system\Database\BaseBuilder.php on line 1570
[Method: POST, Route: user-setting]
in SYSTEMPATH\Database\BaseBuilder.php on line 3515.
 1 SYSTEMPATH\Database\BaseBuilder.php(1570): CodeIgniter\Database\BaseBuilder->setBind(7, '', true)
 2 SYSTEMPATH\Database\BaseBuilder.php(2487): CodeIgniter\Database\BaseBuilder->set([...])
 3 APPPATH\Models\Common_m.php(464): CodeIgniter\Database\BaseBuilder->update('7')
 4 APPPATH\Controllers\User_c.php(2283): App\Models\Common_m->update_user('7')
 5 SYSTEMPATH\CodeIgniter.php(933): App\Controllers\User_c->user_setting()
 6 SYSTEMPATH\CodeIgniter.php(509): CodeIgniter\CodeIgniter->runController(Object(App\Controllers\User_c))
 7 SYSTEMPATH\CodeIgniter.php(355): CodeIgniter\CodeIgniter->handleRequest(null, Object(Config\Cache), false)
 8 SYSTEMPATH\Boot.php(325): CodeIgniter\CodeIgniter->run()
 9 SYSTEMPATH\Boot.php(67): CodeIgniter\Boot::runCodeIgniter(Object(CodeIgniter\CodeIgniter))
10 FCPATH\index.php(57): CodeIgniter\Boot::bootWeb(Object(Config\Paths))
INFO - 2025-05-29 20:59:56 --> Session: Class initialized using 'CodeIgniter\Session\Handlers\FileHandler' driver.
WARNING - 2025-05-29 20:59:56 --> Session: Sessions is enabled, and one exists. Please don't $session->start();
INFO - 2025-05-29 20:59:59 --> Session: Class initialized using 'CodeIgniter\Session\Handlers\FileHandler' driver.
WARNING - 2025-05-29 20:59:59 --> Session: Sessions is enabled, and one exists. Please don't $session->start();
INFO - 2025-05-29 21:00:30 --> Session: Class initialized using 'CodeIgniter\Session\Handlers\FileHandler' driver.
WARNING - 2025-05-29 21:00:30 --> Session: Sessions is enabled, and one exists. Please don't $session->start();
INFO - 2025-05-29 21:00:33 --> Session: Class initialized using 'CodeIgniter\Session\Handlers\FileHandler' driver.
WARNING - 2025-05-29 21:00:33 --> Session: Sessions is enabled, and one exists. Please don't $session->start();
INFO - 2025-05-29 21:23:31 --> Session: Class initialized using 'CodeIgniter\Session\Handlers\FileHandler' driver.
WARNING - 2025-05-29 21:23:31 --> Session: Sessions is enabled, and one exists. Please don't $session->start();
INFO - 2025-05-29 21:29:40 --> Session: Class initialized using 'CodeIgniter\Session\Handlers\FileHandler' driver.
WARNING - 2025-05-29 21:29:40 --> Session: Sessions is enabled, and one exists. Please don't $session->start();
ERROR - 2025-05-29 21:29:40 --> mysqli_sql_exception: Unknown column 'market.open_date' in 'where clause' in C:\laragon\www\pro1\vendor\codeigniter4\framework\system\Database\MySQLi\Connection.php:312
Stack trace:
#0 C:\laragon\www\pro1\vendor\codeigniter4\framework\system\Database\MySQLi\Connection.php(312): mysqli->query('SELECT `delhi_a...', 0)
#1 C:\laragon\www\pro1\vendor\codeigniter4\framework\system\Database\BaseConnection.php(734): CodeIgniter\Database\MySQLi\Connection->execute('SELECT `delhi_a...')
#2 C:\laragon\www\pro1\vendor\codeigniter4\framework\system\Database\BaseConnection.php(648): CodeIgniter\Database\BaseConnection->simpleQuery('SELECT `delhi_a...')
#3 C:\laragon\www\pro1\vendor\codeigniter4\framework\system\Database\BaseBuilder.php(1644): CodeIgniter\Database\BaseConnection->query('SELECT `delhi_a...', Array, false)
#4 C:\laragon\www\pro1\app\Models\User_m.php(557): CodeIgniter\Database\BaseBuilder->get()
#5 C:\laragon\www\pro1\app\Controllers\User_c.php(125): App\Models\User_m->get_tomorrow_delhi_result()
#6 C:\laragon\www\pro1\vendor\codeigniter4\framework\system\CodeIgniter.php(933): App\Controllers\User_c->index()
#7 C:\laragon\www\pro1\vendor\codeigniter4\framework\system\CodeIgniter.php(509): CodeIgniter\CodeIgniter->runController(Object(App\Controllers\User_c))
#8 C:\laragon\www\pro1\vendor\codeigniter4\framework\system\CodeIgniter.php(355): CodeIgniter\CodeIgniter->handleRequest(NULL, Object(Config\Cache), false)
#9 C:\laragon\www\pro1\vendor\codeigniter4\framework\system\Boot.php(325): CodeIgniter\CodeIgniter->run()
#10 C:\laragon\www\pro1\vendor\codeigniter4\framework\system\Boot.php(67): CodeIgniter\Boot::runCodeIgniter(Object(CodeIgniter\CodeIgniter))
#11 C:\laragon\www\pro1\index.php(57): CodeIgniter\Boot::bootWeb(Object(Config\Paths))
#12 {main}
CRITICAL - 2025-05-29 21:29:40 --> CodeIgniter\Database\Exceptions\DatabaseException: Unknown column 'market.open_date' in 'where clause'
[Method: GET, Route: dashboard-user]
in SYSTEMPATH\Database\BaseConnection.php on line 688.
 1 SYSTEMPATH\Database\BaseBuilder.php(1644): CodeIgniter\Database\BaseConnection->query('SELECT `delhi_aankdo`.*
FROM `delhi_market`
JOIN `delhi_aankdo` ON `refMarket_id` = `delhi_market`.`market_id`
WHERE DATE_SUB(market.open_date, INTERVAL 1 DAY) = :DATE_SUB(market.open_date, INTERVAL 1 DAY):', [...], false)
 2 APPPATH\Models\User_m.php(557): CodeIgniter\Database\BaseBuilder->get()
 3 APPPATH\Controllers\User_c.php(125): App\Models\User_m->get_tomorrow_delhi_result()
 4 SYSTEMPATH\CodeIgniter.php(933): App\Controllers\User_c->index()
 5 SYSTEMPATH\CodeIgniter.php(509): CodeIgniter\CodeIgniter->runController(Object(App\Controllers\User_c))
 6 SYSTEMPATH\CodeIgniter.php(355): CodeIgniter\CodeIgniter->handleRequest(null, Object(Config\Cache), false)
 7 SYSTEMPATH\Boot.php(325): CodeIgniter\CodeIgniter->run()
 8 SYSTEMPATH\Boot.php(67): CodeIgniter\Boot::runCodeIgniter(Object(CodeIgniter\CodeIgniter))
 9 FCPATH\index.php(57): CodeIgniter\Boot::bootWeb(Object(Config\Paths))
CRITICAL - 2025-05-29 21:29:40 --> [Caused by] CodeIgniter\Database\Exceptions\DatabaseException: Unknown column 'market.open_date' in 'where clause'
in SYSTEMPATH\Database\MySQLi\Connection.php on line 317.
 1 SYSTEMPATH\Database\BaseConnection.php(734): CodeIgniter\Database\MySQLi\Connection->execute('SELECT `delhi_aankdo`.*
FROM `delhi_market`
JOIN `delhi_aankdo` ON `refMarket_id` = `delhi_market`.`market_id`
WHERE DATE_SUB(market.open_date, INTERVAL 1 DAY) = \'delhi_aankdo.aankdo_date\'')
 2 SYSTEMPATH\Database\BaseConnection.php(648): CodeIgniter\Database\BaseConnection->simpleQuery('SELECT `delhi_aankdo`.*
FROM `delhi_market`
JOIN `delhi_aankdo` ON `refMarket_id` = `delhi_market`.`market_id`
WHERE DATE_SUB(market.open_date, INTERVAL 1 DAY) = \'delhi_aankdo.aankdo_date\'')
 3 SYSTEMPATH\Database\BaseBuilder.php(1644): CodeIgniter\Database\BaseConnection->query('SELECT `delhi_aankdo`.*
FROM `delhi_market`
JOIN `delhi_aankdo` ON `refMarket_id` = `delhi_market`.`market_id`
WHERE DATE_SUB(market.open_date, INTERVAL 1 DAY) = :DATE_SUB(market.open_date, INTERVAL 1 DAY):', [...], false)
 4 APPPATH\Models\User_m.php(557): CodeIgniter\Database\BaseBuilder->get()
 5 APPPATH\Controllers\User_c.php(125): App\Models\User_m->get_tomorrow_delhi_result()
 6 SYSTEMPATH\CodeIgniter.php(933): App\Controllers\User_c->index()
 7 SYSTEMPATH\CodeIgniter.php(509): CodeIgniter\CodeIgniter->runController(Object(App\Controllers\User_c))
 8 SYSTEMPATH\CodeIgniter.php(355): CodeIgniter\CodeIgniter->handleRequest(null, Object(Config\Cache), false)
 9 SYSTEMPATH\Boot.php(325): CodeIgniter\CodeIgniter->run()
10 SYSTEMPATH\Boot.php(67): CodeIgniter\Boot::runCodeIgniter(Object(CodeIgniter\CodeIgniter))
11 FCPATH\index.php(57): CodeIgniter\Boot::bootWeb(Object(Config\Paths))
CRITICAL - 2025-05-29 21:29:40 --> [Caused by] mysqli_sql_exception: Unknown column 'market.open_date' in 'where clause'
in SYSTEMPATH\Database\MySQLi\Connection.php on line 312.
 1 SYSTEMPATH\Database\MySQLi\Connection.php(312): mysqli->query('SELECT `delhi_aankdo`.*
FROM `delhi_market`
JOIN `delhi_aankdo` ON `refMarket_id` = `delhi_market`.`market_id`
WHERE DATE_SUB(market.open_date, INTERVAL 1 DAY) = \'delhi_aankdo.aankdo_date\'', 0)
 2 SYSTEMPATH\Database\BaseConnection.php(734): CodeIgniter\Database\MySQLi\Connection->execute('SELECT `delhi_aankdo`.*
FROM `delhi_market`
JOIN `delhi_aankdo` ON `refMarket_id` = `delhi_market`.`market_id`
WHERE DATE_SUB(market.open_date, INTERVAL 1 DAY) = \'delhi_aankdo.aankdo_date\'')
 3 SYSTEMPATH\Database\BaseConnection.php(648): CodeIgniter\Database\BaseConnection->simpleQuery('SELECT `delhi_aankdo`.*
FROM `delhi_market`
JOIN `delhi_aankdo` ON `refMarket_id` = `delhi_market`.`market_id`
WHERE DATE_SUB(market.open_date, INTERVAL 1 DAY) = \'delhi_aankdo.aankdo_date\'')
 4 SYSTEMPATH\Database\BaseBuilder.php(1644): CodeIgniter\Database\BaseConnection->query('SELECT `delhi_aankdo`.*
FROM `delhi_market`
JOIN `delhi_aankdo` ON `refMarket_id` = `delhi_market`.`market_id`
WHERE DATE_SUB(market.open_date, INTERVAL 1 DAY) = :DATE_SUB(market.open_date, INTERVAL 1 DAY):', [...], false)
 5 APPPATH\Models\User_m.php(557): CodeIgniter\Database\BaseBuilder->get()
 6 APPPATH\Controllers\User_c.php(125): App\Models\User_m->get_tomorrow_delhi_result()
 7 SYSTEMPATH\CodeIgniter.php(933): App\Controllers\User_c->index()
 8 SYSTEMPATH\CodeIgniter.php(509): CodeIgniter\CodeIgniter->runController(Object(App\Controllers\User_c))
 9 SYSTEMPATH\CodeIgniter.php(355): CodeIgniter\CodeIgniter->handleRequest(null, Object(Config\Cache), false)
10 SYSTEMPATH\Boot.php(325): CodeIgniter\CodeIgniter->run()
11 SYSTEMPATH\Boot.php(67): CodeIgniter\Boot::runCodeIgniter(Object(CodeIgniter\CodeIgniter))
12 FCPATH\index.php(57): CodeIgniter\Boot::bootWeb(Object(Config\Paths))
INFO - 2025-05-29 21:29:54 --> Session: Class initialized using 'CodeIgniter\Session\Handlers\FileHandler' driver.
WARNING - 2025-05-29 21:29:54 --> Session: Sessions is enabled, and one exists. Please don't $session->start();
ERROR - 2025-05-29 21:29:54 --> mysqli_sql_exception: Unknown column 'market.open_time' in 'where clause' in C:\laragon\www\pro1\vendor\codeigniter4\framework\system\Database\MySQLi\Connection.php:312
Stack trace:
#0 C:\laragon\www\pro1\vendor\codeigniter4\framework\system\Database\MySQLi\Connection.php(312): mysqli->query('SELECT `delhi_a...', 0)
#1 C:\laragon\www\pro1\vendor\codeigniter4\framework\system\Database\BaseConnection.php(734): CodeIgniter\Database\MySQLi\Connection->execute('SELECT `delhi_a...')
#2 C:\laragon\www\pro1\vendor\codeigniter4\framework\system\Database\BaseConnection.php(648): CodeIgniter\Database\BaseConnection->simpleQuery('SELECT `delhi_a...')
#3 C:\laragon\www\pro1\vendor\codeigniter4\framework\system\Database\BaseBuilder.php(1644): CodeIgniter\Database\BaseConnection->query('SELECT `delhi_a...', Array, false)
#4 C:\laragon\www\pro1\app\Models\User_m.php(557): CodeIgniter\Database\BaseBuilder->get()
#5 C:\laragon\www\pro1\app\Controllers\User_c.php(125): App\Models\User_m->get_tomorrow_delhi_result()
#6 C:\laragon\www\pro1\vendor\codeigniter4\framework\system\CodeIgniter.php(933): App\Controllers\User_c->index()
#7 C:\laragon\www\pro1\vendor\codeigniter4\framework\system\CodeIgniter.php(509): CodeIgniter\CodeIgniter->runController(Object(App\Controllers\User_c))
#8 C:\laragon\www\pro1\vendor\codeigniter4\framework\system\CodeIgniter.php(355): CodeIgniter\CodeIgniter->handleRequest(NULL, Object(Config\Cache), false)
#9 C:\laragon\www\pro1\vendor\codeigniter4\framework\system\Boot.php(325): CodeIgniter\CodeIgniter->run()
#10 C:\laragon\www\pro1\vendor\codeigniter4\framework\system\Boot.php(67): CodeIgniter\Boot::runCodeIgniter(Object(CodeIgniter\CodeIgniter))
#11 C:\laragon\www\pro1\index.php(57): CodeIgniter\Boot::bootWeb(Object(Config\Paths))
#12 {main}
CRITICAL - 2025-05-29 21:29:54 --> CodeIgniter\Database\Exceptions\DatabaseException: Unknown column 'market.open_time' in 'where clause'
[Method: GET, Route: dashboard-user]
in SYSTEMPATH\Database\BaseConnection.php on line 688.
 1 SYSTEMPATH\Database\BaseBuilder.php(1644): CodeIgniter\Database\BaseConnection->query('SELECT `delhi_aankdo`.*
FROM `delhi_market`
JOIN `delhi_aankdo` ON `refMarket_id` = `delhi_market`.`market_id`
WHERE DATE_SUB(market.open_time, INTERVAL 1 DAY) = :DATE_SUB(market.open_time, INTERVAL 1 DAY):', [...], false)
 2 APPPATH\Models\User_m.php(557): CodeIgniter\Database\BaseBuilder->get()
 3 APPPATH\Controllers\User_c.php(125): App\Models\User_m->get_tomorrow_delhi_result()
 4 SYSTEMPATH\CodeIgniter.php(933): App\Controllers\User_c->index()
 5 SYSTEMPATH\CodeIgniter.php(509): CodeIgniter\CodeIgniter->runController(Object(App\Controllers\User_c))
 6 SYSTEMPATH\CodeIgniter.php(355): CodeIgniter\CodeIgniter->handleRequest(null, Object(Config\Cache), false)
 7 SYSTEMPATH\Boot.php(325): CodeIgniter\CodeIgniter->run()
 8 SYSTEMPATH\Boot.php(67): CodeIgniter\Boot::runCodeIgniter(Object(CodeIgniter\CodeIgniter))
 9 FCPATH\index.php(57): CodeIgniter\Boot::bootWeb(Object(Config\Paths))
CRITICAL - 2025-05-29 21:29:54 --> [Caused by] CodeIgniter\Database\Exceptions\DatabaseException: Unknown column 'market.open_time' in 'where clause'
in SYSTEMPATH\Database\MySQLi\Connection.php on line 317.
 1 SYSTEMPATH\Database\BaseConnection.php(734): CodeIgniter\Database\MySQLi\Connection->execute('SELECT `delhi_aankdo`.*
FROM `delhi_market`
JOIN `delhi_aankdo` ON `refMarket_id` = `delhi_market`.`market_id`
WHERE DATE_SUB(market.open_time, INTERVAL 1 DAY) = \'delhi_aankdo.aankdo_date\'')
 2 SYSTEMPATH\Database\BaseConnection.php(648): CodeIgniter\Database\BaseConnection->simpleQuery('SELECT `delhi_aankdo`.*
FROM `delhi_market`
JOIN `delhi_aankdo` ON `refMarket_id` = `delhi_market`.`market_id`
WHERE DATE_SUB(market.open_time, INTERVAL 1 DAY) = \'delhi_aankdo.aankdo_date\'')
 3 SYSTEMPATH\Database\BaseBuilder.php(1644): CodeIgniter\Database\BaseConnection->query('SELECT `delhi_aankdo`.*
FROM `delhi_market`
JOIN `delhi_aankdo` ON `refMarket_id` = `delhi_market`.`market_id`
WHERE DATE_SUB(market.open_time, INTERVAL 1 DAY) = :DATE_SUB(market.open_time, INTERVAL 1 DAY):', [...], false)
 4 APPPATH\Models\User_m.php(557): CodeIgniter\Database\BaseBuilder->get()
 5 APPPATH\Controllers\User_c.php(125): App\Models\User_m->get_tomorrow_delhi_result()
 6 SYSTEMPATH\CodeIgniter.php(933): App\Controllers\User_c->index()
 7 SYSTEMPATH\CodeIgniter.php(509): CodeIgniter\CodeIgniter->runController(Object(App\Controllers\User_c))
 8 SYSTEMPATH\CodeIgniter.php(355): CodeIgniter\CodeIgniter->handleRequest(null, Object(Config\Cache), false)
 9 SYSTEMPATH\Boot.php(325): CodeIgniter\CodeIgniter->run()
10 SYSTEMPATH\Boot.php(67): CodeIgniter\Boot::runCodeIgniter(Object(CodeIgniter\CodeIgniter))
11 FCPATH\index.php(57): CodeIgniter\Boot::bootWeb(Object(Config\Paths))
CRITICAL - 2025-05-29 21:29:54 --> [Caused by] mysqli_sql_exception: Unknown column 'market.open_time' in 'where clause'
in SYSTEMPATH\Database\MySQLi\Connection.php on line 312.
 1 SYSTEMPATH\Database\MySQLi\Connection.php(312): mysqli->query('SELECT `delhi_aankdo`.*
FROM `delhi_market`
JOIN `delhi_aankdo` ON `refMarket_id` = `delhi_market`.`market_id`
WHERE DATE_SUB(market.open_time, INTERVAL 1 DAY) = \'delhi_aankdo.aankdo_date\'', 0)
 2 SYSTEMPATH\Database\BaseConnection.php(734): CodeIgniter\Database\MySQLi\Connection->execute('SELECT `delhi_aankdo`.*
FROM `delhi_market`
JOIN `delhi_aankdo` ON `refMarket_id` = `delhi_market`.`market_id`
WHERE DATE_SUB(market.open_time, INTERVAL 1 DAY) = \'delhi_aankdo.aankdo_date\'')
 3 SYSTEMPATH\Database\BaseConnection.php(648): CodeIgniter\Database\BaseConnection->simpleQuery('SELECT `delhi_aankdo`.*
FROM `delhi_market`
JOIN `delhi_aankdo` ON `refMarket_id` = `delhi_market`.`market_id`
WHERE DATE_SUB(market.open_time, INTERVAL 1 DAY) = \'delhi_aankdo.aankdo_date\'')
 4 SYSTEMPATH\Database\BaseBuilder.php(1644): CodeIgniter\Database\BaseConnection->query('SELECT `delhi_aankdo`.*
FROM `delhi_market`
JOIN `delhi_aankdo` ON `refMarket_id` = `delhi_market`.`market_id`
WHERE DATE_SUB(market.open_time, INTERVAL 1 DAY) = :DATE_SUB(market.open_time, INTERVAL 1 DAY):', [...], false)
 5 APPPATH\Models\User_m.php(557): CodeIgniter\Database\BaseBuilder->get()
 6 APPPATH\Controllers\User_c.php(125): App\Models\User_m->get_tomorrow_delhi_result()
 7 SYSTEMPATH\CodeIgniter.php(933): App\Controllers\User_c->index()
 8 SYSTEMPATH\CodeIgniter.php(509): CodeIgniter\CodeIgniter->runController(Object(App\Controllers\User_c))
 9 SYSTEMPATH\CodeIgniter.php(355): CodeIgniter\CodeIgniter->handleRequest(null, Object(Config\Cache), false)
10 SYSTEMPATH\Boot.php(325): CodeIgniter\CodeIgniter->run()
11 SYSTEMPATH\Boot.php(67): CodeIgniter\Boot::runCodeIgniter(Object(CodeIgniter\CodeIgniter))
12 FCPATH\index.php(57): CodeIgniter\Boot::bootWeb(Object(Config\Paths))
INFO - 2025-05-29 21:30:04 --> Session: Class initialized using 'CodeIgniter\Session\Handlers\FileHandler' driver.
WARNING - 2025-05-29 21:30:04 --> Session: Sessions is enabled, and one exists. Please don't $session->start();
ERROR - 2025-05-29 21:30:04 --> mysqli_sql_exception: Incorrect DATETIME value: 'delhi_aankdo.aankdo_date' in C:\laragon\www\pro1\vendor\codeigniter4\framework\system\Database\MySQLi\Connection.php:312
Stack trace:
#0 C:\laragon\www\pro1\vendor\codeigniter4\framework\system\Database\MySQLi\Connection.php(312): mysqli->query('SELECT `delhi_a...', 0)
#1 C:\laragon\www\pro1\vendor\codeigniter4\framework\system\Database\BaseConnection.php(734): CodeIgniter\Database\MySQLi\Connection->execute('SELECT `delhi_a...')
#2 C:\laragon\www\pro1\vendor\codeigniter4\framework\system\Database\BaseConnection.php(648): CodeIgniter\Database\BaseConnection->simpleQuery('SELECT `delhi_a...')
#3 C:\laragon\www\pro1\vendor\codeigniter4\framework\system\Database\BaseBuilder.php(1644): CodeIgniter\Database\BaseConnection->query('SELECT `delhi_a...', Array, false)
#4 C:\laragon\www\pro1\app\Models\User_m.php(557): CodeIgniter\Database\BaseBuilder->get()
#5 C:\laragon\www\pro1\app\Controllers\User_c.php(125): App\Models\User_m->get_tomorrow_delhi_result()
#6 C:\laragon\www\pro1\vendor\codeigniter4\framework\system\CodeIgniter.php(933): App\Controllers\User_c->index()
#7 C:\laragon\www\pro1\vendor\codeigniter4\framework\system\CodeIgniter.php(509): CodeIgniter\CodeIgniter->runController(Object(App\Controllers\User_c))
#8 C:\laragon\www\pro1\vendor\codeigniter4\framework\system\CodeIgniter.php(355): CodeIgniter\CodeIgniter->handleRequest(NULL, Object(Config\Cache), false)
#9 C:\laragon\www\pro1\vendor\codeigniter4\framework\system\Boot.php(325): CodeIgniter\CodeIgniter->run()
#10 C:\laragon\www\pro1\vendor\codeigniter4\framework\system\Boot.php(67): CodeIgniter\Boot::runCodeIgniter(Object(CodeIgniter\CodeIgniter))
#11 C:\laragon\www\pro1\index.php(57): CodeIgniter\Boot::bootWeb(Object(Config\Paths))
#12 {main}
CRITICAL - 2025-05-29 21:30:04 --> CodeIgniter\Database\Exceptions\DatabaseException: Incorrect DATETIME value: 'delhi_aankdo.aankdo_date'
[Method: GET, Route: dashboard-user]
in SYSTEMPATH\Database\BaseConnection.php on line 688.
 1 SYSTEMPATH\Database\BaseBuilder.php(1644): CodeIgniter\Database\BaseConnection->query('SELECT `delhi_aankdo`.*
FROM `delhi_market`
JOIN `delhi_aankdo` ON `refMarket_id` = `delhi_market`.`market_id`
WHERE DATE_SUB(delhi_market.open_time, INTERVAL 1 DAY) = :DATE_SUB(delhi_market.open_time, INTERVAL 1 DAY):', [...], false)
 2 APPPATH\Models\User_m.php(557): CodeIgniter\Database\BaseBuilder->get()
 3 APPPATH\Controllers\User_c.php(125): App\Models\User_m->get_tomorrow_delhi_result()
 4 SYSTEMPATH\CodeIgniter.php(933): App\Controllers\User_c->index()
 5 SYSTEMPATH\CodeIgniter.php(509): CodeIgniter\CodeIgniter->runController(Object(App\Controllers\User_c))
 6 SYSTEMPATH\CodeIgniter.php(355): CodeIgniter\CodeIgniter->handleRequest(null, Object(Config\Cache), false)
 7 SYSTEMPATH\Boot.php(325): CodeIgniter\CodeIgniter->run()
 8 SYSTEMPATH\Boot.php(67): CodeIgniter\Boot::runCodeIgniter(Object(CodeIgniter\CodeIgniter))
 9 FCPATH\index.php(57): CodeIgniter\Boot::bootWeb(Object(Config\Paths))
CRITICAL - 2025-05-29 21:30:04 --> [Caused by] CodeIgniter\Database\Exceptions\DatabaseException: Incorrect DATETIME value: 'delhi_aankdo.aankdo_date'
in SYSTEMPATH\Database\MySQLi\Connection.php on line 317.
 1 SYSTEMPATH\Database\BaseConnection.php(734): CodeIgniter\Database\MySQLi\Connection->execute('SELECT `delhi_aankdo`.*
FROM `delhi_market`
JOIN `delhi_aankdo` ON `refMarket_id` = `delhi_market`.`market_id`
WHERE DATE_SUB(delhi_market.open_time, INTERVAL 1 DAY) = \'delhi_aankdo.aankdo_date\'')
 2 SYSTEMPATH\Database\BaseConnection.php(648): CodeIgniter\Database\BaseConnection->simpleQuery('SELECT `delhi_aankdo`.*
FROM `delhi_market`
JOIN `delhi_aankdo` ON `refMarket_id` = `delhi_market`.`market_id`
WHERE DATE_SUB(delhi_market.open_time, INTERVAL 1 DAY) = \'delhi_aankdo.aankdo_date\'')
 3 SYSTEMPATH\Database\BaseBuilder.php(1644): CodeIgniter\Database\BaseConnection->query('SELECT `delhi_aankdo`.*
FROM `delhi_market`
JOIN `delhi_aankdo` ON `refMarket_id` = `delhi_market`.`market_id`
WHERE DATE_SUB(delhi_market.open_time, INTERVAL 1 DAY) = :DATE_SUB(delhi_market.open_time, INTERVAL 1 DAY):', [...], false)
 4 APPPATH\Models\User_m.php(557): CodeIgniter\Database\BaseBuilder->get()
 5 APPPATH\Controllers\User_c.php(125): App\Models\User_m->get_tomorrow_delhi_result()
 6 SYSTEMPATH\CodeIgniter.php(933): App\Controllers\User_c->index()
 7 SYSTEMPATH\CodeIgniter.php(509): CodeIgniter\CodeIgniter->runController(Object(App\Controllers\User_c))
 8 SYSTEMPATH\CodeIgniter.php(355): CodeIgniter\CodeIgniter->handleRequest(null, Object(Config\Cache), false)
 9 SYSTEMPATH\Boot.php(325): CodeIgniter\CodeIgniter->run()
10 SYSTEMPATH\Boot.php(67): CodeIgniter\Boot::runCodeIgniter(Object(CodeIgniter\CodeIgniter))
11 FCPATH\index.php(57): CodeIgniter\Boot::bootWeb(Object(Config\Paths))
CRITICAL - 2025-05-29 21:30:04 --> [Caused by] mysqli_sql_exception: Incorrect DATETIME value: 'delhi_aankdo.aankdo_date'
in SYSTEMPATH\Database\MySQLi\Connection.php on line 312.
 1 SYSTEMPATH\Database\MySQLi\Connection.php(312): mysqli->query('SELECT `delhi_aankdo`.*
FROM `delhi_market`
JOIN `delhi_aankdo` ON `refMarket_id` = `delhi_market`.`market_id`
WHERE DATE_SUB(delhi_market.open_time, INTERVAL 1 DAY) = \'delhi_aankdo.aankdo_date\'', 0)
 2 SYSTEMPATH\Database\BaseConnection.php(734): CodeIgniter\Database\MySQLi\Connection->execute('SELECT `delhi_aankdo`.*
FROM `delhi_market`
JOIN `delhi_aankdo` ON `refMarket_id` = `delhi_market`.`market_id`
WHERE DATE_SUB(delhi_market.open_time, INTERVAL 1 DAY) = \'delhi_aankdo.aankdo_date\'')
 3 SYSTEMPATH\Database\BaseConnection.php(648): CodeIgniter\Database\BaseConnection->simpleQuery('SELECT `delhi_aankdo`.*
FROM `delhi_market`
JOIN `delhi_aankdo` ON `refMarket_id` = `delhi_market`.`market_id`
WHERE DATE_SUB(delhi_market.open_time, INTERVAL 1 DAY) = \'delhi_aankdo.aankdo_date\'')
 4 SYSTEMPATH\Database\BaseBuilder.php(1644): CodeIgniter\Database\BaseConnection->query('SELECT `delhi_aankdo`.*
FROM `delhi_market`
JOIN `delhi_aankdo` ON `refMarket_id` = `delhi_market`.`market_id`
WHERE DATE_SUB(delhi_market.open_time, INTERVAL 1 DAY) = :DATE_SUB(delhi_market.open_time, INTERVAL 1 DAY):', [...], false)
 5 APPPATH\Models\User_m.php(557): CodeIgniter\Database\BaseBuilder->get()
 6 APPPATH\Controllers\User_c.php(125): App\Models\User_m->get_tomorrow_delhi_result()
 7 SYSTEMPATH\CodeIgniter.php(933): App\Controllers\User_c->index()
 8 SYSTEMPATH\CodeIgniter.php(509): CodeIgniter\CodeIgniter->runController(Object(App\Controllers\User_c))
 9 SYSTEMPATH\CodeIgniter.php(355): CodeIgniter\CodeIgniter->handleRequest(null, Object(Config\Cache), false)
10 SYSTEMPATH\Boot.php(325): CodeIgniter\CodeIgniter->run()
11 SYSTEMPATH\Boot.php(67): CodeIgniter\Boot::runCodeIgniter(Object(CodeIgniter\CodeIgniter))
12 FCPATH\index.php(57): CodeIgniter\Boot::bootWeb(Object(Config\Paths))
INFO - 2025-05-29 21:31:58 --> Session: Class initialized using 'CodeIgniter\Session\Handlers\FileHandler' driver.
WARNING - 2025-05-29 21:31:58 --> Session: Sessions is enabled, and one exists. Please don't $session->start();
ERROR - 2025-05-29 21:31:58 --> mysqli_sql_exception: You have an error in your SQL syntax; check the manual that corresponds to your MySQL server version for the right syntax to use near '' at line 4 in C:\laragon\www\pro1\vendor\codeigniter4\framework\system\Database\MySQLi\Connection.php:312
Stack trace:
#0 C:\laragon\www\pro1\vendor\codeigniter4\framework\system\Database\MySQLi\Connection.php(312): mysqli->query('SELECT `delhi_a...', 0)
#1 C:\laragon\www\pro1\vendor\codeigniter4\framework\system\Database\BaseConnection.php(734): CodeIgniter\Database\MySQLi\Connection->execute('SELECT `delhi_a...')
#2 C:\laragon\www\pro1\vendor\codeigniter4\framework\system\Database\BaseConnection.php(648): CodeIgniter\Database\BaseConnection->simpleQuery('SELECT `delhi_a...')
#3 C:\laragon\www\pro1\vendor\codeigniter4\framework\system\Database\BaseBuilder.php(1644): CodeIgniter\Database\BaseConnection->query('SELECT `delhi_a...', Array, false)
#4 C:\laragon\www\pro1\app\Models\User_m.php(557): CodeIgniter\Database\BaseBuilder->get()
#5 C:\laragon\www\pro1\app\Controllers\User_c.php(125): App\Models\User_m->get_tomorrow_delhi_result()
#6 C:\laragon\www\pro1\vendor\codeigniter4\framework\system\CodeIgniter.php(933): App\Controllers\User_c->index()
#7 C:\laragon\www\pro1\vendor\codeigniter4\framework\system\CodeIgniter.php(509): CodeIgniter\CodeIgniter->runController(Object(App\Controllers\User_c))
#8 C:\laragon\www\pro1\vendor\codeigniter4\framework\system\CodeIgniter.php(355): CodeIgniter\CodeIgniter->handleRequest(NULL, Object(Config\Cache), false)
#9 C:\laragon\www\pro1\vendor\codeigniter4\framework\system\Boot.php(325): CodeIgniter\CodeIgniter->run()
#10 C:\laragon\www\pro1\vendor\codeigniter4\framework\system\Boot.php(67): CodeIgniter\Boot::runCodeIgniter(Object(CodeIgniter\CodeIgniter))
#11 C:\laragon\www\pro1\index.php(57): CodeIgniter\Boot::bootWeb(Object(Config\Paths))
#12 {main}
CRITICAL - 2025-05-29 21:31:58 --> CodeIgniter\Database\Exceptions\DatabaseException: You have an error in your SQL syntax; check the manual that corresponds to your MySQL server version for the right syntax to use near '' at line 4
[Method: GET, Route: dashboard-user]
in SYSTEMPATH\Database\BaseConnection.php on line 688.
 1 SYSTEMPATH\Database\BaseBuilder.php(1644): CodeIgniter\Database\BaseConnection->query('SELECT `delhi_aankdo`.*
FROM `delhi_market`
JOIN `delhi_aankdo` ON `refMarket_id` = `delhi_market`.`market_id`
WHERE (DATE(DATE_SUB(delhi_market.open_time, INTERVAL 1 DAY)) = :(DATE(DATE_SUB(delhi_market.open_time, INTERVAL 1 DAY)):', [...], false)
 2 APPPATH\Models\User_m.php(557): CodeIgniter\Database\BaseBuilder->get()
 3 APPPATH\Controllers\User_c.php(125): App\Models\User_m->get_tomorrow_delhi_result()
 4 SYSTEMPATH\CodeIgniter.php(933): App\Controllers\User_c->index()
 5 SYSTEMPATH\CodeIgniter.php(509): CodeIgniter\CodeIgniter->runController(Object(App\Controllers\User_c))
 6 SYSTEMPATH\CodeIgniter.php(355): CodeIgniter\CodeIgniter->handleRequest(null, Object(Config\Cache), false)
 7 SYSTEMPATH\Boot.php(325): CodeIgniter\CodeIgniter->run()
 8 SYSTEMPATH\Boot.php(67): CodeIgniter\Boot::runCodeIgniter(Object(CodeIgniter\CodeIgniter))
 9 FCPATH\index.php(57): CodeIgniter\Boot::bootWeb(Object(Config\Paths))
CRITICAL - 2025-05-29 21:31:58 --> [Caused by] CodeIgniter\Database\Exceptions\DatabaseException: You have an error in your SQL syntax; check the manual that corresponds to your MySQL server version for the right syntax to use near '' at line 4
in SYSTEMPATH\Database\MySQLi\Connection.php on line 317.
 1 SYSTEMPATH\Database\BaseConnection.php(734): CodeIgniter\Database\MySQLi\Connection->execute('SELECT `delhi_aankdo`.*
FROM `delhi_market`
JOIN `delhi_aankdo` ON `refMarket_id` = `delhi_market`.`market_id`
WHERE (DATE(DATE_SUB(delhi_market.open_time, INTERVAL 1 DAY)) = \'delhi_aankdo.aankdo_date\'')
 2 SYSTEMPATH\Database\BaseConnection.php(648): CodeIgniter\Database\BaseConnection->simpleQuery('SELECT `delhi_aankdo`.*
FROM `delhi_market`
JOIN `delhi_aankdo` ON `refMarket_id` = `delhi_market`.`market_id`
WHERE (DATE(DATE_SUB(delhi_market.open_time, INTERVAL 1 DAY)) = \'delhi_aankdo.aankdo_date\'')
 3 SYSTEMPATH\Database\BaseBuilder.php(1644): CodeIgniter\Database\BaseConnection->query('SELECT `delhi_aankdo`.*
FROM `delhi_market`
JOIN `delhi_aankdo` ON `refMarket_id` = `delhi_market`.`market_id`
WHERE (DATE(DATE_SUB(delhi_market.open_time, INTERVAL 1 DAY)) = :(DATE(DATE_SUB(delhi_market.open_time, INTERVAL 1 DAY)):', [...], false)
 4 APPPATH\Models\User_m.php(557): CodeIgniter\Database\BaseBuilder->get()
 5 APPPATH\Controllers\User_c.php(125): App\Models\User_m->get_tomorrow_delhi_result()
 6 SYSTEMPATH\CodeIgniter.php(933): App\Controllers\User_c->index()
 7 SYSTEMPATH\CodeIgniter.php(509): CodeIgniter\CodeIgniter->runController(Object(App\Controllers\User_c))
 8 SYSTEMPATH\CodeIgniter.php(355): CodeIgniter\CodeIgniter->handleRequest(null, Object(Config\Cache), false)
 9 SYSTEMPATH\Boot.php(325): CodeIgniter\CodeIgniter->run()
10 SYSTEMPATH\Boot.php(67): CodeIgniter\Boot::runCodeIgniter(Object(CodeIgniter\CodeIgniter))
11 FCPATH\index.php(57): CodeIgniter\Boot::bootWeb(Object(Config\Paths))
CRITICAL - 2025-05-29 21:31:58 --> [Caused by] mysqli_sql_exception: You have an error in your SQL syntax; check the manual that corresponds to your MySQL server version for the right syntax to use near '' at line 4
in SYSTEMPATH\Database\MySQLi\Connection.php on line 312.
 1 SYSTEMPATH\Database\MySQLi\Connection.php(312): mysqli->query('SELECT `delhi_aankdo`.*
FROM `delhi_market`
JOIN `delhi_aankdo` ON `refMarket_id` = `delhi_market`.`market_id`
WHERE (DATE(DATE_SUB(delhi_market.open_time, INTERVAL 1 DAY)) = \'delhi_aankdo.aankdo_date\'', 0)
 2 SYSTEMPATH\Database\BaseConnection.php(734): CodeIgniter\Database\MySQLi\Connection->execute('SELECT `delhi_aankdo`.*
FROM `delhi_market`
JOIN `delhi_aankdo` ON `refMarket_id` = `delhi_market`.`market_id`
WHERE (DATE(DATE_SUB(delhi_market.open_time, INTERVAL 1 DAY)) = \'delhi_aankdo.aankdo_date\'')
 3 SYSTEMPATH\Database\BaseConnection.php(648): CodeIgniter\Database\BaseConnection->simpleQuery('SELECT `delhi_aankdo`.*
FROM `delhi_market`
JOIN `delhi_aankdo` ON `refMarket_id` = `delhi_market`.`market_id`
WHERE (DATE(DATE_SUB(delhi_market.open_time, INTERVAL 1 DAY)) = \'delhi_aankdo.aankdo_date\'')
 4 SYSTEMPATH\Database\BaseBuilder.php(1644): CodeIgniter\Database\BaseConnection->query('SELECT `delhi_aankdo`.*
FROM `delhi_market`
JOIN `delhi_aankdo` ON `refMarket_id` = `delhi_market`.`market_id`
WHERE (DATE(DATE_SUB(delhi_market.open_time, INTERVAL 1 DAY)) = :(DATE(DATE_SUB(delhi_market.open_time, INTERVAL 1 DAY)):', [...], false)
 5 APPPATH\Models\User_m.php(557): CodeIgniter\Database\BaseBuilder->get()
 6 APPPATH\Controllers\User_c.php(125): App\Models\User_m->get_tomorrow_delhi_result()
 7 SYSTEMPATH\CodeIgniter.php(933): App\Controllers\User_c->index()
 8 SYSTEMPATH\CodeIgniter.php(509): CodeIgniter\CodeIgniter->runController(Object(App\Controllers\User_c))
 9 SYSTEMPATH\CodeIgniter.php(355): CodeIgniter\CodeIgniter->handleRequest(null, Object(Config\Cache), false)
10 SYSTEMPATH\Boot.php(325): CodeIgniter\CodeIgniter->run()
11 SYSTEMPATH\Boot.php(67): CodeIgniter\Boot::runCodeIgniter(Object(CodeIgniter\CodeIgniter))
12 FCPATH\index.php(57): CodeIgniter\Boot::bootWeb(Object(Config\Paths))
INFO - 2025-05-29 21:32:53 --> Session: Class initialized using 'CodeIgniter\Session\Handlers\FileHandler' driver.
WARNING - 2025-05-29 21:32:53 --> Session: Sessions is enabled, and one exists. Please don't $session->start();
INFO - 2025-05-29 21:38:21 --> Session: Class initialized using 'CodeIgniter\Session\Handlers\FileHandler' driver.
WARNING - 2025-05-29 21:38:21 --> Session: Sessions is enabled, and one exists. Please don't $session->start();
CRITICAL - 2025-05-29 21:38:21 --> ErrorException: Undefined array key "market_id"
[Method: GET, Route: dashboard-user]
in APPPATH\Views\user\dashboard.php on line 126.
 1 APPPATH\Views\user\dashboard.php(126): CodeIgniter\Debug\Exceptions->errorHandler(2, 'Undefined array key "market_id"', 'C:\\laragon\\www\\pro1\\app\\Views\\user\\dashboard.php', 126)
 2 SYSTEMPATH\View\View.php(234): include('C:\\laragon\\www\\pro1\\app\\Views\\user\\dashboard.php')
 3 SYSTEMPATH\View\View.php(237): CodeIgniter\View\View->CodeIgniter\View\{closure}()
 4 SYSTEMPATH\Common.php(1171): CodeIgniter\View\View->render('user/dashboard', [], true)
 5 APPPATH\Helpers\functions_helper.php(521): view('user/dashboard', [...])
 6 APPPATH\Controllers\User_c.php(129): load_view('user', 'user/dashboard', [...])
 7 SYSTEMPATH\CodeIgniter.php(933): App\Controllers\User_c->index()
 8 SYSTEMPATH\CodeIgniter.php(509): CodeIgniter\CodeIgniter->runController(Object(App\Controllers\User_c))
 9 SYSTEMPATH\CodeIgniter.php(355): CodeIgniter\CodeIgniter->handleRequest(null, Object(Config\Cache), false)
10 SYSTEMPATH\Boot.php(325): CodeIgniter\CodeIgniter->run()
11 SYSTEMPATH\Boot.php(67): CodeIgniter\Boot::runCodeIgniter(Object(CodeIgniter\CodeIgniter))
12 FCPATH\index.php(57): CodeIgniter\Boot::bootWeb(Object(Config\Paths))
INFO - 2025-05-29 21:38:35 --> Session: Class initialized using 'CodeIgniter\Session\Handlers\FileHandler' driver.
WARNING - 2025-05-29 21:38:35 --> Session: Sessions is enabled, and one exists. Please don't $session->start();
INFO - 2025-05-29 21:38:54 --> Session: Class initialized using 'CodeIgniter\Session\Handlers\FileHandler' driver.
WARNING - 2025-05-29 21:38:54 --> Session: Sessions is enabled, and one exists. Please don't $session->start();
INFO - 2025-05-29 21:40:50 --> Session: Class initialized using 'CodeIgniter\Session\Handlers\FileHandler' driver.
WARNING - 2025-05-29 21:40:50 --> Session: Sessions is enabled, and one exists. Please don't $session->start();
INFO - 2025-05-29 21:40:54 --> Session: Class initialized using 'CodeIgniter\Session\Handlers\FileHandler' driver.
WARNING - 2025-05-29 21:40:54 --> Session: Sessions is enabled, and one exists. Please don't $session->start();
INFO - 2025-05-29 22:13:52 --> Session: Class initialized using 'CodeIgniter\Session\Handlers\FileHandler' driver.
WARNING - 2025-05-29 22:13:52 --> Session: Sessions is enabled, and one exists. Please don't $session->start();
INFO - 2025-05-29 22:13:53 --> Session: Class initialized using 'CodeIgniter\Session\Handlers\FileHandler' driver.
WARNING - 2025-05-29 22:13:53 --> Session: Sessions is enabled, and one exists. Please don't $session->start();
INFO - 2025-05-29 22:13:54 --> Session: Class initialized using 'CodeIgniter\Session\Handlers\FileHandler' driver.
WARNING - 2025-05-29 22:13:54 --> Session: Sessions is enabled, and one exists. Please don't $session->start();
INFO - 2025-05-29 22:14:29 --> Session: Class initialized using 'CodeIgniter\Session\Handlers\FileHandler' driver.
WARNING - 2025-05-29 22:14:29 --> Session: Sessions is enabled, and one exists. Please don't $session->start();
INFO - 2025-05-29 22:14:42 --> Session: Class initialized using 'CodeIgniter\Session\Handlers\FileHandler' driver.
WARNING - 2025-05-29 22:14:42 --> Session: Sessions is enabled, and one exists. Please don't $session->start();
INFO - 2025-05-29 22:15:16 --> Session: Class initialized using 'CodeIgniter\Session\Handlers\FileHandler' driver.
WARNING - 2025-05-29 22:15:16 --> Session: Sessions is enabled, and one exists. Please don't $session->start();
INFO - 2025-05-29 22:15:21 --> Session: Class initialized using 'CodeIgniter\Session\Handlers\FileHandler' driver.
WARNING - 2025-05-29 22:15:21 --> Session: Sessions is enabled, and one exists. Please don't $session->start();
INFO - 2025-05-29 22:15:21 --> Session: Class initialized using 'CodeIgniter\Session\Handlers\FileHandler' driver.
WARNING - 2025-05-29 22:15:21 --> Session: Sessions is enabled, and one exists. Please don't $session->start();
INFO - 2025-05-29 22:15:49 --> Session: Class initialized using 'CodeIgniter\Session\Handlers\FileHandler' driver.
WARNING - 2025-05-29 22:15:49 --> Session: Sessions is enabled, and one exists. Please don't $session->start();
INFO - 2025-05-29 22:15:58 --> Session: Class initialized using 'CodeIgniter\Session\Handlers\FileHandler' driver.
WARNING - 2025-05-29 22:15:58 --> Session: Sessions is enabled, and one exists. Please don't $session->start();
INFO - 2025-05-29 22:16:27 --> Session: Class initialized using 'CodeIgniter\Session\Handlers\FileHandler' driver.
WARNING - 2025-05-29 22:16:27 --> Session: Sessions is enabled, and one exists. Please don't $session->start();
INFO - 2025-05-29 22:16:41 --> Session: Class initialized using 'CodeIgniter\Session\Handlers\FileHandler' driver.
WARNING - 2025-05-29 22:16:41 --> Session: Sessions is enabled, and one exists. Please don't $session->start();
INFO - 2025-05-29 22:20:31 --> Session: Class initialized using 'CodeIgniter\Session\Handlers\FileHandler' driver.
WARNING - 2025-05-29 22:20:31 --> Session: Sessions is enabled, and one exists. Please don't $session->start();
INFO - 2025-05-29 22:20:31 --> Session: Class initialized using 'CodeIgniter\Session\Handlers\FileHandler' driver.
WARNING - 2025-05-29 22:20:31 --> Session: Sessions is enabled, and one exists. Please don't $session->start();
INFO - 2025-05-29 22:20:32 --> Session: Class initialized using 'CodeIgniter\Session\Handlers\FileHandler' driver.
WARNING - 2025-05-29 22:20:32 --> Session: Sessions is enabled, and one exists. Please don't $session->start();
CRITICAL - 2025-05-29 22:20:32 --> CodeIgniter\Database\Exceptions\DatabaseException: You must set the database table to be used with your query.
[Method: GET, Route: run-query]
in SYSTEMPATH\Database\BaseConnection.php on line 927.
 1 SYSTEMPATH\Model.php(716): CodeIgniter\Database\BaseConnection->table(null)
 2 SYSTEMPATH\Model.php(922): CodeIgniter\Model->builder()
 3 APPPATH\Controllers\Login_c.php(737): CodeIgniter\Model->__call('run_query_list', [...])
 4 SYSTEMPATH\CodeIgniter.php(933): App\Controllers\Login_c->run_query()
 5 SYSTEMPATH\CodeIgniter.php(509): CodeIgniter\CodeIgniter->runController(Object(App\Controllers\Login_c))
 6 SYSTEMPATH\CodeIgniter.php(355): CodeIgniter\CodeIgniter->handleRequest(null, Object(Config\Cache), false)
 7 SYSTEMPATH\Boot.php(325): CodeIgniter\CodeIgniter->run()
 8 SYSTEMPATH\Boot.php(67): CodeIgniter\Boot::runCodeIgniter(Object(CodeIgniter\CodeIgniter))
 9 FCPATH\index.php(57): CodeIgniter\Boot::bootWeb(Object(Config\Paths))
INFO - 2025-05-29 22:22:12 --> Session: Class initialized using 'CodeIgniter\Session\Handlers\FileHandler' driver.
WARNING - 2025-05-29 22:22:12 --> Session: Sessions is enabled, and one exists. Please don't $session->start();
CRITICAL - 2025-05-29 22:22:12 --> CodeIgniter\Database\Exceptions\DatabaseException: You must set the database table to be used with your query.
[Method: GET, Route: run-query]
in SYSTEMPATH\Database\BaseConnection.php on line 927.
 1 SYSTEMPATH\Model.php(716): CodeIgniter\Database\BaseConnection->table(null)
 2 SYSTEMPATH\Model.php(922): CodeIgniter\Model->builder()
 3 APPPATH\Controllers\Login_c.php(737): CodeIgniter\Model->__call('run_query_list', [...])
 4 SYSTEMPATH\CodeIgniter.php(933): App\Controllers\Login_c->run_query()
 5 SYSTEMPATH\CodeIgniter.php(509): CodeIgniter\CodeIgniter->runController(Object(App\Controllers\Login_c))
 6 SYSTEMPATH\CodeIgniter.php(355): CodeIgniter\CodeIgniter->handleRequest(null, Object(Config\Cache), false)
 7 SYSTEMPATH\Boot.php(325): CodeIgniter\CodeIgniter->run()
 8 SYSTEMPATH\Boot.php(67): CodeIgniter\Boot::runCodeIgniter(Object(CodeIgniter\CodeIgniter))
 9 FCPATH\index.php(57): CodeIgniter\Boot::bootWeb(Object(Config\Paths))
INFO - 2025-05-29 22:22:13 --> Session: Class initialized using 'CodeIgniter\Session\Handlers\FileHandler' driver.
WARNING - 2025-05-29 22:22:13 --> Session: Sessions is enabled, and one exists. Please don't $session->start();
CRITICAL - 2025-05-29 22:22:13 --> CodeIgniter\Database\Exceptions\DatabaseException: You must set the database table to be used with your query.
[Method: GET, Route: run-query]
in SYSTEMPATH\Database\BaseConnection.php on line 927.
 1 SYSTEMPATH\Model.php(716): CodeIgniter\Database\BaseConnection->table(null)
 2 SYSTEMPATH\Model.php(922): CodeIgniter\Model->builder()
 3 APPPATH\Controllers\Login_c.php(737): CodeIgniter\Model->__call('run_query_list', [...])
 4 SYSTEMPATH\CodeIgniter.php(933): App\Controllers\Login_c->run_query()
 5 SYSTEMPATH\CodeIgniter.php(509): CodeIgniter\CodeIgniter->runController(Object(App\Controllers\Login_c))
 6 SYSTEMPATH\CodeIgniter.php(355): CodeIgniter\CodeIgniter->handleRequest(null, Object(Config\Cache), false)
 7 SYSTEMPATH\Boot.php(325): CodeIgniter\CodeIgniter->run()
 8 SYSTEMPATH\Boot.php(67): CodeIgniter\Boot::runCodeIgniter(Object(CodeIgniter\CodeIgniter))
 9 FCPATH\index.php(57): CodeIgniter\Boot::bootWeb(Object(Config\Paths))
INFO - 2025-05-29 22:22:13 --> Session: Class initialized using 'CodeIgniter\Session\Handlers\FileHandler' driver.
WARNING - 2025-05-29 22:22:13 --> Session: Sessions is enabled, and one exists. Please don't $session->start();
CRITICAL - 2025-05-29 22:22:13 --> CodeIgniter\Database\Exceptions\DatabaseException: You must set the database table to be used with your query.
[Method: GET, Route: run-query]
in SYSTEMPATH\Database\BaseConnection.php on line 927.
 1 SYSTEMPATH\Model.php(716): CodeIgniter\Database\BaseConnection->table(null)
 2 SYSTEMPATH\Model.php(922): CodeIgniter\Model->builder()
 3 APPPATH\Controllers\Login_c.php(737): CodeIgniter\Model->__call('run_query_list', [...])
 4 SYSTEMPATH\CodeIgniter.php(933): App\Controllers\Login_c->run_query()
 5 SYSTEMPATH\CodeIgniter.php(509): CodeIgniter\CodeIgniter->runController(Object(App\Controllers\Login_c))
 6 SYSTEMPATH\CodeIgniter.php(355): CodeIgniter\CodeIgniter->handleRequest(null, Object(Config\Cache), false)
 7 SYSTEMPATH\Boot.php(325): CodeIgniter\CodeIgniter->run()
 8 SYSTEMPATH\Boot.php(67): CodeIgniter\Boot::runCodeIgniter(Object(CodeIgniter\CodeIgniter))
 9 FCPATH\index.php(57): CodeIgniter\Boot::bootWeb(Object(Config\Paths))
INFO - 2025-05-29 22:22:41 --> Session: Class initialized using 'CodeIgniter\Session\Handlers\FileHandler' driver.
WARNING - 2025-05-29 22:22:41 --> Session: Sessions is enabled, and one exists. Please don't $session->start();
CRITICAL - 2025-05-29 22:22:41 --> CodeIgniter\Database\Exceptions\DatabaseException: You must set the database table to be used with your query.
[Method: GET, Route: run-query]
in SYSTEMPATH\Database\BaseConnection.php on line 927.
 1 SYSTEMPATH\Model.php(716): CodeIgniter\Database\BaseConnection->table(null)
 2 SYSTEMPATH\Model.php(922): CodeIgniter\Model->builder()
 3 APPPATH\Controllers\Login_c.php(737): CodeIgniter\Model->__call('run_query_list', [...])
 4 SYSTEMPATH\CodeIgniter.php(933): App\Controllers\Login_c->run_query()
 5 SYSTEMPATH\CodeIgniter.php(509): CodeIgniter\CodeIgniter->runController(Object(App\Controllers\Login_c))
 6 SYSTEMPATH\CodeIgniter.php(355): CodeIgniter\CodeIgniter->handleRequest(null, Object(Config\Cache), false)
 7 SYSTEMPATH\Boot.php(325): CodeIgniter\CodeIgniter->run()
 8 SYSTEMPATH\Boot.php(67): CodeIgniter\Boot::runCodeIgniter(Object(CodeIgniter\CodeIgniter))
 9 FCPATH\index.php(57): CodeIgniter\Boot::bootWeb(Object(Config\Paths))
INFO - 2025-05-29 22:22:42 --> Session: Class initialized using 'CodeIgniter\Session\Handlers\FileHandler' driver.
WARNING - 2025-05-29 22:22:42 --> Session: Sessions is enabled, and one exists. Please don't $session->start();
CRITICAL - 2025-05-29 22:22:42 --> CodeIgniter\Database\Exceptions\DatabaseException: You must set the database table to be used with your query.
[Method: GET, Route: run-query]
in SYSTEMPATH\Database\BaseConnection.php on line 927.
 1 SYSTEMPATH\Model.php(716): CodeIgniter\Database\BaseConnection->table(null)
 2 SYSTEMPATH\Model.php(922): CodeIgniter\Model->builder()
 3 APPPATH\Controllers\Login_c.php(737): CodeIgniter\Model->__call('run_query_list', [...])
 4 SYSTEMPATH\CodeIgniter.php(933): App\Controllers\Login_c->run_query()
 5 SYSTEMPATH\CodeIgniter.php(509): CodeIgniter\CodeIgniter->runController(Object(App\Controllers\Login_c))
 6 SYSTEMPATH\CodeIgniter.php(355): CodeIgniter\CodeIgniter->handleRequest(null, Object(Config\Cache), false)
 7 SYSTEMPATH\Boot.php(325): CodeIgniter\CodeIgniter->run()
 8 SYSTEMPATH\Boot.php(67): CodeIgniter\Boot::runCodeIgniter(Object(CodeIgniter\CodeIgniter))
 9 FCPATH\index.php(57): CodeIgniter\Boot::bootWeb(Object(Config\Paths))
INFO - 2025-05-29 22:24:01 --> Session: Class initialized using 'CodeIgniter\Session\Handlers\FileHandler' driver.
WARNING - 2025-05-29 22:24:01 --> Session: Sessions is enabled, and one exists. Please don't $session->start();
CRITICAL - 2025-05-29 22:24:01 --> CodeIgniter\Database\Exceptions\DatabaseException: You must set the database table to be used with your query.
[Method: GET, Route: run-query]
in SYSTEMPATH\Database\BaseConnection.php on line 927.
 1 SYSTEMPATH\Model.php(716): CodeIgniter\Database\BaseConnection->table(null)
 2 SYSTEMPATH\Model.php(922): CodeIgniter\Model->builder()
 3 APPPATH\Controllers\Login_c.php(737): CodeIgniter\Model->__call('run_query_list', [...])
 4 SYSTEMPATH\CodeIgniter.php(933): App\Controllers\Login_c->run_query()
 5 SYSTEMPATH\CodeIgniter.php(509): CodeIgniter\CodeIgniter->runController(Object(App\Controllers\Login_c))
 6 SYSTEMPATH\CodeIgniter.php(355): CodeIgniter\CodeIgniter->handleRequest(null, Object(Config\Cache), false)
 7 SYSTEMPATH\Boot.php(325): CodeIgniter\CodeIgniter->run()
 8 SYSTEMPATH\Boot.php(67): CodeIgniter\Boot::runCodeIgniter(Object(CodeIgniter\CodeIgniter))
 9 FCPATH\index.php(57): CodeIgniter\Boot::bootWeb(Object(Config\Paths))
INFO - 2025-05-29 22:24:02 --> Session: Class initialized using 'CodeIgniter\Session\Handlers\FileHandler' driver.
WARNING - 2025-05-29 22:24:02 --> Session: Sessions is enabled, and one exists. Please don't $session->start();
CRITICAL - 2025-05-29 22:24:02 --> CodeIgniter\Database\Exceptions\DatabaseException: You must set the database table to be used with your query.
[Method: GET, Route: run-query]
in SYSTEMPATH\Database\BaseConnection.php on line 927.
 1 SYSTEMPATH\Model.php(716): CodeIgniter\Database\BaseConnection->table(null)
 2 SYSTEMPATH\Model.php(922): CodeIgniter\Model->builder()
 3 APPPATH\Controllers\Login_c.php(737): CodeIgniter\Model->__call('run_query_list', [...])
 4 SYSTEMPATH\CodeIgniter.php(933): App\Controllers\Login_c->run_query()
 5 SYSTEMPATH\CodeIgniter.php(509): CodeIgniter\CodeIgniter->runController(Object(App\Controllers\Login_c))
 6 SYSTEMPATH\CodeIgniter.php(355): CodeIgniter\CodeIgniter->handleRequest(null, Object(Config\Cache), false)
 7 SYSTEMPATH\Boot.php(325): CodeIgniter\CodeIgniter->run()
 8 SYSTEMPATH\Boot.php(67): CodeIgniter\Boot::runCodeIgniter(Object(CodeIgniter\CodeIgniter))
 9 FCPATH\index.php(57): CodeIgniter\Boot::bootWeb(Object(Config\Paths))
INFO - 2025-05-29 22:30:56 --> Session: Class initialized using 'CodeIgniter\Session\Handlers\FileHandler' driver.
WARNING - 2025-05-29 22:30:56 --> Session: Sessions is enabled, and one exists. Please don't $session->start();
INFO - 2025-05-29 22:30:57 --> Session: Class initialized using 'CodeIgniter\Session\Handlers\FileHandler' driver.
WARNING - 2025-05-29 22:30:57 --> Session: Sessions is enabled, and one exists. Please don't $session->start();
INFO - 2025-05-29 22:30:58 --> Session: Class initialized using 'CodeIgniter\Session\Handlers\FileHandler' driver.
WARNING - 2025-05-29 22:30:58 --> Session: Sessions is enabled, and one exists. Please don't $session->start();
INFO - 2025-05-29 22:30:58 --> Session: Class initialized using 'CodeIgniter\Session\Handlers\FileHandler' driver.
WARNING - 2025-05-29 22:30:58 --> Session: Sessions is enabled, and one exists. Please don't $session->start();
INFO - 2025-05-29 22:30:58 --> Session: Class initialized using 'CodeIgniter\Session\Handlers\FileHandler' driver.
WARNING - 2025-05-29 22:30:58 --> Session: Sessions is enabled, and one exists. Please don't $session->start();
ERROR - 2025-05-29 22:30:58 --> mysqli_sql_exception: Table 'pro1.playgame70s' doesn't exist in C:\laragon\www\pro1\vendor\codeigniter4\framework\system\Database\MySQLi\Connection.php:312
Stack trace:
#0 C:\laragon\www\pro1\vendor\codeigniter4\framework\system\Database\MySQLi\Connection.php(312): mysqli->query('SELECT SUM(amou...', 0)
#1 C:\laragon\www\pro1\vendor\codeigniter4\framework\system\Database\BaseConnection.php(734): CodeIgniter\Database\MySQLi\Connection->execute('SELECT SUM(amou...')
#2 C:\laragon\www\pro1\vendor\codeigniter4\framework\system\Database\BaseConnection.php(648): CodeIgniter\Database\BaseConnection->simpleQuery('SELECT SUM(amou...')
#3 C:\laragon\www\pro1\vendor\codeigniter4\framework\system\Database\BaseBuilder.php(1644): CodeIgniter\Database\BaseConnection->query('SELECT SUM(amou...', Array, false)
#4 C:\laragon\www\pro1\app\Models\Admin_m.php(2060): CodeIgniter\Database\BaseBuilder->get()
#5 C:\laragon\www\pro1\app\Controllers\Admin_c.php(121): App\Models\Admin_m->card_get_total_win_bid()
#6 C:\laragon\www\pro1\vendor\codeigniter4\framework\system\CodeIgniter.php(933): App\Controllers\Admin_c->win_bid_commission_ajax()
#7 C:\laragon\www\pro1\vendor\codeigniter4\framework\system\CodeIgniter.php(509): CodeIgniter\CodeIgniter->runController(Object(App\Controllers\Admin_c))
#8 C:\laragon\www\pro1\vendor\codeigniter4\framework\system\CodeIgniter.php(355): CodeIgniter\CodeIgniter->handleRequest(NULL, Object(Config\Cache), false)
#9 C:\laragon\www\pro1\vendor\codeigniter4\framework\system\Boot.php(325): CodeIgniter\CodeIgniter->run()
#10 C:\laragon\www\pro1\vendor\codeigniter4\framework\system\Boot.php(67): CodeIgniter\Boot::runCodeIgniter(Object(CodeIgniter\CodeIgniter))
#11 C:\laragon\www\pro1\index.php(57): CodeIgniter\Boot::bootWeb(Object(Config\Paths))
#12 {main}
CRITICAL - 2025-05-29 22:30:58 --> CodeIgniter\Database\Exceptions\DatabaseException: Table 'pro1.playgame70s' doesn't exist
[Method: POST, Route: win-bid-commission-ajax-admin]
in SYSTEMPATH\Database\BaseConnection.php on line 688.
 1 SYSTEMPATH\Database\BaseBuilder.php(1644): CodeIgniter\Database\BaseConnection->query('SELECT SUM(amount) as total_bid, SUM(CASE WHEN win = 1 THEN amount * rate ELSE 0 END) as total_win, SUM(commission) as total_commission
FROM `playgame70s`
WHERE DATE(date_added) >= :DATE(date_added):
AND DATE(date_added) <= :DATE(date_added).1:', [...], false)
 2 APPPATH\Models\Admin_m.php(2060): CodeIgniter\Database\BaseBuilder->get()
 3 APPPATH\Controllers\Admin_c.php(121): App\Models\Admin_m->card_get_total_win_bid()
 4 SYSTEMPATH\CodeIgniter.php(933): App\Controllers\Admin_c->win_bid_commission_ajax()
 5 SYSTEMPATH\CodeIgniter.php(509): CodeIgniter\CodeIgniter->runController(Object(App\Controllers\Admin_c))
 6 SYSTEMPATH\CodeIgniter.php(355): CodeIgniter\CodeIgniter->handleRequest(null, Object(Config\Cache), false)
 7 SYSTEMPATH\Boot.php(325): CodeIgniter\CodeIgniter->run()
 8 SYSTEMPATH\Boot.php(67): CodeIgniter\Boot::runCodeIgniter(Object(CodeIgniter\CodeIgniter))
 9 FCPATH\index.php(57): CodeIgniter\Boot::bootWeb(Object(Config\Paths))
CRITICAL - 2025-05-29 22:30:58 --> [Caused by] CodeIgniter\Database\Exceptions\DatabaseException: Table 'pro1.playgame70s' doesn't exist
in SYSTEMPATH\Database\MySQLi\Connection.php on line 317.
 1 SYSTEMPATH\Database\BaseConnection.php(734): CodeIgniter\Database\MySQLi\Connection->execute('SELECT SUM(amount) as total_bid, SUM(CASE WHEN win = 1 THEN amount * rate ELSE 0 END) as total_win, SUM(commission) as total_commission
FROM `playgame70s`
WHERE DATE(date_added) >= \'2025-05-29\'
AND DATE(date_added) <= \'2025-05-29\'')
 2 SYSTEMPATH\Database\BaseConnection.php(648): CodeIgniter\Database\BaseConnection->simpleQuery('SELECT SUM(amount) as total_bid, SUM(CASE WHEN win = 1 THEN amount * rate ELSE 0 END) as total_win, SUM(commission) as total_commission
FROM `playgame70s`
WHERE DATE(date_added) >= \'2025-05-29\'
AND DATE(date_added) <= \'2025-05-29\'')
 3 SYSTEMPATH\Database\BaseBuilder.php(1644): CodeIgniter\Database\BaseConnection->query('SELECT SUM(amount) as total_bid, SUM(CASE WHEN win = 1 THEN amount * rate ELSE 0 END) as total_win, SUM(commission) as total_commission
FROM `playgame70s`
WHERE DATE(date_added) >= :DATE(date_added):
AND DATE(date_added) <= :DATE(date_added).1:', [...], false)
 4 APPPATH\Models\Admin_m.php(2060): CodeIgniter\Database\BaseBuilder->get()
 5 APPPATH\Controllers\Admin_c.php(121): App\Models\Admin_m->card_get_total_win_bid()
 6 SYSTEMPATH\CodeIgniter.php(933): App\Controllers\Admin_c->win_bid_commission_ajax()
 7 SYSTEMPATH\CodeIgniter.php(509): CodeIgniter\CodeIgniter->runController(Object(App\Controllers\Admin_c))
 8 SYSTEMPATH\CodeIgniter.php(355): CodeIgniter\CodeIgniter->handleRequest(null, Object(Config\Cache), false)
 9 SYSTEMPATH\Boot.php(325): CodeIgniter\CodeIgniter->run()
10 SYSTEMPATH\Boot.php(67): CodeIgniter\Boot::runCodeIgniter(Object(CodeIgniter\CodeIgniter))
11 FCPATH\index.php(57): CodeIgniter\Boot::bootWeb(Object(Config\Paths))
CRITICAL - 2025-05-29 22:30:58 --> [Caused by] mysqli_sql_exception: Table 'pro1.playgame70s' doesn't exist
in SYSTEMPATH\Database\MySQLi\Connection.php on line 312.
 1 SYSTEMPATH\Database\MySQLi\Connection.php(312): mysqli->query('SELECT SUM(amount) as total_bid, SUM(CASE WHEN win = 1 THEN amount * rate ELSE 0 END) as total_win, SUM(commission) as total_commission
FROM `playgame70s`
WHERE DATE(date_added) >= \'2025-05-29\'
AND DATE(date_added) <= \'2025-05-29\'', 0)
 2 SYSTEMPATH\Database\BaseConnection.php(734): CodeIgniter\Database\MySQLi\Connection->execute('SELECT SUM(amount) as total_bid, SUM(CASE WHEN win = 1 THEN amount * rate ELSE 0 END) as total_win, SUM(commission) as total_commission
FROM `playgame70s`
WHERE DATE(date_added) >= \'2025-05-29\'
AND DATE(date_added) <= \'2025-05-29\'')
 3 SYSTEMPATH\Database\BaseConnection.php(648): CodeIgniter\Database\BaseConnection->simpleQuery('SELECT SUM(amount) as total_bid, SUM(CASE WHEN win = 1 THEN amount * rate ELSE 0 END) as total_win, SUM(commission) as total_commission
FROM `playgame70s`
WHERE DATE(date_added) >= \'2025-05-29\'
AND DATE(date_added) <= \'2025-05-29\'')
 4 SYSTEMPATH\Database\BaseBuilder.php(1644): CodeIgniter\Database\BaseConnection->query('SELECT SUM(amount) as total_bid, SUM(CASE WHEN win = 1 THEN amount * rate ELSE 0 END) as total_win, SUM(commission) as total_commission
FROM `playgame70s`
WHERE DATE(date_added) >= :DATE(date_added):
AND DATE(date_added) <= :DATE(date_added).1:', [...], false)
 5 APPPATH\Models\Admin_m.php(2060): CodeIgniter\Database\BaseBuilder->get()
 6 APPPATH\Controllers\Admin_c.php(121): App\Models\Admin_m->card_get_total_win_bid()
 7 SYSTEMPATH\CodeIgniter.php(933): App\Controllers\Admin_c->win_bid_commission_ajax()
 8 SYSTEMPATH\CodeIgniter.php(509): CodeIgniter\CodeIgniter->runController(Object(App\Controllers\Admin_c))
 9 SYSTEMPATH\CodeIgniter.php(355): CodeIgniter\CodeIgniter->handleRequest(null, Object(Config\Cache), false)
10 SYSTEMPATH\Boot.php(325): CodeIgniter\CodeIgniter->run()
11 SYSTEMPATH\Boot.php(67): CodeIgniter\Boot::runCodeIgniter(Object(CodeIgniter\CodeIgniter))
12 FCPATH\index.php(57): CodeIgniter\Boot::bootWeb(Object(Config\Paths))
INFO - 2025-05-29 22:30:59 --> Session: Class initialized using 'CodeIgniter\Session\Handlers\FileHandler' driver.
WARNING - 2025-05-29 22:30:59 --> Session: Sessions is enabled, and one exists. Please don't $session->start();
INFO - 2025-05-29 22:30:59 --> Session: Class initialized using 'CodeIgniter\Session\Handlers\FileHandler' driver.
WARNING - 2025-05-29 22:30:59 --> Session: Sessions is enabled, and one exists. Please don't $session->start();
INFO - 2025-05-29 22:31:00 --> Session: Class initialized using 'CodeIgniter\Session\Handlers\FileHandler' driver.
WARNING - 2025-05-29 22:31:00 --> Session: Sessions is enabled, and one exists. Please don't $session->start();
INFO - 2025-05-29 22:32:22 --> Session: Class initialized using 'CodeIgniter\Session\Handlers\FileHandler' driver.
WARNING - 2025-05-29 22:32:22 --> Session: Sessions is enabled, and one exists. Please don't $session->start();
INFO - 2025-05-29 22:32:25 --> Session: Class initialized using 'CodeIgniter\Session\Handlers\FileHandler' driver.
WARNING - 2025-05-29 22:32:25 --> Session: Sessions is enabled, and one exists. Please don't $session->start();
INFO - 2025-05-29 22:32:34 --> Session: Class initialized using 'CodeIgniter\Session\Handlers\FileHandler' driver.
WARNING - 2025-05-29 22:32:34 --> Session: Sessions is enabled, and one exists. Please don't $session->start();
INFO - 2025-05-29 22:33:33 --> Session: Class initialized using 'CodeIgniter\Session\Handlers\FileHandler' driver.
WARNING - 2025-05-29 22:33:33 --> Session: Sessions is enabled, and one exists. Please don't $session->start();
INFO - 2025-05-29 22:33:33 --> Session: Class initialized using 'CodeIgniter\Session\Handlers\FileHandler' driver.
WARNING - 2025-05-29 22:33:33 --> Session: Sessions is enabled, and one exists. Please don't $session->start();
INFO - 2025-05-29 22:37:21 --> Session: Class initialized using 'CodeIgniter\Session\Handlers\FileHandler' driver.
WARNING - 2025-05-29 22:37:21 --> Session: Sessions is enabled, and one exists. Please don't $session->start();
INFO - 2025-05-29 22:37:22 --> Session: Class initialized using 'CodeIgniter\Session\Handlers\FileHandler' driver.
WARNING - 2025-05-29 22:37:22 --> Session: Sessions is enabled, and one exists. Please don't $session->start();
INFO - 2025-05-29 22:37:26 --> Session: Class initialized using 'CodeIgniter\Session\Handlers\FileHandler' driver.
WARNING - 2025-05-29 22:37:26 --> Session: Sessions is enabled, and one exists. Please don't $session->start();
INFO - 2025-05-29 22:37:26 --> Session: Class initialized using 'CodeIgniter\Session\Handlers\FileHandler' driver.
WARNING - 2025-05-29 22:37:26 --> Session: Sessions is enabled, and one exists. Please don't $session->start();
INFO - 2025-05-29 22:37:31 --> Session: Class initialized using 'CodeIgniter\Session\Handlers\FileHandler' driver.
WARNING - 2025-05-29 22:37:31 --> Session: Sessions is enabled, and one exists. Please don't $session->start();
INFO - 2025-05-29 22:37:31 --> Session: Class initialized using 'CodeIgniter\Session\Handlers\FileHandler' driver.
WARNING - 2025-05-29 22:37:31 --> Session: Sessions is enabled, and one exists. Please don't $session->start();
INFO - 2025-05-29 22:37:36 --> Session: Class initialized using 'CodeIgniter\Session\Handlers\FileHandler' driver.
WARNING - 2025-05-29 22:37:36 --> Session: Sessions is enabled, and one exists. Please don't $session->start();
INFO - 2025-05-29 22:37:36 --> Session: Class initialized using 'CodeIgniter\Session\Handlers\FileHandler' driver.
WARNING - 2025-05-29 22:37:36 --> Session: Sessions is enabled, and one exists. Please don't $session->start();
INFO - 2025-05-29 22:37:48 --> Session: Class initialized using 'CodeIgniter\Session\Handlers\FileHandler' driver.
WARNING - 2025-05-29 22:37:48 --> Session: Sessions is enabled, and one exists. Please don't $session->start();
INFO - 2025-05-29 22:37:48 --> Session: Class initialized using 'CodeIgniter\Session\Handlers\FileHandler' driver.
WARNING - 2025-05-29 22:37:48 --> Session: Sessions is enabled, and one exists. Please don't $session->start();
INFO - 2025-05-29 22:37:49 --> Session: Class initialized using 'CodeIgniter\Session\Handlers\FileHandler' driver.
WARNING - 2025-05-29 22:37:49 --> Session: Sessions is enabled, and one exists. Please don't $session->start();
INFO - 2025-05-29 22:37:57 --> Session: Class initialized using 'CodeIgniter\Session\Handlers\FileHandler' driver.
WARNING - 2025-05-29 22:37:57 --> Session: Sessions is enabled, and one exists. Please don't $session->start();
INFO - 2025-05-29 22:37:58 --> Session: Class initialized using 'CodeIgniter\Session\Handlers\FileHandler' driver.
WARNING - 2025-05-29 22:37:58 --> Session: Sessions is enabled, and one exists. Please don't $session->start();
INFO - 2025-05-29 22:37:58 --> Session: Class initialized using 'CodeIgniter\Session\Handlers\FileHandler' driver.
WARNING - 2025-05-29 22:37:58 --> Session: Sessions is enabled, and one exists. Please don't $session->start();
INFO - 2025-05-29 22:38:01 --> Session: Class initialized using 'CodeIgniter\Session\Handlers\FileHandler' driver.
WARNING - 2025-05-29 22:38:01 --> Session: Sessions is enabled, and one exists. Please don't $session->start();
INFO - 2025-05-29 22:38:02 --> Session: Class initialized using 'CodeIgniter\Session\Handlers\FileHandler' driver.
WARNING - 2025-05-29 22:38:02 --> Session: Sessions is enabled, and one exists. Please don't $session->start();
INFO - 2025-05-29 22:38:09 --> Session: Class initialized using 'CodeIgniter\Session\Handlers\FileHandler' driver.
WARNING - 2025-05-29 22:38:09 --> Session: Sessions is enabled, and one exists. Please don't $session->start();
INFO - 2025-05-29 22:38:10 --> Session: Class initialized using 'CodeIgniter\Session\Handlers\FileHandler' driver.
WARNING - 2025-05-29 22:38:10 --> Session: Sessions is enabled, and one exists. Please don't $session->start();
INFO - 2025-05-29 22:38:15 --> Session: Class initialized using 'CodeIgniter\Session\Handlers\FileHandler' driver.
WARNING - 2025-05-29 22:38:15 --> Session: Sessions is enabled, and one exists. Please don't $session->start();
INFO - 2025-05-29 22:38:22 --> Session: Class initialized using 'CodeIgniter\Session\Handlers\FileHandler' driver.
WARNING - 2025-05-29 22:38:22 --> Session: Sessions is enabled, and one exists. Please don't $session->start();
INFO - 2025-05-29 22:38:22 --> Session: Class initialized using 'CodeIgniter\Session\Handlers\FileHandler' driver.
WARNING - 2025-05-29 22:38:22 --> Session: Sessions is enabled, and one exists. Please don't $session->start();
INFO - 2025-05-29 22:38:22 --> Session: Class initialized using 'CodeIgniter\Session\Handlers\FileHandler' driver.
WARNING - 2025-05-29 22:38:22 --> Session: Sessions is enabled, and one exists. Please don't $session->start();
INFO - 2025-05-29 22:38:23 --> Session: Class initialized using 'CodeIgniter\Session\Handlers\FileHandler' driver.
WARNING - 2025-05-29 22:38:23 --> Session: Sessions is enabled, and one exists. Please don't $session->start();
INFO - 2025-05-29 22:38:23 --> Session: Class initialized using 'CodeIgniter\Session\Handlers\FileHandler' driver.
WARNING - 2025-05-29 22:38:23 --> Session: Sessions is enabled, and one exists. Please don't $session->start();
INFO - 2025-05-29 22:42:11 --> Session: Class initialized using 'CodeIgniter\Session\Handlers\FileHandler' driver.
WARNING - 2025-05-29 22:42:11 --> Session: Sessions is enabled, and one exists. Please don't $session->start();
INFO - 2025-05-29 22:42:11 --> Session: Class initialized using 'CodeIgniter\Session\Handlers\FileHandler' driver.
WARNING - 2025-05-29 22:42:11 --> Session: Sessions is enabled, and one exists. Please don't $session->start();
INFO - 2025-05-29 22:42:17 --> Session: Class initialized using 'CodeIgniter\Session\Handlers\FileHandler' driver.
WARNING - 2025-05-29 22:42:17 --> Session: Sessions is enabled, and one exists. Please don't $session->start();
INFO - 2025-05-29 22:42:19 --> Session: Class initialized using 'CodeIgniter\Session\Handlers\FileHandler' driver.
WARNING - 2025-05-29 22:42:19 --> Session: Sessions is enabled, and one exists. Please don't $session->start();
INFO - 2025-05-29 22:42:19 --> Session: Class initialized using 'CodeIgniter\Session\Handlers\FileHandler' driver.
WARNING - 2025-05-29 22:42:19 --> Session: Sessions is enabled, and one exists. Please don't $session->start();
INFO - 2025-05-29 22:42:19 --> Session: Class initialized using 'CodeIgniter\Session\Handlers\FileHandler' driver.
WARNING - 2025-05-29 22:42:19 --> Session: Sessions is enabled, and one exists. Please don't $session->start();
INFO - 2025-05-29 22:42:19 --> Session: Class initialized using 'CodeIgniter\Session\Handlers\FileHandler' driver.
WARNING - 2025-05-29 22:42:19 --> Session: Sessions is enabled, and one exists. Please don't $session->start();
INFO - 2025-05-29 22:42:20 --> Session: Class initialized using 'CodeIgniter\Session\Handlers\FileHandler' driver.
WARNING - 2025-05-29 22:42:20 --> Session: Sessions is enabled, and one exists. Please don't $session->start();
INFO - 2025-05-29 22:42:20 --> Session: Class initialized using 'CodeIgniter\Session\Handlers\FileHandler' driver.
WARNING - 2025-05-29 22:42:20 --> Session: Sessions is enabled, and one exists. Please don't $session->start();
INFO - 2025-05-29 22:42:21 --> Session: Class initialized using 'CodeIgniter\Session\Handlers\FileHandler' driver.
WARNING - 2025-05-29 22:42:21 --> Session: Sessions is enabled, and one exists. Please don't $session->start();
INFO - 2025-05-29 22:42:21 --> Session: Class initialized using 'CodeIgniter\Session\Handlers\FileHandler' driver.
WARNING - 2025-05-29 22:42:21 --> Session: Sessions is enabled, and one exists. Please don't $session->start();
INFO - 2025-05-29 22:43:31 --> Session: Class initialized using 'CodeIgniter\Session\Handlers\FileHandler' driver.
WARNING - 2025-05-29 22:43:31 --> Session: Sessions is enabled, and one exists. Please don't $session->start();
INFO - 2025-05-29 22:43:31 --> Session: Class initialized using 'CodeIgniter\Session\Handlers\FileHandler' driver.
WARNING - 2025-05-29 22:43:31 --> Session: Sessions is enabled, and one exists. Please don't $session->start();
INFO - 2025-05-29 22:43:33 --> Session: Class initialized using 'CodeIgniter\Session\Handlers\FileHandler' driver.
WARNING - 2025-05-29 22:43:33 --> Session: Sessions is enabled, and one exists. Please don't $session->start();
INFO - 2025-05-29 22:43:33 --> Session: Class initialized using 'CodeIgniter\Session\Handlers\FileHandler' driver.
WARNING - 2025-05-29 22:43:33 --> Session: Sessions is enabled, and one exists. Please don't $session->start();
INFO - 2025-05-29 22:43:34 --> Session: Class initialized using 'CodeIgniter\Session\Handlers\FileHandler' driver.
WARNING - 2025-05-29 22:43:34 --> Session: Sessions is enabled, and one exists. Please don't $session->start();
INFO - 2025-05-29 22:47:11 --> Session: Class initialized using 'CodeIgniter\Session\Handlers\FileHandler' driver.
WARNING - 2025-05-29 22:47:11 --> Session: Sessions is enabled, and one exists. Please don't $session->start();
INFO - 2025-05-29 22:47:12 --> Session: Class initialized using 'CodeIgniter\Session\Handlers\FileHandler' driver.
WARNING - 2025-05-29 22:47:12 --> Session: Sessions is enabled, and one exists. Please don't $session->start();
INFO - 2025-05-29 22:47:16 --> Session: Class initialized using 'CodeIgniter\Session\Handlers\FileHandler' driver.
WARNING - 2025-05-29 22:47:16 --> Session: Sessions is enabled, and one exists. Please don't $session->start();
INFO - 2025-05-29 22:47:17 --> Session: Class initialized using 'CodeIgniter\Session\Handlers\FileHandler' driver.
WARNING - 2025-05-29 22:47:17 --> Session: Sessions is enabled, and one exists. Please don't $session->start();
INFO - 2025-05-29 22:47:17 --> Session: Class initialized using 'CodeIgniter\Session\Handlers\FileHandler' driver.
WARNING - 2025-05-29 22:47:17 --> Session: Sessions is enabled, and one exists. Please don't $session->start();
