INFO - 2025-08-08 19:05:36 --> Session: Class initialized using 'CodeIgniter\Session\Handlers\FileHandler' driver.
WARNING - 2025-08-08 19:05:36 --> Session: Sessions is enabled, and one exists. Please don't $session->start();
ERROR - 2025-08-08 19:05:37 --> mysqli_sql_exception: Duplicate column name 'gate_way_token' in C:\laragon\www\pro1\vendor\codeigniter4\framework\system\Database\MySQLi\Connection.php:312
Stack trace:
#0 C:\laragon\www\pro1\vendor\codeigniter4\framework\system\Database\MySQLi\Connection.php(312): mysqli->query('ALTER TABLE `to...', 0)
#1 C:\laragon\www\pro1\vendor\codeigniter4\framework\system\Database\BaseConnection.php(734): CodeIgniter\Database\MySQLi\Connection->execute('ALTER TABLE `to...')
#2 C:\laragon\www\pro1\vendor\codeigniter4\framework\system\Database\BaseConnection.php(648): CodeIgniter\Database\BaseConnection->simpleQuery('ALTER TABLE `to...')
#3 C:\laragon\www\pro1\app\Controllers\Crons_c.php(107): CodeIgniter\Database\BaseConnection->query('ALTER TABLE `to...')
#4 C:\laragon\www\pro1\vendor\codeigniter4\framework\system\CodeIgniter.php(933): App\Controllers\Crons_c->run_query()
#5 C:\laragon\www\pro1\vendor\codeigniter4\framework\system\CodeIgniter.php(509): CodeIgniter\CodeIgniter->runController(Object(App\Controllers\Crons_c))
#6 C:\laragon\www\pro1\vendor\codeigniter4\framework\system\CodeIgniter.php(355): CodeIgniter\CodeIgniter->handleRequest(NULL, Object(Config\Cache), false)
#7 C:\laragon\www\pro1\vendor\codeigniter4\framework\system\Boot.php(325): CodeIgniter\CodeIgniter->run()
#8 C:\laragon\www\pro1\vendor\codeigniter4\framework\system\Boot.php(67): CodeIgniter\Boot::runCodeIgniter(Object(CodeIgniter\CodeIgniter))
#9 C:\laragon\www\pro1\index.php(57): CodeIgniter\Boot::bootWeb(Object(Config\Paths))
#10 {main}
CRITICAL - 2025-08-08 19:05:37 --> CodeIgniter\Database\Exceptions\DatabaseException: Duplicate column name 'gate_way_token'
[Method: GET, Route: run-query]
in SYSTEMPATH\Database\BaseConnection.php on line 688.
 1 APPPATH\Controllers\Crons_c.php(107): CodeIgniter\Database\BaseConnection->query('ALTER TABLE `topups` ADD `gate_way_token` VARCHAR(100) NULL AFTER `is_get_salary`')
 2 SYSTEMPATH\CodeIgniter.php(933): App\Controllers\Crons_c->run_query()
 3 SYSTEMPATH\CodeIgniter.php(509): CodeIgniter\CodeIgniter->runController(Object(App\Controllers\Crons_c))
 4 SYSTEMPATH\CodeIgniter.php(355): CodeIgniter\CodeIgniter->handleRequest(null, Object(Config\Cache), false)
 5 SYSTEMPATH\Boot.php(325): CodeIgniter\CodeIgniter->run()
 6 SYSTEMPATH\Boot.php(67): CodeIgniter\Boot::runCodeIgniter(Object(CodeIgniter\CodeIgniter))
 7 FCPATH\index.php(57): CodeIgniter\Boot::bootWeb(Object(Config\Paths))
CRITICAL - 2025-08-08 19:05:37 --> [Caused by] CodeIgniter\Database\Exceptions\DatabaseException: Duplicate column name 'gate_way_token'
in SYSTEMPATH\Database\MySQLi\Connection.php on line 317.
 1 SYSTEMPATH\Database\BaseConnection.php(734): CodeIgniter\Database\MySQLi\Connection->execute('ALTER TABLE `topups` ADD `gate_way_token` VARCHAR(100) NULL AFTER `is_get_salary`')
 2 SYSTEMPATH\Database\BaseConnection.php(648): CodeIgniter\Database\BaseConnection->simpleQuery('ALTER TABLE `topups` ADD `gate_way_token` VARCHAR(100) NULL AFTER `is_get_salary`')
 3 APPPATH\Controllers\Crons_c.php(107): CodeIgniter\Database\BaseConnection->query('ALTER TABLE `topups` ADD `gate_way_token` VARCHAR(100) NULL AFTER `is_get_salary`')
 4 SYSTEMPATH\CodeIgniter.php(933): App\Controllers\Crons_c->run_query()
 5 SYSTEMPATH\CodeIgniter.php(509): CodeIgniter\CodeIgniter->runController(Object(App\Controllers\Crons_c))
 6 SYSTEMPATH\CodeIgniter.php(355): CodeIgniter\CodeIgniter->handleRequest(null, Object(Config\Cache), false)
 7 SYSTEMPATH\Boot.php(325): CodeIgniter\CodeIgniter->run()
 8 SYSTEMPATH\Boot.php(67): CodeIgniter\Boot::runCodeIgniter(Object(CodeIgniter\CodeIgniter))
 9 FCPATH\index.php(57): CodeIgniter\Boot::bootWeb(Object(Config\Paths))
CRITICAL - 2025-08-08 19:05:37 --> [Caused by] mysqli_sql_exception: Duplicate column name 'gate_way_token'
in SYSTEMPATH\Database\MySQLi\Connection.php on line 312.
 1 SYSTEMPATH\Database\MySQLi\Connection.php(312): mysqli->query('ALTER TABLE `topups` ADD `gate_way_token` VARCHAR(100) NULL AFTER `is_get_salary`', 0)
 2 SYSTEMPATH\Database\BaseConnection.php(734): CodeIgniter\Database\MySQLi\Connection->execute('ALTER TABLE `topups` ADD `gate_way_token` VARCHAR(100) NULL AFTER `is_get_salary`')
 3 SYSTEMPATH\Database\BaseConnection.php(648): CodeIgniter\Database\BaseConnection->simpleQuery('ALTER TABLE `topups` ADD `gate_way_token` VARCHAR(100) NULL AFTER `is_get_salary`')
 4 APPPATH\Controllers\Crons_c.php(107): CodeIgniter\Database\BaseConnection->query('ALTER TABLE `topups` ADD `gate_way_token` VARCHAR(100) NULL AFTER `is_get_salary`')
 5 SYSTEMPATH\CodeIgniter.php(933): App\Controllers\Crons_c->run_query()
 6 SYSTEMPATH\CodeIgniter.php(509): CodeIgniter\CodeIgniter->runController(Object(App\Controllers\Crons_c))
 7 SYSTEMPATH\CodeIgniter.php(355): CodeIgniter\CodeIgniter->handleRequest(null, Object(Config\Cache), false)
 8 SYSTEMPATH\Boot.php(325): CodeIgniter\CodeIgniter->run()
 9 SYSTEMPATH\Boot.php(67): CodeIgniter\Boot::runCodeIgniter(Object(CodeIgniter\CodeIgniter))
10 FCPATH\index.php(57): CodeIgniter\Boot::bootWeb(Object(Config\Paths))
INFO - 2025-08-08 19:06:41 --> Session: Class initialized using 'CodeIgniter\Session\Handlers\FileHandler' driver.
WARNING - 2025-08-08 19:06:41 --> Session: Sessions is enabled, and one exists. Please don't $session->start();
ERROR - 2025-08-08 19:06:41 --> mysqli_sql_exception: Duplicate column name 'gate_way_token' in C:\laragon\www\pro1\vendor\codeigniter4\framework\system\Database\MySQLi\Connection.php:312
Stack trace:
#0 C:\laragon\www\pro1\vendor\codeigniter4\framework\system\Database\MySQLi\Connection.php(312): mysqli->query('ALTER TABLE `to...', 0)
#1 C:\laragon\www\pro1\vendor\codeigniter4\framework\system\Database\BaseConnection.php(734): CodeIgniter\Database\MySQLi\Connection->execute('ALTER TABLE `to...')
#2 C:\laragon\www\pro1\vendor\codeigniter4\framework\system\Database\BaseConnection.php(648): CodeIgniter\Database\BaseConnection->simpleQuery('ALTER TABLE `to...')
#3 C:\laragon\www\pro1\app\Controllers\Crons_c.php(107): CodeIgniter\Database\BaseConnection->query('ALTER TABLE `to...')
#4 C:\laragon\www\pro1\vendor\codeigniter4\framework\system\CodeIgniter.php(933): App\Controllers\Crons_c->run_query()
#5 C:\laragon\www\pro1\vendor\codeigniter4\framework\system\CodeIgniter.php(509): CodeIgniter\CodeIgniter->runController(Object(App\Controllers\Crons_c))
#6 C:\laragon\www\pro1\vendor\codeigniter4\framework\system\CodeIgniter.php(355): CodeIgniter\CodeIgniter->handleRequest(NULL, Object(Config\Cache), false)
#7 C:\laragon\www\pro1\vendor\codeigniter4\framework\system\Boot.php(325): CodeIgniter\CodeIgniter->run()
#8 C:\laragon\www\pro1\vendor\codeigniter4\framework\system\Boot.php(67): CodeIgniter\Boot::runCodeIgniter(Object(CodeIgniter\CodeIgniter))
#9 C:\laragon\www\pro1\index.php(57): CodeIgniter\Boot::bootWeb(Object(Config\Paths))
#10 {main}
CRITICAL - 2025-08-08 19:06:41 --> CodeIgniter\Database\Exceptions\DatabaseException: Duplicate column name 'gate_way_token'
[Method: GET, Route: run-query]
in SYSTEMPATH\Database\BaseConnection.php on line 688.
 1 APPPATH\Controllers\Crons_c.php(107): CodeIgniter\Database\BaseConnection->query('ALTER TABLE `topups` ADD `gate_way_token` VARCHAR(100) NULL AFTER `is_get_salary`')
 2 SYSTEMPATH\CodeIgniter.php(933): App\Controllers\Crons_c->run_query()
 3 SYSTEMPATH\CodeIgniter.php(509): CodeIgniter\CodeIgniter->runController(Object(App\Controllers\Crons_c))
 4 SYSTEMPATH\CodeIgniter.php(355): CodeIgniter\CodeIgniter->handleRequest(null, Object(Config\Cache), false)
 5 SYSTEMPATH\Boot.php(325): CodeIgniter\CodeIgniter->run()
 6 SYSTEMPATH\Boot.php(67): CodeIgniter\Boot::runCodeIgniter(Object(CodeIgniter\CodeIgniter))
 7 FCPATH\index.php(57): CodeIgniter\Boot::bootWeb(Object(Config\Paths))
CRITICAL - 2025-08-08 19:06:41 --> [Caused by] CodeIgniter\Database\Exceptions\DatabaseException: Duplicate column name 'gate_way_token'
in SYSTEMPATH\Database\MySQLi\Connection.php on line 317.
 1 SYSTEMPATH\Database\BaseConnection.php(734): CodeIgniter\Database\MySQLi\Connection->execute('ALTER TABLE `topups` ADD `gate_way_token` VARCHAR(100) NULL AFTER `is_get_salary`')
 2 SYSTEMPATH\Database\BaseConnection.php(648): CodeIgniter\Database\BaseConnection->simpleQuery('ALTER TABLE `topups` ADD `gate_way_token` VARCHAR(100) NULL AFTER `is_get_salary`')
 3 APPPATH\Controllers\Crons_c.php(107): CodeIgniter\Database\BaseConnection->query('ALTER TABLE `topups` ADD `gate_way_token` VARCHAR(100) NULL AFTER `is_get_salary`')
 4 SYSTEMPATH\CodeIgniter.php(933): App\Controllers\Crons_c->run_query()
 5 SYSTEMPATH\CodeIgniter.php(509): CodeIgniter\CodeIgniter->runController(Object(App\Controllers\Crons_c))
 6 SYSTEMPATH\CodeIgniter.php(355): CodeIgniter\CodeIgniter->handleRequest(null, Object(Config\Cache), false)
 7 SYSTEMPATH\Boot.php(325): CodeIgniter\CodeIgniter->run()
 8 SYSTEMPATH\Boot.php(67): CodeIgniter\Boot::runCodeIgniter(Object(CodeIgniter\CodeIgniter))
 9 FCPATH\index.php(57): CodeIgniter\Boot::bootWeb(Object(Config\Paths))
CRITICAL - 2025-08-08 19:06:41 --> [Caused by] mysqli_sql_exception: Duplicate column name 'gate_way_token'
in SYSTEMPATH\Database\MySQLi\Connection.php on line 312.
 1 SYSTEMPATH\Database\MySQLi\Connection.php(312): mysqli->query('ALTER TABLE `topups` ADD `gate_way_token` VARCHAR(100) NULL AFTER `is_get_salary`', 0)
 2 SYSTEMPATH\Database\BaseConnection.php(734): CodeIgniter\Database\MySQLi\Connection->execute('ALTER TABLE `topups` ADD `gate_way_token` VARCHAR(100) NULL AFTER `is_get_salary`')
 3 SYSTEMPATH\Database\BaseConnection.php(648): CodeIgniter\Database\BaseConnection->simpleQuery('ALTER TABLE `topups` ADD `gate_way_token` VARCHAR(100) NULL AFTER `is_get_salary`')
 4 APPPATH\Controllers\Crons_c.php(107): CodeIgniter\Database\BaseConnection->query('ALTER TABLE `topups` ADD `gate_way_token` VARCHAR(100) NULL AFTER `is_get_salary`')
 5 SYSTEMPATH\CodeIgniter.php(933): App\Controllers\Crons_c->run_query()
 6 SYSTEMPATH\CodeIgniter.php(509): CodeIgniter\CodeIgniter->runController(Object(App\Controllers\Crons_c))
 7 SYSTEMPATH\CodeIgniter.php(355): CodeIgniter\CodeIgniter->handleRequest(null, Object(Config\Cache), false)
 8 SYSTEMPATH\Boot.php(325): CodeIgniter\CodeIgniter->run()
 9 SYSTEMPATH\Boot.php(67): CodeIgniter\Boot::runCodeIgniter(Object(CodeIgniter\CodeIgniter))
10 FCPATH\index.php(57): CodeIgniter\Boot::bootWeb(Object(Config\Paths))
INFO - 2025-08-08 19:08:09 --> Session: Class initialized using 'CodeIgniter\Session\Handlers\FileHandler' driver.
WARNING - 2025-08-08 19:08:09 --> Session: Sessions is enabled, and one exists. Please don't $session->start();
ERROR - 2025-08-08 19:08:09 --> mysqli_sql_exception: Duplicate column name 'free_recharge_gate_way' in C:\laragon\www\pro1\vendor\codeigniter4\framework\system\Database\MySQLi\Connection.php:312
Stack trace:
#0 C:\laragon\www\pro1\vendor\codeigniter4\framework\system\Database\MySQLi\Connection.php(312): mysqli->query('ALTER TABLE `se...', 0)
#1 C:\laragon\www\pro1\vendor\codeigniter4\framework\system\Database\BaseConnection.php(734): CodeIgniter\Database\MySQLi\Connection->execute('ALTER TABLE `se...')
#2 C:\laragon\www\pro1\vendor\codeigniter4\framework\system\Database\BaseConnection.php(648): CodeIgniter\Database\BaseConnection->simpleQuery('ALTER TABLE `se...')
#3 C:\laragon\www\pro1\app\Controllers\Crons_c.php(107): CodeIgniter\Database\BaseConnection->query('ALTER TABLE `se...')
#4 C:\laragon\www\pro1\vendor\codeigniter4\framework\system\CodeIgniter.php(933): App\Controllers\Crons_c->run_query()
#5 C:\laragon\www\pro1\vendor\codeigniter4\framework\system\CodeIgniter.php(509): CodeIgniter\CodeIgniter->runController(Object(App\Controllers\Crons_c))
#6 C:\laragon\www\pro1\vendor\codeigniter4\framework\system\CodeIgniter.php(355): CodeIgniter\CodeIgniter->handleRequest(NULL, Object(Config\Cache), false)
#7 C:\laragon\www\pro1\vendor\codeigniter4\framework\system\Boot.php(325): CodeIgniter\CodeIgniter->run()
#8 C:\laragon\www\pro1\vendor\codeigniter4\framework\system\Boot.php(67): CodeIgniter\Boot::runCodeIgniter(Object(CodeIgniter\CodeIgniter))
#9 C:\laragon\www\pro1\index.php(57): CodeIgniter\Boot::bootWeb(Object(Config\Paths))
#10 {main}
CRITICAL - 2025-08-08 19:08:09 --> CodeIgniter\Database\Exceptions\DatabaseException: Duplicate column name 'free_recharge_gate_way'
[Method: GET, Route: run-query]
in SYSTEMPATH\Database\BaseConnection.php on line 688.
 1 APPPATH\Controllers\Crons_c.php(107): CodeIgniter\Database\BaseConnection->query('ALTER TABLE `setting` ADD `free_recharge_gate_way` INT NOT NULL DEFAULT \'1\' AFTER `delhi_harup_minimum_limit`')
 2 SYSTEMPATH\CodeIgniter.php(933): App\Controllers\Crons_c->run_query()
 3 SYSTEMPATH\CodeIgniter.php(509): CodeIgniter\CodeIgniter->runController(Object(App\Controllers\Crons_c))
 4 SYSTEMPATH\CodeIgniter.php(355): CodeIgniter\CodeIgniter->handleRequest(null, Object(Config\Cache), false)
 5 SYSTEMPATH\Boot.php(325): CodeIgniter\CodeIgniter->run()
 6 SYSTEMPATH\Boot.php(67): CodeIgniter\Boot::runCodeIgniter(Object(CodeIgniter\CodeIgniter))
 7 FCPATH\index.php(57): CodeIgniter\Boot::bootWeb(Object(Config\Paths))
CRITICAL - 2025-08-08 19:08:09 --> [Caused by] CodeIgniter\Database\Exceptions\DatabaseException: Duplicate column name 'free_recharge_gate_way'
in SYSTEMPATH\Database\MySQLi\Connection.php on line 317.
 1 SYSTEMPATH\Database\BaseConnection.php(734): CodeIgniter\Database\MySQLi\Connection->execute('ALTER TABLE `setting` ADD `free_recharge_gate_way` INT NOT NULL DEFAULT \'1\' AFTER `delhi_harup_minimum_limit`')
 2 SYSTEMPATH\Database\BaseConnection.php(648): CodeIgniter\Database\BaseConnection->simpleQuery('ALTER TABLE `setting` ADD `free_recharge_gate_way` INT NOT NULL DEFAULT \'1\' AFTER `delhi_harup_minimum_limit`')
 3 APPPATH\Controllers\Crons_c.php(107): CodeIgniter\Database\BaseConnection->query('ALTER TABLE `setting` ADD `free_recharge_gate_way` INT NOT NULL DEFAULT \'1\' AFTER `delhi_harup_minimum_limit`')
 4 SYSTEMPATH\CodeIgniter.php(933): App\Controllers\Crons_c->run_query()
 5 SYSTEMPATH\CodeIgniter.php(509): CodeIgniter\CodeIgniter->runController(Object(App\Controllers\Crons_c))
 6 SYSTEMPATH\CodeIgniter.php(355): CodeIgniter\CodeIgniter->handleRequest(null, Object(Config\Cache), false)
 7 SYSTEMPATH\Boot.php(325): CodeIgniter\CodeIgniter->run()
 8 SYSTEMPATH\Boot.php(67): CodeIgniter\Boot::runCodeIgniter(Object(CodeIgniter\CodeIgniter))
 9 FCPATH\index.php(57): CodeIgniter\Boot::bootWeb(Object(Config\Paths))
CRITICAL - 2025-08-08 19:08:09 --> [Caused by] mysqli_sql_exception: Duplicate column name 'free_recharge_gate_way'
in SYSTEMPATH\Database\MySQLi\Connection.php on line 312.
 1 SYSTEMPATH\Database\MySQLi\Connection.php(312): mysqli->query('ALTER TABLE `setting` ADD `free_recharge_gate_way` INT NOT NULL DEFAULT \'1\' AFTER `delhi_harup_minimum_limit`', 0)
 2 SYSTEMPATH\Database\BaseConnection.php(734): CodeIgniter\Database\MySQLi\Connection->execute('ALTER TABLE `setting` ADD `free_recharge_gate_way` INT NOT NULL DEFAULT \'1\' AFTER `delhi_harup_minimum_limit`')
 3 SYSTEMPATH\Database\BaseConnection.php(648): CodeIgniter\Database\BaseConnection->simpleQuery('ALTER TABLE `setting` ADD `free_recharge_gate_way` INT NOT NULL DEFAULT \'1\' AFTER `delhi_harup_minimum_limit`')
 4 APPPATH\Controllers\Crons_c.php(107): CodeIgniter\Database\BaseConnection->query('ALTER TABLE `setting` ADD `free_recharge_gate_way` INT NOT NULL DEFAULT \'1\' AFTER `delhi_harup_minimum_limit`')
 5 SYSTEMPATH\CodeIgniter.php(933): App\Controllers\Crons_c->run_query()
 6 SYSTEMPATH\CodeIgniter.php(509): CodeIgniter\CodeIgniter->runController(Object(App\Controllers\Crons_c))
 7 SYSTEMPATH\CodeIgniter.php(355): CodeIgniter\CodeIgniter->handleRequest(null, Object(Config\Cache), false)
 8 SYSTEMPATH\Boot.php(325): CodeIgniter\CodeIgniter->run()
 9 SYSTEMPATH\Boot.php(67): CodeIgniter\Boot::runCodeIgniter(Object(CodeIgniter\CodeIgniter))
10 FCPATH\index.php(57): CodeIgniter\Boot::bootWeb(Object(Config\Paths))
INFO - 2025-08-08 19:41:39 --> Session: Class initialized using 'CodeIgniter\Session\Handlers\FileHandler' driver.
WARNING - 2025-08-08 19:41:39 --> Session: Sessions is enabled, and one exists. Please don't $session->start();
CRITICAL - 2025-08-08 19:41:39 --> Error: Undefined constant "USER_SHARE_APP_TITLE"
[Method: GET, Route: dashboard-user]
in APPPATH\Views\user\common\footer.php on line 35.
 1 SYSTEMPATH\View\View.php(234): include()
 2 SYSTEMPATH\View\View.php(237): CodeIgniter\View\View->CodeIgniter\View\{closure}()
 3 SYSTEMPATH\Common.php(1171): CodeIgniter\View\View->render('user/common/footer', [], true)
 4 APPPATH\Helpers\functions_helper.php(522): view('user/common/footer', [...])
 5 APPPATH\Controllers\User_c.php(130): load_view('user', 'user/dashboard', [...])
 6 SYSTEMPATH\CodeIgniter.php(933): App\Controllers\User_c->index()
 7 SYSTEMPATH\CodeIgniter.php(509): CodeIgniter\CodeIgniter->runController(Object(App\Controllers\User_c))
 8 SYSTEMPATH\CodeIgniter.php(355): CodeIgniter\CodeIgniter->handleRequest(null, Object(Config\Cache), false)
 9 SYSTEMPATH\Boot.php(325): CodeIgniter\CodeIgniter->run()
10 SYSTEMPATH\Boot.php(67): CodeIgniter\Boot::runCodeIgniter(Object(CodeIgniter\CodeIgniter))
11 FCPATH\index.php(57): CodeIgniter\Boot::bootWeb(Object(Config\Paths))
