INFO - 2025-11-28 18:46:34 --> Session: Class initialized using 'CodeIgniter\Session\Handlers\FileHandler' driver.
WARNING - 2025-11-28 18:46:34 --> Session: Sessions is enabled, and one exists. Please don't $session->start();
INFO - 2025-11-28 18:46:36 --> Session: Class initialized using 'CodeIgniter\Session\Handlers\FileHandler' driver.
WARNING - 2025-11-28 18:46:36 --> Session: Sessions is enabled, and one exists. Please don't $session->start();
CRITICAL - 2025-11-28 18:46:37 --> ErrorException: Undefined array key "form_token"
[Method: GET, Route: dashboard-user]
in APPPATH\Views\user\js\dashboard_js.php on line 69.
 1 APPPATH\Views\user\js\dashboard_js.php(69): CodeIgniter\Debug\Exceptions->errorHandler(2, 'Undefined array key "form_token"', 'C:\\laragon\\www\\coin\\app\\Views\\user\\js\\dashboard_js.php', 69)
 2 APPPATH\Views\user\common\footer.php(21): include('C:\\laragon\\www\\coin\\app\\Views\\user\\js\\dashboard_js.php')
 3 SYSTEMPATH\View\View.php(234): include('C:\\laragon\\www\\coin\\app\\Views\\user\\common\\footer.php')
 4 SYSTEMPATH\View\View.php(237): CodeIgniter\View\View->CodeIgniter\View\{closure}()
 5 SYSTEMPATH\Common.php(1171): CodeIgniter\View\View->render('user/common/footer', [], true)
 6 APPPATH\Helpers\functions_helper.php(274): view('user/common/footer', [...])
 7 APPPATH\Controllers\User_c.php(58): load_view('user', 'user/dashboard', [...])
 8 SYSTEMPATH\CodeIgniter.php(933): App\Controllers\User_c->index()
 9 SYSTEMPATH\CodeIgniter.php(509): CodeIgniter\CodeIgniter->runController(Object(App\Controllers\User_c))
10 SYSTEMPATH\CodeIgniter.php(355): CodeIgniter\CodeIgniter->handleRequest(null, Object(Config\Cache), false)
11 SYSTEMPATH\Boot.php(325): CodeIgniter\CodeIgniter->run()
12 SYSTEMPATH\Boot.php(67): CodeIgniter\Boot::runCodeIgniter(Object(CodeIgniter\CodeIgniter))
13 FCPATH\index.php(57): CodeIgniter\Boot::bootWeb(Object(Config\Paths))
INFO - 2025-11-28 18:47:37 --> Session: Class initialized using 'CodeIgniter\Session\Handlers\FileHandler' driver.
WARNING - 2025-11-28 18:47:37 --> Session: Sessions is enabled, and one exists. Please don't $session->start();
INFO - 2025-11-28 18:50:32 --> Session: Class initialized using 'CodeIgniter\Session\Handlers\FileHandler' driver.
WARNING - 2025-11-28 18:50:32 --> Session: Sessions is enabled, and one exists. Please don't $session->start();
INFO - 2025-11-28 18:50:40 --> Session: Class initialized using 'CodeIgniter\Session\Handlers\FileHandler' driver.
WARNING - 2025-11-28 18:50:40 --> Session: Sessions is enabled, and one exists. Please don't $session->start();
INFO - 2025-11-28 18:51:40 --> Session: Class initialized using 'CodeIgniter\Session\Handlers\FileHandler' driver.
WARNING - 2025-11-28 18:51:40 --> Session: Sessions is enabled, and one exists. Please don't $session->start();
INFO - 2025-11-28 19:17:02 --> Session: Class initialized using 'CodeIgniter\Session\Handlers\FileHandler' driver.
WARNING - 2025-11-28 19:17:02 --> Session: Sessions is enabled, and one exists. Please don't $session->start();
CRITICAL - 2025-11-28 19:17:05 --> Error: Undefined constant "UPDATE_BANK_DETAILS_LINK"
[Method: GET, Route: dashboard-user]
in APPPATH\Views\user\common\sidebar.php on line 35.
 1 SYSTEMPATH\View\View.php(234): include()
 2 SYSTEMPATH\View\View.php(237): CodeIgniter\View\View->CodeIgniter\View\{closure}()
 3 SYSTEMPATH\Common.php(1171): CodeIgniter\View\View->render('user/common/sidebar', [], true)
 4 APPPATH\Helpers\functions_helper.php(271): view('user/common/sidebar', [...])
 5 APPPATH\Controllers\User_c.php(58): load_view('user', 'user/dashboard', [...])
 6 SYSTEMPATH\CodeIgniter.php(933): App\Controllers\User_c->index()
 7 SYSTEMPATH\CodeIgniter.php(509): CodeIgniter\CodeIgniter->runController(Object(App\Controllers\User_c))
 8 SYSTEMPATH\CodeIgniter.php(355): CodeIgniter\CodeIgniter->handleRequest(null, Object(Config\Cache), false)
 9 SYSTEMPATH\Boot.php(325): CodeIgniter\CodeIgniter->run()
10 SYSTEMPATH\Boot.php(67): CodeIgniter\Boot::runCodeIgniter(Object(CodeIgniter\CodeIgniter))
11 FCPATH\index.php(57): CodeIgniter\Boot::bootWeb(Object(Config\Paths))
INFO - 2025-11-28 19:20:27 --> Session: Class initialized using 'CodeIgniter\Session\Handlers\FileHandler' driver.
WARNING - 2025-11-28 19:20:27 --> Session: Sessions is enabled, and one exists. Please don't $session->start();
INFO - 2025-11-28 19:21:19 --> Session: Class initialized using 'CodeIgniter\Session\Handlers\FileHandler' driver.
WARNING - 2025-11-28 19:21:19 --> Session: Sessions is enabled, and one exists. Please don't $session->start();
INFO - 2025-11-28 19:21:26 --> Session: Class initialized using 'CodeIgniter\Session\Handlers\FileHandler' driver.
WARNING - 2025-11-28 19:21:26 --> Session: Sessions is enabled, and one exists. Please don't $session->start();
INFO - 2025-11-28 19:22:43 --> Session: Class initialized using 'CodeIgniter\Session\Handlers\FileHandler' driver.
WARNING - 2025-11-28 19:22:43 --> Session: Sessions is enabled, and one exists. Please don't $session->start();
INFO - 2025-11-28 19:22:52 --> Session: Class initialized using 'CodeIgniter\Session\Handlers\FileHandler' driver.
WARNING - 2025-11-28 19:22:52 --> Session: Sessions is enabled, and one exists. Please don't $session->start();
INFO - 2025-11-28 19:24:13 --> Session: Class initialized using 'CodeIgniter\Session\Handlers\FileHandler' driver.
WARNING - 2025-11-28 19:24:13 --> Session: Sessions is enabled, and one exists. Please don't $session->start();
INFO - 2025-11-28 19:24:22 --> Session: Class initialized using 'CodeIgniter\Session\Handlers\FileHandler' driver.
WARNING - 2025-11-28 19:24:22 --> Session: Sessions is enabled, and one exists. Please don't $session->start();
INFO - 2025-11-28 19:25:35 --> Session: Class initialized using 'CodeIgniter\Session\Handlers\FileHandler' driver.
WARNING - 2025-11-28 19:25:35 --> Session: Sessions is enabled, and one exists. Please don't $session->start();
INFO - 2025-11-28 19:25:41 --> Session: Class initialized using 'CodeIgniter\Session\Handlers\FileHandler' driver.
WARNING - 2025-11-28 19:25:41 --> Session: Sessions is enabled, and one exists. Please don't $session->start();
INFO - 2025-11-28 19:25:57 --> Session: Class initialized using 'CodeIgniter\Session\Handlers\FileHandler' driver.
WARNING - 2025-11-28 19:25:57 --> Session: Sessions is enabled, and one exists. Please don't $session->start();
INFO - 2025-11-28 19:26:35 --> Session: Class initialized using 'CodeIgniter\Session\Handlers\FileHandler' driver.
WARNING - 2025-11-28 19:26:35 --> Session: Sessions is enabled, and one exists. Please don't $session->start();
INFO - 2025-11-28 19:26:46 --> Session: Class initialized using 'CodeIgniter\Session\Handlers\FileHandler' driver.
WARNING - 2025-11-28 19:26:46 --> Session: Sessions is enabled, and one exists. Please don't $session->start();
INFO - 2025-11-28 19:27:04 --> Session: Class initialized using 'CodeIgniter\Session\Handlers\FileHandler' driver.
WARNING - 2025-11-28 19:27:04 --> Session: Sessions is enabled, and one exists. Please don't $session->start();
INFO - 2025-11-28 19:27:23 --> Session: Class initialized using 'CodeIgniter\Session\Handlers\FileHandler' driver.
WARNING - 2025-11-28 19:27:23 --> Session: Sessions is enabled, and one exists. Please don't $session->start();
INFO - 2025-11-28 19:27:30 --> Session: Class initialized using 'CodeIgniter\Session\Handlers\FileHandler' driver.
WARNING - 2025-11-28 19:27:30 --> Session: Sessions is enabled, and one exists. Please don't $session->start();
INFO - 2025-11-28 19:27:39 --> Session: Class initialized using 'CodeIgniter\Session\Handlers\FileHandler' driver.
WARNING - 2025-11-28 19:27:39 --> Session: Sessions is enabled, and one exists. Please don't $session->start();
INFO - 2025-11-28 19:28:07 --> Session: Class initialized using 'CodeIgniter\Session\Handlers\FileHandler' driver.
WARNING - 2025-11-28 19:28:07 --> Session: Sessions is enabled, and one exists. Please don't $session->start();
INFO - 2025-11-28 19:34:29 --> Session: Class initialized using 'CodeIgniter\Session\Handlers\FileHandler' driver.
WARNING - 2025-11-28 19:34:29 --> Session: Sessions is enabled, and one exists. Please don't $session->start();
INFO - 2025-11-28 19:34:30 --> Session: Class initialized using 'CodeIgniter\Session\Handlers\FileHandler' driver.
WARNING - 2025-11-28 19:34:30 --> Session: Sessions is enabled, and one exists. Please don't $session->start();
INFO - 2025-11-28 19:36:39 --> Session: Class initialized using 'CodeIgniter\Session\Handlers\FileHandler' driver.
WARNING - 2025-11-28 19:36:39 --> Session: Sessions is enabled, and one exists. Please don't $session->start();
INFO - 2025-11-28 19:36:51 --> Session: Class initialized using 'CodeIgniter\Session\Handlers\FileHandler' driver.
WARNING - 2025-11-28 19:36:51 --> Session: Sessions is enabled, and one exists. Please don't $session->start();
INFO - 2025-11-28 19:37:57 --> Session: Class initialized using 'CodeIgniter\Session\Handlers\FileHandler' driver.
WARNING - 2025-11-28 19:37:57 --> Session: Sessions is enabled, and one exists. Please don't $session->start();
INFO - 2025-11-28 19:38:07 --> Session: Class initialized using 'CodeIgniter\Session\Handlers\FileHandler' driver.
WARNING - 2025-11-28 19:38:07 --> Session: Sessions is enabled, and one exists. Please don't $session->start();
INFO - 2025-11-28 19:39:14 --> Session: Class initialized using 'CodeIgniter\Session\Handlers\FileHandler' driver.
WARNING - 2025-11-28 19:39:14 --> Session: Sessions is enabled, and one exists. Please don't $session->start();
INFO - 2025-11-28 19:39:25 --> Session: Class initialized using 'CodeIgniter\Session\Handlers\FileHandler' driver.
WARNING - 2025-11-28 19:39:25 --> Session: Sessions is enabled, and one exists. Please don't $session->start();
INFO - 2025-11-28 19:41:38 --> Session: Class initialized using 'CodeIgniter\Session\Handlers\FileHandler' driver.
WARNING - 2025-11-28 19:41:38 --> Session: Sessions is enabled, and one exists. Please don't $session->start();
INFO - 2025-11-28 19:41:53 --> Session: Class initialized using 'CodeIgniter\Session\Handlers\FileHandler' driver.
WARNING - 2025-11-28 19:41:53 --> Session: Sessions is enabled, and one exists. Please don't $session->start();
INFO - 2025-11-28 19:42:03 --> Session: Class initialized using 'CodeIgniter\Session\Handlers\FileHandler' driver.
WARNING - 2025-11-28 19:42:03 --> Session: Sessions is enabled, and one exists. Please don't $session->start();
INFO - 2025-11-28 19:42:32 --> Session: Class initialized using 'CodeIgniter\Session\Handlers\FileHandler' driver.
WARNING - 2025-11-28 19:42:32 --> Session: Sessions is enabled, and one exists. Please don't $session->start();
INFO - 2025-11-28 19:43:50 --> Session: Class initialized using 'CodeIgniter\Session\Handlers\FileHandler' driver.
WARNING - 2025-11-28 19:43:50 --> Session: Sessions is enabled, and one exists. Please don't $session->start();
INFO - 2025-11-28 19:44:33 --> Session: Class initialized using 'CodeIgniter\Session\Handlers\FileHandler' driver.
WARNING - 2025-11-28 19:44:33 --> Session: Sessions is enabled, and one exists. Please don't $session->start();
INFO - 2025-11-28 19:44:57 --> Session: Class initialized using 'CodeIgniter\Session\Handlers\FileHandler' driver.
WARNING - 2025-11-28 19:44:57 --> Session: Sessions is enabled, and one exists. Please don't $session->start();
INFO - 2025-11-28 19:45:48 --> Session: Class initialized using 'CodeIgniter\Session\Handlers\FileHandler' driver.
WARNING - 2025-11-28 19:45:48 --> Session: Sessions is enabled, and one exists. Please don't $session->start();
INFO - 2025-11-28 19:45:55 --> Session: Class initialized using 'CodeIgniter\Session\Handlers\FileHandler' driver.
WARNING - 2025-11-28 19:45:55 --> Session: Sessions is enabled, and one exists. Please don't $session->start();
INFO - 2025-11-28 19:46:17 --> Session: Class initialized using 'CodeIgniter\Session\Handlers\FileHandler' driver.
WARNING - 2025-11-28 19:46:17 --> Session: Sessions is enabled, and one exists. Please don't $session->start();
INFO - 2025-11-28 19:46:23 --> Session: Class initialized using 'CodeIgniter\Session\Handlers\FileHandler' driver.
WARNING - 2025-11-28 19:46:23 --> Session: Sessions is enabled, and one exists. Please don't $session->start();
INFO - 2025-11-28 19:46:57 --> Session: Class initialized using 'CodeIgniter\Session\Handlers\FileHandler' driver.
WARNING - 2025-11-28 19:46:57 --> Session: Sessions is enabled, and one exists. Please don't $session->start();
INFO - 2025-11-28 19:47:02 --> Session: Class initialized using 'CodeIgniter\Session\Handlers\FileHandler' driver.
WARNING - 2025-11-28 19:47:02 --> Session: Sessions is enabled, and one exists. Please don't $session->start();
INFO - 2025-11-28 19:47:04 --> Session: Class initialized using 'CodeIgniter\Session\Handlers\FileHandler' driver.
WARNING - 2025-11-28 19:47:04 --> Session: Sessions is enabled, and one exists. Please don't $session->start();
INFO - 2025-11-28 19:47:14 --> Session: Class initialized using 'CodeIgniter\Session\Handlers\FileHandler' driver.
WARNING - 2025-11-28 19:47:14 --> Session: Sessions is enabled, and one exists. Please don't $session->start();
INFO - 2025-11-28 19:47:25 --> Session: Class initialized using 'CodeIgniter\Session\Handlers\FileHandler' driver.
WARNING - 2025-11-28 19:47:25 --> Session: Sessions is enabled, and one exists. Please don't $session->start();
INFO - 2025-11-28 19:47:25 --> Session: Class initialized using 'CodeIgniter\Session\Handlers\FileHandler' driver.
WARNING - 2025-11-28 19:47:25 --> Session: Sessions is enabled, and one exists. Please don't $session->start();
INFO - 2025-11-28 19:47:25 --> Session: Class initialized using 'CodeIgniter\Session\Handlers\FileHandler' driver.
WARNING - 2025-11-28 19:47:25 --> Session: Sessions is enabled, and one exists. Please don't $session->start();
INFO - 2025-11-28 19:47:30 --> Session: Class initialized using 'CodeIgniter\Session\Handlers\FileHandler' driver.
WARNING - 2025-11-28 19:47:30 --> Session: Sessions is enabled, and one exists. Please don't $session->start();
INFO - 2025-11-28 19:47:34 --> Session: Class initialized using 'CodeIgniter\Session\Handlers\FileHandler' driver.
WARNING - 2025-11-28 19:47:34 --> Session: Sessions is enabled, and one exists. Please don't $session->start();
INFO - 2025-11-28 19:47:38 --> Session: Class initialized using 'CodeIgniter\Session\Handlers\FileHandler' driver.
WARNING - 2025-11-28 19:47:38 --> Session: Sessions is enabled, and one exists. Please don't $session->start();
INFO - 2025-11-28 19:47:38 --> Session: Class initialized using 'CodeIgniter\Session\Handlers\FileHandler' driver.
WARNING - 2025-11-28 19:47:38 --> Session: Sessions is enabled, and one exists. Please don't $session->start();
INFO - 2025-11-28 19:47:40 --> Session: Class initialized using 'CodeIgniter\Session\Handlers\FileHandler' driver.
WARNING - 2025-11-28 19:47:40 --> Session: Sessions is enabled, and one exists. Please don't $session->start();
INFO - 2025-11-28 19:47:40 --> Session: Class initialized using 'CodeIgniter\Session\Handlers\FileHandler' driver.
WARNING - 2025-11-28 19:47:40 --> Session: Sessions is enabled, and one exists. Please don't $session->start();
INFO - 2025-11-28 19:49:01 --> Session: Class initialized using 'CodeIgniter\Session\Handlers\FileHandler' driver.
WARNING - 2025-11-28 19:49:01 --> Session: Sessions is enabled, and one exists. Please don't $session->start();
INFO - 2025-11-28 19:49:01 --> Session: Class initialized using 'CodeIgniter\Session\Handlers\FileHandler' driver.
WARNING - 2025-11-28 19:49:01 --> Session: Sessions is enabled, and one exists. Please don't $session->start();
INFO - 2025-11-28 19:49:01 --> Session: Class initialized using 'CodeIgniter\Session\Handlers\FileHandler' driver.
WARNING - 2025-11-28 19:49:01 --> Session: Sessions is enabled, and one exists. Please don't $session->start();
INFO - 2025-11-28 19:49:04 --> Session: Class initialized using 'CodeIgniter\Session\Handlers\FileHandler' driver.
WARNING - 2025-11-28 19:49:04 --> Session: Sessions is enabled, and one exists. Please don't $session->start();
CRITICAL - 2025-11-28 19:49:04 --> ErrorException: Undefined variable $referral_code
[Method: GET, Route: user-signup/registeration/1]
in APPPATH\Views\user\signup.php on line 176.
 1 APPPATH\Views\user\signup.php(176): CodeIgniter\Debug\Exceptions->errorHandler(2, 'Undefined variable $referral_code', 'C:\\laragon\\www\\coin\\app\\Views\\user\\signup.php', 176)
 2 SYSTEMPATH\View\View.php(234): include('C:\\laragon\\www\\coin\\app\\Views\\user\\signup.php')
 3 SYSTEMPATH\View\View.php(237): CodeIgniter\View\View->CodeIgniter\View\{closure}()
 4 SYSTEMPATH\Common.php(1171): CodeIgniter\View\View->render('user/signup', [], true)
 5 APPPATH\Helpers\functions_helper.php(283): view('user/signup', [...])
 6 APPPATH\Controllers\Login_c.php(337): single_page('user/signup', [...])
 7 SYSTEMPATH\CodeIgniter.php(933): App\Controllers\Login_c->signup('1')
 8 SYSTEMPATH\CodeIgniter.php(509): CodeIgniter\CodeIgniter->runController(Object(App\Controllers\Login_c))
 9 SYSTEMPATH\CodeIgniter.php(355): CodeIgniter\CodeIgniter->handleRequest(null, Object(Config\Cache), false)
10 SYSTEMPATH\Boot.php(325): CodeIgniter\CodeIgniter->run()
11 SYSTEMPATH\Boot.php(67): CodeIgniter\Boot::runCodeIgniter(Object(CodeIgniter\CodeIgniter))
12 FCPATH\index.php(57): CodeIgniter\Boot::bootWeb(Object(Config\Paths))
INFO - 2025-11-28 19:49:32 --> Session: Class initialized using 'CodeIgniter\Session\Handlers\FileHandler' driver.
WARNING - 2025-11-28 19:49:32 --> Session: Sessions is enabled, and one exists. Please don't $session->start();
INFO - 2025-11-28 19:50:04 --> Session: Class initialized using 'CodeIgniter\Session\Handlers\FileHandler' driver.
WARNING - 2025-11-28 19:50:04 --> Session: Sessions is enabled, and one exists. Please don't $session->start();
INFO - 2025-11-28 19:57:10 --> Session: Class initialized using 'CodeIgniter\Session\Handlers\FileHandler' driver.
WARNING - 2025-11-28 19:57:10 --> Session: Sessions is enabled, and one exists. Please don't $session->start();
CRITICAL - 2025-11-28 19:57:10 --> ErrorException: Undefined array key "agent_id"
[Method: POST, Route: user-signup/registeration/1]
in APPPATH\Controllers\Login_c.php on line 276.
 1 APPPATH\Controllers\Login_c.php(276): CodeIgniter\Debug\Exceptions->errorHandler(2, 'Undefined array key "agent_id"', 'C:\\laragon\\www\\coin\\app\\Controllers\\Login_c.php', 276)
 2 SYSTEMPATH\CodeIgniter.php(933): App\Controllers\Login_c->signup('1')
 3 SYSTEMPATH\CodeIgniter.php(509): CodeIgniter\CodeIgniter->runController(Object(App\Controllers\Login_c))
 4 SYSTEMPATH\CodeIgniter.php(355): CodeIgniter\CodeIgniter->handleRequest(null, Object(Config\Cache), false)
 5 SYSTEMPATH\Boot.php(325): CodeIgniter\CodeIgniter->run()
 6 SYSTEMPATH\Boot.php(67): CodeIgniter\Boot::runCodeIgniter(Object(CodeIgniter\CodeIgniter))
 7 FCPATH\index.php(57): CodeIgniter\Boot::bootWeb(Object(Config\Paths))
INFO - 2025-11-28 19:57:41 --> Session: Class initialized using 'CodeIgniter\Session\Handlers\FileHandler' driver.
WARNING - 2025-11-28 19:57:41 --> Session: Sessions is enabled, and one exists. Please don't $session->start();
CRITICAL - 2025-11-28 19:57:42 --> CodeIgniter\Database\Exceptions\DatabaseException: You must set the database table to be used with your query.
[Method: POST, Route: user-signup/registeration/1]
in SYSTEMPATH\Database\BaseConnection.php on line 927.
 1 SYSTEMPATH\Model.php(716): CodeIgniter\Database\BaseConnection->table(null)
 2 SYSTEMPATH\Model.php(922): CodeIgniter\Model->builder()
 3 APPPATH\Controllers\Login_c.php(326): CodeIgniter\Model->__call('get_table_data', [...])
 4 SYSTEMPATH\CodeIgniter.php(933): App\Controllers\Login_c->signup('1')
 5 SYSTEMPATH\CodeIgniter.php(509): CodeIgniter\CodeIgniter->runController(Object(App\Controllers\Login_c))
 6 SYSTEMPATH\CodeIgniter.php(355): CodeIgniter\CodeIgniter->handleRequest(null, Object(Config\Cache), false)
 7 SYSTEMPATH\Boot.php(325): CodeIgniter\CodeIgniter->run()
 8 SYSTEMPATH\Boot.php(67): CodeIgniter\Boot::runCodeIgniter(Object(CodeIgniter\CodeIgniter))
 9 FCPATH\index.php(57): CodeIgniter\Boot::bootWeb(Object(Config\Paths))
INFO - 2025-11-28 19:58:00 --> Session: Class initialized using 'CodeIgniter\Session\Handlers\FileHandler' driver.
WARNING - 2025-11-28 19:58:00 --> Session: Sessions is enabled, and one exists. Please don't $session->start();
INFO - 2025-11-28 19:58:01 --> Session: Class initialized using 'CodeIgniter\Session\Handlers\FileHandler' driver.
WARNING - 2025-11-28 19:58:01 --> Session: Sessions is enabled, and one exists. Please don't $session->start();
INFO - 2025-11-28 19:58:11 --> Session: Class initialized using 'CodeIgniter\Session\Handlers\FileHandler' driver.
WARNING - 2025-11-28 19:58:11 --> Session: Sessions is enabled, and one exists. Please don't $session->start();
CRITICAL - 2025-11-28 19:58:13 --> CodeIgniter\Database\Exceptions\DatabaseException: You must set the database table to be used with your query.
[Method: POST, Route: user-signup/registeration/1]
in SYSTEMPATH\Database\BaseConnection.php on line 927.
 1 SYSTEMPATH\Model.php(716): CodeIgniter\Database\BaseConnection->table(null)
 2 SYSTEMPATH\Model.php(922): CodeIgniter\Model->builder()
 3 APPPATH\Controllers\Login_c.php(326): CodeIgniter\Model->__call('get_table_data', [...])
 4 SYSTEMPATH\CodeIgniter.php(933): App\Controllers\Login_c->signup('1')
 5 SYSTEMPATH\CodeIgniter.php(509): CodeIgniter\CodeIgniter->runController(Object(App\Controllers\Login_c))
 6 SYSTEMPATH\CodeIgniter.php(355): CodeIgniter\CodeIgniter->handleRequest(null, Object(Config\Cache), false)
 7 SYSTEMPATH\Boot.php(325): CodeIgniter\CodeIgniter->run()
 8 SYSTEMPATH\Boot.php(67): CodeIgniter\Boot::runCodeIgniter(Object(CodeIgniter\CodeIgniter))
 9 FCPATH\index.php(57): CodeIgniter\Boot::bootWeb(Object(Config\Paths))
INFO - 2025-11-28 19:59:00 --> Session: Class initialized using 'CodeIgniter\Session\Handlers\FileHandler' driver.
WARNING - 2025-11-28 19:59:00 --> Session: Sessions is enabled, and one exists. Please don't $session->start();
INFO - 2025-11-28 19:59:01 --> Session: Class initialized using 'CodeIgniter\Session\Handlers\FileHandler' driver.
WARNING - 2025-11-28 19:59:01 --> Session: Sessions is enabled, and one exists. Please don't $session->start();
INFO - 2025-11-28 19:59:28 --> Session: Class initialized using 'CodeIgniter\Session\Handlers\FileHandler' driver.
WARNING - 2025-11-28 19:59:28 --> Session: Sessions is enabled, and one exists. Please don't $session->start();
INFO - 2025-11-28 19:59:30 --> Session: Class initialized using 'CodeIgniter\Session\Handlers\FileHandler' driver.
WARNING - 2025-11-28 19:59:30 --> Session: Sessions is enabled, and one exists. Please don't $session->start();
INFO - 2025-11-28 19:59:37 --> Session: Class initialized using 'CodeIgniter\Session\Handlers\FileHandler' driver.
WARNING - 2025-11-28 19:59:37 --> Session: Sessions is enabled, and one exists. Please don't $session->start();
INFO - 2025-11-28 19:59:37 --> Session: Class initialized using 'CodeIgniter\Session\Handlers\FileHandler' driver.
WARNING - 2025-11-28 19:59:37 --> Session: Sessions is enabled, and one exists. Please don't $session->start();
INFO - 2025-11-28 20:00:46 --> Session: Class initialized using 'CodeIgniter\Session\Handlers\FileHandler' driver.
WARNING - 2025-11-28 20:00:46 --> Session: Sessions is enabled, and one exists. Please don't $session->start();
INFO - 2025-11-28 20:00:49 --> Session: Class initialized using 'CodeIgniter\Session\Handlers\FileHandler' driver.
WARNING - 2025-11-28 20:00:49 --> Session: Sessions is enabled, and one exists. Please don't $session->start();
INFO - 2025-11-28 20:00:59 --> Session: Class initialized using 'CodeIgniter\Session\Handlers\FileHandler' driver.
WARNING - 2025-11-28 20:00:59 --> Session: Sessions is enabled, and one exists. Please don't $session->start();
INFO - 2025-11-28 20:01:41 --> Session: Class initialized using 'CodeIgniter\Session\Handlers\FileHandler' driver.
WARNING - 2025-11-28 20:01:41 --> Session: Sessions is enabled, and one exists. Please don't $session->start();
INFO - 2025-11-28 20:01:53 --> Session: Class initialized using 'CodeIgniter\Session\Handlers\FileHandler' driver.
WARNING - 2025-11-28 20:01:53 --> Session: Sessions is enabled, and one exists. Please don't $session->start();
INFO - 2025-11-28 20:03:03 --> Session: Class initialized using 'CodeIgniter\Session\Handlers\FileHandler' driver.
WARNING - 2025-11-28 20:03:03 --> Session: Sessions is enabled, and one exists. Please don't $session->start();
INFO - 2025-11-28 20:03:04 --> Session: Class initialized using 'CodeIgniter\Session\Handlers\FileHandler' driver.
WARNING - 2025-11-28 20:03:04 --> Session: Sessions is enabled, and one exists. Please don't $session->start();
INFO - 2025-11-28 20:03:06 --> Session: Class initialized using 'CodeIgniter\Session\Handlers\FileHandler' driver.
WARNING - 2025-11-28 20:03:06 --> Session: Sessions is enabled, and one exists. Please don't $session->start();
INFO - 2025-11-28 20:03:25 --> Session: Class initialized using 'CodeIgniter\Session\Handlers\FileHandler' driver.
WARNING - 2025-11-28 20:03:25 --> Session: Sessions is enabled, and one exists. Please don't $session->start();
INFO - 2025-11-28 20:03:26 --> Session: Class initialized using 'CodeIgniter\Session\Handlers\FileHandler' driver.
WARNING - 2025-11-28 20:03:26 --> Session: Sessions is enabled, and one exists. Please don't $session->start();
INFO - 2025-11-28 20:04:58 --> Session: Class initialized using 'CodeIgniter\Session\Handlers\FileHandler' driver.
WARNING - 2025-11-28 20:04:58 --> Session: Sessions is enabled, and one exists. Please don't $session->start();
INFO - 2025-11-28 20:05:08 --> Session: Class initialized using 'CodeIgniter\Session\Handlers\FileHandler' driver.
WARNING - 2025-11-28 20:05:08 --> Session: Sessions is enabled, and one exists. Please don't $session->start();
INFO - 2025-11-28 20:05:09 --> Session: Class initialized using 'CodeIgniter\Session\Handlers\FileHandler' driver.
WARNING - 2025-11-28 20:05:09 --> Session: Sessions is enabled, and one exists. Please don't $session->start();
INFO - 2025-11-28 20:07:52 --> Session: Class initialized using 'CodeIgniter\Session\Handlers\FileHandler' driver.
WARNING - 2025-11-28 20:07:52 --> Session: Sessions is enabled, and one exists. Please don't $session->start();
INFO - 2025-11-28 20:35:18 --> Session: Class initialized using 'CodeIgniter\Session\Handlers\FileHandler' driver.
WARNING - 2025-11-28 20:35:18 --> Session: Sessions is enabled, and one exists. Please don't $session->start();
INFO - 2025-11-28 20:35:25 --> Session: Class initialized using 'CodeIgniter\Session\Handlers\FileHandler' driver.
WARNING - 2025-11-28 20:35:25 --> Session: Sessions is enabled, and one exists. Please don't $session->start();
INFO - 2025-11-28 20:35:37 --> Session: Class initialized using 'CodeIgniter\Session\Handlers\FileHandler' driver.
WARNING - 2025-11-28 20:35:37 --> Session: Sessions is enabled, and one exists. Please don't $session->start();
CRITICAL - 2025-11-28 20:35:37 --> TypeError: Unsupported operand types: string / int
[Method: GET, Route: dashboard-user]
in APPPATH\Views\user\dashboard.php on line 29.
 1 SYSTEMPATH\View\View.php(234): include()
 2 SYSTEMPATH\View\View.php(237): CodeIgniter\View\View->CodeIgniter\View\{closure}()
 3 SYSTEMPATH\Common.php(1171): CodeIgniter\View\View->render('user/dashboard', [], true)
 4 APPPATH\Helpers\functions_helper.php(273): view('user/dashboard', [...])
 5 APPPATH\Controllers\User_c.php(59): load_view('user', 'user/dashboard', [...])
 6 SYSTEMPATH\CodeIgniter.php(933): App\Controllers\User_c->index()
 7 SYSTEMPATH\CodeIgniter.php(509): CodeIgniter\CodeIgniter->runController(Object(App\Controllers\User_c))
 8 SYSTEMPATH\CodeIgniter.php(355): CodeIgniter\CodeIgniter->handleRequest(null, Object(Config\Cache), false)
 9 SYSTEMPATH\Boot.php(325): CodeIgniter\CodeIgniter->run()
10 SYSTEMPATH\Boot.php(67): CodeIgniter\Boot::runCodeIgniter(Object(CodeIgniter\CodeIgniter))
11 FCPATH\index.php(57): CodeIgniter\Boot::bootWeb(Object(Config\Paths))
INFO - 2025-11-28 20:36:08 --> Session: Class initialized using 'CodeIgniter\Session\Handlers\FileHandler' driver.
WARNING - 2025-11-28 20:36:08 --> Session: Sessions is enabled, and one exists. Please don't $session->start();
INFO - 2025-11-28 20:37:12 --> Session: Class initialized using 'CodeIgniter\Session\Handlers\FileHandler' driver.
WARNING - 2025-11-28 20:37:12 --> Session: Sessions is enabled, and one exists. Please don't $session->start();
CRITICAL - 2025-11-28 20:37:12 --> CodeIgniter\Database\Exceptions\DatabaseException: You must set the database table to be used with your query.
[Method: POST, Route: buy-coin]
in SYSTEMPATH\Database\BaseConnection.php on line 927.
 1 SYSTEMPATH\Model.php(716): CodeIgniter\Database\BaseConnection->table(null)
 2 SYSTEMPATH\Model.php(922): CodeIgniter\Model->builder()
 3 APPPATH\Controllers\User_c.php(199): CodeIgniter\Model->__call('update_wallet', [...])
 4 SYSTEMPATH\CodeIgniter.php(933): App\Controllers\User_c->buy_coin()
 5 SYSTEMPATH\CodeIgniter.php(509): CodeIgniter\CodeIgniter->runController(Object(App\Controllers\User_c))
 6 SYSTEMPATH\CodeIgniter.php(355): CodeIgniter\CodeIgniter->handleRequest(null, Object(Config\Cache), false)
 7 SYSTEMPATH\Boot.php(325): CodeIgniter\CodeIgniter->run()
 8 SYSTEMPATH\Boot.php(67): CodeIgniter\Boot::runCodeIgniter(Object(CodeIgniter\CodeIgniter))
 9 FCPATH\index.php(57): CodeIgniter\Boot::bootWeb(Object(Config\Paths))
INFO - 2025-11-28 20:37:38 --> Session: Class initialized using 'CodeIgniter\Session\Handlers\FileHandler' driver.
WARNING - 2025-11-28 20:37:38 --> Session: Sessions is enabled, and one exists. Please don't $session->start();
