INFO - 2025-09-02 19:28:30 --> Session: Class initialized using 'CodeIgniter\Session\Handlers\FileHandler' driver.
WARNING - 2025-09-02 19:28:30 --> Session: Sessions is enabled, and one exists. Please don't $session->start();
ERROR - 2025-09-02 19:28:30 --> mysqli_sql_exception: Unknown column 'delhi_jodi_entry_id' in 'where clause' in C:\laragon\www\pro1\vendor\codeigniter4\framework\system\Database\MySQLi\Connection.php:312
Stack trace:
#0 C:\laragon\www\pro1\vendor\codeigniter4\framework\system\Database\MySQLi\Connection.php(312): mysqli->query('SELECT *\nFROM `...', 0)
#1 C:\laragon\www\pro1\vendor\codeigniter4\framework\system\Database\BaseConnection.php(734): CodeIgniter\Database\MySQLi\Connection->execute('SELECT *\nFROM `...')
#2 C:\laragon\www\pro1\vendor\codeigniter4\framework\system\Database\BaseConnection.php(648): CodeIgniter\Database\BaseConnection->simpleQuery('SELECT *\nFROM `...')
#3 C:\laragon\www\pro1\vendor\codeigniter4\framework\system\Database\BaseBuilder.php(1644): CodeIgniter\Database\BaseConnection->query('SELECT *\nFROM `...', Array, false)
#4 C:\laragon\www\pro1\app\Models\Admin_m.php(2577): CodeIgniter\Database\BaseBuilder->get()
#5 C:\laragon\www\pro1\app\Controllers\Admin_c.php(4945): App\Models\Admin_m->get_game_entry('delhi_jodi', '11')
#6 C:\laragon\www\pro1\vendor\codeigniter4\framework\system\CodeIgniter.php(933): App\Controllers\Admin_c->edit_play_delhi_game_history()
#7 C:\laragon\www\pro1\vendor\codeigniter4\framework\system\CodeIgniter.php(509): CodeIgniter\CodeIgniter->runController(Object(App\Controllers\Admin_c))
#8 C:\laragon\www\pro1\vendor\codeigniter4\framework\system\CodeIgniter.php(355): CodeIgniter\CodeIgniter->handleRequest(NULL, Object(Config\Cache), false)
#9 C:\laragon\www\pro1\vendor\codeigniter4\framework\system\Boot.php(325): CodeIgniter\CodeIgniter->run()
#10 C:\laragon\www\pro1\vendor\codeigniter4\framework\system\Boot.php(67): CodeIgniter\Boot::runCodeIgniter(Object(CodeIgniter\CodeIgniter))
#11 C:\laragon\www\pro1\index.php(57): CodeIgniter\Boot::bootWeb(Object(Config\Paths))
#12 {main}
CRITICAL - 2025-09-02 19:28:30 --> CodeIgniter\Database\Exceptions\DatabaseException: Unknown column 'delhi_jodi_entry_id' in 'where clause'
[Method: POST, Route: admin-edit-delhi-history]
in SYSTEMPATH\Database\BaseConnection.php on line 688.
 1 SYSTEMPATH\Database\BaseBuilder.php(1644): CodeIgniter\Database\BaseConnection->query('SELECT *
FROM `delhi_jodi_entry`
WHERE `delhi_jodi_entry_id` = :delhi_jodi_entry_id:', [...], false)
 2 APPPATH\Models\Admin_m.php(2577): CodeIgniter\Database\BaseBuilder->get()
 3 APPPATH\Controllers\Admin_c.php(4945): App\Models\Admin_m->get_game_entry('delhi_jodi', '11')
 4 SYSTEMPATH\CodeIgniter.php(933): App\Controllers\Admin_c->edit_play_delhi_game_history()
 5 SYSTEMPATH\CodeIgniter.php(509): CodeIgniter\CodeIgniter->runController(Object(App\Controllers\Admin_c))
 6 SYSTEMPATH\CodeIgniter.php(355): CodeIgniter\CodeIgniter->handleRequest(null, Object(Config\Cache), false)
 7 SYSTEMPATH\Boot.php(325): CodeIgniter\CodeIgniter->run()
 8 SYSTEMPATH\Boot.php(67): CodeIgniter\Boot::runCodeIgniter(Object(CodeIgniter\CodeIgniter))
 9 FCPATH\index.php(57): CodeIgniter\Boot::bootWeb(Object(Config\Paths))
CRITICAL - 2025-09-02 19:28:30 --> [Caused by] CodeIgniter\Database\Exceptions\DatabaseException: Unknown column 'delhi_jodi_entry_id' in 'where clause'
in SYSTEMPATH\Database\MySQLi\Connection.php on line 317.
 1 SYSTEMPATH\Database\BaseConnection.php(734): CodeIgniter\Database\MySQLi\Connection->execute('SELECT *
FROM `delhi_jodi_entry`
WHERE `delhi_jodi_entry_id` = \'11\'')
 2 SYSTEMPATH\Database\BaseConnection.php(648): CodeIgniter\Database\BaseConnection->simpleQuery('SELECT *
FROM `delhi_jodi_entry`
WHERE `delhi_jodi_entry_id` = \'11\'')
 3 SYSTEMPATH\Database\BaseBuilder.php(1644): CodeIgniter\Database\BaseConnection->query('SELECT *
FROM `delhi_jodi_entry`
WHERE `delhi_jodi_entry_id` = :delhi_jodi_entry_id:', [...], false)
 4 APPPATH\Models\Admin_m.php(2577): CodeIgniter\Database\BaseBuilder->get()
 5 APPPATH\Controllers\Admin_c.php(4945): App\Models\Admin_m->get_game_entry('delhi_jodi', '11')
 6 SYSTEMPATH\CodeIgniter.php(933): App\Controllers\Admin_c->edit_play_delhi_game_history()
 7 SYSTEMPATH\CodeIgniter.php(509): CodeIgniter\CodeIgniter->runController(Object(App\Controllers\Admin_c))
 8 SYSTEMPATH\CodeIgniter.php(355): CodeIgniter\CodeIgniter->handleRequest(null, Object(Config\Cache), false)
 9 SYSTEMPATH\Boot.php(325): CodeIgniter\CodeIgniter->run()
10 SYSTEMPATH\Boot.php(67): CodeIgniter\Boot::runCodeIgniter(Object(CodeIgniter\CodeIgniter))
11 FCPATH\index.php(57): CodeIgniter\Boot::bootWeb(Object(Config\Paths))
CRITICAL - 2025-09-02 19:28:30 --> [Caused by] mysqli_sql_exception: Unknown column 'delhi_jodi_entry_id' in 'where clause'
in SYSTEMPATH\Database\MySQLi\Connection.php on line 312.
 1 SYSTEMPATH\Database\MySQLi\Connection.php(312): mysqli->query('SELECT *
FROM `delhi_jodi_entry`
WHERE `delhi_jodi_entry_id` = \'11\'', 0)
 2 SYSTEMPATH\Database\BaseConnection.php(734): CodeIgniter\Database\MySQLi\Connection->execute('SELECT *
FROM `delhi_jodi_entry`
WHERE `delhi_jodi_entry_id` = \'11\'')
 3 SYSTEMPATH\Database\BaseConnection.php(648): CodeIgniter\Database\BaseConnection->simpleQuery('SELECT *
FROM `delhi_jodi_entry`
WHERE `delhi_jodi_entry_id` = \'11\'')
 4 SYSTEMPATH\Database\BaseBuilder.php(1644): CodeIgniter\Database\BaseConnection->query('SELECT *
FROM `delhi_jodi_entry`
WHERE `delhi_jodi_entry_id` = :delhi_jodi_entry_id:', [...], false)
 5 APPPATH\Models\Admin_m.php(2577): CodeIgniter\Database\BaseBuilder->get()
 6 APPPATH\Controllers\Admin_c.php(4945): App\Models\Admin_m->get_game_entry('delhi_jodi', '11')
 7 SYSTEMPATH\CodeIgniter.php(933): App\Controllers\Admin_c->edit_play_delhi_game_history()
 8 SYSTEMPATH\CodeIgniter.php(509): CodeIgniter\CodeIgniter->runController(Object(App\Controllers\Admin_c))
 9 SYSTEMPATH\CodeIgniter.php(355): CodeIgniter\CodeIgniter->handleRequest(null, Object(Config\Cache), false)
10 SYSTEMPATH\Boot.php(325): CodeIgniter\CodeIgniter->run()
11 SYSTEMPATH\Boot.php(67): CodeIgniter\Boot::runCodeIgniter(Object(CodeIgniter\CodeIgniter))
12 FCPATH\index.php(57): CodeIgniter\Boot::bootWeb(Object(Config\Paths))
INFO - 2025-09-02 19:30:42 --> Session: Class initialized using 'CodeIgniter\Session\Handlers\FileHandler' driver.
WARNING - 2025-09-02 19:30:42 --> Session: Sessions is enabled, and one exists. Please don't $session->start();
INFO - 2025-09-02 19:30:42 --> Session: Class initialized using 'CodeIgniter\Session\Handlers\FileHandler' driver.
WARNING - 2025-09-02 19:30:42 --> Session: Sessions is enabled, and one exists. Please don't $session->start();
INFO - 2025-09-02 19:30:44 --> Session: Class initialized using 'CodeIgniter\Session\Handlers\FileHandler' driver.
WARNING - 2025-09-02 19:30:44 --> Session: Sessions is enabled, and one exists. Please don't $session->start();
INFO - 2025-09-02 19:30:46 --> Session: Class initialized using 'CodeIgniter\Session\Handlers\FileHandler' driver.
WARNING - 2025-09-02 19:30:46 --> Session: Sessions is enabled, and one exists. Please don't $session->start();
INFO - 2025-09-02 19:30:46 --> Session: Class initialized using 'CodeIgniter\Session\Handlers\FileHandler' driver.
WARNING - 2025-09-02 19:30:46 --> Session: Sessions is enabled, and one exists. Please don't $session->start();
INFO - 2025-09-02 19:30:55 --> Session: Class initialized using 'CodeIgniter\Session\Handlers\FileHandler' driver.
WARNING - 2025-09-02 19:30:55 --> Session: Sessions is enabled, and one exists. Please don't $session->start();
INFO - 2025-09-02 19:30:55 --> Session: Class initialized using 'CodeIgniter\Session\Handlers\FileHandler' driver.
WARNING - 2025-09-02 19:30:55 --> Session: Sessions is enabled, and one exists. Please don't $session->start();
INFO - 2025-09-02 22:04:55 --> Session: Class initialized using 'CodeIgniter\Session\Handlers\FileHandler' driver.
WARNING - 2025-09-02 22:04:55 --> Session: Sessions is enabled, and one exists. Please don't $session->start();
WARNING - 2025-09-02 22:04:55 --> [DEPRECATED] Optional parameter $market_name declared before required parameter $market_id is implicitly treated as a required parameter in APPPATH\Controllers\User_c.php on line 2389.
 1 FCPATH\vendor\composer\ClassLoader.php(576): include('C:\\laragon\\www\\pro1\\vendor\\codeigniter4\\framework\\system\\Debug\\Exceptions.php')
 2 FCPATH\vendor\composer\ClassLoader.php(427): Composer\Autoload\{closure}('C:\\laragon\\www\\pro1\\vendor\\composer/../../app/Controllers/User_c.php')
 3 [internal function]: Composer\Autoload\ClassLoader->loadClass('App\\Controllers\\User_c')
 4 SYSTEMPATH\CodeIgniter.php(887): class_exists('\\App\\Controllers\\User_c', true)
 5 SYSTEMPATH\CodeIgniter.php(496): CodeIgniter\CodeIgniter->startController()
 6 SYSTEMPATH\CodeIgniter.php(355): CodeIgniter\CodeIgniter->handleRequest(null, Object(Config\Cache), false)
 7 SYSTEMPATH\Boot.php(325): CodeIgniter\CodeIgniter->run()
 8 SYSTEMPATH\Boot.php(67): CodeIgniter\Boot::runCodeIgniter(Object(CodeIgniter\CodeIgniter))
 9 FCPATH\index.php(57): CodeIgniter\Boot::bootWeb(Object(Config\Paths))
INFO - 2025-09-02 22:04:55 --> Session: Class initialized using 'CodeIgniter\Session\Handlers\FileHandler' driver.
WARNING - 2025-09-02 22:04:55 --> Session: Sessions is enabled, and one exists. Please don't $session->start();
INFO - 2025-09-02 22:05:06 --> Session: Class initialized using 'CodeIgniter\Session\Handlers\FileHandler' driver.
WARNING - 2025-09-02 22:05:06 --> Session: Sessions is enabled, and one exists. Please don't $session->start();
INFO - 2025-09-02 22:05:06 --> Session: Class initialized using 'CodeIgniter\Session\Handlers\FileHandler' driver.
WARNING - 2025-09-02 22:05:06 --> Session: Sessions is enabled, and one exists. Please don't $session->start();
INFO - 2025-09-02 22:05:07 --> Session: Class initialized using 'CodeIgniter\Session\Handlers\FileHandler' driver.
WARNING - 2025-09-02 22:05:07 --> Session: Sessions is enabled, and one exists. Please don't $session->start();
INFO - 2025-09-02 22:05:07 --> Session: Class initialized using 'CodeIgniter\Session\Handlers\FileHandler' driver.
WARNING - 2025-09-02 22:05:07 --> Session: Sessions is enabled, and one exists. Please don't $session->start();
INFO - 2025-09-02 22:05:07 --> Session: Class initialized using 'CodeIgniter\Session\Handlers\FileHandler' driver.
WARNING - 2025-09-02 22:05:07 --> Session: Sessions is enabled, and one exists. Please don't $session->start();
INFO - 2025-09-02 22:05:07 --> Session: Class initialized using 'CodeIgniter\Session\Handlers\FileHandler' driver.
WARNING - 2025-09-02 22:05:07 --> Session: Sessions is enabled, and one exists. Please don't $session->start();
INFO - 2025-09-02 22:05:07 --> Session: Class initialized using 'CodeIgniter\Session\Handlers\FileHandler' driver.
WARNING - 2025-09-02 22:05:07 --> Session: Sessions is enabled, and one exists. Please don't $session->start();
