INFO - 2025-05-26 19:57:41 --> Session: Class initialized using 'CodeIgniter\Session\Handlers\FileHandler' driver.
INFO - 2025-05-26 19:57:41 --> Session: Class initialized using 'CodeIgniter\Session\Handlers\FileHandler' driver.
WARNING - 2025-05-26 19:57:41 --> Session: Sessions is enabled, and one exists. Please don't $session->start();
WARNING - 2025-05-26 19:57:41 --> Session: Sessions is enabled, and one exists. Please don't $session->start();
INFO - 2025-05-26 19:57:47 --> Session: Class initialized using 'CodeIgniter\Session\Handlers\FileHandler' driver.
WARNING - 2025-05-26 19:57:47 --> Session: Sessions is enabled, and one exists. Please don't $session->start();
INFO - 2025-05-26 19:57:47 --> Session: Class initialized using 'CodeIgniter\Session\Handlers\FileHandler' driver.
WARNING - 2025-05-26 19:57:47 --> Session: Sessions is enabled, and one exists. Please don't $session->start();
INFO - 2025-05-26 19:57:48 --> Session: Class initialized using 'CodeIgniter\Session\Handlers\FileHandler' driver.
WARNING - 2025-05-26 19:57:48 --> Session: Sessions is enabled, and one exists. Please don't $session->start();
INFO - 2025-05-26 19:58:04 --> Session: Class initialized using 'CodeIgniter\Session\Handlers\FileHandler' driver.
WARNING - 2025-05-26 19:58:04 --> Session: Sessions is enabled, and one exists. Please don't $session->start();
INFO - 2025-05-26 19:58:05 --> Session: Class initialized using 'CodeIgniter\Session\Handlers\FileHandler' driver.
WARNING - 2025-05-26 19:58:05 --> Session: Sessions is enabled, and one exists. Please don't $session->start();
INFO - 2025-05-26 19:58:12 --> Session: Class initialized using 'CodeIgniter\Session\Handlers\FileHandler' driver.
WARNING - 2025-05-26 19:58:12 --> Session: Sessions is enabled, and one exists. Please don't $session->start();
INFO - 2025-05-26 19:58:14 --> Session: Class initialized using 'CodeIgniter\Session\Handlers\FileHandler' driver.
WARNING - 2025-05-26 19:58:14 --> Session: Sessions is enabled, and one exists. Please don't $session->start();
INFO - 2025-05-26 19:58:21 --> Session: Class initialized using 'CodeIgniter\Session\Handlers\FileHandler' driver.
WARNING - 2025-05-26 19:58:21 --> Session: Sessions is enabled, and one exists. Please don't $session->start();
INFO - 2025-05-26 19:58:21 --> Session: Class initialized using 'CodeIgniter\Session\Handlers\FileHandler' driver.
WARNING - 2025-05-26 19:58:21 --> Session: Sessions is enabled, and one exists. Please don't $session->start();
INFO - 2025-05-26 19:58:24 --> Session: Class initialized using 'CodeIgniter\Session\Handlers\FileHandler' driver.
WARNING - 2025-05-26 19:58:24 --> Session: Sessions is enabled, and one exists. Please don't $session->start();
INFO - 2025-05-26 19:58:24 --> Session: Class initialized using 'CodeIgniter\Session\Handlers\FileHandler' driver.
WARNING - 2025-05-26 19:58:24 --> Session: Sessions is enabled, and one exists. Please don't $session->start();
INFO - 2025-05-26 19:58:25 --> Session: Class initialized using 'CodeIgniter\Session\Handlers\FileHandler' driver.
WARNING - 2025-05-26 19:58:25 --> Session: Sessions is enabled, and one exists. Please don't $session->start();
INFO - 2025-05-26 19:58:25 --> Session: Class initialized using 'CodeIgniter\Session\Handlers\FileHandler' driver.
WARNING - 2025-05-26 19:58:25 --> Session: Sessions is enabled, and one exists. Please don't $session->start();
INFO - 2025-05-26 19:58:25 --> Session: Class initialized using 'CodeIgniter\Session\Handlers\FileHandler' driver.
WARNING - 2025-05-26 19:58:25 --> Session: Sessions is enabled, and one exists. Please don't $session->start();
ERROR - 2025-05-26 19:58:25 --> mysqli_sql_exception: Table 'pro1.playgame70s' doesn't exist in C:\laragon\www\pro1\vendor\codeigniter4\framework\system\Database\MySQLi\Connection.php:312
Stack trace:
#0 C:\laragon\www\pro1\vendor\codeigniter4\framework\system\Database\MySQLi\Connection.php(312): mysqli->query('SELECT SUM(amou...', 0)
#1 C:\laragon\www\pro1\vendor\codeigniter4\framework\system\Database\BaseConnection.php(734): CodeIgniter\Database\MySQLi\Connection->execute('SELECT SUM(amou...')
#2 C:\laragon\www\pro1\vendor\codeigniter4\framework\system\Database\BaseConnection.php(648): CodeIgniter\Database\BaseConnection->simpleQuery('SELECT SUM(amou...')
#3 C:\laragon\www\pro1\vendor\codeigniter4\framework\system\Database\BaseBuilder.php(1644): CodeIgniter\Database\BaseConnection->query('SELECT SUM(amou...', Array, false)
#4 C:\laragon\www\pro1\app\Models\Admin_m.php(2060): CodeIgniter\Database\BaseBuilder->get()
#5 C:\laragon\www\pro1\app\Controllers\Admin_c.php(121): App\Models\Admin_m->card_get_total_win_bid()
#6 C:\laragon\www\pro1\vendor\codeigniter4\framework\system\CodeIgniter.php(933): App\Controllers\Admin_c->win_bid_commission_ajax()
#7 C:\laragon\www\pro1\vendor\codeigniter4\framework\system\CodeIgniter.php(509): CodeIgniter\CodeIgniter->runController(Object(App\Controllers\Admin_c))
#8 C:\laragon\www\pro1\vendor\codeigniter4\framework\system\CodeIgniter.php(355): CodeIgniter\CodeIgniter->handleRequest(NULL, Object(Config\Cache), false)
#9 C:\laragon\www\pro1\vendor\codeigniter4\framework\system\Boot.php(325): CodeIgniter\CodeIgniter->run()
#10 C:\laragon\www\pro1\vendor\codeigniter4\framework\system\Boot.php(67): CodeIgniter\Boot::runCodeIgniter(Object(CodeIgniter\CodeIgniter))
#11 C:\laragon\www\pro1\index.php(57): CodeIgniter\Boot::bootWeb(Object(Config\Paths))
#12 {main}
CRITICAL - 2025-05-26 19:58:26 --> CodeIgniter\Database\Exceptions\DatabaseException: Table 'pro1.playgame70s' doesn't exist
[Method: POST, Route: win-bid-commission-ajax-admin]
in SYSTEMPATH\Database\BaseConnection.php on line 688.
 1 SYSTEMPATH\Database\BaseBuilder.php(1644): CodeIgniter\Database\BaseConnection->query('SELECT SUM(amount) as total_bid, SUM(CASE WHEN win = 1 THEN amount * rate ELSE 0 END) as total_win, SUM(commission) as total_commission
FROM `playgame70s`
WHERE DATE(date_added) >= :DATE(date_added):
AND DATE(date_added) <= :DATE(date_added).1:', [...], false)
 2 APPPATH\Models\Admin_m.php(2060): CodeIgniter\Database\BaseBuilder->get()
 3 APPPATH\Controllers\Admin_c.php(121): App\Models\Admin_m->card_get_total_win_bid()
 4 SYSTEMPATH\CodeIgniter.php(933): App\Controllers\Admin_c->win_bid_commission_ajax()
 5 SYSTEMPATH\CodeIgniter.php(509): CodeIgniter\CodeIgniter->runController(Object(App\Controllers\Admin_c))
 6 SYSTEMPATH\CodeIgniter.php(355): CodeIgniter\CodeIgniter->handleRequest(null, Object(Config\Cache), false)
 7 SYSTEMPATH\Boot.php(325): CodeIgniter\CodeIgniter->run()
 8 SYSTEMPATH\Boot.php(67): CodeIgniter\Boot::runCodeIgniter(Object(CodeIgniter\CodeIgniter))
 9 FCPATH\index.php(57): CodeIgniter\Boot::bootWeb(Object(Config\Paths))
CRITICAL - 2025-05-26 19:58:26 --> [Caused by] CodeIgniter\Database\Exceptions\DatabaseException: Table 'pro1.playgame70s' doesn't exist
in SYSTEMPATH\Database\MySQLi\Connection.php on line 317.
 1 SYSTEMPATH\Database\BaseConnection.php(734): CodeIgniter\Database\MySQLi\Connection->execute('SELECT SUM(amount) as total_bid, SUM(CASE WHEN win = 1 THEN amount * rate ELSE 0 END) as total_win, SUM(commission) as total_commission
FROM `playgame70s`
WHERE DATE(date_added) >= \'2025-05-26\'
AND DATE(date_added) <= \'2025-05-26\'')
 2 SYSTEMPATH\Database\BaseConnection.php(648): CodeIgniter\Database\BaseConnection->simpleQuery('SELECT SUM(amount) as total_bid, SUM(CASE WHEN win = 1 THEN amount * rate ELSE 0 END) as total_win, SUM(commission) as total_commission
FROM `playgame70s`
WHERE DATE(date_added) >= \'2025-05-26\'
AND DATE(date_added) <= \'2025-05-26\'')
 3 SYSTEMPATH\Database\BaseBuilder.php(1644): CodeIgniter\Database\BaseConnection->query('SELECT SUM(amount) as total_bid, SUM(CASE WHEN win = 1 THEN amount * rate ELSE 0 END) as total_win, SUM(commission) as total_commission
FROM `playgame70s`
WHERE DATE(date_added) >= :DATE(date_added):
AND DATE(date_added) <= :DATE(date_added).1:', [...], false)
 4 APPPATH\Models\Admin_m.php(2060): CodeIgniter\Database\BaseBuilder->get()
 5 APPPATH\Controllers\Admin_c.php(121): App\Models\Admin_m->card_get_total_win_bid()
 6 SYSTEMPATH\CodeIgniter.php(933): App\Controllers\Admin_c->win_bid_commission_ajax()
 7 SYSTEMPATH\CodeIgniter.php(509): CodeIgniter\CodeIgniter->runController(Object(App\Controllers\Admin_c))
 8 SYSTEMPATH\CodeIgniter.php(355): CodeIgniter\CodeIgniter->handleRequest(null, Object(Config\Cache), false)
 9 SYSTEMPATH\Boot.php(325): CodeIgniter\CodeIgniter->run()
10 SYSTEMPATH\Boot.php(67): CodeIgniter\Boot::runCodeIgniter(Object(CodeIgniter\CodeIgniter))
11 FCPATH\index.php(57): CodeIgniter\Boot::bootWeb(Object(Config\Paths))
CRITICAL - 2025-05-26 19:58:26 --> [Caused by] mysqli_sql_exception: Table 'pro1.playgame70s' doesn't exist
in SYSTEMPATH\Database\MySQLi\Connection.php on line 312.
 1 SYSTEMPATH\Database\MySQLi\Connection.php(312): mysqli->query('SELECT SUM(amount) as total_bid, SUM(CASE WHEN win = 1 THEN amount * rate ELSE 0 END) as total_win, SUM(commission) as total_commission
FROM `playgame70s`
WHERE DATE(date_added) >= \'2025-05-26\'
AND DATE(date_added) <= \'2025-05-26\'', 0)
 2 SYSTEMPATH\Database\BaseConnection.php(734): CodeIgniter\Database\MySQLi\Connection->execute('SELECT SUM(amount) as total_bid, SUM(CASE WHEN win = 1 THEN amount * rate ELSE 0 END) as total_win, SUM(commission) as total_commission
FROM `playgame70s`
WHERE DATE(date_added) >= \'2025-05-26\'
AND DATE(date_added) <= \'2025-05-26\'')
 3 SYSTEMPATH\Database\BaseConnection.php(648): CodeIgniter\Database\BaseConnection->simpleQuery('SELECT SUM(amount) as total_bid, SUM(CASE WHEN win = 1 THEN amount * rate ELSE 0 END) as total_win, SUM(commission) as total_commission
FROM `playgame70s`
WHERE DATE(date_added) >= \'2025-05-26\'
AND DATE(date_added) <= \'2025-05-26\'')
 4 SYSTEMPATH\Database\BaseBuilder.php(1644): CodeIgniter\Database\BaseConnection->query('SELECT SUM(amount) as total_bid, SUM(CASE WHEN win = 1 THEN amount * rate ELSE 0 END) as total_win, SUM(commission) as total_commission
FROM `playgame70s`
WHERE DATE(date_added) >= :DATE(date_added):
AND DATE(date_added) <= :DATE(date_added).1:', [...], false)
 5 APPPATH\Models\Admin_m.php(2060): CodeIgniter\Database\BaseBuilder->get()
 6 APPPATH\Controllers\Admin_c.php(121): App\Models\Admin_m->card_get_total_win_bid()
 7 SYSTEMPATH\CodeIgniter.php(933): App\Controllers\Admin_c->win_bid_commission_ajax()
 8 SYSTEMPATH\CodeIgniter.php(509): CodeIgniter\CodeIgniter->runController(Object(App\Controllers\Admin_c))
 9 SYSTEMPATH\CodeIgniter.php(355): CodeIgniter\CodeIgniter->handleRequest(null, Object(Config\Cache), false)
10 SYSTEMPATH\Boot.php(325): CodeIgniter\CodeIgniter->run()
11 SYSTEMPATH\Boot.php(67): CodeIgniter\Boot::runCodeIgniter(Object(CodeIgniter\CodeIgniter))
12 FCPATH\index.php(57): CodeIgniter\Boot::bootWeb(Object(Config\Paths))
INFO - 2025-05-26 19:58:33 --> Session: Class initialized using 'CodeIgniter\Session\Handlers\FileHandler' driver.
WARNING - 2025-05-26 19:58:33 --> Session: Sessions is enabled, and one exists. Please don't $session->start();
INFO - 2025-05-26 19:58:34 --> Session: Class initialized using 'CodeIgniter\Session\Handlers\FileHandler' driver.
WARNING - 2025-05-26 19:58:34 --> Session: Sessions is enabled, and one exists. Please don't $session->start();
INFO - 2025-05-26 19:58:34 --> Session: Class initialized using 'CodeIgniter\Session\Handlers\FileHandler' driver.
WARNING - 2025-05-26 19:58:34 --> Session: Sessions is enabled, and one exists. Please don't $session->start();
INFO - 2025-05-26 19:58:35 --> Session: Class initialized using 'CodeIgniter\Session\Handlers\FileHandler' driver.
WARNING - 2025-05-26 19:58:35 --> Session: Sessions is enabled, and one exists. Please don't $session->start();
INFO - 2025-05-26 19:58:35 --> Session: Class initialized using 'CodeIgniter\Session\Handlers\FileHandler' driver.
WARNING - 2025-05-26 19:58:35 --> Session: Sessions is enabled, and one exists. Please don't $session->start();
