INFO - 2025-10-08 20:28:20 --> Session: Class initialized using 'CodeIgniter\Session\Handlers\FileHandler' driver.
WARNING - 2025-10-08 20:28:20 --> Session: Sessions is enabled, and one exists. Please don't $session->start();
INFO - 2025-10-08 20:28:21 --> Session: Class initialized using 'CodeIgniter\Session\Handlers\FileHandler' driver.
WARNING - 2025-10-08 20:28:21 --> Session: Sessions is enabled, and one exists. Please don't $session->start();
INFO - 2025-10-08 20:28:22 --> Session: Class initialized using 'CodeIgniter\Session\Handlers\FileHandler' driver.
WARNING - 2025-10-08 20:28:22 --> Session: Sessions is enabled, and one exists. Please don't $session->start();
INFO - 2025-10-08 20:28:22 --> Session: Class initialized using 'CodeIgniter\Session\Handlers\FileHandler' driver.
WARNING - 2025-10-08 20:28:22 --> Session: Sessions is enabled, and one exists. Please don't $session->start();
INFO - 2025-10-08 20:28:22 --> Session: Class initialized using 'CodeIgniter\Session\Handlers\FileHandler' driver.
WARNING - 2025-10-08 20:28:22 --> Session: Sessions is enabled, and one exists. Please don't $session->start();
INFO - 2025-10-08 20:28:22 --> Session: Class initialized using 'CodeIgniter\Session\Handlers\FileHandler' driver.
WARNING - 2025-10-08 20:28:22 --> Session: Sessions is enabled, and one exists. Please don't $session->start();
INFO - 2025-10-08 20:28:22 --> Session: Class initialized using 'CodeIgniter\Session\Handlers\FileHandler' driver.
WARNING - 2025-10-08 20:28:22 --> Session: Sessions is enabled, and one exists. Please don't $session->start();
INFO - 2025-10-08 20:28:22 --> Session: Class initialized using 'CodeIgniter\Session\Handlers\FileHandler' driver.
WARNING - 2025-10-08 20:28:22 --> Session: Sessions is enabled, and one exists. Please don't $session->start();
ERROR - 2025-10-08 20:28:22 --> mysqli_sql_exception: Table 'pro1.playgame70' doesn't exist in C:\laragon\www\pro1\vendor\codeigniter4\framework\system\Database\MySQLi\Connection.php:312
Stack trace:
#0 C:\laragon\www\pro1\vendor\codeigniter4\framework\system\Database\MySQLi\Connection.php(312): mysqli->query('SELECT SUM(play...', 0)
#1 C:\laragon\www\pro1\vendor\codeigniter4\framework\system\Database\BaseConnection.php(734): CodeIgniter\Database\MySQLi\Connection->execute('SELECT SUM(play...')
#2 C:\laragon\www\pro1\vendor\codeigniter4\framework\system\Database\BaseConnection.php(648): CodeIgniter\Database\BaseConnection->simpleQuery('SELECT SUM(play...')
#3 C:\laragon\www\pro1\vendor\codeigniter4\framework\system\Database\BaseBuilder.php(1644): CodeIgniter\Database\BaseConnection->query('SELECT SUM(play...', Array, false)
#4 C:\laragon\www\pro1\app\Models\Admin_m.php(3054): CodeIgniter\Database\BaseBuilder->get()
#5 C:\laragon\www\pro1\app\Controllers\Admin_c.php(5818): App\Models\Admin_m->total_game_amount(1)
#6 C:\laragon\www\pro1\vendor\codeigniter4\framework\system\CodeIgniter.php(933): App\Controllers\Admin_c->admin_report_ajax()
#7 C:\laragon\www\pro1\vendor\codeigniter4\framework\system\CodeIgniter.php(509): CodeIgniter\CodeIgniter->runController(Object(App\Controllers\Admin_c))
#8 C:\laragon\www\pro1\vendor\codeigniter4\framework\system\CodeIgniter.php(355): CodeIgniter\CodeIgniter->handleRequest(NULL, Object(Config\Cache), false)
#9 C:\laragon\www\pro1\vendor\codeigniter4\framework\system\Boot.php(325): CodeIgniter\CodeIgniter->run()
#10 C:\laragon\www\pro1\vendor\codeigniter4\framework\system\Boot.php(67): CodeIgniter\Boot::runCodeIgniter(Object(CodeIgniter\CodeIgniter))
#11 C:\laragon\www\pro1\index.php(57): CodeIgniter\Boot::bootWeb(Object(Config\Paths))
#12 {main}
CRITICAL - 2025-10-08 20:28:22 --> CodeIgniter\Database\Exceptions\DatabaseException: Table 'pro1.playgame70' doesn't exist
[Method: POST, Route: admin-report-ajax]
in SYSTEMPATH\Database\BaseConnection.php on line 688.
 1 SYSTEMPATH\Database\BaseBuilder.php(1644): CodeIgniter\Database\BaseConnection->query('SELECT SUM(playgame70.amount * playgame70.rate) as total_win_amount
FROM `playgame70`
WHERE `playgame70`.`win` = :playgame70.win:
AND DATE(playgame70.date_added) = :DATE(playgame70.date_added):
AND `refUser_id` = :refUser_id:', [...], false)
 2 APPPATH\Models\Admin_m.php(3054): CodeIgniter\Database\BaseBuilder->get()
 3 APPPATH\Controllers\Admin_c.php(5818): App\Models\Admin_m->total_game_amount(1)
 4 SYSTEMPATH\CodeIgniter.php(933): App\Controllers\Admin_c->admin_report_ajax()
 5 SYSTEMPATH\CodeIgniter.php(509): CodeIgniter\CodeIgniter->runController(Object(App\Controllers\Admin_c))
 6 SYSTEMPATH\CodeIgniter.php(355): CodeIgniter\CodeIgniter->handleRequest(null, Object(Config\Cache), false)
 7 SYSTEMPATH\Boot.php(325): CodeIgniter\CodeIgniter->run()
 8 SYSTEMPATH\Boot.php(67): CodeIgniter\Boot::runCodeIgniter(Object(CodeIgniter\CodeIgniter))
 9 FCPATH\index.php(57): CodeIgniter\Boot::bootWeb(Object(Config\Paths))
CRITICAL - 2025-10-08 20:28:22 --> [Caused by] CodeIgniter\Database\Exceptions\DatabaseException: Table 'pro1.playgame70' doesn't exist
in SYSTEMPATH\Database\MySQLi\Connection.php on line 317.
 1 SYSTEMPATH\Database\BaseConnection.php(734): CodeIgniter\Database\MySQLi\Connection->execute('SELECT SUM(playgame70.amount * playgame70.rate) as total_win_amount
FROM `playgame70`
WHERE `playgame70`.`win` = 1
AND DATE(playgame70.date_added) = \'2025-10-08\'
AND `refUser_id` = \'1\'')
 2 SYSTEMPATH\Database\BaseConnection.php(648): CodeIgniter\Database\BaseConnection->simpleQuery('SELECT SUM(playgame70.amount * playgame70.rate) as total_win_amount
FROM `playgame70`
WHERE `playgame70`.`win` = 1
AND DATE(playgame70.date_added) = \'2025-10-08\'
AND `refUser_id` = \'1\'')
 3 SYSTEMPATH\Database\BaseBuilder.php(1644): CodeIgniter\Database\BaseConnection->query('SELECT SUM(playgame70.amount * playgame70.rate) as total_win_amount
FROM `playgame70`
WHERE `playgame70`.`win` = :playgame70.win:
AND DATE(playgame70.date_added) = :DATE(playgame70.date_added):
AND `refUser_id` = :refUser_id:', [...], false)
 4 APPPATH\Models\Admin_m.php(3054): CodeIgniter\Database\BaseBuilder->get()
 5 APPPATH\Controllers\Admin_c.php(5818): App\Models\Admin_m->total_game_amount(1)
 6 SYSTEMPATH\CodeIgniter.php(933): App\Controllers\Admin_c->admin_report_ajax()
 7 SYSTEMPATH\CodeIgniter.php(509): CodeIgniter\CodeIgniter->runController(Object(App\Controllers\Admin_c))
 8 SYSTEMPATH\CodeIgniter.php(355): CodeIgniter\CodeIgniter->handleRequest(null, Object(Config\Cache), false)
 9 SYSTEMPATH\Boot.php(325): CodeIgniter\CodeIgniter->run()
10 SYSTEMPATH\Boot.php(67): CodeIgniter\Boot::runCodeIgniter(Object(CodeIgniter\CodeIgniter))
11 FCPATH\index.php(57): CodeIgniter\Boot::bootWeb(Object(Config\Paths))
CRITICAL - 2025-10-08 20:28:22 --> [Caused by] mysqli_sql_exception: Table 'pro1.playgame70' doesn't exist
in SYSTEMPATH\Database\MySQLi\Connection.php on line 312.
 1 SYSTEMPATH\Database\MySQLi\Connection.php(312): mysqli->query('SELECT SUM(playgame70.amount * playgame70.rate) as total_win_amount
FROM `playgame70`
WHERE `playgame70`.`win` = 1
AND DATE(playgame70.date_added) = \'2025-10-08\'
AND `refUser_id` = \'1\'', 0)
 2 SYSTEMPATH\Database\BaseConnection.php(734): CodeIgniter\Database\MySQLi\Connection->execute('SELECT SUM(playgame70.amount * playgame70.rate) as total_win_amount
FROM `playgame70`
WHERE `playgame70`.`win` = 1
AND DATE(playgame70.date_added) = \'2025-10-08\'
AND `refUser_id` = \'1\'')
 3 SYSTEMPATH\Database\BaseConnection.php(648): CodeIgniter\Database\BaseConnection->simpleQuery('SELECT SUM(playgame70.amount * playgame70.rate) as total_win_amount
FROM `playgame70`
WHERE `playgame70`.`win` = 1
AND DATE(playgame70.date_added) = \'2025-10-08\'
AND `refUser_id` = \'1\'')
 4 SYSTEMPATH\Database\BaseBuilder.php(1644): CodeIgniter\Database\BaseConnection->query('SELECT SUM(playgame70.amount * playgame70.rate) as total_win_amount
FROM `playgame70`
WHERE `playgame70`.`win` = :playgame70.win:
AND DATE(playgame70.date_added) = :DATE(playgame70.date_added):
AND `refUser_id` = :refUser_id:', [...], false)
 5 APPPATH\Models\Admin_m.php(3054): CodeIgniter\Database\BaseBuilder->get()
 6 APPPATH\Controllers\Admin_c.php(5818): App\Models\Admin_m->total_game_amount(1)
 7 SYSTEMPATH\CodeIgniter.php(933): App\Controllers\Admin_c->admin_report_ajax()
 8 SYSTEMPATH\CodeIgniter.php(509): CodeIgniter\CodeIgniter->runController(Object(App\Controllers\Admin_c))
 9 SYSTEMPATH\CodeIgniter.php(355): CodeIgniter\CodeIgniter->handleRequest(null, Object(Config\Cache), false)
10 SYSTEMPATH\Boot.php(325): CodeIgniter\CodeIgniter->run()
11 SYSTEMPATH\Boot.php(67): CodeIgniter\Boot::runCodeIgniter(Object(CodeIgniter\CodeIgniter))
12 FCPATH\index.php(57): CodeIgniter\Boot::bootWeb(Object(Config\Paths))
INFO - 2025-10-08 20:29:07 --> Session: Class initialized using 'CodeIgniter\Session\Handlers\FileHandler' driver.
WARNING - 2025-10-08 20:29:07 --> Session: Sessions is enabled, and one exists. Please don't $session->start();
INFO - 2025-10-08 20:29:08 --> Session: Class initialized using 'CodeIgniter\Session\Handlers\FileHandler' driver.
WARNING - 2025-10-08 20:29:08 --> Session: Sessions is enabled, and one exists. Please don't $session->start();
INFO - 2025-10-08 20:29:08 --> Session: Class initialized using 'CodeIgniter\Session\Handlers\FileHandler' driver.
WARNING - 2025-10-08 20:29:08 --> Session: Sessions is enabled, and one exists. Please don't $session->start();
INFO - 2025-10-08 20:29:08 --> Session: Class initialized using 'CodeIgniter\Session\Handlers\FileHandler' driver.
WARNING - 2025-10-08 20:29:08 --> Session: Sessions is enabled, and one exists. Please don't $session->start();
INFO - 2025-10-08 20:29:08 --> Session: Class initialized using 'CodeIgniter\Session\Handlers\FileHandler' driver.
WARNING - 2025-10-08 20:29:08 --> Session: Sessions is enabled, and one exists. Please don't $session->start();
INFO - 2025-10-08 20:29:08 --> Session: Class initialized using 'CodeIgniter\Session\Handlers\FileHandler' driver.
WARNING - 2025-10-08 20:29:08 --> Session: Sessions is enabled, and one exists. Please don't $session->start();
INFO - 2025-10-08 20:29:09 --> Session: Class initialized using 'CodeIgniter\Session\Handlers\FileHandler' driver.
WARNING - 2025-10-08 20:29:09 --> Session: Sessions is enabled, and one exists. Please don't $session->start();
INFO - 2025-10-08 20:29:09 --> Session: Class initialized using 'CodeIgniter\Session\Handlers\FileHandler' driver.
WARNING - 2025-10-08 20:29:09 --> Session: Sessions is enabled, and one exists. Please don't $session->start();
ERROR - 2025-10-08 20:29:09 --> mysqli_sql_exception: Unknown column 'win_status' in 'where clause' in C:\laragon\www\pro1\vendor\codeigniter4\framework\system\Database\MySQLi\Connection.php:312
Stack trace:
#0 C:\laragon\www\pro1\vendor\codeigniter4\framework\system\Database\MySQLi\Connection.php(312): mysqli->query('SELECT `refUser...', 0)
#1 C:\laragon\www\pro1\vendor\codeigniter4\framework\system\Database\BaseConnection.php(734): CodeIgniter\Database\MySQLi\Connection->execute('SELECT `refUser...')
#2 C:\laragon\www\pro1\vendor\codeigniter4\framework\system\Database\BaseConnection.php(648): CodeIgniter\Database\BaseConnection->simpleQuery('SELECT `refUser...')
#3 C:\laragon\www\pro1\vendor\codeigniter4\framework\system\Database\BaseBuilder.php(1644): CodeIgniter\Database\BaseConnection->query('SELECT `refUser...', Array, false)
#4 C:\laragon\www\pro1\app\Models\Admin_m.php(3115): CodeIgniter\Database\BaseBuilder->get()
#5 C:\laragon\www\pro1\app\Controllers\Admin_c.php(5823): App\Models\Admin_m->total_played_user(1)
#6 C:\laragon\www\pro1\vendor\codeigniter4\framework\system\CodeIgniter.php(933): App\Controllers\Admin_c->admin_report_ajax()
#7 C:\laragon\www\pro1\vendor\codeigniter4\framework\system\CodeIgniter.php(509): CodeIgniter\CodeIgniter->runController(Object(App\Controllers\Admin_c))
#8 C:\laragon\www\pro1\vendor\codeigniter4\framework\system\CodeIgniter.php(355): CodeIgniter\CodeIgniter->handleRequest(NULL, Object(Config\Cache), false)
#9 C:\laragon\www\pro1\vendor\codeigniter4\framework\system\Boot.php(325): CodeIgniter\CodeIgniter->run()
#10 C:\laragon\www\pro1\vendor\codeigniter4\framework\system\Boot.php(67): CodeIgniter\Boot::runCodeIgniter(Object(CodeIgniter\CodeIgniter))
#11 C:\laragon\www\pro1\index.php(57): CodeIgniter\Boot::bootWeb(Object(Config\Paths))
#12 {main}
CRITICAL - 2025-10-08 20:29:09 --> CodeIgniter\Database\Exceptions\DatabaseException: Unknown column 'win_status' in 'where clause'
[Method: POST, Route: admin-report-ajax]
in SYSTEMPATH\Database\BaseConnection.php on line 688.
 1 SYSTEMPATH\Database\BaseBuilder.php(1644): CodeIgniter\Database\BaseConnection->query('SELECT `refUser_id`
FROM `playgame70s`
WHERE `win_status` = :win_status:
AND DATE(playgame70s.date_added) = :DATE(playgame70s.date_added):', [...], false)
 2 APPPATH\Models\Admin_m.php(3115): CodeIgniter\Database\BaseBuilder->get()
 3 APPPATH\Controllers\Admin_c.php(5823): App\Models\Admin_m->total_played_user(1)
 4 SYSTEMPATH\CodeIgniter.php(933): App\Controllers\Admin_c->admin_report_ajax()
 5 SYSTEMPATH\CodeIgniter.php(509): CodeIgniter\CodeIgniter->runController(Object(App\Controllers\Admin_c))
 6 SYSTEMPATH\CodeIgniter.php(355): CodeIgniter\CodeIgniter->handleRequest(null, Object(Config\Cache), false)
 7 SYSTEMPATH\Boot.php(325): CodeIgniter\CodeIgniter->run()
 8 SYSTEMPATH\Boot.php(67): CodeIgniter\Boot::runCodeIgniter(Object(CodeIgniter\CodeIgniter))
 9 FCPATH\index.php(57): CodeIgniter\Boot::bootWeb(Object(Config\Paths))
CRITICAL - 2025-10-08 20:29:09 --> [Caused by] CodeIgniter\Database\Exceptions\DatabaseException: Unknown column 'win_status' in 'where clause'
in SYSTEMPATH\Database\MySQLi\Connection.php on line 317.
 1 SYSTEMPATH\Database\BaseConnection.php(734): CodeIgniter\Database\MySQLi\Connection->execute('SELECT `refUser_id`
FROM `playgame70s`
WHERE `win_status` = 1
AND DATE(playgame70s.date_added) = \'2025-10-08\'')
 2 SYSTEMPATH\Database\BaseConnection.php(648): CodeIgniter\Database\BaseConnection->simpleQuery('SELECT `refUser_id`
FROM `playgame70s`
WHERE `win_status` = 1
AND DATE(playgame70s.date_added) = \'2025-10-08\'')
 3 SYSTEMPATH\Database\BaseBuilder.php(1644): CodeIgniter\Database\BaseConnection->query('SELECT `refUser_id`
FROM `playgame70s`
WHERE `win_status` = :win_status:
AND DATE(playgame70s.date_added) = :DATE(playgame70s.date_added):', [...], false)
 4 APPPATH\Models\Admin_m.php(3115): CodeIgniter\Database\BaseBuilder->get()
 5 APPPATH\Controllers\Admin_c.php(5823): App\Models\Admin_m->total_played_user(1)
 6 SYSTEMPATH\CodeIgniter.php(933): App\Controllers\Admin_c->admin_report_ajax()
 7 SYSTEMPATH\CodeIgniter.php(509): CodeIgniter\CodeIgniter->runController(Object(App\Controllers\Admin_c))
 8 SYSTEMPATH\CodeIgniter.php(355): CodeIgniter\CodeIgniter->handleRequest(null, Object(Config\Cache), false)
 9 SYSTEMPATH\Boot.php(325): CodeIgniter\CodeIgniter->run()
10 SYSTEMPATH\Boot.php(67): CodeIgniter\Boot::runCodeIgniter(Object(CodeIgniter\CodeIgniter))
11 FCPATH\index.php(57): CodeIgniter\Boot::bootWeb(Object(Config\Paths))
CRITICAL - 2025-10-08 20:29:09 --> [Caused by] mysqli_sql_exception: Unknown column 'win_status' in 'where clause'
in SYSTEMPATH\Database\MySQLi\Connection.php on line 312.
 1 SYSTEMPATH\Database\MySQLi\Connection.php(312): mysqli->query('SELECT `refUser_id`
FROM `playgame70s`
WHERE `win_status` = 1
AND DATE(playgame70s.date_added) = \'2025-10-08\'', 0)
 2 SYSTEMPATH\Database\BaseConnection.php(734): CodeIgniter\Database\MySQLi\Connection->execute('SELECT `refUser_id`
FROM `playgame70s`
WHERE `win_status` = 1
AND DATE(playgame70s.date_added) = \'2025-10-08\'')
 3 SYSTEMPATH\Database\BaseConnection.php(648): CodeIgniter\Database\BaseConnection->simpleQuery('SELECT `refUser_id`
FROM `playgame70s`
WHERE `win_status` = 1
AND DATE(playgame70s.date_added) = \'2025-10-08\'')
 4 SYSTEMPATH\Database\BaseBuilder.php(1644): CodeIgniter\Database\BaseConnection->query('SELECT `refUser_id`
FROM `playgame70s`
WHERE `win_status` = :win_status:
AND DATE(playgame70s.date_added) = :DATE(playgame70s.date_added):', [...], false)
 5 APPPATH\Models\Admin_m.php(3115): CodeIgniter\Database\BaseBuilder->get()
 6 APPPATH\Controllers\Admin_c.php(5823): App\Models\Admin_m->total_played_user(1)
 7 SYSTEMPATH\CodeIgniter.php(933): App\Controllers\Admin_c->admin_report_ajax()
 8 SYSTEMPATH\CodeIgniter.php(509): CodeIgniter\CodeIgniter->runController(Object(App\Controllers\Admin_c))
 9 SYSTEMPATH\CodeIgniter.php(355): CodeIgniter\CodeIgniter->handleRequest(null, Object(Config\Cache), false)
10 SYSTEMPATH\Boot.php(325): CodeIgniter\CodeIgniter->run()
11 SYSTEMPATH\Boot.php(67): CodeIgniter\Boot::runCodeIgniter(Object(CodeIgniter\CodeIgniter))
12 FCPATH\index.php(57): CodeIgniter\Boot::bootWeb(Object(Config\Paths))
INFO - 2025-10-08 20:30:21 --> Session: Class initialized using 'CodeIgniter\Session\Handlers\FileHandler' driver.
WARNING - 2025-10-08 20:30:21 --> Session: Sessions is enabled, and one exists. Please don't $session->start();
INFO - 2025-10-08 20:30:22 --> Session: Class initialized using 'CodeIgniter\Session\Handlers\FileHandler' driver.
WARNING - 2025-10-08 20:30:22 --> Session: Sessions is enabled, and one exists. Please don't $session->start();
INFO - 2025-10-08 20:30:22 --> Session: Class initialized using 'CodeIgniter\Session\Handlers\FileHandler' driver.
WARNING - 2025-10-08 20:30:22 --> Session: Sessions is enabled, and one exists. Please don't $session->start();
INFO - 2025-10-08 20:30:22 --> Session: Class initialized using 'CodeIgniter\Session\Handlers\FileHandler' driver.
WARNING - 2025-10-08 20:30:22 --> Session: Sessions is enabled, and one exists. Please don't $session->start();
INFO - 2025-10-08 20:30:22 --> Session: Class initialized using 'CodeIgniter\Session\Handlers\FileHandler' driver.
WARNING - 2025-10-08 20:30:22 --> Session: Sessions is enabled, and one exists. Please don't $session->start();
INFO - 2025-10-08 20:30:22 --> Session: Class initialized using 'CodeIgniter\Session\Handlers\FileHandler' driver.
WARNING - 2025-10-08 20:30:22 --> Session: Sessions is enabled, and one exists. Please don't $session->start();
INFO - 2025-10-08 20:30:23 --> Session: Class initialized using 'CodeIgniter\Session\Handlers\FileHandler' driver.
WARNING - 2025-10-08 20:30:23 --> Session: Sessions is enabled, and one exists. Please don't $session->start();
INFO - 2025-10-08 20:30:23 --> Session: Class initialized using 'CodeIgniter\Session\Handlers\FileHandler' driver.
WARNING - 2025-10-08 20:30:23 --> Session: Sessions is enabled, and one exists. Please don't $session->start();
WARNING - 2025-10-08 20:30:23 --> [DEPRECATED] number_format(): Passing null to parameter #1 ($num) of type float is deprecated in APPPATH\Helpers\functions_helper.php on line 17.
 1 APPPATH\Helpers\functions_helper.php(17): number_format(null, 2, '.', '')
 2 APPPATH\Controllers\Admin_c.php(5827): formatToTwoDecimalPlaces(null)
 3 SYSTEMPATH\CodeIgniter.php(933): App\Controllers\Admin_c->admin_report_ajax()
 4 SYSTEMPATH\CodeIgniter.php(509): CodeIgniter\CodeIgniter->runController(Object(App\Controllers\Admin_c))
 5 SYSTEMPATH\CodeIgniter.php(355): CodeIgniter\CodeIgniter->handleRequest(null, Object(Config\Cache), false)
 6 SYSTEMPATH\Boot.php(325): CodeIgniter\CodeIgniter->run()
 7 SYSTEMPATH\Boot.php(67): CodeIgniter\Boot::runCodeIgniter(Object(CodeIgniter\CodeIgniter))
 8 FCPATH\index.php(57): CodeIgniter\Boot::bootWeb(Object(Config\Paths))
WARNING - 2025-10-08 20:30:23 --> [DEPRECATED] number_format(): Passing null to parameter #1 ($num) of type float is deprecated in APPPATH\Helpers\functions_helper.php on line 17.
 1 APPPATH\Helpers\functions_helper.php(17): number_format(null, 2, '.', '')
 2 APPPATH\Controllers\Admin_c.php(5831): formatToTwoDecimalPlaces(null)
 3 SYSTEMPATH\CodeIgniter.php(933): App\Controllers\Admin_c->admin_report_ajax()
 4 SYSTEMPATH\CodeIgniter.php(509): CodeIgniter\CodeIgniter->runController(Object(App\Controllers\Admin_c))
 5 SYSTEMPATH\CodeIgniter.php(355): CodeIgniter\CodeIgniter->handleRequest(null, Object(Config\Cache), false)
 6 SYSTEMPATH\Boot.php(325): CodeIgniter\CodeIgniter->run()
 7 SYSTEMPATH\Boot.php(67): CodeIgniter\Boot::runCodeIgniter(Object(CodeIgniter\CodeIgniter))
 8 FCPATH\index.php(57): CodeIgniter\Boot::bootWeb(Object(Config\Paths))
WARNING - 2025-10-08 20:30:23 --> [DEPRECATED] number_format(): Passing null to parameter #1 ($num) of type float is deprecated in APPPATH\Helpers\functions_helper.php on line 17.
 1 APPPATH\Helpers\functions_helper.php(17): number_format(null, 2, '.', '')
 2 APPPATH\Controllers\Admin_c.php(5832): formatToTwoDecimalPlaces(null)
 3 SYSTEMPATH\CodeIgniter.php(933): App\Controllers\Admin_c->admin_report_ajax()
 4 SYSTEMPATH\CodeIgniter.php(509): CodeIgniter\CodeIgniter->runController(Object(App\Controllers\Admin_c))
 5 SYSTEMPATH\CodeIgniter.php(355): CodeIgniter\CodeIgniter->handleRequest(null, Object(Config\Cache), false)
 6 SYSTEMPATH\Boot.php(325): CodeIgniter\CodeIgniter->run()
 7 SYSTEMPATH\Boot.php(67): CodeIgniter\Boot::runCodeIgniter(Object(CodeIgniter\CodeIgniter))
 8 FCPATH\index.php(57): CodeIgniter\Boot::bootWeb(Object(Config\Paths))
