INFO - 2025-05-09 19:34:30 --> Session: Class initialized using 'CodeIgniter\Session\Handlers\FileHandler' driver.
WARNING - 2025-05-09 19:34:30 --> Session: Sessions is enabled, and one exists. Please don't $session->start();
INFO - 2025-05-09 19:34:39 --> Session: Class initialized using 'CodeIgniter\Session\Handlers\FileHandler' driver.
WARNING - 2025-05-09 19:34:39 --> Session: Sessions is enabled, and one exists. Please don't $session->start();
INFO - 2025-05-09 19:34:41 --> Session: Class initialized using 'CodeIgniter\Session\Handlers\FileHandler' driver.
WARNING - 2025-05-09 19:34:41 --> Session: Sessions is enabled, and one exists. Please don't $session->start();
INFO - 2025-05-09 19:34:44 --> Session: Class initialized using 'CodeIgniter\Session\Handlers\FileHandler' driver.
WARNING - 2025-05-09 19:34:44 --> Session: Sessions is enabled, and one exists. Please don't $session->start();
INFO - 2025-05-09 19:34:46 --> Session: Class initialized using 'CodeIgniter\Session\Handlers\FileHandler' driver.
WARNING - 2025-05-09 19:34:46 --> Session: Sessions is enabled, and one exists. Please don't $session->start();
INFO - 2025-05-09 19:34:49 --> Session: Class initialized using 'CodeIgniter\Session\Handlers\FileHandler' driver.
WARNING - 2025-05-09 19:34:49 --> Session: Sessions is enabled, and one exists. Please don't $session->start();
INFO - 2025-05-09 19:34:51 --> Session: Class initialized using 'CodeIgniter\Session\Handlers\FileHandler' driver.
WARNING - 2025-05-09 19:34:51 --> Session: Sessions is enabled, and one exists. Please don't $session->start();
INFO - 2025-05-09 19:34:52 --> Session: Class initialized using 'CodeIgniter\Session\Handlers\FileHandler' driver.
WARNING - 2025-05-09 19:34:52 --> Session: Sessions is enabled, and one exists. Please don't $session->start();
INFO - 2025-05-09 19:34:54 --> Session: Class initialized using 'CodeIgniter\Session\Handlers\FileHandler' driver.
WARNING - 2025-05-09 19:34:54 --> Session: Sessions is enabled, and one exists. Please don't $session->start();
INFO - 2025-05-09 19:34:57 --> Session: Class initialized using 'CodeIgniter\Session\Handlers\FileHandler' driver.
WARNING - 2025-05-09 19:34:57 --> Session: Sessions is enabled, and one exists. Please don't $session->start();
INFO - 2025-05-09 19:34:59 --> Session: Class initialized using 'CodeIgniter\Session\Handlers\FileHandler' driver.
WARNING - 2025-05-09 19:34:59 --> Session: Sessions is enabled, and one exists. Please don't $session->start();
INFO - 2025-05-09 21:03:12 --> Session: Class initialized using 'CodeIgniter\Session\Handlers\FileHandler' driver.
WARNING - 2025-05-09 21:03:12 --> Session: Sessions is enabled, and one exists. Please don't $session->start();
INFO - 2025-05-09 21:03:13 --> Session: Class initialized using 'CodeIgniter\Session\Handlers\FileHandler' driver.
WARNING - 2025-05-09 21:03:13 --> Session: Sessions is enabled, and one exists. Please don't $session->start();
INFO - 2025-05-09 21:03:13 --> Session: Class initialized using 'CodeIgniter\Session\Handlers\FileHandler' driver.
WARNING - 2025-05-09 21:03:13 --> Session: Sessions is enabled, and one exists. Please don't $session->start();
INFO - 2025-05-09 21:03:13 --> Session: Class initialized using 'CodeIgniter\Session\Handlers\FileHandler' driver.
WARNING - 2025-05-09 21:03:13 --> Session: Sessions is enabled, and one exists. Please don't $session->start();
INFO - 2025-05-09 21:03:13 --> Session: Class initialized using 'CodeIgniter\Session\Handlers\FileHandler' driver.
WARNING - 2025-05-09 21:03:13 --> Session: Sessions is enabled, and one exists. Please don't $session->start();
INFO - 2025-05-09 21:03:13 --> Session: Class initialized using 'CodeIgniter\Session\Handlers\FileHandler' driver.
WARNING - 2025-05-09 21:03:13 --> Session: Sessions is enabled, and one exists. Please don't $session->start();
INFO - 2025-05-09 21:03:19 --> Session: Class initialized using 'CodeIgniter\Session\Handlers\FileHandler' driver.
WARNING - 2025-05-09 21:03:19 --> Session: Sessions is enabled, and one exists. Please don't $session->start();
INFO - 2025-05-09 21:03:19 --> Session: Class initialized using 'CodeIgniter\Session\Handlers\FileHandler' driver.
WARNING - 2025-05-09 21:03:19 --> Session: Sessions is enabled, and one exists. Please don't $session->start();
INFO - 2025-05-09 21:03:20 --> Session: Class initialized using 'CodeIgniter\Session\Handlers\FileHandler' driver.
WARNING - 2025-05-09 21:03:20 --> Session: Sessions is enabled, and one exists. Please don't $session->start();
INFO - 2025-05-09 21:03:20 --> Session: Class initialized using 'CodeIgniter\Session\Handlers\FileHandler' driver.
WARNING - 2025-05-09 21:03:20 --> Session: Sessions is enabled, and one exists. Please don't $session->start();
INFO - 2025-05-09 21:03:20 --> Session: Class initialized using 'CodeIgniter\Session\Handlers\FileHandler' driver.
WARNING - 2025-05-09 21:03:20 --> Session: Sessions is enabled, and one exists. Please don't $session->start();
INFO - 2025-05-09 21:03:20 --> Session: Class initialized using 'CodeIgniter\Session\Handlers\FileHandler' driver.
WARNING - 2025-05-09 21:03:20 --> Session: Sessions is enabled, and one exists. Please don't $session->start();
INFO - 2025-05-09 21:03:20 --> Session: Class initialized using 'CodeIgniter\Session\Handlers\FileHandler' driver.
WARNING - 2025-05-09 21:03:20 --> Session: Sessions is enabled, and one exists. Please don't $session->start();
INFO - 2025-05-09 21:03:24 --> Session: Class initialized using 'CodeIgniter\Session\Handlers\FileHandler' driver.
WARNING - 2025-05-09 21:03:24 --> Session: Sessions is enabled, and one exists. Please don't $session->start();
INFO - 2025-05-09 21:03:39 --> Session: Class initialized using 'CodeIgniter\Session\Handlers\FileHandler' driver.
WARNING - 2025-05-09 21:03:39 --> Session: Sessions is enabled, and one exists. Please don't $session->start();
INFO - 2025-05-09 21:03:42 --> Session: Class initialized using 'CodeIgniter\Session\Handlers\FileHandler' driver.
WARNING - 2025-05-09 21:03:42 --> Session: Sessions is enabled, and one exists. Please don't $session->start();
INFO - 2025-05-09 21:03:42 --> Session: Class initialized using 'CodeIgniter\Session\Handlers\FileHandler' driver.
WARNING - 2025-05-09 21:03:42 --> Session: Sessions is enabled, and one exists. Please don't $session->start();
INFO - 2025-05-09 21:03:42 --> Session: Class initialized using 'CodeIgniter\Session\Handlers\FileHandler' driver.
WARNING - 2025-05-09 21:03:42 --> Session: Sessions is enabled, and one exists. Please don't $session->start();
INFO - 2025-05-09 21:03:43 --> Session: Class initialized using 'CodeIgniter\Session\Handlers\FileHandler' driver.
WARNING - 2025-05-09 21:03:43 --> Session: Sessions is enabled, and one exists. Please don't $session->start();
INFO - 2025-05-09 21:03:43 --> Session: Class initialized using 'CodeIgniter\Session\Handlers\FileHandler' driver.
WARNING - 2025-05-09 21:03:43 --> Session: Sessions is enabled, and one exists. Please don't $session->start();
INFO - 2025-05-09 21:03:43 --> Session: Class initialized using 'CodeIgniter\Session\Handlers\FileHandler' driver.
WARNING - 2025-05-09 21:03:43 --> Session: Sessions is enabled, and one exists. Please don't $session->start();
INFO - 2025-05-09 21:03:54 --> Session: Class initialized using 'CodeIgniter\Session\Handlers\FileHandler' driver.
WARNING - 2025-05-09 21:03:54 --> Session: Sessions is enabled, and one exists. Please don't $session->start();
INFO - 2025-05-09 21:04:21 --> Session: Class initialized using 'CodeIgniter\Session\Handlers\FileHandler' driver.
WARNING - 2025-05-09 21:04:21 --> Session: Sessions is enabled, and one exists. Please don't $session->start();
INFO - 2025-05-09 21:04:27 --> Session: Class initialized using 'CodeIgniter\Session\Handlers\FileHandler' driver.
WARNING - 2025-05-09 21:04:27 --> Session: Sessions is enabled, and one exists. Please don't $session->start();
INFO - 2025-05-09 21:04:29 --> Session: Class initialized using 'CodeIgniter\Session\Handlers\FileHandler' driver.
WARNING - 2025-05-09 21:04:29 --> Session: Sessions is enabled, and one exists. Please don't $session->start();
INFO - 2025-05-09 21:04:30 --> Session: Class initialized using 'CodeIgniter\Session\Handlers\FileHandler' driver.
WARNING - 2025-05-09 21:04:30 --> Session: Sessions is enabled, and one exists. Please don't $session->start();
INFO - 2025-05-09 21:04:30 --> Session: Class initialized using 'CodeIgniter\Session\Handlers\FileHandler' driver.
WARNING - 2025-05-09 21:04:30 --> Session: Sessions is enabled, and one exists. Please don't $session->start();
INFO - 2025-05-09 21:04:30 --> Session: Class initialized using 'CodeIgniter\Session\Handlers\FileHandler' driver.
WARNING - 2025-05-09 21:04:30 --> Session: Sessions is enabled, and one exists. Please don't $session->start();
INFO - 2025-05-09 21:04:30 --> Session: Class initialized using 'CodeIgniter\Session\Handlers\FileHandler' driver.
WARNING - 2025-05-09 21:04:30 --> Session: Sessions is enabled, and one exists. Please don't $session->start();
INFO - 2025-05-09 21:04:30 --> Session: Class initialized using 'CodeIgniter\Session\Handlers\FileHandler' driver.
WARNING - 2025-05-09 21:04:30 --> Session: Sessions is enabled, and one exists. Please don't $session->start();
INFO - 2025-05-09 21:05:40 --> Session: Class initialized using 'CodeIgniter\Session\Handlers\FileHandler' driver.
WARNING - 2025-05-09 21:05:40 --> Session: Sessions is enabled, and one exists. Please don't $session->start();
INFO - 2025-05-09 21:05:40 --> Session: Class initialized using 'CodeIgniter\Session\Handlers\FileHandler' driver.
WARNING - 2025-05-09 21:05:40 --> Session: Sessions is enabled, and one exists. Please don't $session->start();
INFO - 2025-05-09 21:05:40 --> Session: Class initialized using 'CodeIgniter\Session\Handlers\FileHandler' driver.
WARNING - 2025-05-09 21:05:40 --> Session: Sessions is enabled, and one exists. Please don't $session->start();
INFO - 2025-05-09 21:05:40 --> Session: Class initialized using 'CodeIgniter\Session\Handlers\FileHandler' driver.
WARNING - 2025-05-09 21:05:40 --> Session: Sessions is enabled, and one exists. Please don't $session->start();
INFO - 2025-05-09 21:05:40 --> Session: Class initialized using 'CodeIgniter\Session\Handlers\FileHandler' driver.
WARNING - 2025-05-09 21:05:40 --> Session: Sessions is enabled, and one exists. Please don't $session->start();
INFO - 2025-05-09 21:05:40 --> Session: Class initialized using 'CodeIgniter\Session\Handlers\FileHandler' driver.
WARNING - 2025-05-09 21:05:40 --> Session: Sessions is enabled, and one exists. Please don't $session->start();
INFO - 2025-05-09 21:05:45 --> Session: Class initialized using 'CodeIgniter\Session\Handlers\FileHandler' driver.
WARNING - 2025-05-09 21:05:45 --> Session: Sessions is enabled, and one exists. Please don't $session->start();
WARNING - 2025-05-09 21:05:45 --> [DEPRECATED] Optional parameter $game_name declared before required parameter $game_id is implicitly treated as a required parameter in APPPATH\Models\User_m.php on line 305.
 1 FCPATH\vendor\composer\ClassLoader.php(576): include('C:\\laragon\\www\\pro1\\vendor\\codeigniter4\\framework\\system\\Debug\\Exceptions.php')
 2 FCPATH\vendor\composer\ClassLoader.php(427): Composer\Autoload\{closure}('C:\\laragon\\www\\pro1\\vendor\\composer/../../app/Models/User_m.php')
 3 APPPATH\Controllers\User_c.php(36): Composer\Autoload\ClassLoader->loadClass('App\\Models\\User_m')
 4 SYSTEMPATH\CodeIgniter.php(903): App\Controllers\User_c->__construct()
 5 SYSTEMPATH\CodeIgniter.php(500): CodeIgniter\CodeIgniter->createController()
 6 SYSTEMPATH\CodeIgniter.php(355): CodeIgniter\CodeIgniter->handleRequest(null, Object(Config\Cache), false)
 7 SYSTEMPATH\Boot.php(325): CodeIgniter\CodeIgniter->run()
 8 SYSTEMPATH\Boot.php(67): CodeIgniter\Boot::runCodeIgniter(Object(CodeIgniter\CodeIgniter))
 9 FCPATH\index.php(57): CodeIgniter\Boot::bootWeb(Object(Config\Paths))
INFO - 2025-05-09 21:05:45 --> Session: Class initialized using 'CodeIgniter\Session\Handlers\FileHandler' driver.
WARNING - 2025-05-09 21:05:45 --> Session: Sessions is enabled, and one exists. Please don't $session->start();
WARNING - 2025-05-09 21:05:45 --> [DEPRECATED] Optional parameter $game_name declared before required parameter $game_id is implicitly treated as a required parameter in APPPATH\Models\User_m.php on line 305.
 1 FCPATH\vendor\composer\ClassLoader.php(576): include('C:\\laragon\\www\\pro1\\vendor\\codeigniter4\\framework\\system\\Debug\\Exceptions.php')
 2 FCPATH\vendor\composer\ClassLoader.php(427): Composer\Autoload\{closure}('C:\\laragon\\www\\pro1\\vendor\\composer/../../app/Models/User_m.php')
 3 APPPATH\Controllers\User_c.php(36): Composer\Autoload\ClassLoader->loadClass('App\\Models\\User_m')
 4 SYSTEMPATH\CodeIgniter.php(903): App\Controllers\User_c->__construct()
 5 SYSTEMPATH\CodeIgniter.php(500): CodeIgniter\CodeIgniter->createController()
 6 SYSTEMPATH\CodeIgniter.php(355): CodeIgniter\CodeIgniter->handleRequest(null, Object(Config\Cache), false)
 7 SYSTEMPATH\Boot.php(325): CodeIgniter\CodeIgniter->run()
 8 SYSTEMPATH\Boot.php(67): CodeIgniter\Boot::runCodeIgniter(Object(CodeIgniter\CodeIgniter))
 9 FCPATH\index.php(57): CodeIgniter\Boot::bootWeb(Object(Config\Paths))
INFO - 2025-05-09 21:05:48 --> Session: Class initialized using 'CodeIgniter\Session\Handlers\FileHandler' driver.
WARNING - 2025-05-09 21:05:48 --> Session: Sessions is enabled, and one exists. Please don't $session->start();
WARNING - 2025-05-09 21:05:48 --> [DEPRECATED] Optional parameter $game_name declared before required parameter $game_id is implicitly treated as a required parameter in APPPATH\Models\User_m.php on line 305.
 1 FCPATH\vendor\composer\ClassLoader.php(576): include('C:\\laragon\\www\\pro1\\vendor\\codeigniter4\\framework\\system\\Debug\\Exceptions.php')
 2 FCPATH\vendor\composer\ClassLoader.php(427): Composer\Autoload\{closure}('C:\\laragon\\www\\pro1\\vendor\\composer/../../app/Models/User_m.php')
 3 APPPATH\Controllers\User_c.php(36): Composer\Autoload\ClassLoader->loadClass('App\\Models\\User_m')
 4 SYSTEMPATH\CodeIgniter.php(903): App\Controllers\User_c->__construct()
 5 SYSTEMPATH\CodeIgniter.php(500): CodeIgniter\CodeIgniter->createController()
 6 SYSTEMPATH\CodeIgniter.php(355): CodeIgniter\CodeIgniter->handleRequest(null, Object(Config\Cache), false)
 7 SYSTEMPATH\Boot.php(325): CodeIgniter\CodeIgniter->run()
 8 SYSTEMPATH\Boot.php(67): CodeIgniter\Boot::runCodeIgniter(Object(CodeIgniter\CodeIgniter))
 9 FCPATH\index.php(57): CodeIgniter\Boot::bootWeb(Object(Config\Paths))
INFO - 2025-05-09 21:05:49 --> Session: Class initialized using 'CodeIgniter\Session\Handlers\FileHandler' driver.
WARNING - 2025-05-09 21:05:49 --> Session: Sessions is enabled, and one exists. Please don't $session->start();
WARNING - 2025-05-09 21:05:49 --> [DEPRECATED] Optional parameter $game_name declared before required parameter $game_id is implicitly treated as a required parameter in APPPATH\Models\User_m.php on line 305.
 1 FCPATH\vendor\composer\ClassLoader.php(576): include('C:\\laragon\\www\\pro1\\vendor\\codeigniter4\\framework\\system\\Debug\\Exceptions.php')
 2 FCPATH\vendor\composer\ClassLoader.php(427): Composer\Autoload\{closure}('C:\\laragon\\www\\pro1\\vendor\\composer/../../app/Models/User_m.php')
 3 APPPATH\Controllers\User_c.php(36): Composer\Autoload\ClassLoader->loadClass('App\\Models\\User_m')
 4 SYSTEMPATH\CodeIgniter.php(903): App\Controllers\User_c->__construct()
 5 SYSTEMPATH\CodeIgniter.php(500): CodeIgniter\CodeIgniter->createController()
 6 SYSTEMPATH\CodeIgniter.php(355): CodeIgniter\CodeIgniter->handleRequest(null, Object(Config\Cache), false)
 7 SYSTEMPATH\Boot.php(325): CodeIgniter\CodeIgniter->run()
 8 SYSTEMPATH\Boot.php(67): CodeIgniter\Boot::runCodeIgniter(Object(CodeIgniter\CodeIgniter))
 9 FCPATH\index.php(57): CodeIgniter\Boot::bootWeb(Object(Config\Paths))
INFO - 2025-05-09 21:05:52 --> Session: Class initialized using 'CodeIgniter\Session\Handlers\FileHandler' driver.
WARNING - 2025-05-09 21:05:52 --> Session: Sessions is enabled, and one exists. Please don't $session->start();
WARNING - 2025-05-09 21:05:52 --> [DEPRECATED] Optional parameter $game_name declared before required parameter $game_id is implicitly treated as a required parameter in APPPATH\Models\User_m.php on line 305.
 1 FCPATH\vendor\composer\ClassLoader.php(576): include('C:\\laragon\\www\\pro1\\vendor\\codeigniter4\\framework\\system\\Debug\\Exceptions.php')
 2 FCPATH\vendor\composer\ClassLoader.php(427): Composer\Autoload\{closure}('C:\\laragon\\www\\pro1\\vendor\\composer/../../app/Models/User_m.php')
 3 APPPATH\Controllers\User_c.php(36): Composer\Autoload\ClassLoader->loadClass('App\\Models\\User_m')
 4 SYSTEMPATH\CodeIgniter.php(903): App\Controllers\User_c->__construct()
 5 SYSTEMPATH\CodeIgniter.php(500): CodeIgniter\CodeIgniter->createController()
 6 SYSTEMPATH\CodeIgniter.php(355): CodeIgniter\CodeIgniter->handleRequest(null, Object(Config\Cache), false)
 7 SYSTEMPATH\Boot.php(325): CodeIgniter\CodeIgniter->run()
 8 SYSTEMPATH\Boot.php(67): CodeIgniter\Boot::runCodeIgniter(Object(CodeIgniter\CodeIgniter))
 9 FCPATH\index.php(57): CodeIgniter\Boot::bootWeb(Object(Config\Paths))
INFO - 2025-05-09 21:05:53 --> Session: Class initialized using 'CodeIgniter\Session\Handlers\FileHandler' driver.
WARNING - 2025-05-09 21:05:53 --> Session: Sessions is enabled, and one exists. Please don't $session->start();
WARNING - 2025-05-09 21:05:53 --> [DEPRECATED] Optional parameter $game_name declared before required parameter $game_id is implicitly treated as a required parameter in APPPATH\Models\User_m.php on line 305.
 1 FCPATH\vendor\composer\ClassLoader.php(576): include('C:\\laragon\\www\\pro1\\vendor\\codeigniter4\\framework\\system\\Debug\\Exceptions.php')
 2 FCPATH\vendor\composer\ClassLoader.php(427): Composer\Autoload\{closure}('C:\\laragon\\www\\pro1\\vendor\\composer/../../app/Models/User_m.php')
 3 APPPATH\Controllers\User_c.php(36): Composer\Autoload\ClassLoader->loadClass('App\\Models\\User_m')
 4 SYSTEMPATH\CodeIgniter.php(903): App\Controllers\User_c->__construct()
 5 SYSTEMPATH\CodeIgniter.php(500): CodeIgniter\CodeIgniter->createController()
 6 SYSTEMPATH\CodeIgniter.php(355): CodeIgniter\CodeIgniter->handleRequest(null, Object(Config\Cache), false)
 7 SYSTEMPATH\Boot.php(325): CodeIgniter\CodeIgniter->run()
 8 SYSTEMPATH\Boot.php(67): CodeIgniter\Boot::runCodeIgniter(Object(CodeIgniter\CodeIgniter))
 9 FCPATH\index.php(57): CodeIgniter\Boot::bootWeb(Object(Config\Paths))
INFO - 2025-05-09 21:05:59 --> Session: Class initialized using 'CodeIgniter\Session\Handlers\FileHandler' driver.
WARNING - 2025-05-09 21:05:59 --> Session: Sessions is enabled, and one exists. Please don't $session->start();
WARNING - 2025-05-09 21:05:59 --> [DEPRECATED] Optional parameter $game_name declared before required parameter $game_id is implicitly treated as a required parameter in APPPATH\Models\User_m.php on line 305.
 1 FCPATH\vendor\composer\ClassLoader.php(576): include('C:\\laragon\\www\\pro1\\vendor\\codeigniter4\\framework\\system\\Debug\\Exceptions.php')
 2 FCPATH\vendor\composer\ClassLoader.php(427): Composer\Autoload\{closure}('C:\\laragon\\www\\pro1\\vendor\\composer/../../app/Models/User_m.php')
 3 APPPATH\Controllers\User_c.php(36): Composer\Autoload\ClassLoader->loadClass('App\\Models\\User_m')
 4 SYSTEMPATH\CodeIgniter.php(903): App\Controllers\User_c->__construct()
 5 SYSTEMPATH\CodeIgniter.php(500): CodeIgniter\CodeIgniter->createController()
 6 SYSTEMPATH\CodeIgniter.php(355): CodeIgniter\CodeIgniter->handleRequest(null, Object(Config\Cache), false)
 7 SYSTEMPATH\Boot.php(325): CodeIgniter\CodeIgniter->run()
 8 SYSTEMPATH\Boot.php(67): CodeIgniter\Boot::runCodeIgniter(Object(CodeIgniter\CodeIgniter))
 9 FCPATH\index.php(57): CodeIgniter\Boot::bootWeb(Object(Config\Paths))
INFO - 2025-05-09 21:05:59 --> Session: Class initialized using 'CodeIgniter\Session\Handlers\FileHandler' driver.
WARNING - 2025-05-09 21:05:59 --> Session: Sessions is enabled, and one exists. Please don't $session->start();
WARNING - 2025-05-09 21:05:59 --> [DEPRECATED] Optional parameter $game_name declared before required parameter $game_id is implicitly treated as a required parameter in APPPATH\Models\User_m.php on line 305.
 1 FCPATH\vendor\composer\ClassLoader.php(576): include('C:\\laragon\\www\\pro1\\vendor\\codeigniter4\\framework\\system\\Debug\\Exceptions.php')
 2 FCPATH\vendor\composer\ClassLoader.php(427): Composer\Autoload\{closure}('C:\\laragon\\www\\pro1\\vendor\\composer/../../app/Models/User_m.php')
 3 APPPATH\Controllers\User_c.php(36): Composer\Autoload\ClassLoader->loadClass('App\\Models\\User_m')
 4 SYSTEMPATH\CodeIgniter.php(903): App\Controllers\User_c->__construct()
 5 SYSTEMPATH\CodeIgniter.php(500): CodeIgniter\CodeIgniter->createController()
 6 SYSTEMPATH\CodeIgniter.php(355): CodeIgniter\CodeIgniter->handleRequest(null, Object(Config\Cache), false)
 7 SYSTEMPATH\Boot.php(325): CodeIgniter\CodeIgniter->run()
 8 SYSTEMPATH\Boot.php(67): CodeIgniter\Boot::runCodeIgniter(Object(CodeIgniter\CodeIgniter))
 9 FCPATH\index.php(57): CodeIgniter\Boot::bootWeb(Object(Config\Paths))
INFO - 2025-05-09 21:06:01 --> Session: Class initialized using 'CodeIgniter\Session\Handlers\FileHandler' driver.
WARNING - 2025-05-09 21:06:01 --> Session: Sessions is enabled, and one exists. Please don't $session->start();
INFO - 2025-05-09 21:06:01 --> Session: Class initialized using 'CodeIgniter\Session\Handlers\FileHandler' driver.
WARNING - 2025-05-09 21:06:01 --> Session: Sessions is enabled, and one exists. Please don't $session->start();
INFO - 2025-05-09 21:06:01 --> Session: Class initialized using 'CodeIgniter\Session\Handlers\FileHandler' driver.
WARNING - 2025-05-09 21:06:01 --> Session: Sessions is enabled, and one exists. Please don't $session->start();
INFO - 2025-05-09 21:06:01 --> Session: Class initialized using 'CodeIgniter\Session\Handlers\FileHandler' driver.
WARNING - 2025-05-09 21:06:01 --> Session: Sessions is enabled, and one exists. Please don't $session->start();
INFO - 2025-05-09 21:06:01 --> Session: Class initialized using 'CodeIgniter\Session\Handlers\FileHandler' driver.
WARNING - 2025-05-09 21:06:01 --> Session: Sessions is enabled, and one exists. Please don't $session->start();
INFO - 2025-05-09 21:06:02 --> Session: Class initialized using 'CodeIgniter\Session\Handlers\FileHandler' driver.
WARNING - 2025-05-09 21:06:02 --> Session: Sessions is enabled, and one exists. Please don't $session->start();
INFO - 2025-05-09 21:06:14 --> Session: Class initialized using 'CodeIgniter\Session\Handlers\FileHandler' driver.
WARNING - 2025-05-09 21:06:14 --> Session: Sessions is enabled, and one exists. Please don't $session->start();
INFO - 2025-05-09 21:06:14 --> Session: Class initialized using 'CodeIgniter\Session\Handlers\FileHandler' driver.
WARNING - 2025-05-09 21:06:14 --> Session: Sessions is enabled, and one exists. Please don't $session->start();
INFO - 2025-05-09 21:06:14 --> Session: Class initialized using 'CodeIgniter\Session\Handlers\FileHandler' driver.
WARNING - 2025-05-09 21:06:14 --> Session: Sessions is enabled, and one exists. Please don't $session->start();
INFO - 2025-05-09 21:06:14 --> Session: Class initialized using 'CodeIgniter\Session\Handlers\FileHandler' driver.
WARNING - 2025-05-09 21:06:14 --> Session: Sessions is enabled, and one exists. Please don't $session->start();
INFO - 2025-05-09 21:06:14 --> Session: Class initialized using 'CodeIgniter\Session\Handlers\FileHandler' driver.
WARNING - 2025-05-09 21:06:14 --> Session: Sessions is enabled, and one exists. Please don't $session->start();
INFO - 2025-05-09 21:07:03 --> Session: Class initialized using 'CodeIgniter\Session\Handlers\FileHandler' driver.
WARNING - 2025-05-09 21:07:03 --> Session: Sessions is enabled, and one exists. Please don't $session->start();
WARNING - 2025-05-09 21:07:03 --> [DEPRECATED] Optional parameter $game_name declared before required parameter $game_id is implicitly treated as a required parameter in APPPATH\Models\User_m.php on line 305.
 1 FCPATH\vendor\composer\ClassLoader.php(576): include('C:\\laragon\\www\\pro1\\vendor\\codeigniter4\\framework\\system\\Debug\\Exceptions.php')
 2 FCPATH\vendor\composer\ClassLoader.php(427): Composer\Autoload\{closure}('C:\\laragon\\www\\pro1\\vendor\\composer/../../app/Models/User_m.php')
 3 APPPATH\Controllers\User_c.php(36): Composer\Autoload\ClassLoader->loadClass('App\\Models\\User_m')
 4 SYSTEMPATH\CodeIgniter.php(903): App\Controllers\User_c->__construct()
 5 SYSTEMPATH\CodeIgniter.php(500): CodeIgniter\CodeIgniter->createController()
 6 SYSTEMPATH\CodeIgniter.php(355): CodeIgniter\CodeIgniter->handleRequest(null, Object(Config\Cache), false)
 7 SYSTEMPATH\Boot.php(325): CodeIgniter\CodeIgniter->run()
 8 SYSTEMPATH\Boot.php(67): CodeIgniter\Boot::runCodeIgniter(Object(CodeIgniter\CodeIgniter))
 9 FCPATH\index.php(57): CodeIgniter\Boot::bootWeb(Object(Config\Paths))
INFO - 2025-05-09 21:07:04 --> Session: Class initialized using 'CodeIgniter\Session\Handlers\FileHandler' driver.
WARNING - 2025-05-09 21:07:04 --> Session: Sessions is enabled, and one exists. Please don't $session->start();
WARNING - 2025-05-09 21:07:04 --> [DEPRECATED] Optional parameter $game_name declared before required parameter $game_id is implicitly treated as a required parameter in APPPATH\Models\User_m.php on line 305.
 1 FCPATH\vendor\composer\ClassLoader.php(576): include('C:\\laragon\\www\\pro1\\vendor\\codeigniter4\\framework\\system\\Debug\\Exceptions.php')
 2 FCPATH\vendor\composer\ClassLoader.php(427): Composer\Autoload\{closure}('C:\\laragon\\www\\pro1\\vendor\\composer/../../app/Models/User_m.php')
 3 APPPATH\Controllers\User_c.php(36): Composer\Autoload\ClassLoader->loadClass('App\\Models\\User_m')
 4 SYSTEMPATH\CodeIgniter.php(903): App\Controllers\User_c->__construct()
 5 SYSTEMPATH\CodeIgniter.php(500): CodeIgniter\CodeIgniter->createController()
 6 SYSTEMPATH\CodeIgniter.php(355): CodeIgniter\CodeIgniter->handleRequest(null, Object(Config\Cache), false)
 7 SYSTEMPATH\Boot.php(325): CodeIgniter\CodeIgniter->run()
 8 SYSTEMPATH\Boot.php(67): CodeIgniter\Boot::runCodeIgniter(Object(CodeIgniter\CodeIgniter))
 9 FCPATH\index.php(57): CodeIgniter\Boot::bootWeb(Object(Config\Paths))
INFO - 2025-05-09 21:07:04 --> Session: Class initialized using 'CodeIgniter\Session\Handlers\FileHandler' driver.
WARNING - 2025-05-09 21:07:04 --> Session: Sessions is enabled, and one exists. Please don't $session->start();
WARNING - 2025-05-09 21:07:04 --> [DEPRECATED] Optional parameter $game_name declared before required parameter $game_id is implicitly treated as a required parameter in APPPATH\Models\User_m.php on line 305.
 1 FCPATH\vendor\composer\ClassLoader.php(576): include('C:\\laragon\\www\\pro1\\vendor\\codeigniter4\\framework\\system\\Debug\\Exceptions.php')
 2 FCPATH\vendor\composer\ClassLoader.php(427): Composer\Autoload\{closure}('C:\\laragon\\www\\pro1\\vendor\\composer/../../app/Models/User_m.php')
 3 APPPATH\Controllers\User_c.php(36): Composer\Autoload\ClassLoader->loadClass('App\\Models\\User_m')
 4 SYSTEMPATH\CodeIgniter.php(903): App\Controllers\User_c->__construct()
 5 SYSTEMPATH\CodeIgniter.php(500): CodeIgniter\CodeIgniter->createController()
 6 SYSTEMPATH\CodeIgniter.php(355): CodeIgniter\CodeIgniter->handleRequest(null, Object(Config\Cache), false)
 7 SYSTEMPATH\Boot.php(325): CodeIgniter\CodeIgniter->run()
 8 SYSTEMPATH\Boot.php(67): CodeIgniter\Boot::runCodeIgniter(Object(CodeIgniter\CodeIgniter))
 9 FCPATH\index.php(57): CodeIgniter\Boot::bootWeb(Object(Config\Paths))
INFO - 2025-05-09 21:07:07 --> Session: Class initialized using 'CodeIgniter\Session\Handlers\FileHandler' driver.
WARNING - 2025-05-09 21:07:07 --> Session: Sessions is enabled, and one exists. Please don't $session->start();
WARNING - 2025-05-09 21:07:07 --> [DEPRECATED] Optional parameter $game_name declared before required parameter $game_id is implicitly treated as a required parameter in APPPATH\Models\User_m.php on line 305.
 1 FCPATH\vendor\composer\ClassLoader.php(576): include('C:\\laragon\\www\\pro1\\vendor\\codeigniter4\\framework\\system\\Debug\\Exceptions.php')
 2 FCPATH\vendor\composer\ClassLoader.php(427): Composer\Autoload\{closure}('C:\\laragon\\www\\pro1\\vendor\\composer/../../app/Models/User_m.php')
 3 APPPATH\Controllers\User_c.php(36): Composer\Autoload\ClassLoader->loadClass('App\\Models\\User_m')
 4 SYSTEMPATH\CodeIgniter.php(903): App\Controllers\User_c->__construct()
 5 SYSTEMPATH\CodeIgniter.php(500): CodeIgniter\CodeIgniter->createController()
 6 SYSTEMPATH\CodeIgniter.php(355): CodeIgniter\CodeIgniter->handleRequest(null, Object(Config\Cache), false)
 7 SYSTEMPATH\Boot.php(325): CodeIgniter\CodeIgniter->run()
 8 SYSTEMPATH\Boot.php(67): CodeIgniter\Boot::runCodeIgniter(Object(CodeIgniter\CodeIgniter))
 9 FCPATH\index.php(57): CodeIgniter\Boot::bootWeb(Object(Config\Paths))
INFO - 2025-05-09 21:07:07 --> Session: Class initialized using 'CodeIgniter\Session\Handlers\FileHandler' driver.
WARNING - 2025-05-09 21:07:07 --> Session: Sessions is enabled, and one exists. Please don't $session->start();
WARNING - 2025-05-09 21:07:07 --> [DEPRECATED] Optional parameter $game_name declared before required parameter $game_id is implicitly treated as a required parameter in APPPATH\Models\User_m.php on line 305.
 1 FCPATH\vendor\composer\ClassLoader.php(576): include('C:\\laragon\\www\\pro1\\vendor\\codeigniter4\\framework\\system\\Debug\\Exceptions.php')
 2 FCPATH\vendor\composer\ClassLoader.php(427): Composer\Autoload\{closure}('C:\\laragon\\www\\pro1\\vendor\\composer/../../app/Models/User_m.php')
 3 APPPATH\Controllers\User_c.php(36): Composer\Autoload\ClassLoader->loadClass('App\\Models\\User_m')
 4 SYSTEMPATH\CodeIgniter.php(903): App\Controllers\User_c->__construct()
 5 SYSTEMPATH\CodeIgniter.php(500): CodeIgniter\CodeIgniter->createController()
 6 SYSTEMPATH\CodeIgniter.php(355): CodeIgniter\CodeIgniter->handleRequest(null, Object(Config\Cache), false)
 7 SYSTEMPATH\Boot.php(325): CodeIgniter\CodeIgniter->run()
 8 SYSTEMPATH\Boot.php(67): CodeIgniter\Boot::runCodeIgniter(Object(CodeIgniter\CodeIgniter))
 9 FCPATH\index.php(57): CodeIgniter\Boot::bootWeb(Object(Config\Paths))
INFO - 2025-05-09 21:07:36 --> Session: Class initialized using 'CodeIgniter\Session\Handlers\FileHandler' driver.
WARNING - 2025-05-09 21:07:36 --> Session: Sessions is enabled, and one exists. Please don't $session->start();
WARNING - 2025-05-09 21:07:36 --> [DEPRECATED] Optional parameter $game_name declared before required parameter $game_id is implicitly treated as a required parameter in APPPATH\Models\User_m.php on line 305.
 1 FCPATH\vendor\composer\ClassLoader.php(576): include('C:\\laragon\\www\\pro1\\vendor\\codeigniter4\\framework\\system\\Debug\\Exceptions.php')
 2 FCPATH\vendor\composer\ClassLoader.php(427): Composer\Autoload\{closure}('C:\\laragon\\www\\pro1\\vendor\\composer/../../app/Models/User_m.php')
 3 APPPATH\Controllers\User_c.php(36): Composer\Autoload\ClassLoader->loadClass('App\\Models\\User_m')
 4 SYSTEMPATH\CodeIgniter.php(903): App\Controllers\User_c->__construct()
 5 SYSTEMPATH\CodeIgniter.php(500): CodeIgniter\CodeIgniter->createController()
 6 SYSTEMPATH\CodeIgniter.php(355): CodeIgniter\CodeIgniter->handleRequest(null, Object(Config\Cache), false)
 7 SYSTEMPATH\Boot.php(325): CodeIgniter\CodeIgniter->run()
 8 SYSTEMPATH\Boot.php(67): CodeIgniter\Boot::runCodeIgniter(Object(CodeIgniter\CodeIgniter))
 9 FCPATH\index.php(57): CodeIgniter\Boot::bootWeb(Object(Config\Paths))
INFO - 2025-05-09 21:07:37 --> Session: Class initialized using 'CodeIgniter\Session\Handlers\FileHandler' driver.
WARNING - 2025-05-09 21:07:37 --> Session: Sessions is enabled, and one exists. Please don't $session->start();
WARNING - 2025-05-09 21:07:37 --> [DEPRECATED] Optional parameter $game_name declared before required parameter $game_id is implicitly treated as a required parameter in APPPATH\Models\User_m.php on line 305.
 1 FCPATH\vendor\composer\ClassLoader.php(576): include('C:\\laragon\\www\\pro1\\vendor\\codeigniter4\\framework\\system\\Debug\\Exceptions.php')
 2 FCPATH\vendor\composer\ClassLoader.php(427): Composer\Autoload\{closure}('C:\\laragon\\www\\pro1\\vendor\\composer/../../app/Models/User_m.php')
 3 APPPATH\Controllers\User_c.php(36): Composer\Autoload\ClassLoader->loadClass('App\\Models\\User_m')
 4 SYSTEMPATH\CodeIgniter.php(903): App\Controllers\User_c->__construct()
 5 SYSTEMPATH\CodeIgniter.php(500): CodeIgniter\CodeIgniter->createController()
 6 SYSTEMPATH\CodeIgniter.php(355): CodeIgniter\CodeIgniter->handleRequest(null, Object(Config\Cache), false)
 7 SYSTEMPATH\Boot.php(325): CodeIgniter\CodeIgniter->run()
 8 SYSTEMPATH\Boot.php(67): CodeIgniter\Boot::runCodeIgniter(Object(CodeIgniter\CodeIgniter))
 9 FCPATH\index.php(57): CodeIgniter\Boot::bootWeb(Object(Config\Paths))
INFO - 2025-05-09 21:07:38 --> Session: Class initialized using 'CodeIgniter\Session\Handlers\FileHandler' driver.
WARNING - 2025-05-09 21:07:38 --> Session: Sessions is enabled, and one exists. Please don't $session->start();
INFO - 2025-05-09 21:07:39 --> Session: Class initialized using 'CodeIgniter\Session\Handlers\FileHandler' driver.
WARNING - 2025-05-09 21:07:39 --> Session: Sessions is enabled, and one exists. Please don't $session->start();
INFO - 2025-05-09 21:07:39 --> Session: Class initialized using 'CodeIgniter\Session\Handlers\FileHandler' driver.
WARNING - 2025-05-09 21:07:39 --> Session: Sessions is enabled, and one exists. Please don't $session->start();
INFO - 2025-05-09 21:07:39 --> Session: Class initialized using 'CodeIgniter\Session\Handlers\FileHandler' driver.
WARNING - 2025-05-09 21:07:39 --> Session: Sessions is enabled, and one exists. Please don't $session->start();
INFO - 2025-05-09 21:07:39 --> Session: Class initialized using 'CodeIgniter\Session\Handlers\FileHandler' driver.
WARNING - 2025-05-09 21:07:39 --> Session: Sessions is enabled, and one exists. Please don't $session->start();
INFO - 2025-05-09 21:07:45 --> Session: Class initialized using 'CodeIgniter\Session\Handlers\FileHandler' driver.
WARNING - 2025-05-09 21:07:45 --> Session: Sessions is enabled, and one exists. Please don't $session->start();
INFO - 2025-05-09 21:07:50 --> Session: Class initialized using 'CodeIgniter\Session\Handlers\FileHandler' driver.
WARNING - 2025-05-09 21:07:50 --> Session: Sessions is enabled, and one exists. Please don't $session->start();
INFO - 2025-05-09 21:07:50 --> Session: Class initialized using 'CodeIgniter\Session\Handlers\FileHandler' driver.
WARNING - 2025-05-09 21:07:50 --> Session: Sessions is enabled, and one exists. Please don't $session->start();
INFO - 2025-05-09 21:07:51 --> Session: Class initialized using 'CodeIgniter\Session\Handlers\FileHandler' driver.
WARNING - 2025-05-09 21:07:51 --> Session: Sessions is enabled, and one exists. Please don't $session->start();
INFO - 2025-05-09 21:07:51 --> Session: Class initialized using 'CodeIgniter\Session\Handlers\FileHandler' driver.
WARNING - 2025-05-09 21:07:51 --> Session: Sessions is enabled, and one exists. Please don't $session->start();
INFO - 2025-05-09 21:07:51 --> Session: Class initialized using 'CodeIgniter\Session\Handlers\FileHandler' driver.
WARNING - 2025-05-09 21:07:51 --> Session: Sessions is enabled, and one exists. Please don't $session->start();
INFO - 2025-05-09 21:07:55 --> Session: Class initialized using 'CodeIgniter\Session\Handlers\FileHandler' driver.
WARNING - 2025-05-09 21:07:55 --> Session: Sessions is enabled, and one exists. Please don't $session->start();
INFO - 2025-05-09 21:07:55 --> Session: Class initialized using 'CodeIgniter\Session\Handlers\FileHandler' driver.
WARNING - 2025-05-09 21:07:55 --> Session: Sessions is enabled, and one exists. Please don't $session->start();
INFO - 2025-05-09 21:07:56 --> Session: Class initialized using 'CodeIgniter\Session\Handlers\FileHandler' driver.
WARNING - 2025-05-09 21:07:56 --> Session: Sessions is enabled, and one exists. Please don't $session->start();
INFO - 2025-05-09 21:07:56 --> Session: Class initialized using 'CodeIgniter\Session\Handlers\FileHandler' driver.
WARNING - 2025-05-09 21:07:56 --> Session: Sessions is enabled, and one exists. Please don't $session->start();
INFO - 2025-05-09 21:07:56 --> Session: Class initialized using 'CodeIgniter\Session\Handlers\FileHandler' driver.
WARNING - 2025-05-09 21:07:56 --> Session: Sessions is enabled, and one exists. Please don't $session->start();
INFO - 2025-05-09 21:07:56 --> Session: Class initialized using 'CodeIgniter\Session\Handlers\FileHandler' driver.
WARNING - 2025-05-09 21:07:56 --> Session: Sessions is enabled, and one exists. Please don't $session->start();
INFO - 2025-05-09 21:07:59 --> Session: Class initialized using 'CodeIgniter\Session\Handlers\FileHandler' driver.
WARNING - 2025-05-09 21:07:59 --> Session: Sessions is enabled, and one exists. Please don't $session->start();
INFO - 2025-05-09 21:07:59 --> Session: Class initialized using 'CodeIgniter\Session\Handlers\FileHandler' driver.
WARNING - 2025-05-09 21:07:59 --> Session: Sessions is enabled, and one exists. Please don't $session->start();
INFO - 2025-05-09 21:07:59 --> Session: Class initialized using 'CodeIgniter\Session\Handlers\FileHandler' driver.
WARNING - 2025-05-09 21:07:59 --> Session: Sessions is enabled, and one exists. Please don't $session->start();
INFO - 2025-05-09 21:07:59 --> Session: Class initialized using 'CodeIgniter\Session\Handlers\FileHandler' driver.
WARNING - 2025-05-09 21:07:59 --> Session: Sessions is enabled, and one exists. Please don't $session->start();
INFO - 2025-05-09 21:07:59 --> Session: Class initialized using 'CodeIgniter\Session\Handlers\FileHandler' driver.
WARNING - 2025-05-09 21:07:59 --> Session: Sessions is enabled, and one exists. Please don't $session->start();
INFO - 2025-05-09 21:07:59 --> Session: Class initialized using 'CodeIgniter\Session\Handlers\FileHandler' driver.
WARNING - 2025-05-09 21:07:59 --> Session: Sessions is enabled, and one exists. Please don't $session->start();
INFO - 2025-05-09 21:08:47 --> Session: Class initialized using 'CodeIgniter\Session\Handlers\FileHandler' driver.
WARNING - 2025-05-09 21:08:47 --> Session: Sessions is enabled, and one exists. Please don't $session->start();
INFO - 2025-05-09 21:08:48 --> Session: Class initialized using 'CodeIgniter\Session\Handlers\FileHandler' driver.
WARNING - 2025-05-09 21:08:48 --> Session: Sessions is enabled, and one exists. Please don't $session->start();
INFO - 2025-05-09 21:08:48 --> Session: Class initialized using 'CodeIgniter\Session\Handlers\FileHandler' driver.
WARNING - 2025-05-09 21:08:48 --> Session: Sessions is enabled, and one exists. Please don't $session->start();
INFO - 2025-05-09 21:08:48 --> Session: Class initialized using 'CodeIgniter\Session\Handlers\FileHandler' driver.
WARNING - 2025-05-09 21:08:48 --> Session: Sessions is enabled, and one exists. Please don't $session->start();
INFO - 2025-05-09 21:08:48 --> Session: Class initialized using 'CodeIgniter\Session\Handlers\FileHandler' driver.
WARNING - 2025-05-09 21:08:48 --> Session: Sessions is enabled, and one exists. Please don't $session->start();
INFO - 2025-05-09 21:08:54 --> Session: Class initialized using 'CodeIgniter\Session\Handlers\FileHandler' driver.
WARNING - 2025-05-09 21:08:54 --> Session: Sessions is enabled, and one exists. Please don't $session->start();
INFO - 2025-05-09 21:08:54 --> Session: Class initialized using 'CodeIgniter\Session\Handlers\FileHandler' driver.
WARNING - 2025-05-09 21:08:54 --> Session: Sessions is enabled, and one exists. Please don't $session->start();
INFO - 2025-05-09 21:08:54 --> Session: Class initialized using 'CodeIgniter\Session\Handlers\FileHandler' driver.
WARNING - 2025-05-09 21:08:54 --> Session: Sessions is enabled, and one exists. Please don't $session->start();
INFO - 2025-05-09 21:08:54 --> Session: Class initialized using 'CodeIgniter\Session\Handlers\FileHandler' driver.
WARNING - 2025-05-09 21:08:54 --> Session: Sessions is enabled, and one exists. Please don't $session->start();
INFO - 2025-05-09 21:08:54 --> Session: Class initialized using 'CodeIgniter\Session\Handlers\FileHandler' driver.
WARNING - 2025-05-09 21:08:54 --> Session: Sessions is enabled, and one exists. Please don't $session->start();
INFO - 2025-05-09 21:08:56 --> Session: Class initialized using 'CodeIgniter\Session\Handlers\FileHandler' driver.
WARNING - 2025-05-09 21:08:56 --> Session: Sessions is enabled, and one exists. Please don't $session->start();
INFO - 2025-05-09 21:08:56 --> Session: Class initialized using 'CodeIgniter\Session\Handlers\FileHandler' driver.
WARNING - 2025-05-09 21:08:56 --> Session: Sessions is enabled, and one exists. Please don't $session->start();
INFO - 2025-05-09 21:08:56 --> Session: Class initialized using 'CodeIgniter\Session\Handlers\FileHandler' driver.
WARNING - 2025-05-09 21:08:56 --> Session: Sessions is enabled, and one exists. Please don't $session->start();
INFO - 2025-05-09 21:08:56 --> Session: Class initialized using 'CodeIgniter\Session\Handlers\FileHandler' driver.
WARNING - 2025-05-09 21:08:56 --> Session: Sessions is enabled, and one exists. Please don't $session->start();
INFO - 2025-05-09 21:08:56 --> Session: Class initialized using 'CodeIgniter\Session\Handlers\FileHandler' driver.
WARNING - 2025-05-09 21:08:56 --> Session: Sessions is enabled, and one exists. Please don't $session->start();
INFO - 2025-05-09 21:08:56 --> Session: Class initialized using 'CodeIgniter\Session\Handlers\FileHandler' driver.
WARNING - 2025-05-09 21:08:56 --> Session: Sessions is enabled, and one exists. Please don't $session->start();
INFO - 2025-05-09 21:09:14 --> Session: Class initialized using 'CodeIgniter\Session\Handlers\FileHandler' driver.
WARNING - 2025-05-09 21:09:14 --> Session: Sessions is enabled, and one exists. Please don't $session->start();
WARNING - 2025-05-09 21:09:14 --> [DEPRECATED] Optional parameter $game_name declared before required parameter $game_id is implicitly treated as a required parameter in APPPATH\Models\User_m.php on line 305.
 1 FCPATH\vendor\composer\ClassLoader.php(576): include('C:\\laragon\\www\\pro1\\vendor\\codeigniter4\\framework\\system\\Debug\\Exceptions.php')
 2 FCPATH\vendor\composer\ClassLoader.php(427): Composer\Autoload\{closure}('C:\\laragon\\www\\pro1\\vendor\\composer/../../app/Models/User_m.php')
 3 APPPATH\Controllers\User_c.php(36): Composer\Autoload\ClassLoader->loadClass('App\\Models\\User_m')
 4 SYSTEMPATH\CodeIgniter.php(903): App\Controllers\User_c->__construct()
 5 SYSTEMPATH\CodeIgniter.php(500): CodeIgniter\CodeIgniter->createController()
 6 SYSTEMPATH\CodeIgniter.php(355): CodeIgniter\CodeIgniter->handleRequest(null, Object(Config\Cache), false)
 7 SYSTEMPATH\Boot.php(325): CodeIgniter\CodeIgniter->run()
 8 SYSTEMPATH\Boot.php(67): CodeIgniter\Boot::runCodeIgniter(Object(CodeIgniter\CodeIgniter))
 9 FCPATH\index.php(57): CodeIgniter\Boot::bootWeb(Object(Config\Paths))
INFO - 2025-05-09 21:09:15 --> Session: Class initialized using 'CodeIgniter\Session\Handlers\FileHandler' driver.
WARNING - 2025-05-09 21:09:15 --> Session: Sessions is enabled, and one exists. Please don't $session->start();
WARNING - 2025-05-09 21:09:15 --> [DEPRECATED] Optional parameter $game_name declared before required parameter $game_id is implicitly treated as a required parameter in APPPATH\Models\User_m.php on line 305.
 1 FCPATH\vendor\composer\ClassLoader.php(576): include('C:\\laragon\\www\\pro1\\vendor\\codeigniter4\\framework\\system\\Debug\\Exceptions.php')
 2 FCPATH\vendor\composer\ClassLoader.php(427): Composer\Autoload\{closure}('C:\\laragon\\www\\pro1\\vendor\\composer/../../app/Models/User_m.php')
 3 APPPATH\Controllers\User_c.php(36): Composer\Autoload\ClassLoader->loadClass('App\\Models\\User_m')
 4 SYSTEMPATH\CodeIgniter.php(903): App\Controllers\User_c->__construct()
 5 SYSTEMPATH\CodeIgniter.php(500): CodeIgniter\CodeIgniter->createController()
 6 SYSTEMPATH\CodeIgniter.php(355): CodeIgniter\CodeIgniter->handleRequest(null, Object(Config\Cache), false)
 7 SYSTEMPATH\Boot.php(325): CodeIgniter\CodeIgniter->run()
 8 SYSTEMPATH\Boot.php(67): CodeIgniter\Boot::runCodeIgniter(Object(CodeIgniter\CodeIgniter))
 9 FCPATH\index.php(57): CodeIgniter\Boot::bootWeb(Object(Config\Paths))
INFO - 2025-05-09 21:09:19 --> Session: Class initialized using 'CodeIgniter\Session\Handlers\FileHandler' driver.
WARNING - 2025-05-09 21:09:19 --> Session: Sessions is enabled, and one exists. Please don't $session->start();
INFO - 2025-05-09 21:09:19 --> Session: Class initialized using 'CodeIgniter\Session\Handlers\FileHandler' driver.
WARNING - 2025-05-09 21:09:19 --> Session: Sessions is enabled, and one exists. Please don't $session->start();
INFO - 2025-05-09 21:09:19 --> Session: Class initialized using 'CodeIgniter\Session\Handlers\FileHandler' driver.
WARNING - 2025-05-09 21:09:19 --> Session: Sessions is enabled, and one exists. Please don't $session->start();
INFO - 2025-05-09 21:09:19 --> Session: Class initialized using 'CodeIgniter\Session\Handlers\FileHandler' driver.
WARNING - 2025-05-09 21:09:19 --> Session: Sessions is enabled, and one exists. Please don't $session->start();
INFO - 2025-05-09 21:09:20 --> Session: Class initialized using 'CodeIgniter\Session\Handlers\FileHandler' driver.
WARNING - 2025-05-09 21:09:20 --> Session: Sessions is enabled, and one exists. Please don't $session->start();
INFO - 2025-05-09 21:09:23 --> Session: Class initialized using 'CodeIgniter\Session\Handlers\FileHandler' driver.
WARNING - 2025-05-09 21:09:23 --> Session: Sessions is enabled, and one exists. Please don't $session->start();
INFO - 2025-05-09 21:09:23 --> Session: Class initialized using 'CodeIgniter\Session\Handlers\FileHandler' driver.
WARNING - 2025-05-09 21:09:23 --> Session: Sessions is enabled, and one exists. Please don't $session->start();
INFO - 2025-05-09 21:09:23 --> Session: Class initialized using 'CodeIgniter\Session\Handlers\FileHandler' driver.
WARNING - 2025-05-09 21:09:23 --> Session: Sessions is enabled, and one exists. Please don't $session->start();
INFO - 2025-05-09 21:09:23 --> Session: Class initialized using 'CodeIgniter\Session\Handlers\FileHandler' driver.
WARNING - 2025-05-09 21:09:23 --> Session: Sessions is enabled, and one exists. Please don't $session->start();
INFO - 2025-05-09 21:09:23 --> Session: Class initialized using 'CodeIgniter\Session\Handlers\FileHandler' driver.
WARNING - 2025-05-09 21:09:23 --> Session: Sessions is enabled, and one exists. Please don't $session->start();
INFO - 2025-05-09 21:09:23 --> Session: Class initialized using 'CodeIgniter\Session\Handlers\FileHandler' driver.
WARNING - 2025-05-09 21:09:23 --> Session: Sessions is enabled, and one exists. Please don't $session->start();
INFO - 2025-05-09 21:09:25 --> Session: Class initialized using 'CodeIgniter\Session\Handlers\FileHandler' driver.
WARNING - 2025-05-09 21:09:25 --> Session: Sessions is enabled, and one exists. Please don't $session->start();
INFO - 2025-05-09 21:09:26 --> Session: Class initialized using 'CodeIgniter\Session\Handlers\FileHandler' driver.
WARNING - 2025-05-09 21:09:26 --> Session: Sessions is enabled, and one exists. Please don't $session->start();
INFO - 2025-05-09 21:09:26 --> Session: Class initialized using 'CodeIgniter\Session\Handlers\FileHandler' driver.
WARNING - 2025-05-09 21:09:26 --> Session: Sessions is enabled, and one exists. Please don't $session->start();
INFO - 2025-05-09 21:09:26 --> Session: Class initialized using 'CodeIgniter\Session\Handlers\FileHandler' driver.
WARNING - 2025-05-09 21:09:26 --> Session: Sessions is enabled, and one exists. Please don't $session->start();
INFO - 2025-05-09 21:09:26 --> Session: Class initialized using 'CodeIgniter\Session\Handlers\FileHandler' driver.
WARNING - 2025-05-09 21:09:26 --> Session: Sessions is enabled, and one exists. Please don't $session->start();
INFO - 2025-05-09 21:09:26 --> Session: Class initialized using 'CodeIgniter\Session\Handlers\FileHandler' driver.
WARNING - 2025-05-09 21:09:26 --> Session: Sessions is enabled, and one exists. Please don't $session->start();
INFO - 2025-05-09 21:10:09 --> Session: Class initialized using 'CodeIgniter\Session\Handlers\FileHandler' driver.
WARNING - 2025-05-09 21:10:09 --> Session: Sessions is enabled, and one exists. Please don't $session->start();
INFO - 2025-05-09 21:10:09 --> Session: Class initialized using 'CodeIgniter\Session\Handlers\FileHandler' driver.
WARNING - 2025-05-09 21:10:09 --> Session: Sessions is enabled, and one exists. Please don't $session->start();
INFO - 2025-05-09 21:10:09 --> Session: Class initialized using 'CodeIgniter\Session\Handlers\FileHandler' driver.
WARNING - 2025-05-09 21:10:09 --> Session: Sessions is enabled, and one exists. Please don't $session->start();
INFO - 2025-05-09 21:10:09 --> Session: Class initialized using 'CodeIgniter\Session\Handlers\FileHandler' driver.
WARNING - 2025-05-09 21:10:09 --> Session: Sessions is enabled, and one exists. Please don't $session->start();
INFO - 2025-05-09 21:10:10 --> Session: Class initialized using 'CodeIgniter\Session\Handlers\FileHandler' driver.
WARNING - 2025-05-09 21:10:10 --> Session: Sessions is enabled, and one exists. Please don't $session->start();
INFO - 2025-05-09 21:10:17 --> Session: Class initialized using 'CodeIgniter\Session\Handlers\FileHandler' driver.
WARNING - 2025-05-09 21:10:17 --> Session: Sessions is enabled, and one exists. Please don't $session->start();
WARNING - 2025-05-09 21:10:17 --> [DEPRECATED] Optional parameter $game_name declared before required parameter $game_id is implicitly treated as a required parameter in APPPATH\Models\User_m.php on line 305.
 1 FCPATH\vendor\composer\ClassLoader.php(576): include('C:\\laragon\\www\\pro1\\vendor\\codeigniter4\\framework\\system\\Debug\\Exceptions.php')
 2 FCPATH\vendor\composer\ClassLoader.php(427): Composer\Autoload\{closure}('C:\\laragon\\www\\pro1\\vendor\\composer/../../app/Models/User_m.php')
 3 APPPATH\Controllers\User_c.php(36): Composer\Autoload\ClassLoader->loadClass('App\\Models\\User_m')
 4 SYSTEMPATH\CodeIgniter.php(903): App\Controllers\User_c->__construct()
 5 SYSTEMPATH\CodeIgniter.php(500): CodeIgniter\CodeIgniter->createController()
 6 SYSTEMPATH\CodeIgniter.php(355): CodeIgniter\CodeIgniter->handleRequest(null, Object(Config\Cache), false)
 7 SYSTEMPATH\Boot.php(325): CodeIgniter\CodeIgniter->run()
 8 SYSTEMPATH\Boot.php(67): CodeIgniter\Boot::runCodeIgniter(Object(CodeIgniter\CodeIgniter))
 9 FCPATH\index.php(57): CodeIgniter\Boot::bootWeb(Object(Config\Paths))
INFO - 2025-05-09 21:10:18 --> Session: Class initialized using 'CodeIgniter\Session\Handlers\FileHandler' driver.
WARNING - 2025-05-09 21:10:18 --> Session: Sessions is enabled, and one exists. Please don't $session->start();
WARNING - 2025-05-09 21:10:18 --> [DEPRECATED] Optional parameter $game_name declared before required parameter $game_id is implicitly treated as a required parameter in APPPATH\Models\User_m.php on line 305.
 1 FCPATH\vendor\composer\ClassLoader.php(576): include('C:\\laragon\\www\\pro1\\vendor\\codeigniter4\\framework\\system\\Debug\\Exceptions.php')
 2 FCPATH\vendor\composer\ClassLoader.php(427): Composer\Autoload\{closure}('C:\\laragon\\www\\pro1\\vendor\\composer/../../app/Models/User_m.php')
 3 APPPATH\Controllers\User_c.php(36): Composer\Autoload\ClassLoader->loadClass('App\\Models\\User_m')
 4 SYSTEMPATH\CodeIgniter.php(903): App\Controllers\User_c->__construct()
 5 SYSTEMPATH\CodeIgniter.php(500): CodeIgniter\CodeIgniter->createController()
 6 SYSTEMPATH\CodeIgniter.php(355): CodeIgniter\CodeIgniter->handleRequest(null, Object(Config\Cache), false)
 7 SYSTEMPATH\Boot.php(325): CodeIgniter\CodeIgniter->run()
 8 SYSTEMPATH\Boot.php(67): CodeIgniter\Boot::runCodeIgniter(Object(CodeIgniter\CodeIgniter))
 9 FCPATH\index.php(57): CodeIgniter\Boot::bootWeb(Object(Config\Paths))
INFO - 2025-05-09 21:10:19 --> Session: Class initialized using 'CodeIgniter\Session\Handlers\FileHandler' driver.
WARNING - 2025-05-09 21:10:19 --> Session: Sessions is enabled, and one exists. Please don't $session->start();
INFO - 2025-05-09 21:10:19 --> Session: Class initialized using 'CodeIgniter\Session\Handlers\FileHandler' driver.
WARNING - 2025-05-09 21:10:19 --> Session: Sessions is enabled, and one exists. Please don't $session->start();
INFO - 2025-05-09 21:10:19 --> Session: Class initialized using 'CodeIgniter\Session\Handlers\FileHandler' driver.
WARNING - 2025-05-09 21:10:19 --> Session: Sessions is enabled, and one exists. Please don't $session->start();
INFO - 2025-05-09 21:10:19 --> Session: Class initialized using 'CodeIgniter\Session\Handlers\FileHandler' driver.
WARNING - 2025-05-09 21:10:19 --> Session: Sessions is enabled, and one exists. Please don't $session->start();
INFO - 2025-05-09 21:10:19 --> Session: Class initialized using 'CodeIgniter\Session\Handlers\FileHandler' driver.
WARNING - 2025-05-09 21:10:19 --> Session: Sessions is enabled, and one exists. Please don't $session->start();
INFO - 2025-05-09 21:11:09 --> Session: Class initialized using 'CodeIgniter\Session\Handlers\FileHandler' driver.
WARNING - 2025-05-09 21:11:09 --> Session: Sessions is enabled, and one exists. Please don't $session->start();
INFO - 2025-05-09 21:11:09 --> Session: Class initialized using 'CodeIgniter\Session\Handlers\FileHandler' driver.
WARNING - 2025-05-09 21:11:09 --> Session: Sessions is enabled, and one exists. Please don't $session->start();
INFO - 2025-05-09 21:11:09 --> Session: Class initialized using 'CodeIgniter\Session\Handlers\FileHandler' driver.
WARNING - 2025-05-09 21:11:09 --> Session: Sessions is enabled, and one exists. Please don't $session->start();
INFO - 2025-05-09 21:11:10 --> Session: Class initialized using 'CodeIgniter\Session\Handlers\FileHandler' driver.
WARNING - 2025-05-09 21:11:10 --> Session: Sessions is enabled, and one exists. Please don't $session->start();
INFO - 2025-05-09 21:11:10 --> Session: Class initialized using 'CodeIgniter\Session\Handlers\FileHandler' driver.
WARNING - 2025-05-09 21:11:10 --> Session: Sessions is enabled, and one exists. Please don't $session->start();
INFO - 2025-05-09 21:11:10 --> Session: Class initialized using 'CodeIgniter\Session\Handlers\FileHandler' driver.
WARNING - 2025-05-09 21:11:10 --> Session: Sessions is enabled, and one exists. Please don't $session->start();
INFO - 2025-05-09 21:13:40 --> Session: Class initialized using 'CodeIgniter\Session\Handlers\FileHandler' driver.
WARNING - 2025-05-09 21:13:40 --> Session: Sessions is enabled, and one exists. Please don't $session->start();
INFO - 2025-05-09 21:13:41 --> Session: Class initialized using 'CodeIgniter\Session\Handlers\FileHandler' driver.
WARNING - 2025-05-09 21:13:41 --> Session: Sessions is enabled, and one exists. Please don't $session->start();
INFO - 2025-05-09 21:13:41 --> Session: Class initialized using 'CodeIgniter\Session\Handlers\FileHandler' driver.
WARNING - 2025-05-09 21:13:41 --> Session: Sessions is enabled, and one exists. Please don't $session->start();
INFO - 2025-05-09 21:13:41 --> Session: Class initialized using 'CodeIgniter\Session\Handlers\FileHandler' driver.
WARNING - 2025-05-09 21:13:41 --> Session: Sessions is enabled, and one exists. Please don't $session->start();
INFO - 2025-05-09 21:13:41 --> Session: Class initialized using 'CodeIgniter\Session\Handlers\FileHandler' driver.
WARNING - 2025-05-09 21:13:41 --> Session: Sessions is enabled, and one exists. Please don't $session->start();
INFO - 2025-05-09 21:13:50 --> Session: Class initialized using 'CodeIgniter\Session\Handlers\FileHandler' driver.
WARNING - 2025-05-09 21:13:50 --> Session: Sessions is enabled, and one exists. Please don't $session->start();
WARNING - 2025-05-09 21:13:50 --> [DEPRECATED] Optional parameter $game_name declared before required parameter $game_id is implicitly treated as a required parameter in APPPATH\Models\User_m.php on line 305.
 1 FCPATH\vendor\composer\ClassLoader.php(576): include('C:\\laragon\\www\\pro1\\vendor\\codeigniter4\\framework\\system\\Debug\\Exceptions.php')
 2 FCPATH\vendor\composer\ClassLoader.php(427): Composer\Autoload\{closure}('C:\\laragon\\www\\pro1\\vendor\\composer/../../app/Models/User_m.php')
 3 APPPATH\Controllers\User_c.php(36): Composer\Autoload\ClassLoader->loadClass('App\\Models\\User_m')
 4 SYSTEMPATH\CodeIgniter.php(903): App\Controllers\User_c->__construct()
 5 SYSTEMPATH\CodeIgniter.php(500): CodeIgniter\CodeIgniter->createController()
 6 SYSTEMPATH\CodeIgniter.php(355): CodeIgniter\CodeIgniter->handleRequest(null, Object(Config\Cache), false)
 7 SYSTEMPATH\Boot.php(325): CodeIgniter\CodeIgniter->run()
 8 SYSTEMPATH\Boot.php(67): CodeIgniter\Boot::runCodeIgniter(Object(CodeIgniter\CodeIgniter))
 9 FCPATH\index.php(57): CodeIgniter\Boot::bootWeb(Object(Config\Paths))
INFO - 2025-05-09 21:13:51 --> Session: Class initialized using 'CodeIgniter\Session\Handlers\FileHandler' driver.
WARNING - 2025-05-09 21:13:51 --> Session: Sessions is enabled, and one exists. Please don't $session->start();
WARNING - 2025-05-09 21:13:51 --> [DEPRECATED] Optional parameter $game_name declared before required parameter $game_id is implicitly treated as a required parameter in APPPATH\Models\User_m.php on line 305.
 1 FCPATH\vendor\composer\ClassLoader.php(576): include('C:\\laragon\\www\\pro1\\vendor\\codeigniter4\\framework\\system\\Debug\\Exceptions.php')
 2 FCPATH\vendor\composer\ClassLoader.php(427): Composer\Autoload\{closure}('C:\\laragon\\www\\pro1\\vendor\\composer/../../app/Models/User_m.php')
 3 APPPATH\Controllers\User_c.php(36): Composer\Autoload\ClassLoader->loadClass('App\\Models\\User_m')
 4 SYSTEMPATH\CodeIgniter.php(903): App\Controllers\User_c->__construct()
 5 SYSTEMPATH\CodeIgniter.php(500): CodeIgniter\CodeIgniter->createController()
 6 SYSTEMPATH\CodeIgniter.php(355): CodeIgniter\CodeIgniter->handleRequest(null, Object(Config\Cache), false)
 7 SYSTEMPATH\Boot.php(325): CodeIgniter\CodeIgniter->run()
 8 SYSTEMPATH\Boot.php(67): CodeIgniter\Boot::runCodeIgniter(Object(CodeIgniter\CodeIgniter))
 9 FCPATH\index.php(57): CodeIgniter\Boot::bootWeb(Object(Config\Paths))
INFO - 2025-05-09 21:13:52 --> Session: Class initialized using 'CodeIgniter\Session\Handlers\FileHandler' driver.
WARNING - 2025-05-09 21:13:52 --> Session: Sessions is enabled, and one exists. Please don't $session->start();
INFO - 2025-05-09 21:13:53 --> Session: Class initialized using 'CodeIgniter\Session\Handlers\FileHandler' driver.
WARNING - 2025-05-09 21:13:53 --> Session: Sessions is enabled, and one exists. Please don't $session->start();
INFO - 2025-05-09 21:13:53 --> Session: Class initialized using 'CodeIgniter\Session\Handlers\FileHandler' driver.
WARNING - 2025-05-09 21:13:53 --> Session: Sessions is enabled, and one exists. Please don't $session->start();
INFO - 2025-05-09 21:13:53 --> Session: Class initialized using 'CodeIgniter\Session\Handlers\FileHandler' driver.
WARNING - 2025-05-09 21:13:53 --> Session: Sessions is enabled, and one exists. Please don't $session->start();
INFO - 2025-05-09 21:13:53 --> Session: Class initialized using 'CodeIgniter\Session\Handlers\FileHandler' driver.
WARNING - 2025-05-09 21:13:53 --> Session: Sessions is enabled, and one exists. Please don't $session->start();
INFO - 2025-05-09 21:13:57 --> Session: Class initialized using 'CodeIgniter\Session\Handlers\FileHandler' driver.
WARNING - 2025-05-09 21:13:57 --> Session: Sessions is enabled, and one exists. Please don't $session->start();
CRITICAL - 2025-05-09 21:13:57 --> ErrorException: Undefined array key "amount"
[Method: POST, Route: accept-reject-topup-admin/1/1234567891/27]
in APPPATH\Controllers\Admin_c.php on line 1083.
 1 APPPATH\Controllers\Admin_c.php(1083): CodeIgniter\Debug\Exceptions->errorHandler(2, 'Undefined array key "amount"', 'C:\\laragon\\www\\pro1\\app\\Controllers\\Admin_c.php', 1083)
 2 SYSTEMPATH\CodeIgniter.php(933): App\Controllers\Admin_c->accept_reject_topup('1', '1234567891', '27')
 3 SYSTEMPATH\CodeIgniter.php(509): CodeIgniter\CodeIgniter->runController(Object(App\Controllers\Admin_c))
 4 SYSTEMPATH\CodeIgniter.php(355): CodeIgniter\CodeIgniter->handleRequest(null, Object(Config\Cache), false)
 5 SYSTEMPATH\Boot.php(325): CodeIgniter\CodeIgniter->run()
 6 SYSTEMPATH\Boot.php(67): CodeIgniter\Boot::runCodeIgniter(Object(CodeIgniter\CodeIgniter))
 7 FCPATH\index.php(57): CodeIgniter\Boot::bootWeb(Object(Config\Paths))
INFO - 2025-05-09 21:14:11 --> Session: Class initialized using 'CodeIgniter\Session\Handlers\FileHandler' driver.
WARNING - 2025-05-09 21:14:11 --> Session: Sessions is enabled, and one exists. Please don't $session->start();
INFO - 2025-05-09 21:14:13 --> Session: Class initialized using 'CodeIgniter\Session\Handlers\FileHandler' driver.
WARNING - 2025-05-09 21:14:13 --> Session: Sessions is enabled, and one exists. Please don't $session->start();
INFO - 2025-05-09 21:14:13 --> Session: Class initialized using 'CodeIgniter\Session\Handlers\FileHandler' driver.
WARNING - 2025-05-09 21:14:13 --> Session: Sessions is enabled, and one exists. Please don't $session->start();
INFO - 2025-05-09 21:14:13 --> Session: Class initialized using 'CodeIgniter\Session\Handlers\FileHandler' driver.
WARNING - 2025-05-09 21:14:13 --> Session: Sessions is enabled, and one exists. Please don't $session->start();
INFO - 2025-05-09 21:14:13 --> Session: Class initialized using 'CodeIgniter\Session\Handlers\FileHandler' driver.
WARNING - 2025-05-09 21:14:13 --> Session: Sessions is enabled, and one exists. Please don't $session->start();
INFO - 2025-05-09 21:14:13 --> Session: Class initialized using 'CodeIgniter\Session\Handlers\FileHandler' driver.
WARNING - 2025-05-09 21:14:13 --> Session: Sessions is enabled, and one exists. Please don't $session->start();
INFO - 2025-05-09 21:14:19 --> Session: Class initialized using 'CodeIgniter\Session\Handlers\FileHandler' driver.
WARNING - 2025-05-09 21:14:19 --> Session: Sessions is enabled, and one exists. Please don't $session->start();
WARNING - 2025-05-09 21:14:19 --> [DEPRECATED] Optional parameter $game_name declared before required parameter $game_id is implicitly treated as a required parameter in APPPATH\Models\User_m.php on line 305.
 1 FCPATH\vendor\composer\ClassLoader.php(576): include('C:\\laragon\\www\\pro1\\vendor\\codeigniter4\\framework\\system\\Debug\\Exceptions.php')
 2 FCPATH\vendor\composer\ClassLoader.php(427): Composer\Autoload\{closure}('C:\\laragon\\www\\pro1\\vendor\\composer/../../app/Models/User_m.php')
 3 APPPATH\Controllers\User_c.php(36): Composer\Autoload\ClassLoader->loadClass('App\\Models\\User_m')
 4 SYSTEMPATH\CodeIgniter.php(903): App\Controllers\User_c->__construct()
 5 SYSTEMPATH\CodeIgniter.php(500): CodeIgniter\CodeIgniter->createController()
 6 SYSTEMPATH\CodeIgniter.php(355): CodeIgniter\CodeIgniter->handleRequest(null, Object(Config\Cache), false)
 7 SYSTEMPATH\Boot.php(325): CodeIgniter\CodeIgniter->run()
 8 SYSTEMPATH\Boot.php(67): CodeIgniter\Boot::runCodeIgniter(Object(CodeIgniter\CodeIgniter))
 9 FCPATH\index.php(57): CodeIgniter\Boot::bootWeb(Object(Config\Paths))
INFO - 2025-05-09 21:14:20 --> Session: Class initialized using 'CodeIgniter\Session\Handlers\FileHandler' driver.
WARNING - 2025-05-09 21:14:20 --> Session: Sessions is enabled, and one exists. Please don't $session->start();
WARNING - 2025-05-09 21:14:20 --> [DEPRECATED] Optional parameter $game_name declared before required parameter $game_id is implicitly treated as a required parameter in APPPATH\Models\User_m.php on line 305.
 1 FCPATH\vendor\composer\ClassLoader.php(576): include('C:\\laragon\\www\\pro1\\vendor\\codeigniter4\\framework\\system\\Debug\\Exceptions.php')
 2 FCPATH\vendor\composer\ClassLoader.php(427): Composer\Autoload\{closure}('C:\\laragon\\www\\pro1\\vendor\\composer/../../app/Models/User_m.php')
 3 APPPATH\Controllers\User_c.php(36): Composer\Autoload\ClassLoader->loadClass('App\\Models\\User_m')
 4 SYSTEMPATH\CodeIgniter.php(903): App\Controllers\User_c->__construct()
 5 SYSTEMPATH\CodeIgniter.php(500): CodeIgniter\CodeIgniter->createController()
 6 SYSTEMPATH\CodeIgniter.php(355): CodeIgniter\CodeIgniter->handleRequest(null, Object(Config\Cache), false)
 7 SYSTEMPATH\Boot.php(325): CodeIgniter\CodeIgniter->run()
 8 SYSTEMPATH\Boot.php(67): CodeIgniter\Boot::runCodeIgniter(Object(CodeIgniter\CodeIgniter))
 9 FCPATH\index.php(57): CodeIgniter\Boot::bootWeb(Object(Config\Paths))
INFO - 2025-05-09 21:14:21 --> Session: Class initialized using 'CodeIgniter\Session\Handlers\FileHandler' driver.
WARNING - 2025-05-09 21:14:21 --> Session: Sessions is enabled, and one exists. Please don't $session->start();
INFO - 2025-05-09 21:14:21 --> Session: Class initialized using 'CodeIgniter\Session\Handlers\FileHandler' driver.
WARNING - 2025-05-09 21:14:21 --> Session: Sessions is enabled, and one exists. Please don't $session->start();
INFO - 2025-05-09 21:14:22 --> Session: Class initialized using 'CodeIgniter\Session\Handlers\FileHandler' driver.
WARNING - 2025-05-09 21:14:22 --> Session: Sessions is enabled, and one exists. Please don't $session->start();
INFO - 2025-05-09 21:14:22 --> Session: Class initialized using 'CodeIgniter\Session\Handlers\FileHandler' driver.
WARNING - 2025-05-09 21:14:22 --> Session: Sessions is enabled, and one exists. Please don't $session->start();
INFO - 2025-05-09 21:14:22 --> Session: Class initialized using 'CodeIgniter\Session\Handlers\FileHandler' driver.
WARNING - 2025-05-09 21:14:22 --> Session: Sessions is enabled, and one exists. Please don't $session->start();
INFO - 2025-05-09 21:14:25 --> Session: Class initialized using 'CodeIgniter\Session\Handlers\FileHandler' driver.
WARNING - 2025-05-09 21:14:25 --> Session: Sessions is enabled, and one exists. Please don't $session->start();
INFO - 2025-05-09 21:14:25 --> Session: Class initialized using 'CodeIgniter\Session\Handlers\FileHandler' driver.
WARNING - 2025-05-09 21:14:25 --> Session: Sessions is enabled, and one exists. Please don't $session->start();
INFO - 2025-05-09 21:14:26 --> Session: Class initialized using 'CodeIgniter\Session\Handlers\FileHandler' driver.
WARNING - 2025-05-09 21:14:26 --> Session: Sessions is enabled, and one exists. Please don't $session->start();
INFO - 2025-05-09 21:14:26 --> Session: Class initialized using 'CodeIgniter\Session\Handlers\FileHandler' driver.
WARNING - 2025-05-09 21:14:26 --> Session: Sessions is enabled, and one exists. Please don't $session->start();
INFO - 2025-05-09 21:14:26 --> Session: Class initialized using 'CodeIgniter\Session\Handlers\FileHandler' driver.
WARNING - 2025-05-09 21:14:26 --> Session: Sessions is enabled, and one exists. Please don't $session->start();
INFO - 2025-05-09 21:14:26 --> Session: Class initialized using 'CodeIgniter\Session\Handlers\FileHandler' driver.
WARNING - 2025-05-09 21:14:26 --> Session: Sessions is enabled, and one exists. Please don't $session->start();
INFO - 2025-05-09 21:14:33 --> Session: Class initialized using 'CodeIgniter\Session\Handlers\FileHandler' driver.
WARNING - 2025-05-09 21:14:33 --> Session: Sessions is enabled, and one exists. Please don't $session->start();
INFO - 2025-05-09 21:14:33 --> Session: Class initialized using 'CodeIgniter\Session\Handlers\FileHandler' driver.
WARNING - 2025-05-09 21:14:33 --> Session: Sessions is enabled, and one exists. Please don't $session->start();
INFO - 2025-05-09 21:14:33 --> Session: Class initialized using 'CodeIgniter\Session\Handlers\FileHandler' driver.
WARNING - 2025-05-09 21:14:33 --> Session: Sessions is enabled, and one exists. Please don't $session->start();
INFO - 2025-05-09 21:14:33 --> Session: Class initialized using 'CodeIgniter\Session\Handlers\FileHandler' driver.
WARNING - 2025-05-09 21:14:33 --> Session: Sessions is enabled, and one exists. Please don't $session->start();
INFO - 2025-05-09 21:14:33 --> Session: Class initialized using 'CodeIgniter\Session\Handlers\FileHandler' driver.
WARNING - 2025-05-09 21:14:33 --> Session: Sessions is enabled, and one exists. Please don't $session->start();
INFO - 2025-05-09 21:14:33 --> Session: Class initialized using 'CodeIgniter\Session\Handlers\FileHandler' driver.
WARNING - 2025-05-09 21:14:33 --> Session: Sessions is enabled, and one exists. Please don't $session->start();
INFO - 2025-05-09 21:14:41 --> Session: Class initialized using 'CodeIgniter\Session\Handlers\FileHandler' driver.
WARNING - 2025-05-09 21:14:41 --> Session: Sessions is enabled, and one exists. Please don't $session->start();
INFO - 2025-05-09 21:14:41 --> Session: Class initialized using 'CodeIgniter\Session\Handlers\FileHandler' driver.
WARNING - 2025-05-09 21:14:41 --> Session: Sessions is enabled, and one exists. Please don't $session->start();
INFO - 2025-05-09 21:14:41 --> Session: Class initialized using 'CodeIgniter\Session\Handlers\FileHandler' driver.
WARNING - 2025-05-09 21:14:41 --> Session: Sessions is enabled, and one exists. Please don't $session->start();
INFO - 2025-05-09 21:14:41 --> Session: Class initialized using 'CodeIgniter\Session\Handlers\FileHandler' driver.
WARNING - 2025-05-09 21:14:41 --> Session: Sessions is enabled, and one exists. Please don't $session->start();
INFO - 2025-05-09 21:14:42 --> Session: Class initialized using 'CodeIgniter\Session\Handlers\FileHandler' driver.
WARNING - 2025-05-09 21:14:42 --> Session: Sessions is enabled, and one exists. Please don't $session->start();
INFO - 2025-05-09 21:14:42 --> Session: Class initialized using 'CodeIgniter\Session\Handlers\FileHandler' driver.
WARNING - 2025-05-09 21:14:42 --> Session: Sessions is enabled, and one exists. Please don't $session->start();
INFO - 2025-05-09 21:14:51 --> Session: Class initialized using 'CodeIgniter\Session\Handlers\FileHandler' driver.
WARNING - 2025-05-09 21:14:51 --> Session: Sessions is enabled, and one exists. Please don't $session->start();
INFO - 2025-05-09 21:14:59 --> Session: Class initialized using 'CodeIgniter\Session\Handlers\FileHandler' driver.
WARNING - 2025-05-09 21:14:59 --> Session: Sessions is enabled, and one exists. Please don't $session->start();
INFO - 2025-05-09 21:15:01 --> Session: Class initialized using 'CodeIgniter\Session\Handlers\FileHandler' driver.
WARNING - 2025-05-09 21:15:01 --> Session: Sessions is enabled, and one exists. Please don't $session->start();
INFO - 2025-05-09 21:15:02 --> Session: Class initialized using 'CodeIgniter\Session\Handlers\FileHandler' driver.
WARNING - 2025-05-09 21:15:02 --> Session: Sessions is enabled, and one exists. Please don't $session->start();
INFO - 2025-05-09 21:15:02 --> Session: Class initialized using 'CodeIgniter\Session\Handlers\FileHandler' driver.
WARNING - 2025-05-09 21:15:02 --> Session: Sessions is enabled, and one exists. Please don't $session->start();
INFO - 2025-05-09 21:15:02 --> Session: Class initialized using 'CodeIgniter\Session\Handlers\FileHandler' driver.
WARNING - 2025-05-09 21:15:02 --> Session: Sessions is enabled, and one exists. Please don't $session->start();
INFO - 2025-05-09 21:15:02 --> Session: Class initialized using 'CodeIgniter\Session\Handlers\FileHandler' driver.
WARNING - 2025-05-09 21:15:02 --> Session: Sessions is enabled, and one exists. Please don't $session->start();
INFO - 2025-05-09 21:15:02 --> Session: Class initialized using 'CodeIgniter\Session\Handlers\FileHandler' driver.
WARNING - 2025-05-09 21:15:02 --> Session: Sessions is enabled, and one exists. Please don't $session->start();
INFO - 2025-05-09 21:16:28 --> Session: Class initialized using 'CodeIgniter\Session\Handlers\FileHandler' driver.
WARNING - 2025-05-09 21:16:28 --> Session: Sessions is enabled, and one exists. Please don't $session->start();
INFO - 2025-05-09 21:16:34 --> Session: Class initialized using 'CodeIgniter\Session\Handlers\FileHandler' driver.
WARNING - 2025-05-09 21:16:34 --> Session: Sessions is enabled, and one exists. Please don't $session->start();
INFO - 2025-05-09 21:16:36 --> Session: Class initialized using 'CodeIgniter\Session\Handlers\FileHandler' driver.
WARNING - 2025-05-09 21:16:36 --> Session: Sessions is enabled, and one exists. Please don't $session->start();
INFO - 2025-05-09 21:16:36 --> Session: Class initialized using 'CodeIgniter\Session\Handlers\FileHandler' driver.
WARNING - 2025-05-09 21:16:36 --> Session: Sessions is enabled, and one exists. Please don't $session->start();
INFO - 2025-05-09 21:16:36 --> Session: Class initialized using 'CodeIgniter\Session\Handlers\FileHandler' driver.
WARNING - 2025-05-09 21:16:36 --> Session: Sessions is enabled, and one exists. Please don't $session->start();
INFO - 2025-05-09 21:16:36 --> Session: Class initialized using 'CodeIgniter\Session\Handlers\FileHandler' driver.
WARNING - 2025-05-09 21:16:36 --> Session: Sessions is enabled, and one exists. Please don't $session->start();
INFO - 2025-05-09 21:16:36 --> Session: Class initialized using 'CodeIgniter\Session\Handlers\FileHandler' driver.
WARNING - 2025-05-09 21:16:36 --> Session: Sessions is enabled, and one exists. Please don't $session->start();
INFO - 2025-05-09 21:16:36 --> Session: Class initialized using 'CodeIgniter\Session\Handlers\FileHandler' driver.
WARNING - 2025-05-09 21:16:36 --> Session: Sessions is enabled, and one exists. Please don't $session->start();
INFO - 2025-05-09 21:18:37 --> Session: Class initialized using 'CodeIgniter\Session\Handlers\FileHandler' driver.
WARNING - 2025-05-09 21:18:37 --> Session: Sessions is enabled, and one exists. Please don't $session->start();
INFO - 2025-05-09 21:19:24 --> Session: Class initialized using 'CodeIgniter\Session\Handlers\FileHandler' driver.
WARNING - 2025-05-09 21:19:24 --> Session: Sessions is enabled, and one exists. Please don't $session->start();
INFO - 2025-05-09 21:19:24 --> Session: Class initialized using 'CodeIgniter\Session\Handlers\FileHandler' driver.
WARNING - 2025-05-09 21:19:24 --> Session: Sessions is enabled, and one exists. Please don't $session->start();
INFO - 2025-05-09 21:19:24 --> Session: Class initialized using 'CodeIgniter\Session\Handlers\FileHandler' driver.
WARNING - 2025-05-09 21:19:24 --> Session: Sessions is enabled, and one exists. Please don't $session->start();
INFO - 2025-05-09 21:19:24 --> Session: Class initialized using 'CodeIgniter\Session\Handlers\FileHandler' driver.
WARNING - 2025-05-09 21:19:24 --> Session: Sessions is enabled, and one exists. Please don't $session->start();
INFO - 2025-05-09 21:19:25 --> Session: Class initialized using 'CodeIgniter\Session\Handlers\FileHandler' driver.
WARNING - 2025-05-09 21:19:25 --> Session: Sessions is enabled, and one exists. Please don't $session->start();
INFO - 2025-05-09 21:19:25 --> Session: Class initialized using 'CodeIgniter\Session\Handlers\FileHandler' driver.
WARNING - 2025-05-09 21:19:25 --> Session: Sessions is enabled, and one exists. Please don't $session->start();
INFO - 2025-05-09 21:19:29 --> Session: Class initialized using 'CodeIgniter\Session\Handlers\FileHandler' driver.
WARNING - 2025-05-09 21:19:29 --> Session: Sessions is enabled, and one exists. Please don't $session->start();
INFO - 2025-05-09 21:19:34 --> Session: Class initialized using 'CodeIgniter\Session\Handlers\FileHandler' driver.
WARNING - 2025-05-09 21:19:34 --> Session: Sessions is enabled, and one exists. Please don't $session->start();
INFO - 2025-05-09 21:19:36 --> Session: Class initialized using 'CodeIgniter\Session\Handlers\FileHandler' driver.
WARNING - 2025-05-09 21:19:36 --> Session: Sessions is enabled, and one exists. Please don't $session->start();
INFO - 2025-05-09 21:19:36 --> Session: Class initialized using 'CodeIgniter\Session\Handlers\FileHandler' driver.
WARNING - 2025-05-09 21:19:36 --> Session: Sessions is enabled, and one exists. Please don't $session->start();
INFO - 2025-05-09 21:19:36 --> Session: Class initialized using 'CodeIgniter\Session\Handlers\FileHandler' driver.
WARNING - 2025-05-09 21:19:36 --> Session: Sessions is enabled, and one exists. Please don't $session->start();
INFO - 2025-05-09 21:19:36 --> Session: Class initialized using 'CodeIgniter\Session\Handlers\FileHandler' driver.
WARNING - 2025-05-09 21:19:36 --> Session: Sessions is enabled, and one exists. Please don't $session->start();
INFO - 2025-05-09 21:19:36 --> Session: Class initialized using 'CodeIgniter\Session\Handlers\FileHandler' driver.
WARNING - 2025-05-09 21:19:36 --> Session: Sessions is enabled, and one exists. Please don't $session->start();
INFO - 2025-05-09 21:19:36 --> Session: Class initialized using 'CodeIgniter\Session\Handlers\FileHandler' driver.
WARNING - 2025-05-09 21:19:36 --> Session: Sessions is enabled, and one exists. Please don't $session->start();
INFO - 2025-05-09 21:20:01 --> Session: Class initialized using 'CodeIgniter\Session\Handlers\FileHandler' driver.
WARNING - 2025-05-09 21:20:01 --> Session: Sessions is enabled, and one exists. Please don't $session->start();
INFO - 2025-05-09 21:20:02 --> Session: Class initialized using 'CodeIgniter\Session\Handlers\FileHandler' driver.
WARNING - 2025-05-09 21:20:02 --> Session: Sessions is enabled, and one exists. Please don't $session->start();
INFO - 2025-05-09 21:20:02 --> Session: Class initialized using 'CodeIgniter\Session\Handlers\FileHandler' driver.
WARNING - 2025-05-09 21:20:02 --> Session: Sessions is enabled, and one exists. Please don't $session->start();
INFO - 2025-05-09 21:20:02 --> Session: Class initialized using 'CodeIgniter\Session\Handlers\FileHandler' driver.
WARNING - 2025-05-09 21:20:02 --> Session: Sessions is enabled, and one exists. Please don't $session->start();
INFO - 2025-05-09 21:20:02 --> Session: Class initialized using 'CodeIgniter\Session\Handlers\FileHandler' driver.
WARNING - 2025-05-09 21:20:02 --> Session: Sessions is enabled, and one exists. Please don't $session->start();
INFO - 2025-05-09 21:20:02 --> Session: Class initialized using 'CodeIgniter\Session\Handlers\FileHandler' driver.
WARNING - 2025-05-09 21:20:02 --> Session: Sessions is enabled, and one exists. Please don't $session->start();
INFO - 2025-05-09 21:20:17 --> Session: Class initialized using 'CodeIgniter\Session\Handlers\FileHandler' driver.
WARNING - 2025-05-09 21:20:17 --> Session: Sessions is enabled, and one exists. Please don't $session->start();
INFO - 2025-05-09 21:20:17 --> Session: Class initialized using 'CodeIgniter\Session\Handlers\FileHandler' driver.
WARNING - 2025-05-09 21:20:17 --> Session: Sessions is enabled, and one exists. Please don't $session->start();
INFO - 2025-05-09 21:20:17 --> Session: Class initialized using 'CodeIgniter\Session\Handlers\FileHandler' driver.
WARNING - 2025-05-09 21:20:17 --> Session: Sessions is enabled, and one exists. Please don't $session->start();
INFO - 2025-05-09 21:20:18 --> Session: Class initialized using 'CodeIgniter\Session\Handlers\FileHandler' driver.
WARNING - 2025-05-09 21:20:18 --> Session: Sessions is enabled, and one exists. Please don't $session->start();
INFO - 2025-05-09 21:20:18 --> Session: Class initialized using 'CodeIgniter\Session\Handlers\FileHandler' driver.
WARNING - 2025-05-09 21:20:18 --> Session: Sessions is enabled, and one exists. Please don't $session->start();
INFO - 2025-05-09 21:20:18 --> Session: Class initialized using 'CodeIgniter\Session\Handlers\FileHandler' driver.
WARNING - 2025-05-09 21:20:18 --> Session: Sessions is enabled, and one exists. Please don't $session->start();
INFO - 2025-05-09 21:20:31 --> Session: Class initialized using 'CodeIgniter\Session\Handlers\FileHandler' driver.
WARNING - 2025-05-09 21:20:31 --> Session: Sessions is enabled, and one exists. Please don't $session->start();
INFO - 2025-05-09 21:20:37 --> Session: Class initialized using 'CodeIgniter\Session\Handlers\FileHandler' driver.
WARNING - 2025-05-09 21:20:37 --> Session: Sessions is enabled, and one exists. Please don't $session->start();
INFO - 2025-05-09 21:20:39 --> Session: Class initialized using 'CodeIgniter\Session\Handlers\FileHandler' driver.
WARNING - 2025-05-09 21:20:39 --> Session: Sessions is enabled, and one exists. Please don't $session->start();
INFO - 2025-05-09 21:20:39 --> Session: Class initialized using 'CodeIgniter\Session\Handlers\FileHandler' driver.
WARNING - 2025-05-09 21:20:39 --> Session: Sessions is enabled, and one exists. Please don't $session->start();
INFO - 2025-05-09 21:20:39 --> Session: Class initialized using 'CodeIgniter\Session\Handlers\FileHandler' driver.
WARNING - 2025-05-09 21:20:39 --> Session: Sessions is enabled, and one exists. Please don't $session->start();
INFO - 2025-05-09 21:20:39 --> Session: Class initialized using 'CodeIgniter\Session\Handlers\FileHandler' driver.
WARNING - 2025-05-09 21:20:39 --> Session: Sessions is enabled, and one exists. Please don't $session->start();
INFO - 2025-05-09 21:20:39 --> Session: Class initialized using 'CodeIgniter\Session\Handlers\FileHandler' driver.
WARNING - 2025-05-09 21:20:39 --> Session: Sessions is enabled, and one exists. Please don't $session->start();
INFO - 2025-05-09 21:20:39 --> Session: Class initialized using 'CodeIgniter\Session\Handlers\FileHandler' driver.
WARNING - 2025-05-09 21:20:39 --> Session: Sessions is enabled, and one exists. Please don't $session->start();
INFO - 2025-05-09 21:21:28 --> Session: Class initialized using 'CodeIgniter\Session\Handlers\FileHandler' driver.
WARNING - 2025-05-09 21:21:28 --> Session: Sessions is enabled, and one exists. Please don't $session->start();
INFO - 2025-05-09 21:21:28 --> Session: Class initialized using 'CodeIgniter\Session\Handlers\FileHandler' driver.
WARNING - 2025-05-09 21:21:28 --> Session: Sessions is enabled, and one exists. Please don't $session->start();
INFO - 2025-05-09 21:21:29 --> Session: Class initialized using 'CodeIgniter\Session\Handlers\FileHandler' driver.
WARNING - 2025-05-09 21:21:29 --> Session: Sessions is enabled, and one exists. Please don't $session->start();
INFO - 2025-05-09 21:21:29 --> Session: Class initialized using 'CodeIgniter\Session\Handlers\FileHandler' driver.
WARNING - 2025-05-09 21:21:29 --> Session: Sessions is enabled, and one exists. Please don't $session->start();
INFO - 2025-05-09 21:21:29 --> Session: Class initialized using 'CodeIgniter\Session\Handlers\FileHandler' driver.
WARNING - 2025-05-09 21:21:29 --> Session: Sessions is enabled, and one exists. Please don't $session->start();
INFO - 2025-05-09 21:21:29 --> Session: Class initialized using 'CodeIgniter\Session\Handlers\FileHandler' driver.
WARNING - 2025-05-09 21:21:29 --> Session: Sessions is enabled, and one exists. Please don't $session->start();
INFO - 2025-05-09 21:21:29 --> Session: Class initialized using 'CodeIgniter\Session\Handlers\FileHandler' driver.
WARNING - 2025-05-09 21:21:29 --> Session: Sessions is enabled, and one exists. Please don't $session->start();
INFO - 2025-05-09 21:22:59 --> Session: Class initialized using 'CodeIgniter\Session\Handlers\FileHandler' driver.
WARNING - 2025-05-09 21:22:59 --> Session: Sessions is enabled, and one exists. Please don't $session->start();
INFO - 2025-05-09 21:22:59 --> Session: Class initialized using 'CodeIgniter\Session\Handlers\FileHandler' driver.
WARNING - 2025-05-09 21:22:59 --> Session: Sessions is enabled, and one exists. Please don't $session->start();
INFO - 2025-05-09 21:22:59 --> Session: Class initialized using 'CodeIgniter\Session\Handlers\FileHandler' driver.
WARNING - 2025-05-09 21:22:59 --> Session: Sessions is enabled, and one exists. Please don't $session->start();
INFO - 2025-05-09 21:22:59 --> Session: Class initialized using 'CodeIgniter\Session\Handlers\FileHandler' driver.
WARNING - 2025-05-09 21:22:59 --> Session: Sessions is enabled, and one exists. Please don't $session->start();
INFO - 2025-05-09 21:22:59 --> Session: Class initialized using 'CodeIgniter\Session\Handlers\FileHandler' driver.
WARNING - 2025-05-09 21:22:59 --> Session: Sessions is enabled, and one exists. Please don't $session->start();
INFO - 2025-05-09 21:22:59 --> Session: Class initialized using 'CodeIgniter\Session\Handlers\FileHandler' driver.
WARNING - 2025-05-09 21:22:59 --> Session: Sessions is enabled, and one exists. Please don't $session->start();
INFO - 2025-05-09 21:23:01 --> Session: Class initialized using 'CodeIgniter\Session\Handlers\FileHandler' driver.
WARNING - 2025-05-09 21:23:01 --> Session: Sessions is enabled, and one exists. Please don't $session->start();
INFO - 2025-05-09 21:23:01 --> Session: Class initialized using 'CodeIgniter\Session\Handlers\FileHandler' driver.
WARNING - 2025-05-09 21:23:01 --> Session: Sessions is enabled, and one exists. Please don't $session->start();
INFO - 2025-05-09 21:23:01 --> Session: Class initialized using 'CodeIgniter\Session\Handlers\FileHandler' driver.
WARNING - 2025-05-09 21:23:01 --> Session: Sessions is enabled, and one exists. Please don't $session->start();
INFO - 2025-05-09 21:23:01 --> Session: Class initialized using 'CodeIgniter\Session\Handlers\FileHandler' driver.
WARNING - 2025-05-09 21:23:01 --> Session: Sessions is enabled, and one exists. Please don't $session->start();
INFO - 2025-05-09 21:23:01 --> Session: Class initialized using 'CodeIgniter\Session\Handlers\FileHandler' driver.
WARNING - 2025-05-09 21:23:01 --> Session: Sessions is enabled, and one exists. Please don't $session->start();
INFO - 2025-05-09 21:23:01 --> Session: Class initialized using 'CodeIgniter\Session\Handlers\FileHandler' driver.
WARNING - 2025-05-09 21:23:01 --> Session: Sessions is enabled, and one exists. Please don't $session->start();
INFO - 2025-05-09 21:23:02 --> Session: Class initialized using 'CodeIgniter\Session\Handlers\FileHandler' driver.
WARNING - 2025-05-09 21:23:02 --> Session: Sessions is enabled, and one exists. Please don't $session->start();
INFO - 2025-05-09 21:24:00 --> Session: Class initialized using 'CodeIgniter\Session\Handlers\FileHandler' driver.
WARNING - 2025-05-09 21:24:00 --> Session: Sessions is enabled, and one exists. Please don't $session->start();
INFO - 2025-05-09 21:24:00 --> Session: Class initialized using 'CodeIgniter\Session\Handlers\FileHandler' driver.
WARNING - 2025-05-09 21:24:00 --> Session: Sessions is enabled, and one exists. Please don't $session->start();
INFO - 2025-05-09 21:24:00 --> Session: Class initialized using 'CodeIgniter\Session\Handlers\FileHandler' driver.
WARNING - 2025-05-09 21:24:00 --> Session: Sessions is enabled, and one exists. Please don't $session->start();
INFO - 2025-05-09 21:24:00 --> Session: Class initialized using 'CodeIgniter\Session\Handlers\FileHandler' driver.
WARNING - 2025-05-09 21:24:00 --> Session: Sessions is enabled, and one exists. Please don't $session->start();
INFO - 2025-05-09 21:24:01 --> Session: Class initialized using 'CodeIgniter\Session\Handlers\FileHandler' driver.
WARNING - 2025-05-09 21:24:01 --> Session: Sessions is enabled, and one exists. Please don't $session->start();
INFO - 2025-05-09 21:24:01 --> Session: Class initialized using 'CodeIgniter\Session\Handlers\FileHandler' driver.
WARNING - 2025-05-09 21:24:01 --> Session: Sessions is enabled, and one exists. Please don't $session->start();
INFO - 2025-05-09 21:24:06 --> Session: Class initialized using 'CodeIgniter\Session\Handlers\FileHandler' driver.
WARNING - 2025-05-09 21:24:06 --> Session: Sessions is enabled, and one exists. Please don't $session->start();
INFO - 2025-05-09 21:24:06 --> Session: Class initialized using 'CodeIgniter\Session\Handlers\FileHandler' driver.
WARNING - 2025-05-09 21:24:06 --> Session: Sessions is enabled, and one exists. Please don't $session->start();
INFO - 2025-05-09 21:24:07 --> Session: Class initialized using 'CodeIgniter\Session\Handlers\FileHandler' driver.
WARNING - 2025-05-09 21:24:07 --> Session: Sessions is enabled, and one exists. Please don't $session->start();
INFO - 2025-05-09 21:24:07 --> Session: Class initialized using 'CodeIgniter\Session\Handlers\FileHandler' driver.
WARNING - 2025-05-09 21:24:07 --> Session: Sessions is enabled, and one exists. Please don't $session->start();
INFO - 2025-05-09 21:24:07 --> Session: Class initialized using 'CodeIgniter\Session\Handlers\FileHandler' driver.
WARNING - 2025-05-09 21:24:07 --> Session: Sessions is enabled, and one exists. Please don't $session->start();
INFO - 2025-05-09 21:24:07 --> Session: Class initialized using 'CodeIgniter\Session\Handlers\FileHandler' driver.
WARNING - 2025-05-09 21:24:07 --> Session: Sessions is enabled, and one exists. Please don't $session->start();
INFO - 2025-05-09 21:24:07 --> Session: Class initialized using 'CodeIgniter\Session\Handlers\FileHandler' driver.
WARNING - 2025-05-09 21:24:07 --> Session: Sessions is enabled, and one exists. Please don't $session->start();
INFO - 2025-05-09 21:24:27 --> Session: Class initialized using 'CodeIgniter\Session\Handlers\FileHandler' driver.
WARNING - 2025-05-09 21:24:27 --> Session: Sessions is enabled, and one exists. Please don't $session->start();
INFO - 2025-05-09 21:24:31 --> Session: Class initialized using 'CodeIgniter\Session\Handlers\FileHandler' driver.
WARNING - 2025-05-09 21:24:31 --> Session: Sessions is enabled, and one exists. Please don't $session->start();
INFO - 2025-05-09 21:24:33 --> Session: Class initialized using 'CodeIgniter\Session\Handlers\FileHandler' driver.
WARNING - 2025-05-09 21:24:33 --> Session: Sessions is enabled, and one exists. Please don't $session->start();
INFO - 2025-05-09 21:24:34 --> Session: Class initialized using 'CodeIgniter\Session\Handlers\FileHandler' driver.
WARNING - 2025-05-09 21:24:34 --> Session: Sessions is enabled, and one exists. Please don't $session->start();
INFO - 2025-05-09 21:24:34 --> Session: Class initialized using 'CodeIgniter\Session\Handlers\FileHandler' driver.
WARNING - 2025-05-09 21:24:34 --> Session: Sessions is enabled, and one exists. Please don't $session->start();
INFO - 2025-05-09 21:24:34 --> Session: Class initialized using 'CodeIgniter\Session\Handlers\FileHandler' driver.
WARNING - 2025-05-09 21:24:34 --> Session: Sessions is enabled, and one exists. Please don't $session->start();
INFO - 2025-05-09 21:24:34 --> Session: Class initialized using 'CodeIgniter\Session\Handlers\FileHandler' driver.
WARNING - 2025-05-09 21:24:34 --> Session: Sessions is enabled, and one exists. Please don't $session->start();
INFO - 2025-05-09 21:24:34 --> Session: Class initialized using 'CodeIgniter\Session\Handlers\FileHandler' driver.
WARNING - 2025-05-09 21:24:34 --> Session: Sessions is enabled, and one exists. Please don't $session->start();
INFO - 2025-05-09 21:25:41 --> Session: Class initialized using 'CodeIgniter\Session\Handlers\FileHandler' driver.
WARNING - 2025-05-09 21:25:41 --> Session: Sessions is enabled, and one exists. Please don't $session->start();
INFO - 2025-05-09 21:25:41 --> Session: Class initialized using 'CodeIgniter\Session\Handlers\FileHandler' driver.
WARNING - 2025-05-09 21:25:41 --> Session: Sessions is enabled, and one exists. Please don't $session->start();
