INFO - 2025-11-29 16:07:46 --> Session: Class initialized using 'CodeIgniter\Session\Handlers\FileHandler' driver.
WARNING - 2025-11-29 16:07:46 --> Session: Sessions is enabled, and one exists. Please don't $session->start();
INFO - 2025-11-29 16:07:47 --> Session: Class initialized using 'CodeIgniter\Session\Handlers\FileHandler' driver.
WARNING - 2025-11-29 16:07:47 --> Session: Sessions is enabled, and one exists. Please don't $session->start();
INFO - 2025-11-29 16:20:38 --> Session: Class initialized using 'CodeIgniter\Session\Handlers\FileHandler' driver.
WARNING - 2025-11-29 16:20:38 --> Session: Sessions is enabled, and one exists. Please don't $session->start();
INFO - 2025-11-29 16:20:38 --> Session: Class initialized using 'CodeIgniter\Session\Handlers\FileHandler' driver.
WARNING - 2025-11-29 16:20:38 --> Session: Sessions is enabled, and one exists. Please don't $session->start();
INFO - 2025-11-29 16:20:39 --> Session: Class initialized using 'CodeIgniter\Session\Handlers\FileHandler' driver.
WARNING - 2025-11-29 16:20:39 --> Session: Sessions is enabled, and one exists. Please don't $session->start();
INFO - 2025-11-29 16:20:48 --> Session: Class initialized using 'CodeIgniter\Session\Handlers\FileHandler' driver.
WARNING - 2025-11-29 16:20:48 --> Session: Sessions is enabled, and one exists. Please don't $session->start();
INFO - 2025-11-29 16:20:54 --> Session: Class initialized using 'CodeIgniter\Session\Handlers\FileHandler' driver.
WARNING - 2025-11-29 16:20:54 --> Session: Sessions is enabled, and one exists. Please don't $session->start();
INFO - 2025-11-29 16:20:55 --> Session: Class initialized using 'CodeIgniter\Session\Handlers\FileHandler' driver.
WARNING - 2025-11-29 16:20:55 --> Session: Sessions is enabled, and one exists. Please don't $session->start();
INFO - 2025-11-29 16:21:54 --> Session: Class initialized using 'CodeIgniter\Session\Handlers\FileHandler' driver.
WARNING - 2025-11-29 16:21:54 --> Session: Sessions is enabled, and one exists. Please don't $session->start();
INFO - 2025-11-29 16:22:18 --> Session: Class initialized using 'CodeIgniter\Session\Handlers\FileHandler' driver.
WARNING - 2025-11-29 16:22:18 --> Session: Sessions is enabled, and one exists. Please don't $session->start();
INFO - 2025-11-29 16:23:54 --> Session: Class initialized using 'CodeIgniter\Session\Handlers\FileHandler' driver.
WARNING - 2025-11-29 16:23:54 --> Session: Sessions is enabled, and one exists. Please don't $session->start();
CRITICAL - 2025-11-29 16:23:54 --> ErrorException: Undefined variable $admin_data
[Method: GET, Route: admin-coin-list]
in APPPATH\Views\admin\coin_list.php on line 31.
 1 APPPATH\Views\admin\coin_list.php(31): CodeIgniter\Debug\Exceptions->errorHandler(2, 'Undefined variable $admin_data', 'C:\\laragon\\www\\coin\\app\\Views\\admin\\coin_list.php', 31)
 2 SYSTEMPATH\View\View.php(234): include('C:\\laragon\\www\\coin\\app\\Views\\admin\\coin_list.php')
 3 SYSTEMPATH\View\View.php(237): CodeIgniter\View\View->CodeIgniter\View\{closure}()
 4 SYSTEMPATH\Common.php(1171): CodeIgniter\View\View->render('admin/coin_list', [], true)
 5 APPPATH\Helpers\functions_helper.php(273): view('admin/coin_list', [...])
 6 APPPATH\Controllers\Admin_c.php(249): load_view('admin', 'admin/coin_list', [...])
 7 SYSTEMPATH\CodeIgniter.php(933): App\Controllers\Admin_c->coin_list()
 8 SYSTEMPATH\CodeIgniter.php(509): CodeIgniter\CodeIgniter->runController(Object(App\Controllers\Admin_c))
 9 SYSTEMPATH\CodeIgniter.php(355): CodeIgniter\CodeIgniter->handleRequest(null, Object(Config\Cache), false)
10 SYSTEMPATH\Boot.php(325): CodeIgniter\CodeIgniter->run()
11 SYSTEMPATH\Boot.php(67): CodeIgniter\Boot::runCodeIgniter(Object(CodeIgniter\CodeIgniter))
12 FCPATH\index.php(57): CodeIgniter\Boot::bootWeb(Object(Config\Paths))
INFO - 2025-11-29 16:24:08 --> Session: Class initialized using 'CodeIgniter\Session\Handlers\FileHandler' driver.
WARNING - 2025-11-29 16:24:08 --> Session: Sessions is enabled, and one exists. Please don't $session->start();
INFO - 2025-11-29 16:24:10 --> Session: Class initialized using 'CodeIgniter\Session\Handlers\FileHandler' driver.
WARNING - 2025-11-29 16:24:10 --> Session: Sessions is enabled, and one exists. Please don't $session->start();
ERROR - 2025-11-29 16:24:10 --> mysqli_sql_exception: Table 'coin.topups' doesn't exist in C:\laragon\www\coin\vendor\codeigniter4\framework\system\Database\MySQLi\Connection.php:312
Stack trace:
#0 C:\laragon\www\coin\vendor\codeigniter4\framework\system\Database\MySQLi\Connection.php(312): mysqli->query('SELECT `topups`...', 0)
#1 C:\laragon\www\coin\vendor\codeigniter4\framework\system\Database\BaseConnection.php(734): CodeIgniter\Database\MySQLi\Connection->execute('SELECT `topups`...')
#2 C:\laragon\www\coin\vendor\codeigniter4\framework\system\Database\BaseConnection.php(648): CodeIgniter\Database\BaseConnection->simpleQuery('SELECT `topups`...')
#3 C:\laragon\www\coin\vendor\codeigniter4\framework\system\Database\BaseBuilder.php(1644): CodeIgniter\Database\BaseConnection->query('SELECT `topups`...', Array, false)
#4 C:\laragon\www\coin\app\Models\Datatable_m.php(56): CodeIgniter\Database\BaseBuilder->get()
#5 C:\laragon\www\coin\app\Controllers\Admin_c.php(273): App\Models\Datatable_m->get_datatables('topups', Array, Array, Array, 'topup_list_ajax...')
#6 C:\laragon\www\coin\vendor\codeigniter4\framework\system\CodeIgniter.php(933): App\Controllers\Admin_c->coin_list_ajax()
#7 C:\laragon\www\coin\vendor\codeigniter4\framework\system\CodeIgniter.php(509): CodeIgniter\CodeIgniter->runController(Object(App\Controllers\Admin_c))
#8 C:\laragon\www\coin\vendor\codeigniter4\framework\system\CodeIgniter.php(355): CodeIgniter\CodeIgniter->handleRequest(NULL, Object(Config\Cache), false)
#9 C:\laragon\www\coin\vendor\codeigniter4\framework\system\Boot.php(325): CodeIgniter\CodeIgniter->run()
#10 C:\laragon\www\coin\vendor\codeigniter4\framework\system\Boot.php(67): CodeIgniter\Boot::runCodeIgniter(Object(CodeIgniter\CodeIgniter))
#11 C:\laragon\www\coin\index.php(57): CodeIgniter\Boot::bootWeb(Object(Config\Paths))
#12 {main}
CRITICAL - 2025-11-29 16:24:10 --> CodeIgniter\Database\Exceptions\DatabaseException: Table 'coin.topups' doesn't exist
[Method: POST, Route: admin-coin-list-ajax]
in SYSTEMPATH\Database\BaseConnection.php on line 688.
 1 SYSTEMPATH\Database\BaseBuilder.php(1644): CodeIgniter\Database\BaseConnection->query('SELECT `topups`.*, `u`.`phone`, `u`.`name`, `admin`.`name` as `admin_name`, `u`.`user_type`
FROM `topups`
LEFT JOIN `users` `u` ON `u`.`id` = `topups`.`refUser_id`
LEFT JOIN `admin` ON `admin`.`id` = `topups`.`accept_by`
WHERE DATE(topups.date_added) >= :DATE(topups.date_added):
AND DATE(topups.date_added) <= :DATE(topups.date_added).1:
ORDER BY `topups`.`id` DESC
 LIMIT 20', [...], false)
 2 APPPATH\Models\Datatable_m.php(56): CodeIgniter\Database\BaseBuilder->get()
 3 APPPATH\Controllers\Admin_c.php(273): App\Models\Datatable_m->get_datatables('topups', [...], [...], [...], 'topup_list_ajax_admin')
 4 SYSTEMPATH\CodeIgniter.php(933): App\Controllers\Admin_c->coin_list_ajax()
 5 SYSTEMPATH\CodeIgniter.php(509): CodeIgniter\CodeIgniter->runController(Object(App\Controllers\Admin_c))
 6 SYSTEMPATH\CodeIgniter.php(355): CodeIgniter\CodeIgniter->handleRequest(null, Object(Config\Cache), false)
 7 SYSTEMPATH\Boot.php(325): CodeIgniter\CodeIgniter->run()
 8 SYSTEMPATH\Boot.php(67): CodeIgniter\Boot::runCodeIgniter(Object(CodeIgniter\CodeIgniter))
 9 FCPATH\index.php(57): CodeIgniter\Boot::bootWeb(Object(Config\Paths))
CRITICAL - 2025-11-29 16:24:11 --> [Caused by] CodeIgniter\Database\Exceptions\DatabaseException: Table 'coin.topups' doesn't exist
in SYSTEMPATH\Database\MySQLi\Connection.php on line 317.
 1 SYSTEMPATH\Database\BaseConnection.php(734): CodeIgniter\Database\MySQLi\Connection->execute('SELECT `topups`.*, `u`.`phone`, `u`.`name`, `admin`.`name` as `admin_name`, `u`.`user_type`
FROM `topups`
LEFT JOIN `users` `u` ON `u`.`id` = `topups`.`refUser_id`
LEFT JOIN `admin` ON `admin`.`id` = `topups`.`accept_by`
WHERE DATE(topups.date_added) >= \'2025-11-29\'
AND DATE(topups.date_added) <= \'2025-11-29\'
ORDER BY `topups`.`id` DESC
 LIMIT 20')
 2 SYSTEMPATH\Database\BaseConnection.php(648): CodeIgniter\Database\BaseConnection->simpleQuery('SELECT `topups`.*, `u`.`phone`, `u`.`name`, `admin`.`name` as `admin_name`, `u`.`user_type`
FROM `topups`
LEFT JOIN `users` `u` ON `u`.`id` = `topups`.`refUser_id`
LEFT JOIN `admin` ON `admin`.`id` = `topups`.`accept_by`
WHERE DATE(topups.date_added) >= \'2025-11-29\'
AND DATE(topups.date_added) <= \'2025-11-29\'
ORDER BY `topups`.`id` DESC
 LIMIT 20')
 3 SYSTEMPATH\Database\BaseBuilder.php(1644): CodeIgniter\Database\BaseConnection->query('SELECT `topups`.*, `u`.`phone`, `u`.`name`, `admin`.`name` as `admin_name`, `u`.`user_type`
FROM `topups`
LEFT JOIN `users` `u` ON `u`.`id` = `topups`.`refUser_id`
LEFT JOIN `admin` ON `admin`.`id` = `topups`.`accept_by`
WHERE DATE(topups.date_added) >= :DATE(topups.date_added):
AND DATE(topups.date_added) <= :DATE(topups.date_added).1:
ORDER BY `topups`.`id` DESC
 LIMIT 20', [...], false)
 4 APPPATH\Models\Datatable_m.php(56): CodeIgniter\Database\BaseBuilder->get()
 5 APPPATH\Controllers\Admin_c.php(273): App\Models\Datatable_m->get_datatables('topups', [...], [...], [...], 'topup_list_ajax_admin')
 6 SYSTEMPATH\CodeIgniter.php(933): App\Controllers\Admin_c->coin_list_ajax()
 7 SYSTEMPATH\CodeIgniter.php(509): CodeIgniter\CodeIgniter->runController(Object(App\Controllers\Admin_c))
 8 SYSTEMPATH\CodeIgniter.php(355): CodeIgniter\CodeIgniter->handleRequest(null, Object(Config\Cache), false)
 9 SYSTEMPATH\Boot.php(325): CodeIgniter\CodeIgniter->run()
10 SYSTEMPATH\Boot.php(67): CodeIgniter\Boot::runCodeIgniter(Object(CodeIgniter\CodeIgniter))
11 FCPATH\index.php(57): CodeIgniter\Boot::bootWeb(Object(Config\Paths))
CRITICAL - 2025-11-29 16:24:11 --> [Caused by] mysqli_sql_exception: Table 'coin.topups' doesn't exist
in SYSTEMPATH\Database\MySQLi\Connection.php on line 312.
 1 SYSTEMPATH\Database\MySQLi\Connection.php(312): mysqli->query('SELECT `topups`.*, `u`.`phone`, `u`.`name`, `admin`.`name` as `admin_name`, `u`.`user_type`
FROM `topups`
LEFT JOIN `users` `u` ON `u`.`id` = `topups`.`refUser_id`
LEFT JOIN `admin` ON `admin`.`id` = `topups`.`accept_by`
WHERE DATE(topups.date_added) >= \'2025-11-29\'
AND DATE(topups.date_added) <= \'2025-11-29\'
ORDER BY `topups`.`id` DESC
 LIMIT 20', 0)
 2 SYSTEMPATH\Database\BaseConnection.php(734): CodeIgniter\Database\MySQLi\Connection->execute('SELECT `topups`.*, `u`.`phone`, `u`.`name`, `admin`.`name` as `admin_name`, `u`.`user_type`
FROM `topups`
LEFT JOIN `users` `u` ON `u`.`id` = `topups`.`refUser_id`
LEFT JOIN `admin` ON `admin`.`id` = `topups`.`accept_by`
WHERE DATE(topups.date_added) >= \'2025-11-29\'
AND DATE(topups.date_added) <= \'2025-11-29\'
ORDER BY `topups`.`id` DESC
 LIMIT 20')
 3 SYSTEMPATH\Database\BaseConnection.php(648): CodeIgniter\Database\BaseConnection->simpleQuery('SELECT `topups`.*, `u`.`phone`, `u`.`name`, `admin`.`name` as `admin_name`, `u`.`user_type`
FROM `topups`
LEFT JOIN `users` `u` ON `u`.`id` = `topups`.`refUser_id`
LEFT JOIN `admin` ON `admin`.`id` = `topups`.`accept_by`
WHERE DATE(topups.date_added) >= \'2025-11-29\'
AND DATE(topups.date_added) <= \'2025-11-29\'
ORDER BY `topups`.`id` DESC
 LIMIT 20')
 4 SYSTEMPATH\Database\BaseBuilder.php(1644): CodeIgniter\Database\BaseConnection->query('SELECT `topups`.*, `u`.`phone`, `u`.`name`, `admin`.`name` as `admin_name`, `u`.`user_type`
FROM `topups`
LEFT JOIN `users` `u` ON `u`.`id` = `topups`.`refUser_id`
LEFT JOIN `admin` ON `admin`.`id` = `topups`.`accept_by`
WHERE DATE(topups.date_added) >= :DATE(topups.date_added):
AND DATE(topups.date_added) <= :DATE(topups.date_added).1:
ORDER BY `topups`.`id` DESC
 LIMIT 20', [...], false)
 5 APPPATH\Models\Datatable_m.php(56): CodeIgniter\Database\BaseBuilder->get()
 6 APPPATH\Controllers\Admin_c.php(273): App\Models\Datatable_m->get_datatables('topups', [...], [...], [...], 'topup_list_ajax_admin')
 7 SYSTEMPATH\CodeIgniter.php(933): App\Controllers\Admin_c->coin_list_ajax()
 8 SYSTEMPATH\CodeIgniter.php(509): CodeIgniter\CodeIgniter->runController(Object(App\Controllers\Admin_c))
 9 SYSTEMPATH\CodeIgniter.php(355): CodeIgniter\CodeIgniter->handleRequest(null, Object(Config\Cache), false)
10 SYSTEMPATH\Boot.php(325): CodeIgniter\CodeIgniter->run()
11 SYSTEMPATH\Boot.php(67): CodeIgniter\Boot::runCodeIgniter(Object(CodeIgniter\CodeIgniter))
12 FCPATH\index.php(57): CodeIgniter\Boot::bootWeb(Object(Config\Paths))
INFO - 2025-11-29 16:33:25 --> Session: Class initialized using 'CodeIgniter\Session\Handlers\FileHandler' driver.
WARNING - 2025-11-29 16:33:25 --> Session: Sessions is enabled, and one exists. Please don't $session->start();
INFO - 2025-11-29 16:33:26 --> Session: Class initialized using 'CodeIgniter\Session\Handlers\FileHandler' driver.
WARNING - 2025-11-29 16:33:26 --> Session: Sessions is enabled, and one exists. Please don't $session->start();
INFO - 2025-11-29 16:33:37 --> Session: Class initialized using 'CodeIgniter\Session\Handlers\FileHandler' driver.
WARNING - 2025-11-29 16:33:37 --> Session: Sessions is enabled, and one exists. Please don't $session->start();
CRITICAL - 2025-11-29 16:33:37 --> Error: Undefined constant "App\Controllers\ADMIN_COIN_ACCEPT_LINK"
[Method: POST, Route: admin-coin-list-ajax]
in APPPATH\Controllers\Admin_c.php on line 284.
 1 SYSTEMPATH\CodeIgniter.php(933): App\Controllers\Admin_c->coin_list_ajax()
 2 SYSTEMPATH\CodeIgniter.php(509): CodeIgniter\CodeIgniter->runController(Object(App\Controllers\Admin_c))
 3 SYSTEMPATH\CodeIgniter.php(355): CodeIgniter\CodeIgniter->handleRequest(null, Object(Config\Cache), false)
 4 SYSTEMPATH\Boot.php(325): CodeIgniter\CodeIgniter->run()
 5 SYSTEMPATH\Boot.php(67): CodeIgniter\Boot::runCodeIgniter(Object(CodeIgniter\CodeIgniter))
 6 FCPATH\index.php(57): CodeIgniter\Boot::bootWeb(Object(Config\Paths))
INFO - 2025-11-29 17:13:29 --> Session: Class initialized using 'CodeIgniter\Session\Handlers\FileHandler' driver.
WARNING - 2025-11-29 17:13:29 --> Session: Sessions is enabled, and one exists. Please don't $session->start();
INFO - 2025-11-29 17:13:30 --> Session: Class initialized using 'CodeIgniter\Session\Handlers\FileHandler' driver.
WARNING - 2025-11-29 17:13:30 --> Session: Sessions is enabled, and one exists. Please don't $session->start();
INFO - 2025-11-29 17:13:37 --> Session: Class initialized using 'CodeIgniter\Session\Handlers\FileHandler' driver.
WARNING - 2025-11-29 17:13:37 --> Session: Sessions is enabled, and one exists. Please don't $session->start();
CRITICAL - 2025-11-29 17:13:37 --> ErrorException: Undefined property: stdClass::$refUser_id
[Method: POST, Route: admin-coin-list-ajax]
in APPPATH\Controllers\Admin_c.php on line 293.
 1 APPPATH\Controllers\Admin_c.php(293): CodeIgniter\Debug\Exceptions->errorHandler(2, 'Undefined property: stdClass::$refUser_id', 'C:\\laragon\\www\\coin\\app\\Controllers\\Admin_c.php', 293)
 2 SYSTEMPATH\CodeIgniter.php(933): App\Controllers\Admin_c->coin_list_ajax()
 3 SYSTEMPATH\CodeIgniter.php(509): CodeIgniter\CodeIgniter->runController(Object(App\Controllers\Admin_c))
 4 SYSTEMPATH\CodeIgniter.php(355): CodeIgniter\CodeIgniter->handleRequest(null, Object(Config\Cache), false)
 5 SYSTEMPATH\Boot.php(325): CodeIgniter\CodeIgniter->run()
 6 SYSTEMPATH\Boot.php(67): CodeIgniter\Boot::runCodeIgniter(Object(CodeIgniter\CodeIgniter))
 7 FCPATH\index.php(57): CodeIgniter\Boot::bootWeb(Object(Config\Paths))
INFO - 2025-11-29 17:17:22 --> Session: Class initialized using 'CodeIgniter\Session\Handlers\FileHandler' driver.
WARNING - 2025-11-29 17:17:22 --> Session: Sessions is enabled, and one exists. Please don't $session->start();
INFO - 2025-11-29 17:17:23 --> Session: Class initialized using 'CodeIgniter\Session\Handlers\FileHandler' driver.
WARNING - 2025-11-29 17:17:23 --> Session: Sessions is enabled, and one exists. Please don't $session->start();
INFO - 2025-11-29 17:18:04 --> Session: Class initialized using 'CodeIgniter\Session\Handlers\FileHandler' driver.
WARNING - 2025-11-29 17:18:04 --> Session: Sessions is enabled, and one exists. Please don't $session->start();
INFO - 2025-11-29 17:18:05 --> Session: Class initialized using 'CodeIgniter\Session\Handlers\FileHandler' driver.
WARNING - 2025-11-29 17:18:05 --> Session: Sessions is enabled, and one exists. Please don't $session->start();
INFO - 2025-11-29 17:18:08 --> Session: Class initialized using 'CodeIgniter\Session\Handlers\FileHandler' driver.
WARNING - 2025-11-29 17:18:08 --> Session: Sessions is enabled, and one exists. Please don't $session->start();
INFO - 2025-11-29 17:18:34 --> Session: Class initialized using 'CodeIgniter\Session\Handlers\FileHandler' driver.
WARNING - 2025-11-29 17:18:34 --> Session: Sessions is enabled, and one exists. Please don't $session->start();
INFO - 2025-11-29 17:18:34 --> Session: Class initialized using 'CodeIgniter\Session\Handlers\FileHandler' driver.
WARNING - 2025-11-29 17:18:34 --> Session: Sessions is enabled, and one exists. Please don't $session->start();
INFO - 2025-11-29 17:18:52 --> Session: Class initialized using 'CodeIgniter\Session\Handlers\FileHandler' driver.
WARNING - 2025-11-29 17:18:52 --> Session: Sessions is enabled, and one exists. Please don't $session->start();
INFO - 2025-11-29 17:18:55 --> Session: Class initialized using 'CodeIgniter\Session\Handlers\FileHandler' driver.
WARNING - 2025-11-29 17:18:55 --> Session: Sessions is enabled, and one exists. Please don't $session->start();
CRITICAL - 2025-11-29 17:18:56 --> ErrorException: Undefined array key "status"
[Method: GET, Route: admin-coin-accept-link/1]
in APPPATH\Controllers\Admin_c.php on line 255.
 1 APPPATH\Controllers\Admin_c.php(255): CodeIgniter\Debug\Exceptions->errorHandler(2, 'Undefined array key "status"', 'C:\\laragon\\www\\coin\\app\\Controllers\\Admin_c.php', 255)
 2 SYSTEMPATH\CodeIgniter.php(933): App\Controllers\Admin_c->accept_reject_coin('1')
 3 SYSTEMPATH\CodeIgniter.php(509): CodeIgniter\CodeIgniter->runController(Object(App\Controllers\Admin_c))
 4 SYSTEMPATH\CodeIgniter.php(355): CodeIgniter\CodeIgniter->handleRequest(null, Object(Config\Cache), false)
 5 SYSTEMPATH\Boot.php(325): CodeIgniter\CodeIgniter->run()
 6 SYSTEMPATH\Boot.php(67): CodeIgniter\Boot::runCodeIgniter(Object(CodeIgniter\CodeIgniter))
 7 FCPATH\index.php(57): CodeIgniter\Boot::bootWeb(Object(Config\Paths))
INFO - 2025-11-29 17:18:57 --> Session: Class initialized using 'CodeIgniter\Session\Handlers\FileHandler' driver.
WARNING - 2025-11-29 17:18:57 --> Session: Sessions is enabled, and one exists. Please don't $session->start();
CRITICAL - 2025-11-29 17:18:57 --> ErrorException: Undefined array key "status"
[Method: GET, Route: admin-coin-accept-link/1]
in APPPATH\Controllers\Admin_c.php on line 255.
 1 APPPATH\Controllers\Admin_c.php(255): CodeIgniter\Debug\Exceptions->errorHandler(2, 'Undefined array key "status"', 'C:\\laragon\\www\\coin\\app\\Controllers\\Admin_c.php', 255)
 2 SYSTEMPATH\CodeIgniter.php(933): App\Controllers\Admin_c->accept_reject_coin('1')
 3 SYSTEMPATH\CodeIgniter.php(509): CodeIgniter\CodeIgniter->runController(Object(App\Controllers\Admin_c))
 4 SYSTEMPATH\CodeIgniter.php(355): CodeIgniter\CodeIgniter->handleRequest(null, Object(Config\Cache), false)
 5 SYSTEMPATH\Boot.php(325): CodeIgniter\CodeIgniter->run()
 6 SYSTEMPATH\Boot.php(67): CodeIgniter\Boot::runCodeIgniter(Object(CodeIgniter\CodeIgniter))
 7 FCPATH\index.php(57): CodeIgniter\Boot::bootWeb(Object(Config\Paths))
INFO - 2025-11-29 17:19:03 --> Session: Class initialized using 'CodeIgniter\Session\Handlers\FileHandler' driver.
WARNING - 2025-11-29 17:19:03 --> Session: Sessions is enabled, and one exists. Please don't $session->start();
INFO - 2025-11-29 17:19:04 --> Session: Class initialized using 'CodeIgniter\Session\Handlers\FileHandler' driver.
WARNING - 2025-11-29 17:19:04 --> Session: Sessions is enabled, and one exists. Please don't $session->start();
INFO - 2025-11-29 17:19:08 --> Session: Class initialized using 'CodeIgniter\Session\Handlers\FileHandler' driver.
WARNING - 2025-11-29 17:19:08 --> Session: Sessions is enabled, and one exists. Please don't $session->start();
INFO - 2025-11-29 17:23:52 --> Session: Class initialized using 'CodeIgniter\Session\Handlers\FileHandler' driver.
WARNING - 2025-11-29 17:23:52 --> Session: Sessions is enabled, and one exists. Please don't $session->start();
INFO - 2025-11-29 17:23:53 --> Session: Class initialized using 'CodeIgniter\Session\Handlers\FileHandler' driver.
WARNING - 2025-11-29 17:23:53 --> Session: Sessions is enabled, and one exists. Please don't $session->start();
INFO - 2025-11-29 17:30:14 --> Session: Class initialized using 'CodeIgniter\Session\Handlers\FileHandler' driver.
WARNING - 2025-11-29 17:30:14 --> Session: Sessions is enabled, and one exists. Please don't $session->start();
INFO - 2025-11-29 17:30:14 --> Session: Class initialized using 'CodeIgniter\Session\Handlers\FileHandler' driver.
WARNING - 2025-11-29 17:30:14 --> Session: Sessions is enabled, and one exists. Please don't $session->start();
INFO - 2025-11-29 17:30:17 --> Session: Class initialized using 'CodeIgniter\Session\Handlers\FileHandler' driver.
WARNING - 2025-11-29 17:30:17 --> Session: Sessions is enabled, and one exists. Please don't $session->start();
INFO - 2025-11-29 17:30:37 --> Session: Class initialized using 'CodeIgniter\Session\Handlers\FileHandler' driver.
WARNING - 2025-11-29 17:30:37 --> Session: Sessions is enabled, and one exists. Please don't $session->start();
CRITICAL - 2025-11-29 17:30:37 --> ErrorException: Undefined array key "status"
[Method: GET, Route: admin-coin-accept-link/5/2]
in APPPATH\Controllers\Admin_c.php on line 257.
 1 APPPATH\Controllers\Admin_c.php(257): CodeIgniter\Debug\Exceptions->errorHandler(2, 'Undefined array key "status"', 'C:\\laragon\\www\\coin\\app\\Controllers\\Admin_c.php', 257)
 2 SYSTEMPATH\CodeIgniter.php(933): App\Controllers\Admin_c->accept_reject_coin('5', '2')
 3 SYSTEMPATH\CodeIgniter.php(509): CodeIgniter\CodeIgniter->runController(Object(App\Controllers\Admin_c))
 4 SYSTEMPATH\CodeIgniter.php(355): CodeIgniter\CodeIgniter->handleRequest(null, Object(Config\Cache), false)
 5 SYSTEMPATH\Boot.php(325): CodeIgniter\CodeIgniter->run()
 6 SYSTEMPATH\Boot.php(67): CodeIgniter\Boot::runCodeIgniter(Object(CodeIgniter\CodeIgniter))
 7 FCPATH\index.php(57): CodeIgniter\Boot::bootWeb(Object(Config\Paths))
INFO - 2025-11-29 17:31:16 --> Session: Class initialized using 'CodeIgniter\Session\Handlers\FileHandler' driver.
WARNING - 2025-11-29 17:31:16 --> Session: Sessions is enabled, and one exists. Please don't $session->start();
ERROR - 2025-11-29 17:31:17 --> mysqli_sql_exception: You have an error in your SQL syntax; check the manual that corresponds to your MySQL server version for the right syntax to use near '2 SET `t_coin_request` = ''
WHERE `id` = '5'' at line 1 in C:\laragon\www\coin\vendor\codeigniter4\framework\system\Database\MySQLi\Connection.php:312
Stack trace:
#0 C:\laragon\www\coin\vendor\codeigniter4\framework\system\Database\MySQLi\Connection.php(312): mysqli->query('UPDATE 2 SET `t...', 0)
#1 C:\laragon\www\coin\vendor\codeigniter4\framework\system\Database\BaseConnection.php(734): CodeIgniter\Database\MySQLi\Connection->execute('UPDATE 2 SET `t...')
#2 C:\laragon\www\coin\vendor\codeigniter4\framework\system\Database\BaseConnection.php(648): CodeIgniter\Database\BaseConnection->simpleQuery('UPDATE 2 SET `t...')
#3 C:\laragon\www\coin\vendor\codeigniter4\framework\system\Database\BaseBuilder.php(2516): CodeIgniter\Database\BaseConnection->query('UPDATE 2 SET `t...', Array, false)
#4 C:\laragon\www\coin\app\Models\Admin_m.php(75): CodeIgniter\Database\BaseBuilder->update('t_coin_request')
#5 C:\laragon\www\coin\app\Controllers\Admin_c.php(262): App\Models\Admin_m->update_table_data(Array, Array, 't_coin_request')
#6 C:\laragon\www\coin\vendor\codeigniter4\framework\system\CodeIgniter.php(933): App\Controllers\Admin_c->accept_reject_coin('5', '2')
#7 C:\laragon\www\coin\vendor\codeigniter4\framework\system\CodeIgniter.php(509): CodeIgniter\CodeIgniter->runController(Object(App\Controllers\Admin_c))
#8 C:\laragon\www\coin\vendor\codeigniter4\framework\system\CodeIgniter.php(355): CodeIgniter\CodeIgniter->handleRequest(NULL, Object(Config\Cache), false)
#9 C:\laragon\www\coin\vendor\codeigniter4\framework\system\Boot.php(325): CodeIgniter\CodeIgniter->run()
#10 C:\laragon\www\coin\vendor\codeigniter4\framework\system\Boot.php(67): CodeIgniter\Boot::runCodeIgniter(Object(CodeIgniter\CodeIgniter))
#11 C:\laragon\www\coin\index.php(57): CodeIgniter\Boot::bootWeb(Object(Config\Paths))
#12 {main}
CRITICAL - 2025-11-29 17:31:17 --> CodeIgniter\Database\Exceptions\DatabaseException: You have an error in your SQL syntax; check the manual that corresponds to your MySQL server version for the right syntax to use near '2 SET `t_coin_request` = ''
WHERE `id` = '5'' at line 1
[Method: GET, Route: admin-coin-accept-link/5/2]
in SYSTEMPATH\Database\BaseConnection.php on line 688.
 1 SYSTEMPATH\Database\BaseBuilder.php(2516): CodeIgniter\Database\BaseConnection->query('UPDATE 2 SET `t_coin_request` = :t_coin_request:
WHERE `id` = :id:', [...], false)
 2 APPPATH\Models\Admin_m.php(75): CodeIgniter\Database\BaseBuilder->update('t_coin_request')
 3 APPPATH\Controllers\Admin_c.php(262): App\Models\Admin_m->update_table_data([...], [...], 't_coin_request')
 4 SYSTEMPATH\CodeIgniter.php(933): App\Controllers\Admin_c->accept_reject_coin('5', '2')
 5 SYSTEMPATH\CodeIgniter.php(509): CodeIgniter\CodeIgniter->runController(Object(App\Controllers\Admin_c))
 6 SYSTEMPATH\CodeIgniter.php(355): CodeIgniter\CodeIgniter->handleRequest(null, Object(Config\Cache), false)
 7 SYSTEMPATH\Boot.php(325): CodeIgniter\CodeIgniter->run()
 8 SYSTEMPATH\Boot.php(67): CodeIgniter\Boot::runCodeIgniter(Object(CodeIgniter\CodeIgniter))
 9 FCPATH\index.php(57): CodeIgniter\Boot::bootWeb(Object(Config\Paths))
CRITICAL - 2025-11-29 17:31:17 --> [Caused by] CodeIgniter\Database\Exceptions\DatabaseException: You have an error in your SQL syntax; check the manual that corresponds to your MySQL server version for the right syntax to use near '2 SET `t_coin_request` = ''
WHERE `id` = '5'' at line 1
in SYSTEMPATH\Database\MySQLi\Connection.php on line 317.
 1 SYSTEMPATH\Database\BaseConnection.php(734): CodeIgniter\Database\MySQLi\Connection->execute('UPDATE 2 SET `t_coin_request` = \'\'
WHERE `id` = \'5\'')
 2 SYSTEMPATH\Database\BaseConnection.php(648): CodeIgniter\Database\BaseConnection->simpleQuery('UPDATE 2 SET `t_coin_request` = \'\'
WHERE `id` = \'5\'')
 3 SYSTEMPATH\Database\BaseBuilder.php(2516): CodeIgniter\Database\BaseConnection->query('UPDATE 2 SET `t_coin_request` = :t_coin_request:
WHERE `id` = :id:', [...], false)
 4 APPPATH\Models\Admin_m.php(75): CodeIgniter\Database\BaseBuilder->update('t_coin_request')
 5 APPPATH\Controllers\Admin_c.php(262): App\Models\Admin_m->update_table_data([...], [...], 't_coin_request')
 6 SYSTEMPATH\CodeIgniter.php(933): App\Controllers\Admin_c->accept_reject_coin('5', '2')
 7 SYSTEMPATH\CodeIgniter.php(509): CodeIgniter\CodeIgniter->runController(Object(App\Controllers\Admin_c))
 8 SYSTEMPATH\CodeIgniter.php(355): CodeIgniter\CodeIgniter->handleRequest(null, Object(Config\Cache), false)
 9 SYSTEMPATH\Boot.php(325): CodeIgniter\CodeIgniter->run()
10 SYSTEMPATH\Boot.php(67): CodeIgniter\Boot::runCodeIgniter(Object(CodeIgniter\CodeIgniter))
11 FCPATH\index.php(57): CodeIgniter\Boot::bootWeb(Object(Config\Paths))
CRITICAL - 2025-11-29 17:31:17 --> [Caused by] mysqli_sql_exception: You have an error in your SQL syntax; check the manual that corresponds to your MySQL server version for the right syntax to use near '2 SET `t_coin_request` = ''
WHERE `id` = '5'' at line 1
in SYSTEMPATH\Database\MySQLi\Connection.php on line 312.
 1 SYSTEMPATH\Database\MySQLi\Connection.php(312): mysqli->query('UPDATE 2 SET `t_coin_request` = \'\'
WHERE `id` = \'5\'', 0)
 2 SYSTEMPATH\Database\BaseConnection.php(734): CodeIgniter\Database\MySQLi\Connection->execute('UPDATE 2 SET `t_coin_request` = \'\'
WHERE `id` = \'5\'')
 3 SYSTEMPATH\Database\BaseConnection.php(648): CodeIgniter\Database\BaseConnection->simpleQuery('UPDATE 2 SET `t_coin_request` = \'\'
WHERE `id` = \'5\'')
 4 SYSTEMPATH\Database\BaseBuilder.php(2516): CodeIgniter\Database\BaseConnection->query('UPDATE 2 SET `t_coin_request` = :t_coin_request:
WHERE `id` = :id:', [...], false)
 5 APPPATH\Models\Admin_m.php(75): CodeIgniter\Database\BaseBuilder->update('t_coin_request')
 6 APPPATH\Controllers\Admin_c.php(262): App\Models\Admin_m->update_table_data([...], [...], 't_coin_request')
 7 SYSTEMPATH\CodeIgniter.php(933): App\Controllers\Admin_c->accept_reject_coin('5', '2')
 8 SYSTEMPATH\CodeIgniter.php(509): CodeIgniter\CodeIgniter->runController(Object(App\Controllers\Admin_c))
 9 SYSTEMPATH\CodeIgniter.php(355): CodeIgniter\CodeIgniter->handleRequest(null, Object(Config\Cache), false)
10 SYSTEMPATH\Boot.php(325): CodeIgniter\CodeIgniter->run()
11 SYSTEMPATH\Boot.php(67): CodeIgniter\Boot::runCodeIgniter(Object(CodeIgniter\CodeIgniter))
12 FCPATH\index.php(57): CodeIgniter\Boot::bootWeb(Object(Config\Paths))
INFO - 2025-11-29 17:31:42 --> Session: Class initialized using 'CodeIgniter\Session\Handlers\FileHandler' driver.
WARNING - 2025-11-29 17:31:42 --> Session: Sessions is enabled, and one exists. Please don't $session->start();
INFO - 2025-11-29 17:31:43 --> Session: Class initialized using 'CodeIgniter\Session\Handlers\FileHandler' driver.
WARNING - 2025-11-29 17:31:43 --> Session: Sessions is enabled, and one exists. Please don't $session->start();
INFO - 2025-11-29 17:31:43 --> Session: Class initialized using 'CodeIgniter\Session\Handlers\FileHandler' driver.
WARNING - 2025-11-29 17:31:43 --> Session: Sessions is enabled, and one exists. Please don't $session->start();
INFO - 2025-11-29 17:31:47 --> Session: Class initialized using 'CodeIgniter\Session\Handlers\FileHandler' driver.
WARNING - 2025-11-29 17:31:47 --> Session: Sessions is enabled, and one exists. Please don't $session->start();
INFO - 2025-11-29 18:30:07 --> Session: Class initialized using 'CodeIgniter\Session\Handlers\FileHandler' driver.
WARNING - 2025-11-29 18:30:07 --> Session: Sessions is enabled, and one exists. Please don't $session->start();
INFO - 2025-11-29 18:30:07 --> Session: Class initialized using 'CodeIgniter\Session\Handlers\FileHandler' driver.
WARNING - 2025-11-29 18:30:07 --> Session: Sessions is enabled, and one exists. Please don't $session->start();
INFO - 2025-11-29 18:30:07 --> Session: Class initialized using 'CodeIgniter\Session\Handlers\FileHandler' driver.
WARNING - 2025-11-29 18:30:07 --> Session: Sessions is enabled, and one exists. Please don't $session->start();
INFO - 2025-11-29 18:30:13 --> Session: Class initialized using 'CodeIgniter\Session\Handlers\FileHandler' driver.
WARNING - 2025-11-29 18:30:13 --> Session: Sessions is enabled, and one exists. Please don't $session->start();
INFO - 2025-11-29 18:30:13 --> Session: Class initialized using 'CodeIgniter\Session\Handlers\FileHandler' driver.
WARNING - 2025-11-29 18:30:13 --> Session: Sessions is enabled, and one exists. Please don't $session->start();
INFO - 2025-11-29 19:39:33 --> Session: Class initialized using 'CodeIgniter\Session\Handlers\FileHandler' driver.
WARNING - 2025-11-29 19:39:33 --> Session: Sessions is enabled, and one exists. Please don't $session->start();
INFO - 2025-11-29 19:39:34 --> Session: Class initialized using 'CodeIgniter\Session\Handlers\FileHandler' driver.
WARNING - 2025-11-29 19:39:34 --> Session: Sessions is enabled, and one exists. Please don't $session->start();
INFO - 2025-11-29 19:39:34 --> Session: Class initialized using 'CodeIgniter\Session\Handlers\FileHandler' driver.
WARNING - 2025-11-29 19:39:34 --> Session: Sessions is enabled, and one exists. Please don't $session->start();
INFO - 2025-11-29 19:39:45 --> Session: Class initialized using 'CodeIgniter\Session\Handlers\FileHandler' driver.
WARNING - 2025-11-29 19:39:45 --> Session: Sessions is enabled, and one exists. Please don't $session->start();
INFO - 2025-11-29 19:39:45 --> Session: Class initialized using 'CodeIgniter\Session\Handlers\FileHandler' driver.
WARNING - 2025-11-29 19:39:45 --> Session: Sessions is enabled, and one exists. Please don't $session->start();
INFO - 2025-11-29 19:39:51 --> Session: Class initialized using 'CodeIgniter\Session\Handlers\FileHandler' driver.
WARNING - 2025-11-29 19:39:51 --> Session: Sessions is enabled, and one exists. Please don't $session->start();
INFO - 2025-11-29 19:39:52 --> Session: Class initialized using 'CodeIgniter\Session\Handlers\FileHandler' driver.
WARNING - 2025-11-29 19:39:52 --> Session: Sessions is enabled, and one exists. Please don't $session->start();
INFO - 2025-11-29 19:39:56 --> Session: Class initialized using 'CodeIgniter\Session\Handlers\FileHandler' driver.
WARNING - 2025-11-29 19:39:56 --> Session: Sessions is enabled, and one exists. Please don't $session->start();
INFO - 2025-11-29 19:45:13 --> Session: Class initialized using 'CodeIgniter\Session\Handlers\FileHandler' driver.
WARNING - 2025-11-29 19:45:13 --> Session: Sessions is enabled, and one exists. Please don't $session->start();
INFO - 2025-11-29 19:45:14 --> Session: Class initialized using 'CodeIgniter\Session\Handlers\FileHandler' driver.
WARNING - 2025-11-29 19:45:14 --> Session: Sessions is enabled, and one exists. Please don't $session->start();
INFO - 2025-11-29 19:45:18 --> Session: Class initialized using 'CodeIgniter\Session\Handlers\FileHandler' driver.
WARNING - 2025-11-29 19:45:18 --> Session: Sessions is enabled, and one exists. Please don't $session->start();
INFO - 2025-11-29 19:45:54 --> Session: Class initialized using 'CodeIgniter\Session\Handlers\FileHandler' driver.
WARNING - 2025-11-29 19:45:54 --> Session: Sessions is enabled, and one exists. Please don't $session->start();
INFO - 2025-11-29 19:45:56 --> Session: Class initialized using 'CodeIgniter\Session\Handlers\FileHandler' driver.
WARNING - 2025-11-29 19:45:56 --> Session: Sessions is enabled, and one exists. Please don't $session->start();
INFO - 2025-11-29 19:45:59 --> Session: Class initialized using 'CodeIgniter\Session\Handlers\FileHandler' driver.
WARNING - 2025-11-29 19:45:59 --> Session: Sessions is enabled, and one exists. Please don't $session->start();
CRITICAL - 2025-11-29 19:45:59 --> ErrorException: Undefined property: stdClass::$screen_shot
[Method: POST, Route: admin-coin-list-ajax]
in APPPATH\Controllers\Admin_c.php on line 297.
 1 APPPATH\Controllers\Admin_c.php(297): CodeIgniter\Debug\Exceptions->errorHandler(2, 'Undefined property: stdClass::$screen_shot', 'C:\\laragon\\www\\coin\\app\\Controllers\\Admin_c.php', 297)
 2 SYSTEMPATH\CodeIgniter.php(933): App\Controllers\Admin_c->coin_list_ajax()
 3 SYSTEMPATH\CodeIgniter.php(509): CodeIgniter\CodeIgniter->runController(Object(App\Controllers\Admin_c))
 4 SYSTEMPATH\CodeIgniter.php(355): CodeIgniter\CodeIgniter->handleRequest(null, Object(Config\Cache), false)
 5 SYSTEMPATH\Boot.php(325): CodeIgniter\CodeIgniter->run()
 6 SYSTEMPATH\Boot.php(67): CodeIgniter\Boot::runCodeIgniter(Object(CodeIgniter\CodeIgniter))
 7 FCPATH\index.php(57): CodeIgniter\Boot::bootWeb(Object(Config\Paths))
INFO - 2025-11-29 19:46:14 --> Session: Class initialized using 'CodeIgniter\Session\Handlers\FileHandler' driver.
WARNING - 2025-11-29 19:46:14 --> Session: Sessions is enabled, and one exists. Please don't $session->start();
INFO - 2025-11-29 19:46:15 --> Session: Class initialized using 'CodeIgniter\Session\Handlers\FileHandler' driver.
WARNING - 2025-11-29 19:46:15 --> Session: Sessions is enabled, and one exists. Please don't $session->start();
INFO - 2025-11-29 19:46:18 --> Session: Class initialized using 'CodeIgniter\Session\Handlers\FileHandler' driver.
WARNING - 2025-11-29 19:46:18 --> Session: Sessions is enabled, and one exists. Please don't $session->start();
INFO - 2025-11-29 19:46:27 --> Session: Class initialized using 'CodeIgniter\Session\Handlers\FileHandler' driver.
WARNING - 2025-11-29 19:46:27 --> Session: Sessions is enabled, and one exists. Please don't $session->start();
INFO - 2025-11-29 19:46:45 --> Session: Class initialized using 'CodeIgniter\Session\Handlers\FileHandler' driver.
WARNING - 2025-11-29 19:46:45 --> Session: Sessions is enabled, and one exists. Please don't $session->start();
INFO - 2025-11-29 19:49:09 --> Session: Class initialized using 'CodeIgniter\Session\Handlers\FileHandler' driver.
WARNING - 2025-11-29 19:49:09 --> Session: Sessions is enabled, and one exists. Please don't $session->start();
INFO - 2025-11-29 19:49:11 --> Session: Class initialized using 'CodeIgniter\Session\Handlers\FileHandler' driver.
WARNING - 2025-11-29 19:49:11 --> Session: Sessions is enabled, and one exists. Please don't $session->start();
INFO - 2025-11-29 19:49:12 --> Session: Class initialized using 'CodeIgniter\Session\Handlers\FileHandler' driver.
WARNING - 2025-11-29 19:49:12 --> Session: Sessions is enabled, and one exists. Please don't $session->start();
INFO - 2025-11-29 19:49:14 --> Session: Class initialized using 'CodeIgniter\Session\Handlers\FileHandler' driver.
WARNING - 2025-11-29 19:49:14 --> Session: Sessions is enabled, and one exists. Please don't $session->start();
INFO - 2025-11-29 19:50:11 --> Session: Class initialized using 'CodeIgniter\Session\Handlers\FileHandler' driver.
WARNING - 2025-11-29 19:50:11 --> Session: Sessions is enabled, and one exists. Please don't $session->start();
INFO - 2025-11-29 19:50:12 --> Session: Class initialized using 'CodeIgniter\Session\Handlers\FileHandler' driver.
WARNING - 2025-11-29 19:50:12 --> Session: Sessions is enabled, and one exists. Please don't $session->start();
INFO - 2025-11-29 19:50:16 --> Session: Class initialized using 'CodeIgniter\Session\Handlers\FileHandler' driver.
WARNING - 2025-11-29 19:50:16 --> Session: Sessions is enabled, and one exists. Please don't $session->start();
INFO - 2025-11-29 19:50:56 --> Session: Class initialized using 'CodeIgniter\Session\Handlers\FileHandler' driver.
WARNING - 2025-11-29 19:50:56 --> Session: Sessions is enabled, and one exists. Please don't $session->start();
INFO - 2025-11-29 19:50:57 --> Session: Class initialized using 'CodeIgniter\Session\Handlers\FileHandler' driver.
WARNING - 2025-11-29 19:50:57 --> Session: Sessions is enabled, and one exists. Please don't $session->start();
INFO - 2025-11-29 19:51:00 --> Session: Class initialized using 'CodeIgniter\Session\Handlers\FileHandler' driver.
WARNING - 2025-11-29 19:51:00 --> Session: Sessions is enabled, and one exists. Please don't $session->start();
INFO - 2025-11-29 19:51:52 --> Session: Class initialized using 'CodeIgniter\Session\Handlers\FileHandler' driver.
WARNING - 2025-11-29 19:51:52 --> Session: Sessions is enabled, and one exists. Please don't $session->start();
INFO - 2025-11-29 19:51:53 --> Session: Class initialized using 'CodeIgniter\Session\Handlers\FileHandler' driver.
WARNING - 2025-11-29 19:51:53 --> Session: Sessions is enabled, and one exists. Please don't $session->start();
INFO - 2025-11-29 19:51:55 --> Session: Class initialized using 'CodeIgniter\Session\Handlers\FileHandler' driver.
WARNING - 2025-11-29 19:51:55 --> Session: Sessions is enabled, and one exists. Please don't $session->start();
INFO - 2025-11-29 19:53:54 --> Session: Class initialized using 'CodeIgniter\Session\Handlers\FileHandler' driver.
WARNING - 2025-11-29 19:53:54 --> Session: Sessions is enabled, and one exists. Please don't $session->start();
INFO - 2025-11-29 19:53:55 --> Session: Class initialized using 'CodeIgniter\Session\Handlers\FileHandler' driver.
WARNING - 2025-11-29 19:53:55 --> Session: Sessions is enabled, and one exists. Please don't $session->start();
INFO - 2025-11-29 19:53:58 --> Session: Class initialized using 'CodeIgniter\Session\Handlers\FileHandler' driver.
WARNING - 2025-11-29 19:53:58 --> Session: Sessions is enabled, and one exists. Please don't $session->start();
INFO - 2025-11-29 19:54:25 --> Session: Class initialized using 'CodeIgniter\Session\Handlers\FileHandler' driver.
WARNING - 2025-11-29 19:54:25 --> Session: Sessions is enabled, and one exists. Please don't $session->start();
INFO - 2025-11-29 19:54:27 --> Session: Class initialized using 'CodeIgniter\Session\Handlers\FileHandler' driver.
WARNING - 2025-11-29 19:54:27 --> Session: Sessions is enabled, and one exists. Please don't $session->start();
INFO - 2025-11-29 19:54:30 --> Session: Class initialized using 'CodeIgniter\Session\Handlers\FileHandler' driver.
WARNING - 2025-11-29 19:54:30 --> Session: Sessions is enabled, and one exists. Please don't $session->start();
INFO - 2025-11-29 19:55:32 --> Session: Class initialized using 'CodeIgniter\Session\Handlers\FileHandler' driver.
WARNING - 2025-11-29 19:55:32 --> Session: Sessions is enabled, and one exists. Please don't $session->start();
INFO - 2025-11-29 19:55:33 --> Session: Class initialized using 'CodeIgniter\Session\Handlers\FileHandler' driver.
WARNING - 2025-11-29 19:55:33 --> Session: Sessions is enabled, and one exists. Please don't $session->start();
INFO - 2025-11-29 19:55:35 --> Session: Class initialized using 'CodeIgniter\Session\Handlers\FileHandler' driver.
WARNING - 2025-11-29 19:55:35 --> Session: Sessions is enabled, and one exists. Please don't $session->start();
INFO - 2025-11-29 20:04:22 --> Session: Class initialized using 'CodeIgniter\Session\Handlers\FileHandler' driver.
WARNING - 2025-11-29 20:04:22 --> Session: Sessions is enabled, and one exists. Please don't $session->start();
INFO - 2025-11-29 20:04:23 --> Session: Class initialized using 'CodeIgniter\Session\Handlers\FileHandler' driver.
WARNING - 2025-11-29 20:04:23 --> Session: Sessions is enabled, and one exists. Please don't $session->start();
INFO - 2025-11-29 20:04:27 --> Session: Class initialized using 'CodeIgniter\Session\Handlers\FileHandler' driver.
WARNING - 2025-11-29 20:04:27 --> Session: Sessions is enabled, and one exists. Please don't $session->start();
INFO - 2025-11-29 20:05:28 --> Session: Class initialized using 'CodeIgniter\Session\Handlers\FileHandler' driver.
WARNING - 2025-11-29 20:05:28 --> Session: Sessions is enabled, and one exists. Please don't $session->start();
INFO - 2025-11-29 20:05:37 --> Session: Class initialized using 'CodeIgniter\Session\Handlers\FileHandler' driver.
WARNING - 2025-11-29 20:05:37 --> Session: Sessions is enabled, and one exists. Please don't $session->start();
