INFO - 2025-05-15 21:12:05 --> Session: Class initialized using 'CodeIgniter\Session\Handlers\FileHandler' driver.
WARNING - 2025-05-15 21:12:05 --> Session: Sessions is enabled, and one exists. Please don't $session->start();
INFO - 2025-05-15 21:12:07 --> Session: Class initialized using 'CodeIgniter\Session\Handlers\FileHandler' driver.
WARNING - 2025-05-15 21:12:07 --> Session: Sessions is enabled, and one exists. Please don't $session->start();
WARNING - 2025-05-15 21:12:07 --> [DEPRECATED] Optional parameter $game_name declared before required parameter $game_id is implicitly treated as a required parameter in APPPATH\Models\User_m.php on line 305.
 1 FCPATH\vendor\composer\ClassLoader.php(576): include('C:\\laragon\\www\\pro1\\vendor\\codeigniter4\\framework\\system\\Debug\\Exceptions.php')
 2 FCPATH\vendor\composer\ClassLoader.php(427): Composer\Autoload\{closure}('C:\\laragon\\www\\pro1\\vendor\\composer/../../app/Models/User_m.php')
 3 APPPATH\Controllers\User_c.php(36): Composer\Autoload\ClassLoader->loadClass('App\\Models\\User_m')
 4 SYSTEMPATH\CodeIgniter.php(903): App\Controllers\User_c->__construct()
 5 SYSTEMPATH\CodeIgniter.php(500): CodeIgniter\CodeIgniter->createController()
 6 SYSTEMPATH\CodeIgniter.php(355): CodeIgniter\CodeIgniter->handleRequest(null, Object(Config\Cache), false)
 7 SYSTEMPATH\Boot.php(325): CodeIgniter\CodeIgniter->run()
 8 SYSTEMPATH\Boot.php(67): CodeIgniter\Boot::runCodeIgniter(Object(CodeIgniter\CodeIgniter))
 9 FCPATH\index.php(57): CodeIgniter\Boot::bootWeb(Object(Config\Paths))
INFO - 2025-05-15 21:31:17 --> Session: Class initialized using 'CodeIgniter\Session\Handlers\FileHandler' driver.
WARNING - 2025-05-15 21:31:17 --> Session: Sessions is enabled, and one exists. Please don't $session->start();
INFO - 2025-05-15 21:31:17 --> Session: Class initialized using 'CodeIgniter\Session\Handlers\FileHandler' driver.
WARNING - 2025-05-15 21:31:17 --> Session: Sessions is enabled, and one exists. Please don't $session->start();
WARNING - 2025-05-15 21:31:17 --> [DEPRECATED] Optional parameter $game_name declared before required parameter $game_id is implicitly treated as a required parameter in APPPATH\Models\User_m.php on line 305.
 1 FCPATH\vendor\composer\ClassLoader.php(576): include('C:\\laragon\\www\\pro1\\vendor\\codeigniter4\\framework\\system\\Debug\\Exceptions.php')
 2 FCPATH\vendor\composer\ClassLoader.php(427): Composer\Autoload\{closure}('C:\\laragon\\www\\pro1\\vendor\\composer/../../app/Models/User_m.php')
 3 APPPATH\Controllers\User_c.php(36): Composer\Autoload\ClassLoader->loadClass('App\\Models\\User_m')
 4 SYSTEMPATH\CodeIgniter.php(903): App\Controllers\User_c->__construct()
 5 SYSTEMPATH\CodeIgniter.php(500): CodeIgniter\CodeIgniter->createController()
 6 SYSTEMPATH\CodeIgniter.php(355): CodeIgniter\CodeIgniter->handleRequest(null, Object(Config\Cache), false)
 7 SYSTEMPATH\Boot.php(325): CodeIgniter\CodeIgniter->run()
 8 SYSTEMPATH\Boot.php(67): CodeIgniter\Boot::runCodeIgniter(Object(CodeIgniter\CodeIgniter))
 9 FCPATH\index.php(57): CodeIgniter\Boot::bootWeb(Object(Config\Paths))
