INFO - 2025-08-06 22:17:50 --> Session: Class initialized using 'CodeIgniter\Session\Handlers\FileHandler' driver.
WARNING - 2025-08-06 22:17:50 --> Session: Sessions is enabled, and one exists. Please don't $session->start();
INFO - 2025-08-06 22:17:51 --> Session: Class initialized using 'CodeIgniter\Session\Handlers\FileHandler' driver.
WARNING - 2025-08-06 22:17:51 --> Session: Sessions is enabled, and one exists. Please don't $session->start();
INFO - 2025-08-06 22:17:54 --> Session: Class initialized using 'CodeIgniter\Session\Handlers\FileHandler' driver.
WARNING - 2025-08-06 22:17:54 --> Session: Sessions is enabled, and one exists. Please don't $session->start();
CRITICAL - 2025-08-06 22:17:54 --> Error: Call to undefined function App\Controllers\curl_init()
[Method: POST, Route: topup-online]
in APPPATH\Controllers\User_c.php on line 915.
 1 SYSTEMPATH\CodeIgniter.php(933): App\Controllers\User_c->topup_online()
 2 SYSTEMPATH\CodeIgniter.php(509): CodeIgniter\CodeIgniter->runController(Object(App\Controllers\User_c))
 3 SYSTEMPATH\CodeIgniter.php(355): CodeIgniter\CodeIgniter->handleRequest(null, Object(Config\Cache), false)
 4 SYSTEMPATH\Boot.php(325): CodeIgniter\CodeIgniter->run()
 5 SYSTEMPATH\Boot.php(67): CodeIgniter\Boot::runCodeIgniter(Object(CodeIgniter\CodeIgniter))
 6 FCPATH\index.php(57): CodeIgniter\Boot::bootWeb(Object(Config\Paths))
INFO - 2025-08-06 22:18:07 --> Session: Class initialized using 'CodeIgniter\Session\Handlers\FileHandler' driver.
WARNING - 2025-08-06 22:18:07 --> Session: Sessions is enabled, and one exists. Please don't $session->start();
INFO - 2025-08-06 22:18:07 --> Session: Class initialized using 'CodeIgniter\Session\Handlers\FileHandler' driver.
WARNING - 2025-08-06 22:18:07 --> Session: Sessions is enabled, and one exists. Please don't $session->start();
INFO - 2025-08-06 22:18:10 --> Session: Class initialized using 'CodeIgniter\Session\Handlers\FileHandler' driver.
WARNING - 2025-08-06 22:18:10 --> Session: Sessions is enabled, and one exists. Please don't $session->start();
CRITICAL - 2025-08-06 22:18:10 --> Error: Call to undefined function App\Controllers\curl_init()
[Method: POST, Route: topup-online]
in APPPATH\Controllers\User_c.php on line 915.
 1 SYSTEMPATH\CodeIgniter.php(933): App\Controllers\User_c->topup_online()
 2 SYSTEMPATH\CodeIgniter.php(509): CodeIgniter\CodeIgniter->runController(Object(App\Controllers\User_c))
 3 SYSTEMPATH\CodeIgniter.php(355): CodeIgniter\CodeIgniter->handleRequest(null, Object(Config\Cache), false)
 4 SYSTEMPATH\Boot.php(325): CodeIgniter\CodeIgniter->run()
 5 SYSTEMPATH\Boot.php(67): CodeIgniter\Boot::runCodeIgniter(Object(CodeIgniter\CodeIgniter))
 6 FCPATH\index.php(57): CodeIgniter\Boot::bootWeb(Object(Config\Paths))
CRITICAL - 2025-08-06 16:52:06 --> Error: Class "Locale" not found
[Method: POST, Route: topup-online]
in SYSTEMPATH\CodeIgniter.php on line 190.
 1 SYSTEMPATH\Boot.php(312): CodeIgniter\CodeIgniter->initialize()
 2 SYSTEMPATH\Boot.php(66): CodeIgniter\Boot::initializeCodeIgniter()
 3 FCPATH\index.php(57): CodeIgniter\Boot::bootWeb(Object(Config\Paths))
CRITICAL - 2025-08-06 16:52:06 --> ErrorException: Uncaught Error: Class "Locale" not found in C:\laragon\www\pro1\vendor\codeigniter4\framework\system\Helpers\number_helper.php:140
Stack trace:
#0 C:\laragon\www\pro1\vendor\codeigniter4\framework\system\Helpers\number_helper.php(58): format_number(6.0, 2, NULL, Array)
#1 C:\laragon\www\pro1\vendor\codeigniter4\framework\system\Debug\BaseExceptionHandler.php(154): number_to_size(6.0, 2)
#2 C:\laragon\www\pro1\app\Views\errors\html\error_exception.php(409): CodeIgniter\Debug\BaseExceptionHandler::describeMemory(6291456)
#3 C:\laragon\www\pro1\vendor\codeigniter4\framework\system\Debug\BaseExceptionHandler.php(266): include('C:\\laragon\\www\\...')
#4 C:\laragon\www\pro1\vendor\codeigniter4\framework\system\Debug\BaseExceptionHandler.php(269): CodeIgniter\Debug\BaseExceptionHandler->CodeIgniter\Debug\{closure}()
#5 C:\laragon\www\pro1\vendor\codeigniter4\framework\system\Debug\ExceptionHandler.php(114): CodeIgniter\Debug\BaseExceptionHandler->render(Object(Error), 500, 'C:\\laragon\\www\\...')
#6 C:\laragon\www\pro1\vendor\codeigniter4\framework\system\Debug\Exceptions.php(163): CodeIgniter\Debug\ExceptionHandler->handle(Object(Error), Object(CodeIgniter\HTTP\IncomingRequest), Object(CodeIgniter\HTTP\Response), 500, 1)
#7 [internal function]: CodeIgniter\Debug\Exceptions->exceptionHandler(Object(Error))
#8 {main}
  thrown
【Previous Exception】
Error
Class "Locale" not found
#0 C:\laragon\www\pro1\vendor\codeigniter4\framework\system\Boot.php(312): CodeIgniter\CodeIgniter->initialize()
#1 C:\laragon\www\pro1\vendor\codeigniter4\framework\system\Boot.php(66): CodeIgniter\Boot::initializeCodeIgniter()
#2 C:\laragon\www\pro1\index.php(57): CodeIgniter\Boot::bootWeb(Object(Config\Paths))
#3 {main}
[Method: POST, Route: topup-online]
in SYSTEMPATH\Helpers\number_helper.php on line 140.
 1 [internal function]: CodeIgniter\Debug\Exceptions->shutdownHandler()
CRITICAL - 2025-08-06 16:52:12 --> Error: Class "Locale" not found
[Method: GET, Route: topup-online]
in SYSTEMPATH\CodeIgniter.php on line 190.
 1 SYSTEMPATH\Boot.php(312): CodeIgniter\CodeIgniter->initialize()
 2 SYSTEMPATH\Boot.php(66): CodeIgniter\Boot::initializeCodeIgniter()
 3 FCPATH\index.php(57): CodeIgniter\Boot::bootWeb(Object(Config\Paths))
CRITICAL - 2025-08-06 16:52:12 --> ErrorException: Uncaught Error: Class "Locale" not found in C:\laragon\www\pro1\vendor\codeigniter4\framework\system\Helpers\number_helper.php:140
Stack trace:
#0 C:\laragon\www\pro1\vendor\codeigniter4\framework\system\Helpers\number_helper.php(58): format_number(6.0, 2, NULL, Array)
#1 C:\laragon\www\pro1\vendor\codeigniter4\framework\system\Debug\BaseExceptionHandler.php(154): number_to_size(6.0, 2)
#2 C:\laragon\www\pro1\app\Views\errors\html\error_exception.php(409): CodeIgniter\Debug\BaseExceptionHandler::describeMemory(6291456)
#3 C:\laragon\www\pro1\vendor\codeigniter4\framework\system\Debug\BaseExceptionHandler.php(266): include('C:\\laragon\\www\\...')
#4 C:\laragon\www\pro1\vendor\codeigniter4\framework\system\Debug\BaseExceptionHandler.php(269): CodeIgniter\Debug\BaseExceptionHandler->CodeIgniter\Debug\{closure}()
#5 C:\laragon\www\pro1\vendor\codeigniter4\framework\system\Debug\ExceptionHandler.php(114): CodeIgniter\Debug\BaseExceptionHandler->render(Object(Error), 500, 'C:\\laragon\\www\\...')
#6 C:\laragon\www\pro1\vendor\codeigniter4\framework\system\Debug\Exceptions.php(163): CodeIgniter\Debug\ExceptionHandler->handle(Object(Error), Object(CodeIgniter\HTTP\IncomingRequest), Object(CodeIgniter\HTTP\Response), 500, 1)
#7 [internal function]: CodeIgniter\Debug\Exceptions->exceptionHandler(Object(Error))
#8 {main}
  thrown
【Previous Exception】
Error
Class "Locale" not found
#0 C:\laragon\www\pro1\vendor\codeigniter4\framework\system\Boot.php(312): CodeIgniter\CodeIgniter->initialize()
#1 C:\laragon\www\pro1\vendor\codeigniter4\framework\system\Boot.php(66): CodeIgniter\Boot::initializeCodeIgniter()
#2 C:\laragon\www\pro1\index.php(57): CodeIgniter\Boot::bootWeb(Object(Config\Paths))
#3 {main}
[Method: GET, Route: topup-online]
in SYSTEMPATH\Helpers\number_helper.php on line 140.
 1 [internal function]: CodeIgniter\Debug\Exceptions->shutdownHandler()
CRITICAL - 2025-08-06 16:52:17 --> Error: Class "Locale" not found
[Method: GET, Route: topup-online]
in SYSTEMPATH\CodeIgniter.php on line 190.
 1 SYSTEMPATH\Boot.php(312): CodeIgniter\CodeIgniter->initialize()
 2 SYSTEMPATH\Boot.php(66): CodeIgniter\Boot::initializeCodeIgniter()
 3 FCPATH\index.php(57): CodeIgniter\Boot::bootWeb(Object(Config\Paths))
CRITICAL - 2025-08-06 16:52:17 --> ErrorException: Uncaught Error: Class "Locale" not found in C:\laragon\www\pro1\vendor\codeigniter4\framework\system\Helpers\number_helper.php:140
Stack trace:
#0 C:\laragon\www\pro1\vendor\codeigniter4\framework\system\Helpers\number_helper.php(58): format_number(6.0, 2, NULL, Array)
#1 C:\laragon\www\pro1\vendor\codeigniter4\framework\system\Debug\BaseExceptionHandler.php(154): number_to_size(6.0, 2)
#2 C:\laragon\www\pro1\app\Views\errors\html\error_exception.php(409): CodeIgniter\Debug\BaseExceptionHandler::describeMemory(6291456)
#3 C:\laragon\www\pro1\vendor\codeigniter4\framework\system\Debug\BaseExceptionHandler.php(266): include('C:\\laragon\\www\\...')
#4 C:\laragon\www\pro1\vendor\codeigniter4\framework\system\Debug\BaseExceptionHandler.php(269): CodeIgniter\Debug\BaseExceptionHandler->CodeIgniter\Debug\{closure}()
#5 C:\laragon\www\pro1\vendor\codeigniter4\framework\system\Debug\ExceptionHandler.php(114): CodeIgniter\Debug\BaseExceptionHandler->render(Object(Error), 500, 'C:\\laragon\\www\\...')
#6 C:\laragon\www\pro1\vendor\codeigniter4\framework\system\Debug\Exceptions.php(163): CodeIgniter\Debug\ExceptionHandler->handle(Object(Error), Object(CodeIgniter\HTTP\IncomingRequest), Object(CodeIgniter\HTTP\Response), 500, 1)
#7 [internal function]: CodeIgniter\Debug\Exceptions->exceptionHandler(Object(Error))
#8 {main}
  thrown
【Previous Exception】
Error
Class "Locale" not found
#0 C:\laragon\www\pro1\vendor\codeigniter4\framework\system\Boot.php(312): CodeIgniter\CodeIgniter->initialize()
#1 C:\laragon\www\pro1\vendor\codeigniter4\framework\system\Boot.php(66): CodeIgniter\Boot::initializeCodeIgniter()
#2 C:\laragon\www\pro1\index.php(57): CodeIgniter\Boot::bootWeb(Object(Config\Paths))
#3 {main}
[Method: GET, Route: topup-online]
in SYSTEMPATH\Helpers\number_helper.php on line 140.
 1 [internal function]: CodeIgniter\Debug\Exceptions->shutdownHandler()
CRITICAL - 2025-08-06 16:52:19 --> Error: Class "Locale" not found
[Method: GET, Route: /]
in SYSTEMPATH\CodeIgniter.php on line 190.
 1 SYSTEMPATH\Boot.php(312): CodeIgniter\CodeIgniter->initialize()
 2 SYSTEMPATH\Boot.php(66): CodeIgniter\Boot::initializeCodeIgniter()
 3 FCPATH\index.php(57): CodeIgniter\Boot::bootWeb(Object(Config\Paths))
CRITICAL - 2025-08-06 16:52:19 --> ErrorException: Uncaught Error: Class "Locale" not found in C:\laragon\www\pro1\vendor\codeigniter4\framework\system\Helpers\number_helper.php:140
Stack trace:
#0 C:\laragon\www\pro1\vendor\codeigniter4\framework\system\Helpers\number_helper.php(58): format_number(6.0, 2, NULL, Array)
#1 C:\laragon\www\pro1\vendor\codeigniter4\framework\system\Debug\BaseExceptionHandler.php(154): number_to_size(6.0, 2)
#2 C:\laragon\www\pro1\app\Views\errors\html\error_exception.php(409): CodeIgniter\Debug\BaseExceptionHandler::describeMemory(6291456)
#3 C:\laragon\www\pro1\vendor\codeigniter4\framework\system\Debug\BaseExceptionHandler.php(266): include('C:\\laragon\\www\\...')
#4 C:\laragon\www\pro1\vendor\codeigniter4\framework\system\Debug\BaseExceptionHandler.php(269): CodeIgniter\Debug\BaseExceptionHandler->CodeIgniter\Debug\{closure}()
#5 C:\laragon\www\pro1\vendor\codeigniter4\framework\system\Debug\ExceptionHandler.php(114): CodeIgniter\Debug\BaseExceptionHandler->render(Object(Error), 500, 'C:\\laragon\\www\\...')
#6 C:\laragon\www\pro1\vendor\codeigniter4\framework\system\Debug\Exceptions.php(163): CodeIgniter\Debug\ExceptionHandler->handle(Object(Error), Object(CodeIgniter\HTTP\IncomingRequest), Object(CodeIgniter\HTTP\Response), 500, 1)
#7 [internal function]: CodeIgniter\Debug\Exceptions->exceptionHandler(Object(Error))
#8 {main}
  thrown
【Previous Exception】
Error
Class "Locale" not found
#0 C:\laragon\www\pro1\vendor\codeigniter4\framework\system\Boot.php(312): CodeIgniter\CodeIgniter->initialize()
#1 C:\laragon\www\pro1\vendor\codeigniter4\framework\system\Boot.php(66): CodeIgniter\Boot::initializeCodeIgniter()
#2 C:\laragon\www\pro1\index.php(57): CodeIgniter\Boot::bootWeb(Object(Config\Paths))
#3 {main}
[Method: GET, Route: /]
in SYSTEMPATH\Helpers\number_helper.php on line 140.
 1 [internal function]: CodeIgniter\Debug\Exceptions->shutdownHandler()
CRITICAL - 2025-08-06 16:52:39 --> Error: Class "Locale" not found
[Method: GET, Route: /]
in SYSTEMPATH\CodeIgniter.php on line 190.
 1 SYSTEMPATH\Boot.php(312): CodeIgniter\CodeIgniter->initialize()
 2 SYSTEMPATH\Boot.php(66): CodeIgniter\Boot::initializeCodeIgniter()
 3 FCPATH\index.php(57): CodeIgniter\Boot::bootWeb(Object(Config\Paths))
CRITICAL - 2025-08-06 16:52:39 --> ErrorException: Uncaught Error: Class "Locale" not found in C:\laragon\www\pro1\vendor\codeigniter4\framework\system\Helpers\number_helper.php:140
Stack trace:
#0 C:\laragon\www\pro1\vendor\codeigniter4\framework\system\Helpers\number_helper.php(58): format_number(6.0, 2, NULL, Array)
#1 C:\laragon\www\pro1\vendor\codeigniter4\framework\system\Debug\BaseExceptionHandler.php(154): number_to_size(6.0, 2)
#2 C:\laragon\www\pro1\app\Views\errors\html\error_exception.php(409): CodeIgniter\Debug\BaseExceptionHandler::describeMemory(6291456)
#3 C:\laragon\www\pro1\vendor\codeigniter4\framework\system\Debug\BaseExceptionHandler.php(266): include('C:\\laragon\\www\\...')
#4 C:\laragon\www\pro1\vendor\codeigniter4\framework\system\Debug\BaseExceptionHandler.php(269): CodeIgniter\Debug\BaseExceptionHandler->CodeIgniter\Debug\{closure}()
#5 C:\laragon\www\pro1\vendor\codeigniter4\framework\system\Debug\ExceptionHandler.php(114): CodeIgniter\Debug\BaseExceptionHandler->render(Object(Error), 500, 'C:\\laragon\\www\\...')
#6 C:\laragon\www\pro1\vendor\codeigniter4\framework\system\Debug\Exceptions.php(163): CodeIgniter\Debug\ExceptionHandler->handle(Object(Error), Object(CodeIgniter\HTTP\IncomingRequest), Object(CodeIgniter\HTTP\Response), 500, 1)
#7 [internal function]: CodeIgniter\Debug\Exceptions->exceptionHandler(Object(Error))
#8 {main}
  thrown
【Previous Exception】
Error
Class "Locale" not found
#0 C:\laragon\www\pro1\vendor\codeigniter4\framework\system\Boot.php(312): CodeIgniter\CodeIgniter->initialize()
#1 C:\laragon\www\pro1\vendor\codeigniter4\framework\system\Boot.php(66): CodeIgniter\Boot::initializeCodeIgniter()
#2 C:\laragon\www\pro1\index.php(57): CodeIgniter\Boot::bootWeb(Object(Config\Paths))
#3 {main}
[Method: GET, Route: /]
in SYSTEMPATH\Helpers\number_helper.php on line 140.
 1 [internal function]: CodeIgniter\Debug\Exceptions->shutdownHandler()
INFO - 2025-08-06 22:23:17 --> Session: Class initialized using 'CodeIgniter\Session\Handlers\FileHandler' driver.
WARNING - 2025-08-06 22:23:17 --> Session: Sessions is enabled, and one exists. Please don't $session->start();
INFO - 2025-08-06 22:23:24 --> Session: Class initialized using 'CodeIgniter\Session\Handlers\FileHandler' driver.
WARNING - 2025-08-06 22:23:24 --> Session: Sessions is enabled, and one exists. Please don't $session->start();
INFO - 2025-08-06 22:23:26 --> Session: Class initialized using 'CodeIgniter\Session\Handlers\FileHandler' driver.
WARNING - 2025-08-06 22:23:26 --> Session: Sessions is enabled, and one exists. Please don't $session->start();
INFO - 2025-08-06 22:23:31 --> Session: Class initialized using 'CodeIgniter\Session\Handlers\FileHandler' driver.
WARNING - 2025-08-06 22:23:31 --> Session: Sessions is enabled, and one exists. Please don't $session->start();
INFO - 2025-08-06 22:23:34 --> Session: Class initialized using 'CodeIgniter\Session\Handlers\FileHandler' driver.
WARNING - 2025-08-06 22:23:34 --> Session: Sessions is enabled, and one exists. Please don't $session->start();
INFO - 2025-08-06 22:23:45 --> Session: Class initialized using 'CodeIgniter\Session\Handlers\FileHandler' driver.
WARNING - 2025-08-06 22:23:45 --> Session: Sessions is enabled, and one exists. Please don't $session->start();
INFO - 2025-08-06 22:23:48 --> Session: Class initialized using 'CodeIgniter\Session\Handlers\FileHandler' driver.
WARNING - 2025-08-06 22:23:48 --> Session: Sessions is enabled, and one exists. Please don't $session->start();
INFO - 2025-08-06 22:24:21 --> Session: Class initialized using 'CodeIgniter\Session\Handlers\FileHandler' driver.
WARNING - 2025-08-06 22:24:21 --> Session: Sessions is enabled, and one exists. Please don't $session->start();
INFO - 2025-08-06 22:24:21 --> Session: Class initialized using 'CodeIgniter\Session\Handlers\FileHandler' driver.
WARNING - 2025-08-06 22:24:21 --> Session: Sessions is enabled, and one exists. Please don't $session->start();
INFO - 2025-08-06 22:24:22 --> Session: Class initialized using 'CodeIgniter\Session\Handlers\FileHandler' driver.
WARNING - 2025-08-06 22:24:22 --> Session: Sessions is enabled, and one exists. Please don't $session->start();
INFO - 2025-08-06 22:24:22 --> Session: Class initialized using 'CodeIgniter\Session\Handlers\FileHandler' driver.
WARNING - 2025-08-06 22:24:22 --> Session: Sessions is enabled, and one exists. Please don't $session->start();
CRITICAL - 2025-08-06 22:24:22 --> ErrorException: Undefined array key "refMarket_id"
[Method: POST, Route: win-bid-commission-ajax-admin]
in APPPATH\Models\Admin_m.php on line 1948.
 1 APPPATH\Models\Admin_m.php(1948): CodeIgniter\Debug\Exceptions->errorHandler(2, 'Undefined array key "refMarket_id"', 'C:\\laragon\\www\\pro1\\app\\Models\\Admin_m.php', 1948)
 2 APPPATH\Controllers\Admin_c.php(100): App\Models\Admin_m->delhi_get_total_win_bid()
 3 SYSTEMPATH\CodeIgniter.php(933): App\Controllers\Admin_c->win_bid_commission_ajax()
 4 SYSTEMPATH\CodeIgniter.php(509): CodeIgniter\CodeIgniter->runController(Object(App\Controllers\Admin_c))
 5 SYSTEMPATH\CodeIgniter.php(355): CodeIgniter\CodeIgniter->handleRequest(null, Object(Config\Cache), false)
 6 SYSTEMPATH\Boot.php(325): CodeIgniter\CodeIgniter->run()
 7 SYSTEMPATH\Boot.php(67): CodeIgniter\Boot::runCodeIgniter(Object(CodeIgniter\CodeIgniter))
 8 FCPATH\index.php(57): CodeIgniter\Boot::bootWeb(Object(Config\Paths))
INFO - 2025-08-06 22:24:23 --> Session: Class initialized using 'CodeIgniter\Session\Handlers\FileHandler' driver.
WARNING - 2025-08-06 22:24:23 --> Session: Sessions is enabled, and one exists. Please don't $session->start();
INFO - 2025-08-06 22:24:23 --> Session: Class initialized using 'CodeIgniter\Session\Handlers\FileHandler' driver.
WARNING - 2025-08-06 22:24:23 --> Session: Sessions is enabled, and one exists. Please don't $session->start();
INFO - 2025-08-06 22:24:23 --> Session: Class initialized using 'CodeIgniter\Session\Handlers\FileHandler' driver.
WARNING - 2025-08-06 22:24:23 --> Session: Sessions is enabled, and one exists. Please don't $session->start();
INFO - 2025-08-06 22:24:32 --> Session: Class initialized using 'CodeIgniter\Session\Handlers\FileHandler' driver.
WARNING - 2025-08-06 22:24:32 --> Session: Sessions is enabled, and one exists. Please don't $session->start();
INFO - 2025-08-06 22:24:33 --> Session: Class initialized using 'CodeIgniter\Session\Handlers\FileHandler' driver.
WARNING - 2025-08-06 22:24:33 --> Session: Sessions is enabled, and one exists. Please don't $session->start();
INFO - 2025-08-06 22:24:35 --> Session: Class initialized using 'CodeIgniter\Session\Handlers\FileHandler' driver.
WARNING - 2025-08-06 22:24:35 --> Session: Sessions is enabled, and one exists. Please don't $session->start();
INFO - 2025-08-06 22:24:38 --> Session: Class initialized using 'CodeIgniter\Session\Handlers\FileHandler' driver.
WARNING - 2025-08-06 22:24:38 --> Session: Sessions is enabled, and one exists. Please don't $session->start();
INFO - 2025-08-06 22:24:39 --> Session: Class initialized using 'CodeIgniter\Session\Handlers\FileHandler' driver.
WARNING - 2025-08-06 22:24:39 --> Session: Sessions is enabled, and one exists. Please don't $session->start();
INFO - 2025-08-06 22:24:42 --> Session: Class initialized using 'CodeIgniter\Session\Handlers\FileHandler' driver.
WARNING - 2025-08-06 22:24:42 --> Session: Sessions is enabled, and one exists. Please don't $session->start();
INFO - 2025-08-06 22:24:43 --> Session: Class initialized using 'CodeIgniter\Session\Handlers\FileHandler' driver.
WARNING - 2025-08-06 22:24:43 --> Session: Sessions is enabled, and one exists. Please don't $session->start();
INFO - 2025-08-06 22:24:46 --> Session: Class initialized using 'CodeIgniter\Session\Handlers\FileHandler' driver.
WARNING - 2025-08-06 22:24:46 --> Session: Sessions is enabled, and one exists. Please don't $session->start();
INFO - 2025-08-06 22:24:46 --> Session: Class initialized using 'CodeIgniter\Session\Handlers\FileHandler' driver.
WARNING - 2025-08-06 22:24:46 --> Session: Sessions is enabled, and one exists. Please don't $session->start();
INFO - 2025-08-06 22:24:50 --> Session: Class initialized using 'CodeIgniter\Session\Handlers\FileHandler' driver.
WARNING - 2025-08-06 22:24:50 --> Session: Sessions is enabled, and one exists. Please don't $session->start();
INFO - 2025-08-06 22:24:52 --> Session: Class initialized using 'CodeIgniter\Session\Handlers\FileHandler' driver.
WARNING - 2025-08-06 22:24:52 --> Session: Sessions is enabled, and one exists. Please don't $session->start();
INFO - 2025-08-06 22:25:05 --> Session: Class initialized using 'CodeIgniter\Session\Handlers\FileHandler' driver.
WARNING - 2025-08-06 22:25:05 --> Session: Sessions is enabled, and one exists. Please don't $session->start();
ERROR - 2025-08-06 22:25:09 --> Error connecting to the database: mysqli_sql_exception: No connection could be made because the target machine actively refused it in C:\laragon\www\pro1\vendor\codeigniter4\framework\system\Database\MySQLi\Connection.php:187
Stack trace:
#0 C:\laragon\www\pro1\vendor\codeigniter4\framework\system\Database\MySQLi\Connection.php(187): mysqli->real_connect('localhost', 'root', '', 'pro1', 3306, '', 0)
#1 C:\laragon\www\pro1\vendor\codeigniter4\framework\system\Database\BaseConnection.php(421): CodeIgniter\Database\MySQLi\Connection->connect(false)
#2 C:\laragon\www\pro1\vendor\codeigniter4\framework\system\Database\BaseConnection.php(616): CodeIgniter\Database\BaseConnection->initialize()
#3 C:\laragon\www\pro1\vendor\codeigniter4\framework\system\Database\BaseBuilder.php(1644): CodeIgniter\Database\BaseConnection->query('SELECT *\nFROM `...', Array, false)
#4 C:\laragon\www\pro1\app\Models\User_m.php(22): CodeIgniter\Database\BaseBuilder->get()
#5 C:\laragon\www\pro1\app\Controllers\User_c.php(40): App\Models\User_m->get_user_info('1')
#6 C:\laragon\www\pro1\vendor\codeigniter4\framework\system\CodeIgniter.php(903): App\Controllers\User_c->__construct()
#7 C:\laragon\www\pro1\vendor\codeigniter4\framework\system\CodeIgniter.php(500): CodeIgniter\CodeIgniter->createController()
#8 C:\laragon\www\pro1\vendor\codeigniter4\framework\system\CodeIgniter.php(355): CodeIgniter\CodeIgniter->handleRequest(NULL, Object(Config\Cache), false)
#9 C:\laragon\www\pro1\vendor\codeigniter4\framework\system\Boot.php(325): CodeIgniter\CodeIgniter->run()
#10 C:\laragon\www\pro1\vendor\codeigniter4\framework\system\Boot.php(67): CodeIgniter\Boot::runCodeIgniter(Object(CodeIgniter\CodeIgniter))
#11 C:\laragon\www\pro1\index.php(57): CodeIgniter\Boot::bootWeb(Object(Config\Paths))
#12 {main}

Next CodeIgniter\Database\Exceptions\DatabaseException: No connection could be made because the target machine actively refused it in C:\laragon\www\pro1\vendor\codeigniter4\framework\system\Database\MySQLi\Connection.php:231
Stack trace:
#0 C:\laragon\www\pro1\vendor\codeigniter4\framework\system\Database\BaseConnection.php(421): CodeIgniter\Database\MySQLi\Connection->connect(false)
#1 C:\laragon\www\pro1\vendor\codeigniter4\framework\system\Database\BaseConnection.php(616): CodeIgniter\Database\BaseConnection->initialize()
#2 C:\laragon\www\pro1\vendor\codeigniter4\framework\system\Database\BaseBuilder.php(1644): CodeIgniter\Database\BaseConnection->query('SELECT *\nFROM `...', Array, false)
#3 C:\laragon\www\pro1\app\Models\User_m.php(22): CodeIgniter\Database\BaseBuilder->get()
#4 C:\laragon\www\pro1\app\Controllers\User_c.php(40): App\Models\User_m->get_user_info('1')
#5 C:\laragon\www\pro1\vendor\codeigniter4\framework\system\CodeIgniter.php(903): App\Controllers\User_c->__construct()
#6 C:\laragon\www\pro1\vendor\codeigniter4\framework\system\CodeIgniter.php(500): CodeIgniter\CodeIgniter->createController()
#7 C:\laragon\www\pro1\vendor\codeigniter4\framework\system\CodeIgniter.php(355): CodeIgniter\CodeIgniter->handleRequest(NULL, Object(Config\Cache), false)
#8 C:\laragon\www\pro1\vendor\codeigniter4\framework\system\Boot.php(325): CodeIgniter\CodeIgniter->run()
#9 C:\laragon\www\pro1\vendor\codeigniter4\framework\system\Boot.php(67): CodeIgniter\Boot::runCodeIgniter(Object(CodeIgniter\CodeIgniter))
#10 C:\laragon\www\pro1\index.php(57): CodeIgniter\Boot::bootWeb(Object(Config\Paths))
#11 {main}
CRITICAL - 2025-08-06 22:25:09 --> CodeIgniter\Database\Exceptions\DatabaseException: Unable to connect to the database.
Main connection [MySQLi]: No connection could be made because the target machine actively refused it
[Method: POST, Route: topup-online]
in SYSTEMPATH\Database\BaseConnection.php on line 467.
 1 SYSTEMPATH\Database\BaseConnection.php(616): CodeIgniter\Database\BaseConnection->initialize()
 2 SYSTEMPATH\Database\BaseBuilder.php(1644): CodeIgniter\Database\BaseConnection->query('SELECT *
FROM `users`
WHERE `id` = :id:', [...], false)
 3 APPPATH\Models\User_m.php(22): CodeIgniter\Database\BaseBuilder->get()
 4 APPPATH\Controllers\User_c.php(40): App\Models\User_m->get_user_info('1')
 5 SYSTEMPATH\CodeIgniter.php(903): App\Controllers\User_c->__construct()
 6 SYSTEMPATH\CodeIgniter.php(500): CodeIgniter\CodeIgniter->createController()
 7 SYSTEMPATH\CodeIgniter.php(355): CodeIgniter\CodeIgniter->handleRequest(null, Object(Config\Cache), false)
 8 SYSTEMPATH\Boot.php(325): CodeIgniter\CodeIgniter->run()
 9 SYSTEMPATH\Boot.php(67): CodeIgniter\Boot::runCodeIgniter(Object(CodeIgniter\CodeIgniter))
10 FCPATH\index.php(57): CodeIgniter\Boot::bootWeb(Object(Config\Paths))
INFO - 2025-08-06 22:25:27 --> Session: Class initialized using 'CodeIgniter\Session\Handlers\FileHandler' driver.
WARNING - 2025-08-06 22:25:27 --> Session: Sessions is enabled, and one exists. Please don't $session->start();
ERROR - 2025-08-06 22:25:31 --> Error connecting to the database: mysqli_sql_exception: No connection could be made because the target machine actively refused it in C:\laragon\www\pro1\vendor\codeigniter4\framework\system\Database\MySQLi\Connection.php:187
Stack trace:
#0 C:\laragon\www\pro1\vendor\codeigniter4\framework\system\Database\MySQLi\Connection.php(187): mysqli->real_connect('localhost', 'root', '', 'pro1', 3306, '', 0)
#1 C:\laragon\www\pro1\vendor\codeigniter4\framework\system\Database\BaseConnection.php(421): CodeIgniter\Database\MySQLi\Connection->connect(false)
#2 C:\laragon\www\pro1\vendor\codeigniter4\framework\system\Database\BaseConnection.php(616): CodeIgniter\Database\BaseConnection->initialize()
#3 C:\laragon\www\pro1\vendor\codeigniter4\framework\system\Database\BaseBuilder.php(1644): CodeIgniter\Database\BaseConnection->query('SELECT *\nFROM `...', Array, false)
#4 C:\laragon\www\pro1\app\Models\User_m.php(22): CodeIgniter\Database\BaseBuilder->get()
#5 C:\laragon\www\pro1\app\Controllers\User_c.php(40): App\Models\User_m->get_user_info('1')
#6 C:\laragon\www\pro1\vendor\codeigniter4\framework\system\CodeIgniter.php(903): App\Controllers\User_c->__construct()
#7 C:\laragon\www\pro1\vendor\codeigniter4\framework\system\CodeIgniter.php(500): CodeIgniter\CodeIgniter->createController()
#8 C:\laragon\www\pro1\vendor\codeigniter4\framework\system\CodeIgniter.php(355): CodeIgniter\CodeIgniter->handleRequest(NULL, Object(Config\Cache), false)
#9 C:\laragon\www\pro1\vendor\codeigniter4\framework\system\Boot.php(325): CodeIgniter\CodeIgniter->run()
#10 C:\laragon\www\pro1\vendor\codeigniter4\framework\system\Boot.php(67): CodeIgniter\Boot::runCodeIgniter(Object(CodeIgniter\CodeIgniter))
#11 C:\laragon\www\pro1\index.php(57): CodeIgniter\Boot::bootWeb(Object(Config\Paths))
#12 {main}

Next CodeIgniter\Database\Exceptions\DatabaseException: No connection could be made because the target machine actively refused it in C:\laragon\www\pro1\vendor\codeigniter4\framework\system\Database\MySQLi\Connection.php:231
Stack trace:
#0 C:\laragon\www\pro1\vendor\codeigniter4\framework\system\Database\BaseConnection.php(421): CodeIgniter\Database\MySQLi\Connection->connect(false)
#1 C:\laragon\www\pro1\vendor\codeigniter4\framework\system\Database\BaseConnection.php(616): CodeIgniter\Database\BaseConnection->initialize()
#2 C:\laragon\www\pro1\vendor\codeigniter4\framework\system\Database\BaseBuilder.php(1644): CodeIgniter\Database\BaseConnection->query('SELECT *\nFROM `...', Array, false)
#3 C:\laragon\www\pro1\app\Models\User_m.php(22): CodeIgniter\Database\BaseBuilder->get()
#4 C:\laragon\www\pro1\app\Controllers\User_c.php(40): App\Models\User_m->get_user_info('1')
#5 C:\laragon\www\pro1\vendor\codeigniter4\framework\system\CodeIgniter.php(903): App\Controllers\User_c->__construct()
#6 C:\laragon\www\pro1\vendor\codeigniter4\framework\system\CodeIgniter.php(500): CodeIgniter\CodeIgniter->createController()
#7 C:\laragon\www\pro1\vendor\codeigniter4\framework\system\CodeIgniter.php(355): CodeIgniter\CodeIgniter->handleRequest(NULL, Object(Config\Cache), false)
#8 C:\laragon\www\pro1\vendor\codeigniter4\framework\system\Boot.php(325): CodeIgniter\CodeIgniter->run()
#9 C:\laragon\www\pro1\vendor\codeigniter4\framework\system\Boot.php(67): CodeIgniter\Boot::runCodeIgniter(Object(CodeIgniter\CodeIgniter))
#10 C:\laragon\www\pro1\index.php(57): CodeIgniter\Boot::bootWeb(Object(Config\Paths))
#11 {main}
CRITICAL - 2025-08-06 22:25:31 --> CodeIgniter\Database\Exceptions\DatabaseException: Unable to connect to the database.
Main connection [MySQLi]: No connection could be made because the target machine actively refused it
[Method: POST, Route: topup-online]
in SYSTEMPATH\Database\BaseConnection.php on line 467.
 1 SYSTEMPATH\Database\BaseConnection.php(616): CodeIgniter\Database\BaseConnection->initialize()
 2 SYSTEMPATH\Database\BaseBuilder.php(1644): CodeIgniter\Database\BaseConnection->query('SELECT *
FROM `users`
WHERE `id` = :id:', [...], false)
 3 APPPATH\Models\User_m.php(22): CodeIgniter\Database\BaseBuilder->get()
 4 APPPATH\Controllers\User_c.php(40): App\Models\User_m->get_user_info('1')
 5 SYSTEMPATH\CodeIgniter.php(903): App\Controllers\User_c->__construct()
 6 SYSTEMPATH\CodeIgniter.php(500): CodeIgniter\CodeIgniter->createController()
 7 SYSTEMPATH\CodeIgniter.php(355): CodeIgniter\CodeIgniter->handleRequest(null, Object(Config\Cache), false)
 8 SYSTEMPATH\Boot.php(325): CodeIgniter\CodeIgniter->run()
 9 SYSTEMPATH\Boot.php(67): CodeIgniter\Boot::runCodeIgniter(Object(CodeIgniter\CodeIgniter))
10 FCPATH\index.php(57): CodeIgniter\Boot::bootWeb(Object(Config\Paths))
INFO - 2025-08-06 22:25:59 --> Session: Class initialized using 'CodeIgniter\Session\Handlers\FileHandler' driver.
WARNING - 2025-08-06 22:25:59 --> Session: Sessions is enabled, and one exists. Please don't $session->start();
INFO - 2025-08-06 22:26:00 --> Session: Class initialized using 'CodeIgniter\Session\Handlers\FileHandler' driver.
WARNING - 2025-08-06 22:26:00 --> Session: Sessions is enabled, and one exists. Please don't $session->start();
INFO - 2025-08-06 22:26:10 --> Session: Class initialized using 'CodeIgniter\Session\Handlers\FileHandler' driver.
WARNING - 2025-08-06 22:26:10 --> Session: Sessions is enabled, and one exists. Please don't $session->start();
INFO - 2025-08-06 22:26:11 --> Session: Class initialized using 'CodeIgniter\Session\Handlers\FileHandler' driver.
WARNING - 2025-08-06 22:26:11 --> Session: Sessions is enabled, and one exists. Please don't $session->start();
INFO - 2025-08-06 22:28:13 --> Session: Class initialized using 'CodeIgniter\Session\Handlers\FileHandler' driver.
WARNING - 2025-08-06 22:28:13 --> Session: Sessions is enabled, and one exists. Please don't $session->start();
INFO - 2025-08-06 22:28:13 --> Session: Class initialized using 'CodeIgniter\Session\Handlers\FileHandler' driver.
WARNING - 2025-08-06 22:28:13 --> Session: Sessions is enabled, and one exists. Please don't $session->start();
INFO - 2025-08-06 22:28:15 --> Session: Class initialized using 'CodeIgniter\Session\Handlers\FileHandler' driver.
WARNING - 2025-08-06 22:28:15 --> Session: Sessions is enabled, and one exists. Please don't $session->start();
INFO - 2025-08-06 22:28:18 --> Session: Class initialized using 'CodeIgniter\Session\Handlers\FileHandler' driver.
WARNING - 2025-08-06 22:28:18 --> Session: Sessions is enabled, and one exists. Please don't $session->start();
INFO - 2025-08-06 22:28:19 --> Session: Class initialized using 'CodeIgniter\Session\Handlers\FileHandler' driver.
WARNING - 2025-08-06 22:28:19 --> Session: Sessions is enabled, and one exists. Please don't $session->start();
INFO - 2025-08-06 22:28:19 --> Session: Class initialized using 'CodeIgniter\Session\Handlers\FileHandler' driver.
WARNING - 2025-08-06 22:28:19 --> Session: Sessions is enabled, and one exists. Please don't $session->start();
INFO - 2025-08-06 22:28:19 --> Session: Class initialized using 'CodeIgniter\Session\Handlers\FileHandler' driver.
WARNING - 2025-08-06 22:28:19 --> Session: Sessions is enabled, and one exists. Please don't $session->start();
INFO - 2025-08-06 22:28:19 --> Session: Class initialized using 'CodeIgniter\Session\Handlers\FileHandler' driver.
WARNING - 2025-08-06 22:28:19 --> Session: Sessions is enabled, and one exists. Please don't $session->start();
INFO - 2025-08-06 22:28:19 --> Session: Class initialized using 'CodeIgniter\Session\Handlers\FileHandler' driver.
WARNING - 2025-08-06 22:28:19 --> Session: Sessions is enabled, and one exists. Please don't $session->start();
CRITICAL - 2025-08-06 22:28:19 --> ErrorException: Undefined array key "refMarket_id"
[Method: POST, Route: win-bid-commission-ajax-admin]
in APPPATH\Models\Admin_m.php on line 1948.
 1 APPPATH\Models\Admin_m.php(1948): CodeIgniter\Debug\Exceptions->errorHandler(2, 'Undefined array key "refMarket_id"', 'C:\\laragon\\www\\pro1\\app\\Models\\Admin_m.php', 1948)
 2 APPPATH\Controllers\Admin_c.php(100): App\Models\Admin_m->delhi_get_total_win_bid()
 3 SYSTEMPATH\CodeIgniter.php(933): App\Controllers\Admin_c->win_bid_commission_ajax()
 4 SYSTEMPATH\CodeIgniter.php(509): CodeIgniter\CodeIgniter->runController(Object(App\Controllers\Admin_c))
 5 SYSTEMPATH\CodeIgniter.php(355): CodeIgniter\CodeIgniter->handleRequest(null, Object(Config\Cache), false)
 6 SYSTEMPATH\Boot.php(325): CodeIgniter\CodeIgniter->run()
 7 SYSTEMPATH\Boot.php(67): CodeIgniter\Boot::runCodeIgniter(Object(CodeIgniter\CodeIgniter))
 8 FCPATH\index.php(57): CodeIgniter\Boot::bootWeb(Object(Config\Paths))
INFO - 2025-08-06 22:28:19 --> Session: Class initialized using 'CodeIgniter\Session\Handlers\FileHandler' driver.
WARNING - 2025-08-06 22:28:19 --> Session: Sessions is enabled, and one exists. Please don't $session->start();
INFO - 2025-08-06 22:28:23 --> Session: Class initialized using 'CodeIgniter\Session\Handlers\FileHandler' driver.
WARNING - 2025-08-06 22:28:23 --> Session: Sessions is enabled, and one exists. Please don't $session->start();
INFO - 2025-08-06 22:28:25 --> Session: Class initialized using 'CodeIgniter\Session\Handlers\FileHandler' driver.
WARNING - 2025-08-06 22:28:25 --> Session: Sessions is enabled, and one exists. Please don't $session->start();
INFO - 2025-08-06 22:33:26 --> Session: Class initialized using 'CodeIgniter\Session\Handlers\FileHandler' driver.
WARNING - 2025-08-06 22:33:26 --> Session: Sessions is enabled, and one exists. Please don't $session->start();
INFO - 2025-08-06 22:34:48 --> Session: Class initialized using 'CodeIgniter\Session\Handlers\FileHandler' driver.
WARNING - 2025-08-06 22:34:48 --> Session: Sessions is enabled, and one exists. Please don't $session->start();
INFO - 2025-08-06 22:36:14 --> Session: Class initialized using 'CodeIgniter\Session\Handlers\FileHandler' driver.
WARNING - 2025-08-06 22:36:14 --> Session: Sessions is enabled, and one exists. Please don't $session->start();
INFO - 2025-08-06 22:36:29 --> Session: Class initialized using 'CodeIgniter\Session\Handlers\FileHandler' driver.
WARNING - 2025-08-06 22:36:29 --> Session: Sessions is enabled, and one exists. Please don't $session->start();
INFO - 2025-08-06 22:40:45 --> Session: Class initialized using 'CodeIgniter\Session\Handlers\FileHandler' driver.
WARNING - 2025-08-06 22:40:45 --> Session: Sessions is enabled, and one exists. Please don't $session->start();
CRITICAL - 2025-08-06 22:40:46 --> Error: Call to undefined function form_open()
[Method: GET, Route: user-share-app]
in APPPATH\Views\user\user_share_app.php on line 11.
 1 SYSTEMPATH\View\View.php(234): include()
 2 SYSTEMPATH\View\View.php(237): CodeIgniter\View\View->CodeIgniter\View\{closure}()
 3 SYSTEMPATH\Common.php(1171): CodeIgniter\View\View->render('user/user_share_app', [], true)
 4 APPPATH\Helpers\functions_helper.php(521): view('user/user_share_app', [...])
 5 APPPATH\Controllers\User_c.php(2353): load_view('user', 'user/user_share_app', [...])
 6 SYSTEMPATH\CodeIgniter.php(933): App\Controllers\User_c->user_share_app()
 7 SYSTEMPATH\CodeIgniter.php(509): CodeIgniter\CodeIgniter->runController(Object(App\Controllers\User_c))
 8 SYSTEMPATH\CodeIgniter.php(355): CodeIgniter\CodeIgniter->handleRequest(null, Object(Config\Cache), false)
 9 SYSTEMPATH\Boot.php(325): CodeIgniter\CodeIgniter->run()
10 SYSTEMPATH\Boot.php(67): CodeIgniter\Boot::runCodeIgniter(Object(CodeIgniter\CodeIgniter))
11 FCPATH\index.php(57): CodeIgniter\Boot::bootWeb(Object(Config\Paths))
INFO - 2025-08-06 22:41:02 --> Session: Class initialized using 'CodeIgniter\Session\Handlers\FileHandler' driver.
WARNING - 2025-08-06 22:41:02 --> Session: Sessions is enabled, and one exists. Please don't $session->start();
INFO - 2025-08-06 22:41:15 --> Session: Class initialized using 'CodeIgniter\Session\Handlers\FileHandler' driver.
WARNING - 2025-08-06 22:41:15 --> Session: Sessions is enabled, and one exists. Please don't $session->start();
INFO - 2025-08-06 22:41:18 --> Session: Class initialized using 'CodeIgniter\Session\Handlers\FileHandler' driver.
WARNING - 2025-08-06 22:41:18 --> Session: Sessions is enabled, and one exists. Please don't $session->start();
INFO - 2025-08-06 22:42:21 --> Session: Class initialized using 'CodeIgniter\Session\Handlers\FileHandler' driver.
WARNING - 2025-08-06 22:42:21 --> Session: Sessions is enabled, and one exists. Please don't $session->start();
INFO - 2025-08-06 22:42:28 --> Session: Class initialized using 'CodeIgniter\Session\Handlers\FileHandler' driver.
WARNING - 2025-08-06 22:42:28 --> Session: Sessions is enabled, and one exists. Please don't $session->start();
INFO - 2025-08-06 22:42:36 --> Session: Class initialized using 'CodeIgniter\Session\Handlers\FileHandler' driver.
WARNING - 2025-08-06 22:42:36 --> Session: Sessions is enabled, and one exists. Please don't $session->start();
INFO - 2025-08-06 22:42:42 --> Session: Class initialized using 'CodeIgniter\Session\Handlers\FileHandler' driver.
WARNING - 2025-08-06 22:42:42 --> Session: Sessions is enabled, and one exists. Please don't $session->start();
INFO - 2025-08-06 22:42:46 --> Session: Class initialized using 'CodeIgniter\Session\Handlers\FileHandler' driver.
WARNING - 2025-08-06 22:42:46 --> Session: Sessions is enabled, and one exists. Please don't $session->start();
INFO - 2025-08-06 22:43:35 --> Session: Class initialized using 'CodeIgniter\Session\Handlers\FileHandler' driver.
WARNING - 2025-08-06 22:43:35 --> Session: Sessions is enabled, and one exists. Please don't $session->start();
INFO - 2025-08-06 22:43:38 --> Session: Class initialized using 'CodeIgniter\Session\Handlers\FileHandler' driver.
WARNING - 2025-08-06 22:43:38 --> Session: Sessions is enabled, and one exists. Please don't $session->start();
INFO - 2025-08-06 22:44:09 --> Session: Class initialized using 'CodeIgniter\Session\Handlers\FileHandler' driver.
WARNING - 2025-08-06 22:44:09 --> Session: Sessions is enabled, and one exists. Please don't $session->start();
INFO - 2025-08-06 22:44:14 --> Session: Class initialized using 'CodeIgniter\Session\Handlers\FileHandler' driver.
WARNING - 2025-08-06 22:44:14 --> Session: Sessions is enabled, and one exists. Please don't $session->start();
INFO - 2025-08-06 22:44:19 --> Session: Class initialized using 'CodeIgniter\Session\Handlers\FileHandler' driver.
WARNING - 2025-08-06 22:44:19 --> Session: Sessions is enabled, and one exists. Please don't $session->start();
INFO - 2025-08-06 22:44:28 --> Session: Class initialized using 'CodeIgniter\Session\Handlers\FileHandler' driver.
WARNING - 2025-08-06 22:44:28 --> Session: Sessions is enabled, and one exists. Please don't $session->start();
INFO - 2025-08-06 22:45:03 --> Session: Class initialized using 'CodeIgniter\Session\Handlers\FileHandler' driver.
WARNING - 2025-08-06 22:45:03 --> Session: Sessions is enabled, and one exists. Please don't $session->start();
INFO - 2025-08-06 22:46:23 --> Session: Class initialized using 'CodeIgniter\Session\Handlers\FileHandler' driver.
WARNING - 2025-08-06 22:46:23 --> Session: Sessions is enabled, and one exists. Please don't $session->start();
INFO - 2025-08-06 22:46:35 --> Session: Class initialized using 'CodeIgniter\Session\Handlers\FileHandler' driver.
WARNING - 2025-08-06 22:46:35 --> Session: Sessions is enabled, and one exists. Please don't $session->start();
INFO - 2025-08-06 22:48:07 --> Session: Class initialized using 'CodeIgniter\Session\Handlers\FileHandler' driver.
WARNING - 2025-08-06 22:48:07 --> Session: Sessions is enabled, and one exists. Please don't $session->start();
INFO - 2025-08-06 22:50:13 --> Session: Class initialized using 'CodeIgniter\Session\Handlers\FileHandler' driver.
WARNING - 2025-08-06 22:50:13 --> Session: Sessions is enabled, and one exists. Please don't $session->start();
INFO - 2025-08-06 22:50:24 --> Session: Class initialized using 'CodeIgniter\Session\Handlers\FileHandler' driver.
WARNING - 2025-08-06 22:50:24 --> Session: Sessions is enabled, and one exists. Please don't $session->start();
INFO - 2025-08-06 22:50:47 --> Session: Class initialized using 'CodeIgniter\Session\Handlers\FileHandler' driver.
WARNING - 2025-08-06 22:50:47 --> Session: Sessions is enabled, and one exists. Please don't $session->start();
INFO - 2025-08-06 22:50:55 --> Session: Class initialized using 'CodeIgniter\Session\Handlers\FileHandler' driver.
WARNING - 2025-08-06 22:50:55 --> Session: Sessions is enabled, and one exists. Please don't $session->start();
INFO - 2025-08-06 22:51:10 --> Session: Class initialized using 'CodeIgniter\Session\Handlers\FileHandler' driver.
WARNING - 2025-08-06 22:51:10 --> Session: Sessions is enabled, and one exists. Please don't $session->start();
