INFO - 2025-08-29 20:38:22 --> Session: Class initialized using 'CodeIgniter\Session\Handlers\FileHandler' driver.
WARNING - 2025-08-29 20:38:22 --> Session: Sessions is enabled, and one exists. Please don't $session->start();
ERROR - 2025-08-29 20:38:23 --> mysqli_sql_exception: Unknown column 'u.user_id' in 'on clause' in C:\laragon\www\pro1\vendor\codeigniter4\framework\system\Database\MySQLi\Connection.php:312
Stack trace:
#0 C:\laragon\www\pro1\vendor\codeigniter4\framework\system\Database\MySQLi\Connection.php(312): mysqli->query('SELECT `u`.`nam...', 0)
#1 C:\laragon\www\pro1\vendor\codeigniter4\framework\system\Database\BaseConnection.php(734): CodeIgniter\Database\MySQLi\Connection->execute('SELECT `u`.`nam...')
#2 C:\laragon\www\pro1\vendor\codeigniter4\framework\system\Database\BaseConnection.php(648): CodeIgniter\Database\BaseConnection->simpleQuery('SELECT `u`.`nam...')
#3 C:\laragon\www\pro1\vendor\codeigniter4\framework\system\Database\BaseBuilder.php(1644): CodeIgniter\Database\BaseConnection->query('SELECT `u`.`nam...', Array, false)
#4 C:\laragon\www\pro1\app\Models\Admin_m.php(1425): CodeIgniter\Database\BaseBuilder->get()
#5 C:\laragon\www\pro1\app\Helpers\functions_helper.php(456): App\Models\Admin_m->get_maharashtra_aankdo(Array)
#6 C:\laragon\www\pro1\app\Controllers\Admin_c.php(4938): aget_result_common('227', '2025-08-29', '100', '110', '1', '2', '0')
#7 C:\laragon\www\pro1\vendor\codeigniter4\framework\system\CodeIgniter.php(933): App\Controllers\Admin_c->winner_history()
#8 C:\laragon\www\pro1\vendor\codeigniter4\framework\system\CodeIgniter.php(509): CodeIgniter\CodeIgniter->runController(Object(App\Controllers\Admin_c))
#9 C:\laragon\www\pro1\vendor\codeigniter4\framework\system\CodeIgniter.php(355): CodeIgniter\CodeIgniter->handleRequest(NULL, Object(Config\Cache), false)
#10 C:\laragon\www\pro1\vendor\codeigniter4\framework\system\Boot.php(325): CodeIgniter\CodeIgniter->run()
#11 C:\laragon\www\pro1\vendor\codeigniter4\framework\system\Boot.php(67): CodeIgniter\Boot::runCodeIgniter(Object(CodeIgniter\CodeIgniter))
#12 C:\laragon\www\pro1\index.php(57): CodeIgniter\Boot::bootWeb(Object(Config\Paths))
#13 {main}
CRITICAL - 2025-08-29 20:38:23 --> CodeIgniter\Database\Exceptions\DatabaseException: Unknown column 'u.user_id' in 'on clause'
[Method: POST, Route: admin-winner-history]
in SYSTEMPATH\Database\BaseConnection.php on line 688.
 1 SYSTEMPATH\Database\BaseBuilder.php(1644): CodeIgniter\Database\BaseConnection->query('SELECT `u`.`name`, `u`.`phone`
FROM `digit_entry` `d`
LEFT JOIN `users` `u` ON `u`.`user_id` = `d`.`refUser_id`
WHERE `d`.`digit_entry_num` = :d.digit_entry_num:
AND `d`.`digit_entry_type` = :d.digit_entry_type:
AND `d`.`digit_entry_date` = :d.digit_entry_date:
AND `d`.`refMarket_id` = :d.refMarket_id:
AND `d`.`slot_id` = :d.slot_id:', [...], false)
 2 APPPATH\Models\Admin_m.php(1425): CodeIgniter\Database\BaseBuilder->get()
 3 APPPATH\Helpers\functions_helper.php(456): App\Models\Admin_m->get_maharashtra_aankdo([...])
 4 APPPATH\Controllers\Admin_c.php(4938): aget_result_common('227', '2025-08-29', '100', '110', '1', '2', '0')
 5 SYSTEMPATH\CodeIgniter.php(933): App\Controllers\Admin_c->winner_history()
 6 SYSTEMPATH\CodeIgniter.php(509): CodeIgniter\CodeIgniter->runController(Object(App\Controllers\Admin_c))
 7 SYSTEMPATH\CodeIgniter.php(355): CodeIgniter\CodeIgniter->handleRequest(null, Object(Config\Cache), false)
 8 SYSTEMPATH\Boot.php(325): CodeIgniter\CodeIgniter->run()
 9 SYSTEMPATH\Boot.php(67): CodeIgniter\Boot::runCodeIgniter(Object(CodeIgniter\CodeIgniter))
10 FCPATH\index.php(57): CodeIgniter\Boot::bootWeb(Object(Config\Paths))
CRITICAL - 2025-08-29 20:38:23 --> [Caused by] CodeIgniter\Database\Exceptions\DatabaseException: Unknown column 'u.user_id' in 'on clause'
in SYSTEMPATH\Database\MySQLi\Connection.php on line 317.
 1 SYSTEMPATH\Database\BaseConnection.php(734): CodeIgniter\Database\MySQLi\Connection->execute('SELECT `u`.`name`, `u`.`phone`
FROM `digit_entry` `d`
LEFT JOIN `users` `u` ON `u`.`user_id` = `d`.`refUser_id`
WHERE `d`.`digit_entry_num` = \'1\'
AND `d`.`digit_entry_type` = \'OPEN\'
AND `d`.`digit_entry_date` = \'2025-08-29\'
AND `d`.`refMarket_id` = \'227\'
AND `d`.`slot_id` = \'0\'')
 2 SYSTEMPATH\Database\BaseConnection.php(648): CodeIgniter\Database\BaseConnection->simpleQuery('SELECT `u`.`name`, `u`.`phone`
FROM `digit_entry` `d`
LEFT JOIN `users` `u` ON `u`.`user_id` = `d`.`refUser_id`
WHERE `d`.`digit_entry_num` = \'1\'
AND `d`.`digit_entry_type` = \'OPEN\'
AND `d`.`digit_entry_date` = \'2025-08-29\'
AND `d`.`refMarket_id` = \'227\'
AND `d`.`slot_id` = \'0\'')
 3 SYSTEMPATH\Database\BaseBuilder.php(1644): CodeIgniter\Database\BaseConnection->query('SELECT `u`.`name`, `u`.`phone`
FROM `digit_entry` `d`
LEFT JOIN `users` `u` ON `u`.`user_id` = `d`.`refUser_id`
WHERE `d`.`digit_entry_num` = :d.digit_entry_num:
AND `d`.`digit_entry_type` = :d.digit_entry_type:
AND `d`.`digit_entry_date` = :d.digit_entry_date:
AND `d`.`refMarket_id` = :d.refMarket_id:
AND `d`.`slot_id` = :d.slot_id:', [...], false)
 4 APPPATH\Models\Admin_m.php(1425): CodeIgniter\Database\BaseBuilder->get()
 5 APPPATH\Helpers\functions_helper.php(456): App\Models\Admin_m->get_maharashtra_aankdo([...])
 6 APPPATH\Controllers\Admin_c.php(4938): aget_result_common('227', '2025-08-29', '100', '110', '1', '2', '0')
 7 SYSTEMPATH\CodeIgniter.php(933): App\Controllers\Admin_c->winner_history()
 8 SYSTEMPATH\CodeIgniter.php(509): CodeIgniter\CodeIgniter->runController(Object(App\Controllers\Admin_c))
 9 SYSTEMPATH\CodeIgniter.php(355): CodeIgniter\CodeIgniter->handleRequest(null, Object(Config\Cache), false)
10 SYSTEMPATH\Boot.php(325): CodeIgniter\CodeIgniter->run()
11 SYSTEMPATH\Boot.php(67): CodeIgniter\Boot::runCodeIgniter(Object(CodeIgniter\CodeIgniter))
12 FCPATH\index.php(57): CodeIgniter\Boot::bootWeb(Object(Config\Paths))
CRITICAL - 2025-08-29 20:38:23 --> [Caused by] mysqli_sql_exception: Unknown column 'u.user_id' in 'on clause'
in SYSTEMPATH\Database\MySQLi\Connection.php on line 312.
 1 SYSTEMPATH\Database\MySQLi\Connection.php(312): mysqli->query('SELECT `u`.`name`, `u`.`phone`
FROM `digit_entry` `d`
LEFT JOIN `users` `u` ON `u`.`user_id` = `d`.`refUser_id`
WHERE `d`.`digit_entry_num` = \'1\'
AND `d`.`digit_entry_type` = \'OPEN\'
AND `d`.`digit_entry_date` = \'2025-08-29\'
AND `d`.`refMarket_id` = \'227\'
AND `d`.`slot_id` = \'0\'', 0)
 2 SYSTEMPATH\Database\BaseConnection.php(734): CodeIgniter\Database\MySQLi\Connection->execute('SELECT `u`.`name`, `u`.`phone`
FROM `digit_entry` `d`
LEFT JOIN `users` `u` ON `u`.`user_id` = `d`.`refUser_id`
WHERE `d`.`digit_entry_num` = \'1\'
AND `d`.`digit_entry_type` = \'OPEN\'
AND `d`.`digit_entry_date` = \'2025-08-29\'
AND `d`.`refMarket_id` = \'227\'
AND `d`.`slot_id` = \'0\'')
 3 SYSTEMPATH\Database\BaseConnection.php(648): CodeIgniter\Database\BaseConnection->simpleQuery('SELECT `u`.`name`, `u`.`phone`
FROM `digit_entry` `d`
LEFT JOIN `users` `u` ON `u`.`user_id` = `d`.`refUser_id`
WHERE `d`.`digit_entry_num` = \'1\'
AND `d`.`digit_entry_type` = \'OPEN\'
AND `d`.`digit_entry_date` = \'2025-08-29\'
AND `d`.`refMarket_id` = \'227\'
AND `d`.`slot_id` = \'0\'')
 4 SYSTEMPATH\Database\BaseBuilder.php(1644): CodeIgniter\Database\BaseConnection->query('SELECT `u`.`name`, `u`.`phone`
FROM `digit_entry` `d`
LEFT JOIN `users` `u` ON `u`.`user_id` = `d`.`refUser_id`
WHERE `d`.`digit_entry_num` = :d.digit_entry_num:
AND `d`.`digit_entry_type` = :d.digit_entry_type:
AND `d`.`digit_entry_date` = :d.digit_entry_date:
AND `d`.`refMarket_id` = :d.refMarket_id:
AND `d`.`slot_id` = :d.slot_id:', [...], false)
 5 APPPATH\Models\Admin_m.php(1425): CodeIgniter\Database\BaseBuilder->get()
 6 APPPATH\Helpers\functions_helper.php(456): App\Models\Admin_m->get_maharashtra_aankdo([...])
 7 APPPATH\Controllers\Admin_c.php(4938): aget_result_common('227', '2025-08-29', '100', '110', '1', '2', '0')
 8 SYSTEMPATH\CodeIgniter.php(933): App\Controllers\Admin_c->winner_history()
 9 SYSTEMPATH\CodeIgniter.php(509): CodeIgniter\CodeIgniter->runController(Object(App\Controllers\Admin_c))
10 SYSTEMPATH\CodeIgniter.php(355): CodeIgniter\CodeIgniter->handleRequest(null, Object(Config\Cache), false)
11 SYSTEMPATH\Boot.php(325): CodeIgniter\CodeIgniter->run()
12 SYSTEMPATH\Boot.php(67): CodeIgniter\Boot::runCodeIgniter(Object(CodeIgniter\CodeIgniter))
13 FCPATH\index.php(57): CodeIgniter\Boot::bootWeb(Object(Config\Paths))
INFO - 2025-08-29 20:38:58 --> Session: Class initialized using 'CodeIgniter\Session\Handlers\FileHandler' driver.
WARNING - 2025-08-29 20:38:58 --> Session: Sessions is enabled, and one exists. Please don't $session->start();
CRITICAL - 2025-08-29 20:38:58 --> ErrorException: Undefined array key "name"
[Method: POST, Route: admin-winner-history]
in APPPATH\Controllers\Admin_c.php on line 4946.
 1 APPPATH\Controllers\Admin_c.php(4946): CodeIgniter\Debug\Exceptions->errorHandler(2, 'Undefined array key "name"', 'C:\\laragon\\www\\pro1\\app\\Controllers\\Admin_c.php', 4946)
 2 SYSTEMPATH\CodeIgniter.php(933): App\Controllers\Admin_c->winner_history()
 3 SYSTEMPATH\CodeIgniter.php(509): CodeIgniter\CodeIgniter->runController(Object(App\Controllers\Admin_c))
 4 SYSTEMPATH\CodeIgniter.php(355): CodeIgniter\CodeIgniter->handleRequest(null, Object(Config\Cache), false)
 5 SYSTEMPATH\Boot.php(325): CodeIgniter\CodeIgniter->run()
 6 SYSTEMPATH\Boot.php(67): CodeIgniter\Boot::runCodeIgniter(Object(CodeIgniter\CodeIgniter))
 7 FCPATH\index.php(57): CodeIgniter\Boot::bootWeb(Object(Config\Paths))
INFO - 2025-08-29 20:40:17 --> Session: Class initialized using 'CodeIgniter\Session\Handlers\FileHandler' driver.
WARNING - 2025-08-29 20:40:17 --> Session: Sessions is enabled, and one exists. Please don't $session->start();
INFO - 2025-08-29 20:41:39 --> Session: Class initialized using 'CodeIgniter\Session\Handlers\FileHandler' driver.
WARNING - 2025-08-29 20:41:39 --> Session: Sessions is enabled, and one exists. Please don't $session->start();
CRITICAL - 2025-08-29 20:41:39 --> ErrorException: Undefined array key "name"
[Method: POST, Route: admin-winner-history]
in APPPATH\Controllers\Admin_c.php on line 4946.
 1 APPPATH\Controllers\Admin_c.php(4946): CodeIgniter\Debug\Exceptions->errorHandler(2, 'Undefined array key "name"', 'C:\\laragon\\www\\pro1\\app\\Controllers\\Admin_c.php', 4946)
 2 SYSTEMPATH\CodeIgniter.php(933): App\Controllers\Admin_c->winner_history()
 3 SYSTEMPATH\CodeIgniter.php(509): CodeIgniter\CodeIgniter->runController(Object(App\Controllers\Admin_c))
 4 SYSTEMPATH\CodeIgniter.php(355): CodeIgniter\CodeIgniter->handleRequest(null, Object(Config\Cache), false)
 5 SYSTEMPATH\Boot.php(325): CodeIgniter\CodeIgniter->run()
 6 SYSTEMPATH\Boot.php(67): CodeIgniter\Boot::runCodeIgniter(Object(CodeIgniter\CodeIgniter))
 7 FCPATH\index.php(57): CodeIgniter\Boot::bootWeb(Object(Config\Paths))
INFO - 2025-08-29 20:42:06 --> Session: Class initialized using 'CodeIgniter\Session\Handlers\FileHandler' driver.
WARNING - 2025-08-29 20:42:06 --> Session: Sessions is enabled, and one exists. Please don't $session->start();
INFO - 2025-08-29 20:43:17 --> Session: Class initialized using 'CodeIgniter\Session\Handlers\FileHandler' driver.
WARNING - 2025-08-29 20:43:17 --> Session: Sessions is enabled, and one exists. Please don't $session->start();
INFO - 2025-08-29 20:43:48 --> Session: Class initialized using 'CodeIgniter\Session\Handlers\FileHandler' driver.
WARNING - 2025-08-29 20:43:48 --> Session: Sessions is enabled, and one exists. Please don't $session->start();
INFO - 2025-08-29 20:44:26 --> Session: Class initialized using 'CodeIgniter\Session\Handlers\FileHandler' driver.
WARNING - 2025-08-29 20:44:26 --> Session: Sessions is enabled, and one exists. Please don't $session->start();
INFO - 2025-08-29 20:46:16 --> Session: Class initialized using 'CodeIgniter\Session\Handlers\FileHandler' driver.
WARNING - 2025-08-29 20:46:16 --> Session: Sessions is enabled, and one exists. Please don't $session->start();
INFO - 2025-08-29 20:46:24 --> Session: Class initialized using 'CodeIgniter\Session\Handlers\FileHandler' driver.
WARNING - 2025-08-29 20:46:24 --> Session: Sessions is enabled, and one exists. Please don't $session->start();
INFO - 2025-08-29 20:46:25 --> Session: Class initialized using 'CodeIgniter\Session\Handlers\FileHandler' driver.
WARNING - 2025-08-29 20:46:25 --> Session: Sessions is enabled, and one exists. Please don't $session->start();
INFO - 2025-08-29 20:46:25 --> Session: Class initialized using 'CodeIgniter\Session\Handlers\FileHandler' driver.
WARNING - 2025-08-29 20:46:25 --> Session: Sessions is enabled, and one exists. Please don't $session->start();
INFO - 2025-08-29 20:46:28 --> Session: Class initialized using 'CodeIgniter\Session\Handlers\FileHandler' driver.
WARNING - 2025-08-29 20:46:28 --> Session: Sessions is enabled, and one exists. Please don't $session->start();
INFO - 2025-08-29 20:46:38 --> Session: Class initialized using 'CodeIgniter\Session\Handlers\FileHandler' driver.
WARNING - 2025-08-29 20:46:38 --> Session: Sessions is enabled, and one exists. Please don't $session->start();
INFO - 2025-08-29 20:46:47 --> Session: Class initialized using 'CodeIgniter\Session\Handlers\FileHandler' driver.
WARNING - 2025-08-29 20:46:47 --> Session: Sessions is enabled, and one exists. Please don't $session->start();
INFO - 2025-08-29 20:47:32 --> Session: Class initialized using 'CodeIgniter\Session\Handlers\FileHandler' driver.
WARNING - 2025-08-29 20:47:32 --> Session: Sessions is enabled, and one exists. Please don't $session->start();
CRITICAL - 2025-08-29 20:47:32 --> ErrorException: Undefined variable $html
[Method: POST, Route: admin-winner-history]
in APPPATH\Controllers\Admin_c.php on line 4965.
 1 APPPATH\Controllers\Admin_c.php(4965): CodeIgniter\Debug\Exceptions->errorHandler(2, 'Undefined variable $html', 'C:\\laragon\\www\\pro1\\app\\Controllers\\Admin_c.php', 4965)
 2 SYSTEMPATH\CodeIgniter.php(933): App\Controllers\Admin_c->winner_history()
 3 SYSTEMPATH\CodeIgniter.php(509): CodeIgniter\CodeIgniter->runController(Object(App\Controllers\Admin_c))
 4 SYSTEMPATH\CodeIgniter.php(355): CodeIgniter\CodeIgniter->handleRequest(null, Object(Config\Cache), false)
 5 SYSTEMPATH\Boot.php(325): CodeIgniter\CodeIgniter->run()
 6 SYSTEMPATH\Boot.php(67): CodeIgniter\Boot::runCodeIgniter(Object(CodeIgniter\CodeIgniter))
 7 FCPATH\index.php(57): CodeIgniter\Boot::bootWeb(Object(Config\Paths))
INFO - 2025-08-29 20:47:44 --> Session: Class initialized using 'CodeIgniter\Session\Handlers\FileHandler' driver.
WARNING - 2025-08-29 20:47:44 --> Session: Sessions is enabled, and one exists. Please don't $session->start();
INFO - 2025-08-29 20:48:57 --> Session: Class initialized using 'CodeIgniter\Session\Handlers\FileHandler' driver.
WARNING - 2025-08-29 20:48:57 --> Session: Sessions is enabled, and one exists. Please don't $session->start();
INFO - 2025-08-29 20:48:58 --> Session: Class initialized using 'CodeIgniter\Session\Handlers\FileHandler' driver.
WARNING - 2025-08-29 20:48:58 --> Session: Sessions is enabled, and one exists. Please don't $session->start();
INFO - 2025-08-29 20:48:58 --> Session: Class initialized using 'CodeIgniter\Session\Handlers\FileHandler' driver.
WARNING - 2025-08-29 20:48:58 --> Session: Sessions is enabled, and one exists. Please don't $session->start();
INFO - 2025-08-29 20:49:10 --> Session: Class initialized using 'CodeIgniter\Session\Handlers\FileHandler' driver.
WARNING - 2025-08-29 20:49:10 --> Session: Sessions is enabled, and one exists. Please don't $session->start();
INFO - 2025-08-29 20:49:56 --> Session: Class initialized using 'CodeIgniter\Session\Handlers\FileHandler' driver.
WARNING - 2025-08-29 20:49:56 --> Session: Sessions is enabled, and one exists. Please don't $session->start();
INFO - 2025-08-29 20:49:57 --> Session: Class initialized using 'CodeIgniter\Session\Handlers\FileHandler' driver.
WARNING - 2025-08-29 20:49:57 --> Session: Sessions is enabled, and one exists. Please don't $session->start();
INFO - 2025-08-29 20:49:57 --> Session: Class initialized using 'CodeIgniter\Session\Handlers\FileHandler' driver.
WARNING - 2025-08-29 20:49:57 --> Session: Sessions is enabled, and one exists. Please don't $session->start();
INFO - 2025-08-29 20:50:22 --> Session: Class initialized using 'CodeIgniter\Session\Handlers\FileHandler' driver.
WARNING - 2025-08-29 20:50:22 --> Session: Sessions is enabled, and one exists. Please don't $session->start();
CRITICAL - 2025-08-29 20:50:22 --> ErrorException: Undefined array key "aankdo_close"
[Method: POST, Route: admin-winner-history]
in APPPATH\Controllers\Admin_c.php on line 4929.
 1 APPPATH\Controllers\Admin_c.php(4929): CodeIgniter\Debug\Exceptions->errorHandler(2, 'Undefined array key "aankdo_close"', 'C:\\laragon\\www\\pro1\\app\\Controllers\\Admin_c.php', 4929)
 2 SYSTEMPATH\CodeIgniter.php(933): App\Controllers\Admin_c->winner_history()
 3 SYSTEMPATH\CodeIgniter.php(509): CodeIgniter\CodeIgniter->runController(Object(App\Controllers\Admin_c))
 4 SYSTEMPATH\CodeIgniter.php(355): CodeIgniter\CodeIgniter->handleRequest(null, Object(Config\Cache), false)
 5 SYSTEMPATH\Boot.php(325): CodeIgniter\CodeIgniter->run()
 6 SYSTEMPATH\Boot.php(67): CodeIgniter\Boot::runCodeIgniter(Object(CodeIgniter\CodeIgniter))
 7 FCPATH\index.php(57): CodeIgniter\Boot::bootWeb(Object(Config\Paths))
INFO - 2025-08-29 20:50:58 --> Session: Class initialized using 'CodeIgniter\Session\Handlers\FileHandler' driver.
WARNING - 2025-08-29 20:50:58 --> Session: Sessions is enabled, and one exists. Please don't $session->start();
INFO - 2025-08-29 20:50:59 --> Session: Class initialized using 'CodeIgniter\Session\Handlers\FileHandler' driver.
WARNING - 2025-08-29 20:50:59 --> Session: Sessions is enabled, and one exists. Please don't $session->start();
INFO - 2025-08-29 20:50:59 --> Session: Class initialized using 'CodeIgniter\Session\Handlers\FileHandler' driver.
WARNING - 2025-08-29 20:50:59 --> Session: Sessions is enabled, and one exists. Please don't $session->start();
INFO - 2025-08-29 20:51:06 --> Session: Class initialized using 'CodeIgniter\Session\Handlers\FileHandler' driver.
WARNING - 2025-08-29 20:51:06 --> Session: Sessions is enabled, and one exists. Please don't $session->start();
INFO - 2025-08-29 20:51:07 --> Session: Class initialized using 'CodeIgniter\Session\Handlers\FileHandler' driver.
WARNING - 2025-08-29 20:51:07 --> Session: Sessions is enabled, and one exists. Please don't $session->start();
INFO - 2025-08-29 20:51:07 --> Session: Class initialized using 'CodeIgniter\Session\Handlers\FileHandler' driver.
WARNING - 2025-08-29 20:51:07 --> Session: Sessions is enabled, and one exists. Please don't $session->start();
INFO - 2025-08-29 20:51:17 --> Session: Class initialized using 'CodeIgniter\Session\Handlers\FileHandler' driver.
WARNING - 2025-08-29 20:51:17 --> Session: Sessions is enabled, and one exists. Please don't $session->start();
INFO - 2025-08-29 20:51:34 --> Session: Class initialized using 'CodeIgniter\Session\Handlers\FileHandler' driver.
WARNING - 2025-08-29 20:51:34 --> Session: Sessions is enabled, and one exists. Please don't $session->start();
INFO - 2025-08-29 20:51:35 --> Session: Class initialized using 'CodeIgniter\Session\Handlers\FileHandler' driver.
WARNING - 2025-08-29 20:51:35 --> Session: Sessions is enabled, and one exists. Please don't $session->start();
INFO - 2025-08-29 20:51:35 --> Session: Class initialized using 'CodeIgniter\Session\Handlers\FileHandler' driver.
WARNING - 2025-08-29 20:51:35 --> Session: Sessions is enabled, and one exists. Please don't $session->start();
INFO - 2025-08-29 20:51:37 --> Session: Class initialized using 'CodeIgniter\Session\Handlers\FileHandler' driver.
WARNING - 2025-08-29 20:51:37 --> Session: Sessions is enabled, and one exists. Please don't $session->start();
INFO - 2025-08-29 20:51:37 --> Session: Class initialized using 'CodeIgniter\Session\Handlers\FileHandler' driver.
WARNING - 2025-08-29 20:51:37 --> Session: Sessions is enabled, and one exists. Please don't $session->start();
INFO - 2025-08-29 20:51:38 --> Session: Class initialized using 'CodeIgniter\Session\Handlers\FileHandler' driver.
WARNING - 2025-08-29 20:51:38 --> Session: Sessions is enabled, and one exists. Please don't $session->start();
INFO - 2025-08-29 20:51:38 --> Session: Class initialized using 'CodeIgniter\Session\Handlers\FileHandler' driver.
WARNING - 2025-08-29 20:51:38 --> Session: Sessions is enabled, and one exists. Please don't $session->start();
INFO - 2025-08-29 20:53:37 --> Session: Class initialized using 'CodeIgniter\Session\Handlers\FileHandler' driver.
WARNING - 2025-08-29 20:53:37 --> Session: Sessions is enabled, and one exists. Please don't $session->start();
INFO - 2025-08-29 20:53:38 --> Session: Class initialized using 'CodeIgniter\Session\Handlers\FileHandler' driver.
WARNING - 2025-08-29 20:53:38 --> Session: Sessions is enabled, and one exists. Please don't $session->start();
INFO - 2025-08-29 20:53:38 --> Session: Class initialized using 'CodeIgniter\Session\Handlers\FileHandler' driver.
WARNING - 2025-08-29 20:53:38 --> Session: Sessions is enabled, and one exists. Please don't $session->start();
INFO - 2025-08-29 20:53:41 --> Session: Class initialized using 'CodeIgniter\Session\Handlers\FileHandler' driver.
WARNING - 2025-08-29 20:53:41 --> Session: Sessions is enabled, and one exists. Please don't $session->start();
INFO - 2025-08-29 20:53:59 --> Session: Class initialized using 'CodeIgniter\Session\Handlers\FileHandler' driver.
WARNING - 2025-08-29 20:53:59 --> Session: Sessions is enabled, and one exists. Please don't $session->start();
INFO - 2025-08-29 20:54:06 --> Session: Class initialized using 'CodeIgniter\Session\Handlers\FileHandler' driver.
WARNING - 2025-08-29 20:54:06 --> Session: Sessions is enabled, and one exists. Please don't $session->start();
INFO - 2025-08-29 20:54:11 --> Session: Class initialized using 'CodeIgniter\Session\Handlers\FileHandler' driver.
WARNING - 2025-08-29 20:54:11 --> Session: Sessions is enabled, and one exists. Please don't $session->start();
INFO - 2025-08-29 21:33:14 --> Session: Class initialized using 'CodeIgniter\Session\Handlers\FileHandler' driver.
WARNING - 2025-08-29 21:33:14 --> Session: Sessions is enabled, and one exists. Please don't $session->start();
INFO - 2025-08-29 21:33:15 --> Session: Class initialized using 'CodeIgniter\Session\Handlers\FileHandler' driver.
WARNING - 2025-08-29 21:33:15 --> Session: Sessions is enabled, and one exists. Please don't $session->start();
INFO - 2025-08-29 21:33:15 --> Session: Class initialized using 'CodeIgniter\Session\Handlers\FileHandler' driver.
WARNING - 2025-08-29 21:33:15 --> Session: Sessions is enabled, and one exists. Please don't $session->start();
INFO - 2025-08-29 21:33:15 --> Session: Class initialized using 'CodeIgniter\Session\Handlers\FileHandler' driver.
WARNING - 2025-08-29 21:33:15 --> Session: Sessions is enabled, and one exists. Please don't $session->start();
INFO - 2025-08-29 21:33:15 --> Session: Class initialized using 'CodeIgniter\Session\Handlers\FileHandler' driver.
WARNING - 2025-08-29 21:33:15 --> Session: Sessions is enabled, and one exists. Please don't $session->start();
INFO - 2025-08-29 21:33:16 --> Session: Class initialized using 'CodeIgniter\Session\Handlers\FileHandler' driver.
WARNING - 2025-08-29 21:33:16 --> Session: Sessions is enabled, and one exists. Please don't $session->start();
INFO - 2025-08-29 21:33:17 --> Session: Class initialized using 'CodeIgniter\Session\Handlers\FileHandler' driver.
WARNING - 2025-08-29 21:33:17 --> Session: Sessions is enabled, and one exists. Please don't $session->start();
INFO - 2025-08-29 21:33:20 --> Session: Class initialized using 'CodeIgniter\Session\Handlers\FileHandler' driver.
WARNING - 2025-08-29 21:33:20 --> Session: Sessions is enabled, and one exists. Please don't $session->start();
INFO - 2025-08-29 21:33:21 --> Session: Class initialized using 'CodeIgniter\Session\Handlers\FileHandler' driver.
WARNING - 2025-08-29 21:33:21 --> Session: Sessions is enabled, and one exists. Please don't $session->start();
INFO - 2025-08-29 21:33:21 --> Session: Class initialized using 'CodeIgniter\Session\Handlers\FileHandler' driver.
WARNING - 2025-08-29 21:33:21 --> Session: Sessions is enabled, and one exists. Please don't $session->start();
WARNING - 2025-08-29 21:33:25 --> [DEPRECATED] Optional parameter $market_name declared before required parameter $market_id is implicitly treated as a required parameter in APPPATH\Controllers\User_c.php on line 2389.
 1 FCPATH\vendor\composer\ClassLoader.php(576): include('C:\\laragon\\www\\pro1\\vendor\\codeigniter4\\framework\\system\\Debug\\Exceptions.php')
 2 FCPATH\vendor\composer\ClassLoader.php(427): Composer\Autoload\{closure}('C:\\laragon\\www\\pro1\\vendor\\composer/../../app/Controllers/User_c.php')
 3 [internal function]: Composer\Autoload\ClassLoader->loadClass('App\\Controllers\\User_c')
 4 SYSTEMPATH\CodeIgniter.php(887): class_exists('\\App\\Controllers\\User_c', true)
 5 SYSTEMPATH\CodeIgniter.php(496): CodeIgniter\CodeIgniter->startController()
 6 SYSTEMPATH\CodeIgniter.php(355): CodeIgniter\CodeIgniter->handleRequest(null, Object(Config\Cache), false)
 7 SYSTEMPATH\Boot.php(325): CodeIgniter\CodeIgniter->run()
 8 SYSTEMPATH\Boot.php(67): CodeIgniter\Boot::runCodeIgniter(Object(CodeIgniter\CodeIgniter))
 9 FCPATH\index.php(57): CodeIgniter\Boot::bootWeb(Object(Config\Paths))
INFO - 2025-08-29 21:33:25 --> Session: Class initialized using 'CodeIgniter\Session\Handlers\FileHandler' driver.
WARNING - 2025-08-29 21:33:25 --> Session: Sessions is enabled, and one exists. Please don't $session->start();
WARNING - 2025-08-29 21:33:29 --> [DEPRECATED] Optional parameter $market_name declared before required parameter $market_id is implicitly treated as a required parameter in APPPATH\Controllers\User_c.php on line 2389.
 1 FCPATH\vendor\composer\ClassLoader.php(576): include('C:\\laragon\\www\\pro1\\vendor\\codeigniter4\\framework\\system\\Debug\\Exceptions.php')
 2 FCPATH\vendor\composer\ClassLoader.php(427): Composer\Autoload\{closure}('C:\\laragon\\www\\pro1\\vendor\\composer/../../app/Controllers/User_c.php')
 3 [internal function]: Composer\Autoload\ClassLoader->loadClass('App\\Controllers\\User_c')
 4 SYSTEMPATH\CodeIgniter.php(887): class_exists('\\App\\Controllers\\User_c', true)
 5 SYSTEMPATH\CodeIgniter.php(496): CodeIgniter\CodeIgniter->startController()
 6 SYSTEMPATH\CodeIgniter.php(355): CodeIgniter\CodeIgniter->handleRequest(null, Object(Config\Cache), false)
 7 SYSTEMPATH\Boot.php(325): CodeIgniter\CodeIgniter->run()
 8 SYSTEMPATH\Boot.php(67): CodeIgniter\Boot::runCodeIgniter(Object(CodeIgniter\CodeIgniter))
 9 FCPATH\index.php(57): CodeIgniter\Boot::bootWeb(Object(Config\Paths))
INFO - 2025-08-29 21:33:29 --> Session: Class initialized using 'CodeIgniter\Session\Handlers\FileHandler' driver.
WARNING - 2025-08-29 21:33:29 --> Session: Sessions is enabled, and one exists. Please don't $session->start();
WARNING - 2025-08-29 21:33:30 --> [DEPRECATED] Optional parameter $market_name declared before required parameter $market_id is implicitly treated as a required parameter in APPPATH\Controllers\User_c.php on line 2389.
 1 FCPATH\vendor\composer\ClassLoader.php(576): include('C:\\laragon\\www\\pro1\\vendor\\codeigniter4\\framework\\system\\Debug\\Exceptions.php')
 2 FCPATH\vendor\composer\ClassLoader.php(427): Composer\Autoload\{closure}('C:\\laragon\\www\\pro1\\vendor\\composer/../../app/Controllers/User_c.php')
 3 [internal function]: Composer\Autoload\ClassLoader->loadClass('App\\Controllers\\User_c')
 4 SYSTEMPATH\CodeIgniter.php(887): class_exists('\\App\\Controllers\\User_c', true)
 5 SYSTEMPATH\CodeIgniter.php(496): CodeIgniter\CodeIgniter->startController()
 6 SYSTEMPATH\CodeIgniter.php(355): CodeIgniter\CodeIgniter->handleRequest(null, Object(Config\Cache), false)
 7 SYSTEMPATH\Boot.php(325): CodeIgniter\CodeIgniter->run()
 8 SYSTEMPATH\Boot.php(67): CodeIgniter\Boot::runCodeIgniter(Object(CodeIgniter\CodeIgniter))
 9 FCPATH\index.php(57): CodeIgniter\Boot::bootWeb(Object(Config\Paths))
INFO - 2025-08-29 21:33:30 --> Session: Class initialized using 'CodeIgniter\Session\Handlers\FileHandler' driver.
WARNING - 2025-08-29 21:33:30 --> Session: Sessions is enabled, and one exists. Please don't $session->start();
WARNING - 2025-08-29 21:33:38 --> [DEPRECATED] Optional parameter $market_name declared before required parameter $market_id is implicitly treated as a required parameter in APPPATH\Controllers\User_c.php on line 2389.
 1 FCPATH\vendor\composer\ClassLoader.php(576): include('C:\\laragon\\www\\pro1\\vendor\\codeigniter4\\framework\\system\\Debug\\Exceptions.php')
 2 FCPATH\vendor\composer\ClassLoader.php(427): Composer\Autoload\{closure}('C:\\laragon\\www\\pro1\\vendor\\composer/../../app/Controllers/User_c.php')
 3 [internal function]: Composer\Autoload\ClassLoader->loadClass('App\\Controllers\\User_c')
 4 SYSTEMPATH\CodeIgniter.php(887): class_exists('\\App\\Controllers\\User_c', true)
 5 SYSTEMPATH\CodeIgniter.php(496): CodeIgniter\CodeIgniter->startController()
 6 SYSTEMPATH\CodeIgniter.php(355): CodeIgniter\CodeIgniter->handleRequest(null, Object(Config\Cache), false)
 7 SYSTEMPATH\Boot.php(325): CodeIgniter\CodeIgniter->run()
 8 SYSTEMPATH\Boot.php(67): CodeIgniter\Boot::runCodeIgniter(Object(CodeIgniter\CodeIgniter))
 9 FCPATH\index.php(57): CodeIgniter\Boot::bootWeb(Object(Config\Paths))
INFO - 2025-08-29 21:33:38 --> Session: Class initialized using 'CodeIgniter\Session\Handlers\FileHandler' driver.
WARNING - 2025-08-29 21:33:38 --> Session: Sessions is enabled, and one exists. Please don't $session->start();
WARNING - 2025-08-29 21:33:40 --> [DEPRECATED] Optional parameter $market_name declared before required parameter $market_id is implicitly treated as a required parameter in APPPATH\Controllers\User_c.php on line 2389.
 1 FCPATH\vendor\composer\ClassLoader.php(576): include('C:\\laragon\\www\\pro1\\vendor\\codeigniter4\\framework\\system\\Debug\\Exceptions.php')
 2 FCPATH\vendor\composer\ClassLoader.php(427): Composer\Autoload\{closure}('C:\\laragon\\www\\pro1\\vendor\\composer/../../app/Controllers/User_c.php')
 3 [internal function]: Composer\Autoload\ClassLoader->loadClass('App\\Controllers\\User_c')
 4 SYSTEMPATH\CodeIgniter.php(887): class_exists('\\App\\Controllers\\User_c', true)
 5 SYSTEMPATH\CodeIgniter.php(496): CodeIgniter\CodeIgniter->startController()
 6 SYSTEMPATH\CodeIgniter.php(355): CodeIgniter\CodeIgniter->handleRequest(null, Object(Config\Cache), false)
 7 SYSTEMPATH\Boot.php(325): CodeIgniter\CodeIgniter->run()
 8 SYSTEMPATH\Boot.php(67): CodeIgniter\Boot::runCodeIgniter(Object(CodeIgniter\CodeIgniter))
 9 FCPATH\index.php(57): CodeIgniter\Boot::bootWeb(Object(Config\Paths))
INFO - 2025-08-29 21:33:40 --> Session: Class initialized using 'CodeIgniter\Session\Handlers\FileHandler' driver.
WARNING - 2025-08-29 21:33:40 --> Session: Sessions is enabled, and one exists. Please don't $session->start();
WARNING - 2025-08-29 21:33:45 --> [DEPRECATED] Optional parameter $market_name declared before required parameter $market_id is implicitly treated as a required parameter in APPPATH\Controllers\User_c.php on line 2389.
 1 FCPATH\vendor\composer\ClassLoader.php(576): include('C:\\laragon\\www\\pro1\\vendor\\codeigniter4\\framework\\system\\Debug\\Exceptions.php')
 2 FCPATH\vendor\composer\ClassLoader.php(427): Composer\Autoload\{closure}('C:\\laragon\\www\\pro1\\vendor\\composer/../../app/Controllers/User_c.php')
 3 [internal function]: Composer\Autoload\ClassLoader->loadClass('App\\Controllers\\User_c')
 4 SYSTEMPATH\CodeIgniter.php(887): class_exists('\\App\\Controllers\\User_c', true)
 5 SYSTEMPATH\CodeIgniter.php(496): CodeIgniter\CodeIgniter->startController()
 6 SYSTEMPATH\CodeIgniter.php(355): CodeIgniter\CodeIgniter->handleRequest(null, Object(Config\Cache), false)
 7 SYSTEMPATH\Boot.php(325): CodeIgniter\CodeIgniter->run()
 8 SYSTEMPATH\Boot.php(67): CodeIgniter\Boot::runCodeIgniter(Object(CodeIgniter\CodeIgniter))
 9 FCPATH\index.php(57): CodeIgniter\Boot::bootWeb(Object(Config\Paths))
INFO - 2025-08-29 21:33:45 --> Session: Class initialized using 'CodeIgniter\Session\Handlers\FileHandler' driver.
WARNING - 2025-08-29 21:33:45 --> Session: Sessions is enabled, and one exists. Please don't $session->start();
WARNING - 2025-08-29 21:33:47 --> [DEPRECATED] Optional parameter $market_name declared before required parameter $market_id is implicitly treated as a required parameter in APPPATH\Controllers\User_c.php on line 2389.
 1 FCPATH\vendor\composer\ClassLoader.php(576): include('C:\\laragon\\www\\pro1\\vendor\\codeigniter4\\framework\\system\\Debug\\Exceptions.php')
 2 FCPATH\vendor\composer\ClassLoader.php(427): Composer\Autoload\{closure}('C:\\laragon\\www\\pro1\\vendor\\composer/../../app/Controllers/User_c.php')
 3 [internal function]: Composer\Autoload\ClassLoader->loadClass('App\\Controllers\\User_c')
 4 SYSTEMPATH\CodeIgniter.php(887): class_exists('\\App\\Controllers\\User_c', true)
 5 SYSTEMPATH\CodeIgniter.php(496): CodeIgniter\CodeIgniter->startController()
 6 SYSTEMPATH\CodeIgniter.php(355): CodeIgniter\CodeIgniter->handleRequest(null, Object(Config\Cache), false)
 7 SYSTEMPATH\Boot.php(325): CodeIgniter\CodeIgniter->run()
 8 SYSTEMPATH\Boot.php(67): CodeIgniter\Boot::runCodeIgniter(Object(CodeIgniter\CodeIgniter))
 9 FCPATH\index.php(57): CodeIgniter\Boot::bootWeb(Object(Config\Paths))
INFO - 2025-08-29 21:33:47 --> Session: Class initialized using 'CodeIgniter\Session\Handlers\FileHandler' driver.
WARNING - 2025-08-29 21:33:47 --> Session: Sessions is enabled, and one exists. Please don't $session->start();
WARNING - 2025-08-29 21:33:54 --> [DEPRECATED] Optional parameter $market_name declared before required parameter $market_id is implicitly treated as a required parameter in APPPATH\Controllers\User_c.php on line 2389.
 1 FCPATH\vendor\composer\ClassLoader.php(576): include('C:\\laragon\\www\\pro1\\vendor\\codeigniter4\\framework\\system\\Debug\\Exceptions.php')
 2 FCPATH\vendor\composer\ClassLoader.php(427): Composer\Autoload\{closure}('C:\\laragon\\www\\pro1\\vendor\\composer/../../app/Controllers/User_c.php')
 3 [internal function]: Composer\Autoload\ClassLoader->loadClass('App\\Controllers\\User_c')
 4 SYSTEMPATH\CodeIgniter.php(887): class_exists('\\App\\Controllers\\User_c', true)
 5 SYSTEMPATH\CodeIgniter.php(496): CodeIgniter\CodeIgniter->startController()
 6 SYSTEMPATH\CodeIgniter.php(355): CodeIgniter\CodeIgniter->handleRequest(null, Object(Config\Cache), false)
 7 SYSTEMPATH\Boot.php(325): CodeIgniter\CodeIgniter->run()
 8 SYSTEMPATH\Boot.php(67): CodeIgniter\Boot::runCodeIgniter(Object(CodeIgniter\CodeIgniter))
 9 FCPATH\index.php(57): CodeIgniter\Boot::bootWeb(Object(Config\Paths))
INFO - 2025-08-29 21:33:54 --> Session: Class initialized using 'CodeIgniter\Session\Handlers\FileHandler' driver.
WARNING - 2025-08-29 21:33:54 --> Session: Sessions is enabled, and one exists. Please don't $session->start();
INFO - 2025-08-29 21:33:59 --> Session: Class initialized using 'CodeIgniter\Session\Handlers\FileHandler' driver.
WARNING - 2025-08-29 21:33:59 --> Session: Sessions is enabled, and one exists. Please don't $session->start();
ERROR - 2025-08-29 21:33:59 --> mysqli_sql_exception: Unknown column 'u.username' in 'field list' in C:\laragon\www\pro1\vendor\codeigniter4\framework\system\Database\MySQLi\Connection.php:312
Stack trace:
#0 C:\laragon\www\pro1\vendor\codeigniter4\framework\system\Database\MySQLi\Connection.php(312): mysqli->query('SELECT `de`.*, ...', 0)
#1 C:\laragon\www\pro1\vendor\codeigniter4\framework\system\Database\BaseConnection.php(734): CodeIgniter\Database\MySQLi\Connection->execute('SELECT `de`.*, ...')
#2 C:\laragon\www\pro1\vendor\codeigniter4\framework\system\Database\BaseConnection.php(648): CodeIgniter\Database\BaseConnection->simpleQuery('SELECT `de`.*, ...')
#3 C:\laragon\www\pro1\vendor\codeigniter4\framework\system\Database\BaseBuilder.php(1644): CodeIgniter\Database\BaseConnection->query('SELECT `de`.*, ...', Array, false)
#4 C:\laragon\www\pro1\app\Models\Admin_m.php(1845): CodeIgniter\Database\BaseBuilder->get()
#5 C:\laragon\www\pro1\app\Helpers\functions_helper.php(878): App\Models\Admin_m->get___delhi_aankdo(Array)
#6 C:\laragon\www\pro1\app\Controllers\Admin_c.php(4983): get_result_delhi('3', '2025-08-29', '01', '0', '1')
#7 C:\laragon\www\pro1\vendor\codeigniter4\framework\system\CodeIgniter.php(933): App\Controllers\Admin_c->delhi_winner_history()
#8 C:\laragon\www\pro1\vendor\codeigniter4\framework\system\CodeIgniter.php(509): CodeIgniter\CodeIgniter->runController(Object(App\Controllers\Admin_c))
#9 C:\laragon\www\pro1\vendor\codeigniter4\framework\system\CodeIgniter.php(355): CodeIgniter\CodeIgniter->handleRequest(NULL, Object(Config\Cache), false)
#10 C:\laragon\www\pro1\vendor\codeigniter4\framework\system\Boot.php(325): CodeIgniter\CodeIgniter->run()
#11 C:\laragon\www\pro1\vendor\codeigniter4\framework\system\Boot.php(67): CodeIgniter\Boot::runCodeIgniter(Object(CodeIgniter\CodeIgniter))
#12 C:\laragon\www\pro1\index.php(57): CodeIgniter\Boot::bootWeb(Object(Config\Paths))
#13 {main}
CRITICAL - 2025-08-29 21:34:00 --> CodeIgniter\Database\Exceptions\DatabaseException: Unknown column 'u.username' in 'field list'
[Method: POST, Route: admin-delhi-winner-history]
in SYSTEMPATH\Database\BaseConnection.php on line 688.
 1 SYSTEMPATH\Database\BaseBuilder.php(1644): CodeIgniter\Database\BaseConnection->query('SELECT `de`.*, `u`.`username`, `u`.`phone_number`
FROM `delhi_digit_entry` `de`
LEFT JOIN `users` `u` ON `u`.`user_id` = `de`.`refUser_id`
WHERE `de`.`digit_entry_num` = :de.digit_entry_num:
AND `de`.`digit_entry_type` = :de.digit_entry_type:
AND `de`.`digit_entry_date` = :de.digit_entry_date:
AND `de`.`refMarket_id` = :de.refMarket_id:', [...], false)
 2 APPPATH\Models\Admin_m.php(1845): CodeIgniter\Database\BaseBuilder->get()
 3 APPPATH\Helpers\functions_helper.php(878): App\Models\Admin_m->get___delhi_aankdo([...])
 4 APPPATH\Controllers\Admin_c.php(4983): get_result_delhi('3', '2025-08-29', '01', '0', '1')
 5 SYSTEMPATH\CodeIgniter.php(933): App\Controllers\Admin_c->delhi_winner_history()
 6 SYSTEMPATH\CodeIgniter.php(509): CodeIgniter\CodeIgniter->runController(Object(App\Controllers\Admin_c))
 7 SYSTEMPATH\CodeIgniter.php(355): CodeIgniter\CodeIgniter->handleRequest(null, Object(Config\Cache), false)
 8 SYSTEMPATH\Boot.php(325): CodeIgniter\CodeIgniter->run()
 9 SYSTEMPATH\Boot.php(67): CodeIgniter\Boot::runCodeIgniter(Object(CodeIgniter\CodeIgniter))
10 FCPATH\index.php(57): CodeIgniter\Boot::bootWeb(Object(Config\Paths))
CRITICAL - 2025-08-29 21:34:00 --> [Caused by] CodeIgniter\Database\Exceptions\DatabaseException: Unknown column 'u.username' in 'field list'
in SYSTEMPATH\Database\MySQLi\Connection.php on line 317.
 1 SYSTEMPATH\Database\BaseConnection.php(734): CodeIgniter\Database\MySQLi\Connection->execute('SELECT `de`.*, `u`.`username`, `u`.`phone_number`
FROM `delhi_digit_entry` `de`
LEFT JOIN `users` `u` ON `u`.`user_id` = `de`.`refUser_id`
WHERE `de`.`digit_entry_num` = \'0\'
AND `de`.`digit_entry_type` = \'OPEN\'
AND `de`.`digit_entry_date` = \'2025-08-29\'
AND `de`.`refMarket_id` = \'3\'')
 2 SYSTEMPATH\Database\BaseConnection.php(648): CodeIgniter\Database\BaseConnection->simpleQuery('SELECT `de`.*, `u`.`username`, `u`.`phone_number`
FROM `delhi_digit_entry` `de`
LEFT JOIN `users` `u` ON `u`.`user_id` = `de`.`refUser_id`
WHERE `de`.`digit_entry_num` = \'0\'
AND `de`.`digit_entry_type` = \'OPEN\'
AND `de`.`digit_entry_date` = \'2025-08-29\'
AND `de`.`refMarket_id` = \'3\'')
 3 SYSTEMPATH\Database\BaseBuilder.php(1644): CodeIgniter\Database\BaseConnection->query('SELECT `de`.*, `u`.`username`, `u`.`phone_number`
FROM `delhi_digit_entry` `de`
LEFT JOIN `users` `u` ON `u`.`user_id` = `de`.`refUser_id`
WHERE `de`.`digit_entry_num` = :de.digit_entry_num:
AND `de`.`digit_entry_type` = :de.digit_entry_type:
AND `de`.`digit_entry_date` = :de.digit_entry_date:
AND `de`.`refMarket_id` = :de.refMarket_id:', [...], false)
 4 APPPATH\Models\Admin_m.php(1845): CodeIgniter\Database\BaseBuilder->get()
 5 APPPATH\Helpers\functions_helper.php(878): App\Models\Admin_m->get___delhi_aankdo([...])
 6 APPPATH\Controllers\Admin_c.php(4983): get_result_delhi('3', '2025-08-29', '01', '0', '1')
 7 SYSTEMPATH\CodeIgniter.php(933): App\Controllers\Admin_c->delhi_winner_history()
 8 SYSTEMPATH\CodeIgniter.php(509): CodeIgniter\CodeIgniter->runController(Object(App\Controllers\Admin_c))
 9 SYSTEMPATH\CodeIgniter.php(355): CodeIgniter\CodeIgniter->handleRequest(null, Object(Config\Cache), false)
10 SYSTEMPATH\Boot.php(325): CodeIgniter\CodeIgniter->run()
11 SYSTEMPATH\Boot.php(67): CodeIgniter\Boot::runCodeIgniter(Object(CodeIgniter\CodeIgniter))
12 FCPATH\index.php(57): CodeIgniter\Boot::bootWeb(Object(Config\Paths))
CRITICAL - 2025-08-29 21:34:00 --> [Caused by] mysqli_sql_exception: Unknown column 'u.username' in 'field list'
in SYSTEMPATH\Database\MySQLi\Connection.php on line 312.
 1 SYSTEMPATH\Database\MySQLi\Connection.php(312): mysqli->query('SELECT `de`.*, `u`.`username`, `u`.`phone_number`
FROM `delhi_digit_entry` `de`
LEFT JOIN `users` `u` ON `u`.`user_id` = `de`.`refUser_id`
WHERE `de`.`digit_entry_num` = \'0\'
AND `de`.`digit_entry_type` = \'OPEN\'
AND `de`.`digit_entry_date` = \'2025-08-29\'
AND `de`.`refMarket_id` = \'3\'', 0)
 2 SYSTEMPATH\Database\BaseConnection.php(734): CodeIgniter\Database\MySQLi\Connection->execute('SELECT `de`.*, `u`.`username`, `u`.`phone_number`
FROM `delhi_digit_entry` `de`
LEFT JOIN `users` `u` ON `u`.`user_id` = `de`.`refUser_id`
WHERE `de`.`digit_entry_num` = \'0\'
AND `de`.`digit_entry_type` = \'OPEN\'
AND `de`.`digit_entry_date` = \'2025-08-29\'
AND `de`.`refMarket_id` = \'3\'')
 3 SYSTEMPATH\Database\BaseConnection.php(648): CodeIgniter\Database\BaseConnection->simpleQuery('SELECT `de`.*, `u`.`username`, `u`.`phone_number`
FROM `delhi_digit_entry` `de`
LEFT JOIN `users` `u` ON `u`.`user_id` = `de`.`refUser_id`
WHERE `de`.`digit_entry_num` = \'0\'
AND `de`.`digit_entry_type` = \'OPEN\'
AND `de`.`digit_entry_date` = \'2025-08-29\'
AND `de`.`refMarket_id` = \'3\'')
 4 SYSTEMPATH\Database\BaseBuilder.php(1644): CodeIgniter\Database\BaseConnection->query('SELECT `de`.*, `u`.`username`, `u`.`phone_number`
FROM `delhi_digit_entry` `de`
LEFT JOIN `users` `u` ON `u`.`user_id` = `de`.`refUser_id`
WHERE `de`.`digit_entry_num` = :de.digit_entry_num:
AND `de`.`digit_entry_type` = :de.digit_entry_type:
AND `de`.`digit_entry_date` = :de.digit_entry_date:
AND `de`.`refMarket_id` = :de.refMarket_id:', [...], false)
 5 APPPATH\Models\Admin_m.php(1845): CodeIgniter\Database\BaseBuilder->get()
 6 APPPATH\Helpers\functions_helper.php(878): App\Models\Admin_m->get___delhi_aankdo([...])
 7 APPPATH\Controllers\Admin_c.php(4983): get_result_delhi('3', '2025-08-29', '01', '0', '1')
 8 SYSTEMPATH\CodeIgniter.php(933): App\Controllers\Admin_c->delhi_winner_history()
 9 SYSTEMPATH\CodeIgniter.php(509): CodeIgniter\CodeIgniter->runController(Object(App\Controllers\Admin_c))
10 SYSTEMPATH\CodeIgniter.php(355): CodeIgniter\CodeIgniter->handleRequest(null, Object(Config\Cache), false)
11 SYSTEMPATH\Boot.php(325): CodeIgniter\CodeIgniter->run()
12 SYSTEMPATH\Boot.php(67): CodeIgniter\Boot::runCodeIgniter(Object(CodeIgniter\CodeIgniter))
13 FCPATH\index.php(57): CodeIgniter\Boot::bootWeb(Object(Config\Paths))
INFO - 2025-08-29 21:34:25 --> Session: Class initialized using 'CodeIgniter\Session\Handlers\FileHandler' driver.
WARNING - 2025-08-29 21:34:25 --> Session: Sessions is enabled, and one exists. Please don't $session->start();
ERROR - 2025-08-29 21:34:25 --> mysqli_sql_exception: Unknown column 'u.phone_number' in 'field list' in C:\laragon\www\pro1\vendor\codeigniter4\framework\system\Database\MySQLi\Connection.php:312
Stack trace:
#0 C:\laragon\www\pro1\vendor\codeigniter4\framework\system\Database\MySQLi\Connection.php(312): mysqli->query('SELECT `u`.`nam...', 0)
#1 C:\laragon\www\pro1\vendor\codeigniter4\framework\system\Database\BaseConnection.php(734): CodeIgniter\Database\MySQLi\Connection->execute('SELECT `u`.`nam...')
#2 C:\laragon\www\pro1\vendor\codeigniter4\framework\system\Database\BaseConnection.php(648): CodeIgniter\Database\BaseConnection->simpleQuery('SELECT `u`.`nam...')
#3 C:\laragon\www\pro1\vendor\codeigniter4\framework\system\Database\BaseBuilder.php(1644): CodeIgniter\Database\BaseConnection->query('SELECT `u`.`nam...', Array, false)
#4 C:\laragon\www\pro1\app\Models\Admin_m.php(1845): CodeIgniter\Database\BaseBuilder->get()
#5 C:\laragon\www\pro1\app\Helpers\functions_helper.php(878): App\Models\Admin_m->get___delhi_aankdo(Array)
#6 C:\laragon\www\pro1\app\Controllers\Admin_c.php(4983): get_result_delhi('3', '2025-08-29', '01', '0', '1')
#7 C:\laragon\www\pro1\vendor\codeigniter4\framework\system\CodeIgniter.php(933): App\Controllers\Admin_c->delhi_winner_history()
#8 C:\laragon\www\pro1\vendor\codeigniter4\framework\system\CodeIgniter.php(509): CodeIgniter\CodeIgniter->runController(Object(App\Controllers\Admin_c))
#9 C:\laragon\www\pro1\vendor\codeigniter4\framework\system\CodeIgniter.php(355): CodeIgniter\CodeIgniter->handleRequest(NULL, Object(Config\Cache), false)
#10 C:\laragon\www\pro1\vendor\codeigniter4\framework\system\Boot.php(325): CodeIgniter\CodeIgniter->run()
#11 C:\laragon\www\pro1\vendor\codeigniter4\framework\system\Boot.php(67): CodeIgniter\Boot::runCodeIgniter(Object(CodeIgniter\CodeIgniter))
#12 C:\laragon\www\pro1\index.php(57): CodeIgniter\Boot::bootWeb(Object(Config\Paths))
#13 {main}
CRITICAL - 2025-08-29 21:34:25 --> CodeIgniter\Database\Exceptions\DatabaseException: Unknown column 'u.phone_number' in 'field list'
[Method: POST, Route: admin-delhi-winner-history]
in SYSTEMPATH\Database\BaseConnection.php on line 688.
 1 SYSTEMPATH\Database\BaseBuilder.php(1644): CodeIgniter\Database\BaseConnection->query('SELECT `u`.`name`, `u`.`phone_number`
FROM `delhi_digit_entry` `de`
LEFT JOIN `users` `u` ON `u`.`user_id` = `de`.`refUser_id`
WHERE `de`.`digit_entry_num` = :de.digit_entry_num:
AND `de`.`digit_entry_type` = :de.digit_entry_type:
AND `de`.`digit_entry_date` = :de.digit_entry_date:
AND `de`.`refMarket_id` = :de.refMarket_id:', [...], false)
 2 APPPATH\Models\Admin_m.php(1845): CodeIgniter\Database\BaseBuilder->get()
 3 APPPATH\Helpers\functions_helper.php(878): App\Models\Admin_m->get___delhi_aankdo([...])
 4 APPPATH\Controllers\Admin_c.php(4983): get_result_delhi('3', '2025-08-29', '01', '0', '1')
 5 SYSTEMPATH\CodeIgniter.php(933): App\Controllers\Admin_c->delhi_winner_history()
 6 SYSTEMPATH\CodeIgniter.php(509): CodeIgniter\CodeIgniter->runController(Object(App\Controllers\Admin_c))
 7 SYSTEMPATH\CodeIgniter.php(355): CodeIgniter\CodeIgniter->handleRequest(null, Object(Config\Cache), false)
 8 SYSTEMPATH\Boot.php(325): CodeIgniter\CodeIgniter->run()
 9 SYSTEMPATH\Boot.php(67): CodeIgniter\Boot::runCodeIgniter(Object(CodeIgniter\CodeIgniter))
10 FCPATH\index.php(57): CodeIgniter\Boot::bootWeb(Object(Config\Paths))
CRITICAL - 2025-08-29 21:34:25 --> [Caused by] CodeIgniter\Database\Exceptions\DatabaseException: Unknown column 'u.phone_number' in 'field list'
in SYSTEMPATH\Database\MySQLi\Connection.php on line 317.
 1 SYSTEMPATH\Database\BaseConnection.php(734): CodeIgniter\Database\MySQLi\Connection->execute('SELECT `u`.`name`, `u`.`phone_number`
FROM `delhi_digit_entry` `de`
LEFT JOIN `users` `u` ON `u`.`user_id` = `de`.`refUser_id`
WHERE `de`.`digit_entry_num` = \'0\'
AND `de`.`digit_entry_type` = \'OPEN\'
AND `de`.`digit_entry_date` = \'2025-08-29\'
AND `de`.`refMarket_id` = \'3\'')
 2 SYSTEMPATH\Database\BaseConnection.php(648): CodeIgniter\Database\BaseConnection->simpleQuery('SELECT `u`.`name`, `u`.`phone_number`
FROM `delhi_digit_entry` `de`
LEFT JOIN `users` `u` ON `u`.`user_id` = `de`.`refUser_id`
WHERE `de`.`digit_entry_num` = \'0\'
AND `de`.`digit_entry_type` = \'OPEN\'
AND `de`.`digit_entry_date` = \'2025-08-29\'
AND `de`.`refMarket_id` = \'3\'')
 3 SYSTEMPATH\Database\BaseBuilder.php(1644): CodeIgniter\Database\BaseConnection->query('SELECT `u`.`name`, `u`.`phone_number`
FROM `delhi_digit_entry` `de`
LEFT JOIN `users` `u` ON `u`.`user_id` = `de`.`refUser_id`
WHERE `de`.`digit_entry_num` = :de.digit_entry_num:
AND `de`.`digit_entry_type` = :de.digit_entry_type:
AND `de`.`digit_entry_date` = :de.digit_entry_date:
AND `de`.`refMarket_id` = :de.refMarket_id:', [...], false)
 4 APPPATH\Models\Admin_m.php(1845): CodeIgniter\Database\BaseBuilder->get()
 5 APPPATH\Helpers\functions_helper.php(878): App\Models\Admin_m->get___delhi_aankdo([...])
 6 APPPATH\Controllers\Admin_c.php(4983): get_result_delhi('3', '2025-08-29', '01', '0', '1')
 7 SYSTEMPATH\CodeIgniter.php(933): App\Controllers\Admin_c->delhi_winner_history()
 8 SYSTEMPATH\CodeIgniter.php(509): CodeIgniter\CodeIgniter->runController(Object(App\Controllers\Admin_c))
 9 SYSTEMPATH\CodeIgniter.php(355): CodeIgniter\CodeIgniter->handleRequest(null, Object(Config\Cache), false)
10 SYSTEMPATH\Boot.php(325): CodeIgniter\CodeIgniter->run()
11 SYSTEMPATH\Boot.php(67): CodeIgniter\Boot::runCodeIgniter(Object(CodeIgniter\CodeIgniter))
12 FCPATH\index.php(57): CodeIgniter\Boot::bootWeb(Object(Config\Paths))
CRITICAL - 2025-08-29 21:34:25 --> [Caused by] mysqli_sql_exception: Unknown column 'u.phone_number' in 'field list'
in SYSTEMPATH\Database\MySQLi\Connection.php on line 312.
 1 SYSTEMPATH\Database\MySQLi\Connection.php(312): mysqli->query('SELECT `u`.`name`, `u`.`phone_number`
FROM `delhi_digit_entry` `de`
LEFT JOIN `users` `u` ON `u`.`user_id` = `de`.`refUser_id`
WHERE `de`.`digit_entry_num` = \'0\'
AND `de`.`digit_entry_type` = \'OPEN\'
AND `de`.`digit_entry_date` = \'2025-08-29\'
AND `de`.`refMarket_id` = \'3\'', 0)
 2 SYSTEMPATH\Database\BaseConnection.php(734): CodeIgniter\Database\MySQLi\Connection->execute('SELECT `u`.`name`, `u`.`phone_number`
FROM `delhi_digit_entry` `de`
LEFT JOIN `users` `u` ON `u`.`user_id` = `de`.`refUser_id`
WHERE `de`.`digit_entry_num` = \'0\'
AND `de`.`digit_entry_type` = \'OPEN\'
AND `de`.`digit_entry_date` = \'2025-08-29\'
AND `de`.`refMarket_id` = \'3\'')
 3 SYSTEMPATH\Database\BaseConnection.php(648): CodeIgniter\Database\BaseConnection->simpleQuery('SELECT `u`.`name`, `u`.`phone_number`
FROM `delhi_digit_entry` `de`
LEFT JOIN `users` `u` ON `u`.`user_id` = `de`.`refUser_id`
WHERE `de`.`digit_entry_num` = \'0\'
AND `de`.`digit_entry_type` = \'OPEN\'
AND `de`.`digit_entry_date` = \'2025-08-29\'
AND `de`.`refMarket_id` = \'3\'')
 4 SYSTEMPATH\Database\BaseBuilder.php(1644): CodeIgniter\Database\BaseConnection->query('SELECT `u`.`name`, `u`.`phone_number`
FROM `delhi_digit_entry` `de`
LEFT JOIN `users` `u` ON `u`.`user_id` = `de`.`refUser_id`
WHERE `de`.`digit_entry_num` = :de.digit_entry_num:
AND `de`.`digit_entry_type` = :de.digit_entry_type:
AND `de`.`digit_entry_date` = :de.digit_entry_date:
AND `de`.`refMarket_id` = :de.refMarket_id:', [...], false)
 5 APPPATH\Models\Admin_m.php(1845): CodeIgniter\Database\BaseBuilder->get()
 6 APPPATH\Helpers\functions_helper.php(878): App\Models\Admin_m->get___delhi_aankdo([...])
 7 APPPATH\Controllers\Admin_c.php(4983): get_result_delhi('3', '2025-08-29', '01', '0', '1')
 8 SYSTEMPATH\CodeIgniter.php(933): App\Controllers\Admin_c->delhi_winner_history()
 9 SYSTEMPATH\CodeIgniter.php(509): CodeIgniter\CodeIgniter->runController(Object(App\Controllers\Admin_c))
10 SYSTEMPATH\CodeIgniter.php(355): CodeIgniter\CodeIgniter->handleRequest(null, Object(Config\Cache), false)
11 SYSTEMPATH\Boot.php(325): CodeIgniter\CodeIgniter->run()
12 SYSTEMPATH\Boot.php(67): CodeIgniter\Boot::runCodeIgniter(Object(CodeIgniter\CodeIgniter))
13 FCPATH\index.php(57): CodeIgniter\Boot::bootWeb(Object(Config\Paths))
INFO - 2025-08-29 21:34:34 --> Session: Class initialized using 'CodeIgniter\Session\Handlers\FileHandler' driver.
WARNING - 2025-08-29 21:34:34 --> Session: Sessions is enabled, and one exists. Please don't $session->start();
ERROR - 2025-08-29 21:34:34 --> mysqli_sql_exception: Unknown column 'u.user_id' in 'on clause' in C:\laragon\www\pro1\vendor\codeigniter4\framework\system\Database\MySQLi\Connection.php:312
Stack trace:
#0 C:\laragon\www\pro1\vendor\codeigniter4\framework\system\Database\MySQLi\Connection.php(312): mysqli->query('SELECT `u`.`nam...', 0)
#1 C:\laragon\www\pro1\vendor\codeigniter4\framework\system\Database\BaseConnection.php(734): CodeIgniter\Database\MySQLi\Connection->execute('SELECT `u`.`nam...')
#2 C:\laragon\www\pro1\vendor\codeigniter4\framework\system\Database\BaseConnection.php(648): CodeIgniter\Database\BaseConnection->simpleQuery('SELECT `u`.`nam...')
#3 C:\laragon\www\pro1\vendor\codeigniter4\framework\system\Database\BaseBuilder.php(1644): CodeIgniter\Database\BaseConnection->query('SELECT `u`.`nam...', Array, false)
#4 C:\laragon\www\pro1\app\Models\Admin_m.php(1845): CodeIgniter\Database\BaseBuilder->get()
#5 C:\laragon\www\pro1\app\Helpers\functions_helper.php(878): App\Models\Admin_m->get___delhi_aankdo(Array)
#6 C:\laragon\www\pro1\app\Controllers\Admin_c.php(4983): get_result_delhi('3', '2025-08-29', '01', '0', '1')
#7 C:\laragon\www\pro1\vendor\codeigniter4\framework\system\CodeIgniter.php(933): App\Controllers\Admin_c->delhi_winner_history()
#8 C:\laragon\www\pro1\vendor\codeigniter4\framework\system\CodeIgniter.php(509): CodeIgniter\CodeIgniter->runController(Object(App\Controllers\Admin_c))
#9 C:\laragon\www\pro1\vendor\codeigniter4\framework\system\CodeIgniter.php(355): CodeIgniter\CodeIgniter->handleRequest(NULL, Object(Config\Cache), false)
#10 C:\laragon\www\pro1\vendor\codeigniter4\framework\system\Boot.php(325): CodeIgniter\CodeIgniter->run()
#11 C:\laragon\www\pro1\vendor\codeigniter4\framework\system\Boot.php(67): CodeIgniter\Boot::runCodeIgniter(Object(CodeIgniter\CodeIgniter))
#12 C:\laragon\www\pro1\index.php(57): CodeIgniter\Boot::bootWeb(Object(Config\Paths))
#13 {main}
CRITICAL - 2025-08-29 21:34:34 --> CodeIgniter\Database\Exceptions\DatabaseException: Unknown column 'u.user_id' in 'on clause'
[Method: POST, Route: admin-delhi-winner-history]
in SYSTEMPATH\Database\BaseConnection.php on line 688.
 1 SYSTEMPATH\Database\BaseBuilder.php(1644): CodeIgniter\Database\BaseConnection->query('SELECT `u`.`name`, `u`.`phone`
FROM `delhi_digit_entry` `de`
LEFT JOIN `users` `u` ON `u`.`user_id` = `de`.`refUser_id`
WHERE `de`.`digit_entry_num` = :de.digit_entry_num:
AND `de`.`digit_entry_type` = :de.digit_entry_type:
AND `de`.`digit_entry_date` = :de.digit_entry_date:
AND `de`.`refMarket_id` = :de.refMarket_id:', [...], false)
 2 APPPATH\Models\Admin_m.php(1845): CodeIgniter\Database\BaseBuilder->get()
 3 APPPATH\Helpers\functions_helper.php(878): App\Models\Admin_m->get___delhi_aankdo([...])
 4 APPPATH\Controllers\Admin_c.php(4983): get_result_delhi('3', '2025-08-29', '01', '0', '1')
 5 SYSTEMPATH\CodeIgniter.php(933): App\Controllers\Admin_c->delhi_winner_history()
 6 SYSTEMPATH\CodeIgniter.php(509): CodeIgniter\CodeIgniter->runController(Object(App\Controllers\Admin_c))
 7 SYSTEMPATH\CodeIgniter.php(355): CodeIgniter\CodeIgniter->handleRequest(null, Object(Config\Cache), false)
 8 SYSTEMPATH\Boot.php(325): CodeIgniter\CodeIgniter->run()
 9 SYSTEMPATH\Boot.php(67): CodeIgniter\Boot::runCodeIgniter(Object(CodeIgniter\CodeIgniter))
10 FCPATH\index.php(57): CodeIgniter\Boot::bootWeb(Object(Config\Paths))
CRITICAL - 2025-08-29 21:34:34 --> [Caused by] CodeIgniter\Database\Exceptions\DatabaseException: Unknown column 'u.user_id' in 'on clause'
in SYSTEMPATH\Database\MySQLi\Connection.php on line 317.
 1 SYSTEMPATH\Database\BaseConnection.php(734): CodeIgniter\Database\MySQLi\Connection->execute('SELECT `u`.`name`, `u`.`phone`
FROM `delhi_digit_entry` `de`
LEFT JOIN `users` `u` ON `u`.`user_id` = `de`.`refUser_id`
WHERE `de`.`digit_entry_num` = \'0\'
AND `de`.`digit_entry_type` = \'OPEN\'
AND `de`.`digit_entry_date` = \'2025-08-29\'
AND `de`.`refMarket_id` = \'3\'')
 2 SYSTEMPATH\Database\BaseConnection.php(648): CodeIgniter\Database\BaseConnection->simpleQuery('SELECT `u`.`name`, `u`.`phone`
FROM `delhi_digit_entry` `de`
LEFT JOIN `users` `u` ON `u`.`user_id` = `de`.`refUser_id`
WHERE `de`.`digit_entry_num` = \'0\'
AND `de`.`digit_entry_type` = \'OPEN\'
AND `de`.`digit_entry_date` = \'2025-08-29\'
AND `de`.`refMarket_id` = \'3\'')
 3 SYSTEMPATH\Database\BaseBuilder.php(1644): CodeIgniter\Database\BaseConnection->query('SELECT `u`.`name`, `u`.`phone`
FROM `delhi_digit_entry` `de`
LEFT JOIN `users` `u` ON `u`.`user_id` = `de`.`refUser_id`
WHERE `de`.`digit_entry_num` = :de.digit_entry_num:
AND `de`.`digit_entry_type` = :de.digit_entry_type:
AND `de`.`digit_entry_date` = :de.digit_entry_date:
AND `de`.`refMarket_id` = :de.refMarket_id:', [...], false)
 4 APPPATH\Models\Admin_m.php(1845): CodeIgniter\Database\BaseBuilder->get()
 5 APPPATH\Helpers\functions_helper.php(878): App\Models\Admin_m->get___delhi_aankdo([...])
 6 APPPATH\Controllers\Admin_c.php(4983): get_result_delhi('3', '2025-08-29', '01', '0', '1')
 7 SYSTEMPATH\CodeIgniter.php(933): App\Controllers\Admin_c->delhi_winner_history()
 8 SYSTEMPATH\CodeIgniter.php(509): CodeIgniter\CodeIgniter->runController(Object(App\Controllers\Admin_c))
 9 SYSTEMPATH\CodeIgniter.php(355): CodeIgniter\CodeIgniter->handleRequest(null, Object(Config\Cache), false)
10 SYSTEMPATH\Boot.php(325): CodeIgniter\CodeIgniter->run()
11 SYSTEMPATH\Boot.php(67): CodeIgniter\Boot::runCodeIgniter(Object(CodeIgniter\CodeIgniter))
12 FCPATH\index.php(57): CodeIgniter\Boot::bootWeb(Object(Config\Paths))
CRITICAL - 2025-08-29 21:34:34 --> [Caused by] mysqli_sql_exception: Unknown column 'u.user_id' in 'on clause'
in SYSTEMPATH\Database\MySQLi\Connection.php on line 312.
 1 SYSTEMPATH\Database\MySQLi\Connection.php(312): mysqli->query('SELECT `u`.`name`, `u`.`phone`
FROM `delhi_digit_entry` `de`
LEFT JOIN `users` `u` ON `u`.`user_id` = `de`.`refUser_id`
WHERE `de`.`digit_entry_num` = \'0\'
AND `de`.`digit_entry_type` = \'OPEN\'
AND `de`.`digit_entry_date` = \'2025-08-29\'
AND `de`.`refMarket_id` = \'3\'', 0)
 2 SYSTEMPATH\Database\BaseConnection.php(734): CodeIgniter\Database\MySQLi\Connection->execute('SELECT `u`.`name`, `u`.`phone`
FROM `delhi_digit_entry` `de`
LEFT JOIN `users` `u` ON `u`.`user_id` = `de`.`refUser_id`
WHERE `de`.`digit_entry_num` = \'0\'
AND `de`.`digit_entry_type` = \'OPEN\'
AND `de`.`digit_entry_date` = \'2025-08-29\'
AND `de`.`refMarket_id` = \'3\'')
 3 SYSTEMPATH\Database\BaseConnection.php(648): CodeIgniter\Database\BaseConnection->simpleQuery('SELECT `u`.`name`, `u`.`phone`
FROM `delhi_digit_entry` `de`
LEFT JOIN `users` `u` ON `u`.`user_id` = `de`.`refUser_id`
WHERE `de`.`digit_entry_num` = \'0\'
AND `de`.`digit_entry_type` = \'OPEN\'
AND `de`.`digit_entry_date` = \'2025-08-29\'
AND `de`.`refMarket_id` = \'3\'')
 4 SYSTEMPATH\Database\BaseBuilder.php(1644): CodeIgniter\Database\BaseConnection->query('SELECT `u`.`name`, `u`.`phone`
FROM `delhi_digit_entry` `de`
LEFT JOIN `users` `u` ON `u`.`user_id` = `de`.`refUser_id`
WHERE `de`.`digit_entry_num` = :de.digit_entry_num:
AND `de`.`digit_entry_type` = :de.digit_entry_type:
AND `de`.`digit_entry_date` = :de.digit_entry_date:
AND `de`.`refMarket_id` = :de.refMarket_id:', [...], false)
 5 APPPATH\Models\Admin_m.php(1845): CodeIgniter\Database\BaseBuilder->get()
 6 APPPATH\Helpers\functions_helper.php(878): App\Models\Admin_m->get___delhi_aankdo([...])
 7 APPPATH\Controllers\Admin_c.php(4983): get_result_delhi('3', '2025-08-29', '01', '0', '1')
 8 SYSTEMPATH\CodeIgniter.php(933): App\Controllers\Admin_c->delhi_winner_history()
 9 SYSTEMPATH\CodeIgniter.php(509): CodeIgniter\CodeIgniter->runController(Object(App\Controllers\Admin_c))
10 SYSTEMPATH\CodeIgniter.php(355): CodeIgniter\CodeIgniter->handleRequest(null, Object(Config\Cache), false)
11 SYSTEMPATH\Boot.php(325): CodeIgniter\CodeIgniter->run()
12 SYSTEMPATH\Boot.php(67): CodeIgniter\Boot::runCodeIgniter(Object(CodeIgniter\CodeIgniter))
13 FCPATH\index.php(57): CodeIgniter\Boot::bootWeb(Object(Config\Paths))
INFO - 2025-08-29 21:34:44 --> Session: Class initialized using 'CodeIgniter\Session\Handlers\FileHandler' driver.
WARNING - 2025-08-29 21:34:44 --> Session: Sessions is enabled, and one exists. Please don't $session->start();
INFO - 2025-08-29 21:34:49 --> Session: Class initialized using 'CodeIgniter\Session\Handlers\FileHandler' driver.
WARNING - 2025-08-29 21:34:49 --> Session: Sessions is enabled, and one exists. Please don't $session->start();
INFO - 2025-08-29 21:34:52 --> Session: Class initialized using 'CodeIgniter\Session\Handlers\FileHandler' driver.
WARNING - 2025-08-29 21:34:52 --> Session: Sessions is enabled, and one exists. Please don't $session->start();
INFO - 2025-08-29 21:34:56 --> Session: Class initialized using 'CodeIgniter\Session\Handlers\FileHandler' driver.
WARNING - 2025-08-29 21:34:56 --> Session: Sessions is enabled, and one exists. Please don't $session->start();
INFO - 2025-08-29 21:35:01 --> Session: Class initialized using 'CodeIgniter\Session\Handlers\FileHandler' driver.
WARNING - 2025-08-29 21:35:01 --> Session: Sessions is enabled, and one exists. Please don't $session->start();
