CRITICAL - 2025-06-06 19:34:37 --> CodeIgniter\Security\Exceptions\SecurityException: The action you requested is not allowed.
[Method: POST, Route: win-bid-commission-ajax-admin]
in SYSTEMPATH\Security\Security.php on line 262.
 1 SYSTEMPATH\Security\Security.php(262): CodeIgniter\Security\Exceptions\SecurityException::forDisallowedAction()
 2 SYSTEMPATH\Filters\CSRF.php(52): CodeIgniter\Security\Security->verify(Object(CodeIgniter\HTTP\IncomingRequest))
 3 SYSTEMPATH\Filters\Filters.php(203): CodeIgniter\Filters\CSRF->before(Object(CodeIgniter\HTTP\IncomingRequest), null)
 4 SYSTEMPATH\Filters\Filters.php(184): CodeIgniter\Filters\Filters->runBefore([...])
 5 SYSTEMPATH\CodeIgniter.php(481): CodeIgniter\Filters\Filters->run('win-bid-commission-ajax-admin', 'before')
 6 SYSTEMPATH\CodeIgniter.php(355): CodeIgniter\CodeIgniter->handleRequest(null, Object(Config\Cache), false)
 7 SYSTEMPATH\Boot.php(325): CodeIgniter\CodeIgniter->run()
 8 SYSTEMPATH\Boot.php(67): CodeIgniter\Boot::runCodeIgniter(Object(CodeIgniter\CodeIgniter))
 9 FCPATH\index.php(57): CodeIgniter\Boot::bootWeb(Object(Config\Paths))
CRITICAL - 2025-06-06 19:34:37 --> CodeIgniter\Security\Exceptions\SecurityException: The action you requested is not allowed.
[Method: POST, Route: win-bid-commission-ajax-admin]
in SYSTEMPATH\Security\Security.php on line 262.
 1 SYSTEMPATH\Security\Security.php(262): CodeIgniter\Security\Exceptions\SecurityException::forDisallowedAction()
 2 SYSTEMPATH\Filters\CSRF.php(52): CodeIgniter\Security\Security->verify(Object(CodeIgniter\HTTP\IncomingRequest))
 3 SYSTEMPATH\Filters\Filters.php(203): CodeIgniter\Filters\CSRF->before(Object(CodeIgniter\HTTP\IncomingRequest), null)
 4 SYSTEMPATH\Filters\Filters.php(184): CodeIgniter\Filters\Filters->runBefore([...])
 5 SYSTEMPATH\CodeIgniter.php(481): CodeIgniter\Filters\Filters->run('win-bid-commission-ajax-admin', 'before')
 6 SYSTEMPATH\CodeIgniter.php(355): CodeIgniter\CodeIgniter->handleRequest(null, Object(Config\Cache), false)
 7 SYSTEMPATH\Boot.php(325): CodeIgniter\CodeIgniter->run()
 8 SYSTEMPATH\Boot.php(67): CodeIgniter\Boot::runCodeIgniter(Object(CodeIgniter\CodeIgniter))
 9 FCPATH\index.php(57): CodeIgniter\Boot::bootWeb(Object(Config\Paths))
CRITICAL - 2025-06-06 19:34:37 --> CodeIgniter\Security\Exceptions\SecurityException: The action you requested is not allowed.
[Method: POST, Route: win-bid-commission-ajax-admin]
in SYSTEMPATH\Security\Security.php on line 262.
 1 SYSTEMPATH\Security\Security.php(262): CodeIgniter\Security\Exceptions\SecurityException::forDisallowedAction()
 2 SYSTEMPATH\Filters\CSRF.php(52): CodeIgniter\Security\Security->verify(Object(CodeIgniter\HTTP\IncomingRequest))
 3 SYSTEMPATH\Filters\Filters.php(203): CodeIgniter\Filters\CSRF->before(Object(CodeIgniter\HTTP\IncomingRequest), null)
 4 SYSTEMPATH\Filters\Filters.php(184): CodeIgniter\Filters\Filters->runBefore([...])
 5 SYSTEMPATH\CodeIgniter.php(481): CodeIgniter\Filters\Filters->run('win-bid-commission-ajax-admin', 'before')
 6 SYSTEMPATH\CodeIgniter.php(355): CodeIgniter\CodeIgniter->handleRequest(null, Object(Config\Cache), false)
 7 SYSTEMPATH\Boot.php(325): CodeIgniter\CodeIgniter->run()
 8 SYSTEMPATH\Boot.php(67): CodeIgniter\Boot::runCodeIgniter(Object(CodeIgniter\CodeIgniter))
 9 FCPATH\index.php(57): CodeIgniter\Boot::bootWeb(Object(Config\Paths))
CRITICAL - 2025-06-06 19:34:38 --> CodeIgniter\Security\Exceptions\SecurityException: The action you requested is not allowed.
[Method: POST, Route: win-bid-commission-ajax-admin]
in SYSTEMPATH\Security\Security.php on line 262.
 1 SYSTEMPATH\Security\Security.php(262): CodeIgniter\Security\Exceptions\SecurityException::forDisallowedAction()
 2 SYSTEMPATH\Filters\CSRF.php(52): CodeIgniter\Security\Security->verify(Object(CodeIgniter\HTTP\IncomingRequest))
 3 SYSTEMPATH\Filters\Filters.php(203): CodeIgniter\Filters\CSRF->before(Object(CodeIgniter\HTTP\IncomingRequest), null)
 4 SYSTEMPATH\Filters\Filters.php(184): CodeIgniter\Filters\Filters->runBefore([...])
 5 SYSTEMPATH\CodeIgniter.php(481): CodeIgniter\Filters\Filters->run('win-bid-commission-ajax-admin', 'before')
 6 SYSTEMPATH\CodeIgniter.php(355): CodeIgniter\CodeIgniter->handleRequest(null, Object(Config\Cache), false)
 7 SYSTEMPATH\Boot.php(325): CodeIgniter\CodeIgniter->run()
 8 SYSTEMPATH\Boot.php(67): CodeIgniter\Boot::runCodeIgniter(Object(CodeIgniter\CodeIgniter))
 9 FCPATH\index.php(57): CodeIgniter\Boot::bootWeb(Object(Config\Paths))
CRITICAL - 2025-06-06 19:34:38 --> CodeIgniter\Security\Exceptions\SecurityException: The action you requested is not allowed.
[Method: POST, Route: win-bid-commission-ajax-admin]
in SYSTEMPATH\Security\Security.php on line 262.
 1 SYSTEMPATH\Security\Security.php(262): CodeIgniter\Security\Exceptions\SecurityException::forDisallowedAction()
 2 SYSTEMPATH\Filters\CSRF.php(52): CodeIgniter\Security\Security->verify(Object(CodeIgniter\HTTP\IncomingRequest))
 3 SYSTEMPATH\Filters\Filters.php(203): CodeIgniter\Filters\CSRF->before(Object(CodeIgniter\HTTP\IncomingRequest), null)
 4 SYSTEMPATH\Filters\Filters.php(184): CodeIgniter\Filters\Filters->runBefore([...])
 5 SYSTEMPATH\CodeIgniter.php(481): CodeIgniter\Filters\Filters->run('win-bid-commission-ajax-admin', 'before')
 6 SYSTEMPATH\CodeIgniter.php(355): CodeIgniter\CodeIgniter->handleRequest(null, Object(Config\Cache), false)
 7 SYSTEMPATH\Boot.php(325): CodeIgniter\CodeIgniter->run()
 8 SYSTEMPATH\Boot.php(67): CodeIgniter\Boot::runCodeIgniter(Object(CodeIgniter\CodeIgniter))
 9 FCPATH\index.php(57): CodeIgniter\Boot::bootWeb(Object(Config\Paths))
INFO - 2025-06-06 19:35:29 --> Session: Class initialized using 'CodeIgniter\Session\Handlers\FileHandler' driver.
WARNING - 2025-06-06 19:35:29 --> Session: Sessions is enabled, and one exists. Please don't $session->start();
INFO - 2025-06-06 19:35:32 --> Session: Class initialized using 'CodeIgniter\Session\Handlers\FileHandler' driver.
WARNING - 2025-06-06 19:35:32 --> Session: Sessions is enabled, and one exists. Please don't $session->start();
INFO - 2025-06-06 19:35:34 --> Session: Class initialized using 'CodeIgniter\Session\Handlers\FileHandler' driver.
WARNING - 2025-06-06 19:35:34 --> Session: Sessions is enabled, and one exists. Please don't $session->start();
INFO - 2025-06-06 19:35:37 --> Session: Class initialized using 'CodeIgniter\Session\Handlers\FileHandler' driver.
WARNING - 2025-06-06 19:35:37 --> Session: Sessions is enabled, and one exists. Please don't $session->start();
INFO - 2025-06-06 19:36:39 --> Session: Class initialized using 'CodeIgniter\Session\Handlers\FileHandler' driver.
WARNING - 2025-06-06 19:36:39 --> Session: Sessions is enabled, and one exists. Please don't $session->start();
INFO - 2025-06-06 19:36:42 --> Session: Class initialized using 'CodeIgniter\Session\Handlers\FileHandler' driver.
WARNING - 2025-06-06 19:36:42 --> Session: Sessions is enabled, and one exists. Please don't $session->start();
INFO - 2025-06-06 19:36:53 --> Session: Class initialized using 'CodeIgniter\Session\Handlers\FileHandler' driver.
WARNING - 2025-06-06 19:36:53 --> Session: Sessions is enabled, and one exists. Please don't $session->start();
INFO - 2025-06-06 19:38:16 --> Session: Class initialized using 'CodeIgniter\Session\Handlers\FileHandler' driver.
WARNING - 2025-06-06 19:38:16 --> Session: Sessions is enabled, and one exists. Please don't $session->start();
INFO - 2025-06-06 19:38:21 --> Session: Class initialized using 'CodeIgniter\Session\Handlers\FileHandler' driver.
WARNING - 2025-06-06 19:38:21 --> Session: Sessions is enabled, and one exists. Please don't $session->start();
INFO - 2025-06-06 19:38:21 --> Session: Class initialized using 'CodeIgniter\Session\Handlers\FileHandler' driver.
WARNING - 2025-06-06 19:38:21 --> Session: Sessions is enabled, and one exists. Please don't $session->start();
INFO - 2025-06-06 19:38:29 --> Session: Class initialized using 'CodeIgniter\Session\Handlers\FileHandler' driver.
WARNING - 2025-06-06 19:38:29 --> Session: Sessions is enabled, and one exists. Please don't $session->start();
INFO - 2025-06-06 19:42:27 --> Session: Class initialized using 'CodeIgniter\Session\Handlers\FileHandler' driver.
WARNING - 2025-06-06 19:42:27 --> Session: Sessions is enabled, and one exists. Please don't $session->start();
INFO - 2025-06-06 19:43:20 --> Session: Class initialized using 'CodeIgniter\Session\Handlers\FileHandler' driver.
WARNING - 2025-06-06 19:43:20 --> Session: Sessions is enabled, and one exists. Please don't $session->start();
INFO - 2025-06-06 19:43:49 --> Session: Class initialized using 'CodeIgniter\Session\Handlers\FileHandler' driver.
WARNING - 2025-06-06 19:43:49 --> Session: Sessions is enabled, and one exists. Please don't $session->start();
INFO - 2025-06-06 19:44:42 --> Session: Class initialized using 'CodeIgniter\Session\Handlers\FileHandler' driver.
WARNING - 2025-06-06 19:44:42 --> Session: Sessions is enabled, and one exists. Please don't $session->start();
INFO - 2025-06-06 19:44:43 --> Session: Class initialized using 'CodeIgniter\Session\Handlers\FileHandler' driver.
WARNING - 2025-06-06 19:44:43 --> Session: Sessions is enabled, and one exists. Please don't $session->start();
INFO - 2025-06-06 19:44:53 --> Session: Class initialized using 'CodeIgniter\Session\Handlers\FileHandler' driver.
WARNING - 2025-06-06 19:44:53 --> Session: Sessions is enabled, and one exists. Please don't $session->start();
INFO - 2025-06-06 19:44:54 --> Session: Class initialized using 'CodeIgniter\Session\Handlers\FileHandler' driver.
WARNING - 2025-06-06 19:44:54 --> Session: Sessions is enabled, and one exists. Please don't $session->start();
INFO - 2025-06-06 19:46:21 --> Session: Class initialized using 'CodeIgniter\Session\Handlers\FileHandler' driver.
WARNING - 2025-06-06 19:46:22 --> Session: Sessions is enabled, and one exists. Please don't $session->start();
INFO - 2025-06-06 19:46:24 --> Session: Class initialized using 'CodeIgniter\Session\Handlers\FileHandler' driver.
WARNING - 2025-06-06 19:46:24 --> Session: Sessions is enabled, and one exists. Please don't $session->start();
INFO - 2025-06-06 19:46:24 --> Session: Class initialized using 'CodeIgniter\Session\Handlers\FileHandler' driver.
WARNING - 2025-06-06 19:46:24 --> Session: Sessions is enabled, and one exists. Please don't $session->start();
INFO - 2025-06-06 19:46:28 --> Session: Class initialized using 'CodeIgniter\Session\Handlers\FileHandler' driver.
WARNING - 2025-06-06 19:46:28 --> Session: Sessions is enabled, and one exists. Please don't $session->start();
INFO - 2025-06-06 19:46:29 --> Session: Class initialized using 'CodeIgniter\Session\Handlers\FileHandler' driver.
WARNING - 2025-06-06 19:46:29 --> Session: Sessions is enabled, and one exists. Please don't $session->start();
INFO - 2025-06-06 19:46:35 --> Session: Class initialized using 'CodeIgniter\Session\Handlers\FileHandler' driver.
WARNING - 2025-06-06 19:46:35 --> Session: Sessions is enabled, and one exists. Please don't $session->start();
INFO - 2025-06-06 19:46:35 --> Session: Class initialized using 'CodeIgniter\Session\Handlers\FileHandler' driver.
WARNING - 2025-06-06 19:46:36 --> Session: Sessions is enabled, and one exists. Please don't $session->start();
INFO - 2025-06-06 19:46:38 --> Session: Class initialized using 'CodeIgniter\Session\Handlers\FileHandler' driver.
WARNING - 2025-06-06 19:46:38 --> Session: Sessions is enabled, and one exists. Please don't $session->start();
INFO - 2025-06-06 19:46:41 --> Session: Class initialized using 'CodeIgniter\Session\Handlers\FileHandler' driver.
WARNING - 2025-06-06 19:46:41 --> Session: Sessions is enabled, and one exists. Please don't $session->start();
INFO - 2025-06-06 19:47:46 --> Session: Class initialized using 'CodeIgniter\Session\Handlers\FileHandler' driver.
WARNING - 2025-06-06 19:47:46 --> Session: Sessions is enabled, and one exists. Please don't $session->start();
INFO - 2025-06-06 19:48:10 --> Session: Class initialized using 'CodeIgniter\Session\Handlers\FileHandler' driver.
WARNING - 2025-06-06 19:48:10 --> Session: Sessions is enabled, and one exists. Please don't $session->start();
INFO - 2025-06-06 19:51:17 --> Session: Class initialized using 'CodeIgniter\Session\Handlers\FileHandler' driver.
WARNING - 2025-06-06 19:51:17 --> Session: Sessions is enabled, and one exists. Please don't $session->start();
INFO - 2025-06-06 19:51:21 --> Session: Class initialized using 'CodeIgniter\Session\Handlers\FileHandler' driver.
WARNING - 2025-06-06 19:51:21 --> Session: Sessions is enabled, and one exists. Please don't $session->start();
INFO - 2025-06-06 19:51:23 --> Session: Class initialized using 'CodeIgniter\Session\Handlers\FileHandler' driver.
WARNING - 2025-06-06 19:51:23 --> Session: Sessions is enabled, and one exists. Please don't $session->start();
INFO - 2025-06-06 19:51:24 --> Session: Class initialized using 'CodeIgniter\Session\Handlers\FileHandler' driver.
WARNING - 2025-06-06 19:51:24 --> Session: Sessions is enabled, and one exists. Please don't $session->start();
INFO - 2025-06-06 19:51:24 --> Session: Class initialized using 'CodeIgniter\Session\Handlers\FileHandler' driver.
WARNING - 2025-06-06 19:51:24 --> Session: Sessions is enabled, and one exists. Please don't $session->start();
INFO - 2025-06-06 19:52:01 --> Session: Class initialized using 'CodeIgniter\Session\Handlers\FileHandler' driver.
WARNING - 2025-06-06 19:52:01 --> Session: Sessions is enabled, and one exists. Please don't $session->start();
INFO - 2025-06-06 19:52:28 --> Session: Class initialized using 'CodeIgniter\Session\Handlers\FileHandler' driver.
WARNING - 2025-06-06 19:52:28 --> Session: Sessions is enabled, and one exists. Please don't $session->start();
INFO - 2025-06-06 19:53:07 --> Session: Class initialized using 'CodeIgniter\Session\Handlers\FileHandler' driver.
WARNING - 2025-06-06 19:53:07 --> Session: Sessions is enabled, and one exists. Please don't $session->start();
INFO - 2025-06-06 19:55:04 --> Session: Class initialized using 'CodeIgniter\Session\Handlers\FileHandler' driver.
WARNING - 2025-06-06 19:55:04 --> Session: Sessions is enabled, and one exists. Please don't $session->start();
INFO - 2025-06-06 19:55:47 --> Session: Class initialized using 'CodeIgniter\Session\Handlers\FileHandler' driver.
WARNING - 2025-06-06 19:55:47 --> Session: Sessions is enabled, and one exists. Please don't $session->start();
INFO - 2025-06-06 19:56:05 --> Session: Class initialized using 'CodeIgniter\Session\Handlers\FileHandler' driver.
WARNING - 2025-06-06 19:56:05 --> Session: Sessions is enabled, and one exists. Please don't $session->start();
INFO - 2025-06-06 19:59:10 --> Session: Class initialized using 'CodeIgniter\Session\Handlers\FileHandler' driver.
WARNING - 2025-06-06 19:59:10 --> Session: Sessions is enabled, and one exists. Please don't $session->start();
INFO - 2025-06-06 20:00:51 --> Session: Class initialized using 'CodeIgniter\Session\Handlers\FileHandler' driver.
WARNING - 2025-06-06 20:00:51 --> Session: Sessions is enabled, and one exists. Please don't $session->start();
INFO - 2025-06-06 20:57:37 --> Session: Class initialized using 'CodeIgniter\Session\Handlers\FileHandler' driver.
WARNING - 2025-06-06 20:57:37 --> Session: Sessions is enabled, and one exists. Please don't $session->start();
INFO - 2025-06-06 20:57:39 --> Session: Class initialized using 'CodeIgniter\Session\Handlers\FileHandler' driver.
WARNING - 2025-06-06 20:57:39 --> Session: Sessions is enabled, and one exists. Please don't $session->start();
INFO - 2025-06-06 20:57:43 --> Session: Class initialized using 'CodeIgniter\Session\Handlers\FileHandler' driver.
WARNING - 2025-06-06 20:57:43 --> Session: Sessions is enabled, and one exists. Please don't $session->start();
INFO - 2025-06-06 20:57:44 --> Session: Class initialized using 'CodeIgniter\Session\Handlers\FileHandler' driver.
WARNING - 2025-06-06 20:57:44 --> Session: Sessions is enabled, and one exists. Please don't $session->start();
INFO - 2025-06-06 20:58:29 --> Session: Class initialized using 'CodeIgniter\Session\Handlers\FileHandler' driver.
WARNING - 2025-06-06 20:58:29 --> Session: Sessions is enabled, and one exists. Please don't $session->start();
INFO - 2025-06-06 20:58:39 --> Session: Class initialized using 'CodeIgniter\Session\Handlers\FileHandler' driver.
WARNING - 2025-06-06 20:58:39 --> Session: Sessions is enabled, and one exists. Please don't $session->start();
INFO - 2025-06-06 20:58:42 --> Session: Class initialized using 'CodeIgniter\Session\Handlers\FileHandler' driver.
WARNING - 2025-06-06 20:58:42 --> Session: Sessions is enabled, and one exists. Please don't $session->start();
INFO - 2025-06-06 20:58:43 --> Session: Class initialized using 'CodeIgniter\Session\Handlers\FileHandler' driver.
WARNING - 2025-06-06 20:58:43 --> Session: Sessions is enabled, and one exists. Please don't $session->start();
INFO - 2025-06-06 20:59:35 --> Session: Class initialized using 'CodeIgniter\Session\Handlers\FileHandler' driver.
WARNING - 2025-06-06 20:59:36 --> Session: Sessions is enabled, and one exists. Please don't $session->start();
INFO - 2025-06-06 21:01:27 --> Session: Class initialized using 'CodeIgniter\Session\Handlers\FileHandler' driver.
WARNING - 2025-06-06 21:01:27 --> Session: Sessions is enabled, and one exists. Please don't $session->start();
INFO - 2025-06-06 21:01:33 --> Session: Class initialized using 'CodeIgniter\Session\Handlers\FileHandler' driver.
WARNING - 2025-06-06 21:01:33 --> Session: Sessions is enabled, and one exists. Please don't $session->start();
INFO - 2025-06-06 21:01:37 --> Session: Class initialized using 'CodeIgniter\Session\Handlers\FileHandler' driver.
WARNING - 2025-06-06 21:01:37 --> Session: Sessions is enabled, and one exists. Please don't $session->start();
INFO - 2025-06-06 21:01:39 --> Session: Class initialized using 'CodeIgniter\Session\Handlers\FileHandler' driver.
WARNING - 2025-06-06 21:01:39 --> Session: Sessions is enabled, and one exists. Please don't $session->start();
INFO - 2025-06-06 21:01:57 --> Session: Class initialized using 'CodeIgniter\Session\Handlers\FileHandler' driver.
WARNING - 2025-06-06 21:01:57 --> Session: Sessions is enabled, and one exists. Please don't $session->start();
INFO - 2025-06-06 21:02:24 --> Session: Class initialized using 'CodeIgniter\Session\Handlers\FileHandler' driver.
WARNING - 2025-06-06 21:02:24 --> Session: Sessions is enabled, and one exists. Please don't $session->start();
INFO - 2025-06-06 21:02:56 --> Session: Class initialized using 'CodeIgniter\Session\Handlers\FileHandler' driver.
WARNING - 2025-06-06 21:02:56 --> Session: Sessions is enabled, and one exists. Please don't $session->start();
INFO - 2025-06-06 21:03:10 --> Session: Class initialized using 'CodeIgniter\Session\Handlers\FileHandler' driver.
WARNING - 2025-06-06 21:03:10 --> Session: Sessions is enabled, and one exists. Please don't $session->start();
INFO - 2025-06-06 21:03:37 --> Session: Class initialized using 'CodeIgniter\Session\Handlers\FileHandler' driver.
WARNING - 2025-06-06 21:03:37 --> Session: Sessions is enabled, and one exists. Please don't $session->start();
INFO - 2025-06-06 21:03:54 --> Session: Class initialized using 'CodeIgniter\Session\Handlers\FileHandler' driver.
WARNING - 2025-06-06 21:03:54 --> Session: Sessions is enabled, and one exists. Please don't $session->start();
INFO - 2025-06-06 21:04:27 --> Session: Class initialized using 'CodeIgniter\Session\Handlers\FileHandler' driver.
WARNING - 2025-06-06 21:04:27 --> Session: Sessions is enabled, and one exists. Please don't $session->start();
INFO - 2025-06-06 21:04:45 --> Session: Class initialized using 'CodeIgniter\Session\Handlers\FileHandler' driver.
WARNING - 2025-06-06 21:04:45 --> Session: Sessions is enabled, and one exists. Please don't $session->start();
CRITICAL - 2025-06-06 21:04:46 --> ErrorException: Undefined array key 0
[Method: POST, Route: submit-delhi-game]
in APPPATH\Controllers\User_c.php on line 1644.
 1 APPPATH\Controllers\User_c.php(1644): CodeIgniter\Debug\Exceptions->errorHandler(2, 'Undefined array key 0', 'C:\\laragon\\www\\pro1\\app\\Controllers\\User_c.php', 1644)
 2 SYSTEMPATH\CodeIgniter.php(933): App\Controllers\User_c->submit_delhi_game()
 3 SYSTEMPATH\CodeIgniter.php(509): CodeIgniter\CodeIgniter->runController(Object(App\Controllers\User_c))
 4 SYSTEMPATH\CodeIgniter.php(355): CodeIgniter\CodeIgniter->handleRequest(null, Object(Config\Cache), false)
 5 SYSTEMPATH\Boot.php(325): CodeIgniter\CodeIgniter->run()
 6 SYSTEMPATH\Boot.php(67): CodeIgniter\Boot::runCodeIgniter(Object(CodeIgniter\CodeIgniter))
 7 FCPATH\index.php(57): CodeIgniter\Boot::bootWeb(Object(Config\Paths))
INFO - 2025-06-06 21:05:28 --> Session: Class initialized using 'CodeIgniter\Session\Handlers\FileHandler' driver.
WARNING - 2025-06-06 21:05:28 --> Session: Sessions is enabled, and one exists. Please don't $session->start();
INFO - 2025-06-06 21:05:39 --> Session: Class initialized using 'CodeIgniter\Session\Handlers\FileHandler' driver.
WARNING - 2025-06-06 21:05:39 --> Session: Sessions is enabled, and one exists. Please don't $session->start();
INFO - 2025-06-06 21:07:31 --> Session: Class initialized using 'CodeIgniter\Session\Handlers\FileHandler' driver.
WARNING - 2025-06-06 21:07:31 --> Session: Sessions is enabled, and one exists. Please don't $session->start();
INFO - 2025-06-06 21:08:53 --> Session: Class initialized using 'CodeIgniter\Session\Handlers\FileHandler' driver.
WARNING - 2025-06-06 21:08:53 --> Session: Sessions is enabled, and one exists. Please don't $session->start();
INFO - 2025-06-06 21:10:36 --> Session: Class initialized using 'CodeIgniter\Session\Handlers\FileHandler' driver.
WARNING - 2025-06-06 21:10:36 --> Session: Sessions is enabled, and one exists. Please don't $session->start();
INFO - 2025-06-06 22:39:04 --> Session: Class initialized using 'CodeIgniter\Session\Handlers\FileHandler' driver.
WARNING - 2025-06-06 22:39:04 --> Session: Sessions is enabled, and one exists. Please don't $session->start();
INFO - 2025-06-06 22:39:06 --> Session: Class initialized using 'CodeIgniter\Session\Handlers\FileHandler' driver.
WARNING - 2025-06-06 22:39:06 --> Session: Sessions is enabled, and one exists. Please don't $session->start();
INFO - 2025-06-06 22:39:08 --> Session: Class initialized using 'CodeIgniter\Session\Handlers\FileHandler' driver.
WARNING - 2025-06-06 22:39:08 --> Session: Sessions is enabled, and one exists. Please don't $session->start();
INFO - 2025-06-06 22:39:08 --> Session: Class initialized using 'CodeIgniter\Session\Handlers\FileHandler' driver.
WARNING - 2025-06-06 22:39:08 --> Session: Sessions is enabled, and one exists. Please don't $session->start();
INFO - 2025-06-06 22:39:21 --> Session: Class initialized using 'CodeIgniter\Session\Handlers\FileHandler' driver.
WARNING - 2025-06-06 22:39:21 --> Session: Sessions is enabled, and one exists. Please don't $session->start();
INFO - 2025-06-06 22:39:22 --> Session: Class initialized using 'CodeIgniter\Session\Handlers\FileHandler' driver.
WARNING - 2025-06-06 22:39:22 --> Session: Sessions is enabled, and one exists. Please don't $session->start();
INFO - 2025-06-06 22:39:22 --> Session: Class initialized using 'CodeIgniter\Session\Handlers\FileHandler' driver.
WARNING - 2025-06-06 22:39:22 --> Session: Sessions is enabled, and one exists. Please don't $session->start();
INFO - 2025-06-06 22:39:24 --> Session: Class initialized using 'CodeIgniter\Session\Handlers\FileHandler' driver.
WARNING - 2025-06-06 22:39:24 --> Session: Sessions is enabled, and one exists. Please don't $session->start();
ERROR - 2025-06-06 22:39:24 --> mysqli_sql_exception: Table 'pro1.playgame70s' doesn't exist in C:\laragon\www\pro1\vendor\codeigniter4\framework\system\Database\MySQLi\Connection.php:312
Stack trace:
#0 C:\laragon\www\pro1\vendor\codeigniter4\framework\system\Database\MySQLi\Connection.php(312): mysqli->query('SELECT SUM(amou...', 0)
#1 C:\laragon\www\pro1\vendor\codeigniter4\framework\system\Database\BaseConnection.php(734): CodeIgniter\Database\MySQLi\Connection->execute('SELECT SUM(amou...')
#2 C:\laragon\www\pro1\vendor\codeigniter4\framework\system\Database\BaseConnection.php(648): CodeIgniter\Database\BaseConnection->simpleQuery('SELECT SUM(amou...')
#3 C:\laragon\www\pro1\vendor\codeigniter4\framework\system\Database\BaseBuilder.php(1644): CodeIgniter\Database\BaseConnection->query('SELECT SUM(amou...', Array, false)
#4 C:\laragon\www\pro1\app\Models\Admin_m.php(1998): CodeIgniter\Database\BaseBuilder->get()
#5 C:\laragon\www\pro1\app\Controllers\Admin_c.php(121): App\Models\Admin_m->card_get_total_win_bid()
#6 C:\laragon\www\pro1\vendor\codeigniter4\framework\system\CodeIgniter.php(933): App\Controllers\Admin_c->win_bid_commission_ajax()
#7 C:\laragon\www\pro1\vendor\codeigniter4\framework\system\CodeIgniter.php(509): CodeIgniter\CodeIgniter->runController(Object(App\Controllers\Admin_c))
#8 C:\laragon\www\pro1\vendor\codeigniter4\framework\system\CodeIgniter.php(355): CodeIgniter\CodeIgniter->handleRequest(NULL, Object(Config\Cache), false)
#9 C:\laragon\www\pro1\vendor\codeigniter4\framework\system\Boot.php(325): CodeIgniter\CodeIgniter->run()
#10 C:\laragon\www\pro1\vendor\codeigniter4\framework\system\Boot.php(67): CodeIgniter\Boot::runCodeIgniter(Object(CodeIgniter\CodeIgniter))
#11 C:\laragon\www\pro1\index.php(57): CodeIgniter\Boot::bootWeb(Object(Config\Paths))
#12 {main}
CRITICAL - 2025-06-06 22:39:24 --> CodeIgniter\Database\Exceptions\DatabaseException: Table 'pro1.playgame70s' doesn't exist
[Method: POST, Route: win-bid-commission-ajax-admin]
in SYSTEMPATH\Database\BaseConnection.php on line 688.
 1 SYSTEMPATH\Database\BaseBuilder.php(1644): CodeIgniter\Database\BaseConnection->query('SELECT SUM(amount) as total_bid, SUM(CASE WHEN win = 1 THEN amount * rate ELSE 0 END) as total_win, SUM(commission) as total_commission
FROM `playgame70s`
WHERE DATE(date_added) >= :DATE(date_added):
AND DATE(date_added) <= :DATE(date_added).1:', [...], false)
 2 APPPATH\Models\Admin_m.php(1998): CodeIgniter\Database\BaseBuilder->get()
 3 APPPATH\Controllers\Admin_c.php(121): App\Models\Admin_m->card_get_total_win_bid()
 4 SYSTEMPATH\CodeIgniter.php(933): App\Controllers\Admin_c->win_bid_commission_ajax()
 5 SYSTEMPATH\CodeIgniter.php(509): CodeIgniter\CodeIgniter->runController(Object(App\Controllers\Admin_c))
 6 SYSTEMPATH\CodeIgniter.php(355): CodeIgniter\CodeIgniter->handleRequest(null, Object(Config\Cache), false)
 7 SYSTEMPATH\Boot.php(325): CodeIgniter\CodeIgniter->run()
 8 SYSTEMPATH\Boot.php(67): CodeIgniter\Boot::runCodeIgniter(Object(CodeIgniter\CodeIgniter))
 9 FCPATH\index.php(57): CodeIgniter\Boot::bootWeb(Object(Config\Paths))
CRITICAL - 2025-06-06 22:39:24 --> [Caused by] CodeIgniter\Database\Exceptions\DatabaseException: Table 'pro1.playgame70s' doesn't exist
in SYSTEMPATH\Database\MySQLi\Connection.php on line 317.
 1 SYSTEMPATH\Database\BaseConnection.php(734): CodeIgniter\Database\MySQLi\Connection->execute('SELECT SUM(amount) as total_bid, SUM(CASE WHEN win = 1 THEN amount * rate ELSE 0 END) as total_win, SUM(commission) as total_commission
FROM `playgame70s`
WHERE DATE(date_added) >= \'2025-06-06\'
AND DATE(date_added) <= \'2025-06-06\'')
 2 SYSTEMPATH\Database\BaseConnection.php(648): CodeIgniter\Database\BaseConnection->simpleQuery('SELECT SUM(amount) as total_bid, SUM(CASE WHEN win = 1 THEN amount * rate ELSE 0 END) as total_win, SUM(commission) as total_commission
FROM `playgame70s`
WHERE DATE(date_added) >= \'2025-06-06\'
AND DATE(date_added) <= \'2025-06-06\'')
 3 SYSTEMPATH\Database\BaseBuilder.php(1644): CodeIgniter\Database\BaseConnection->query('SELECT SUM(amount) as total_bid, SUM(CASE WHEN win = 1 THEN amount * rate ELSE 0 END) as total_win, SUM(commission) as total_commission
FROM `playgame70s`
WHERE DATE(date_added) >= :DATE(date_added):
AND DATE(date_added) <= :DATE(date_added).1:', [...], false)
 4 APPPATH\Models\Admin_m.php(1998): CodeIgniter\Database\BaseBuilder->get()
 5 APPPATH\Controllers\Admin_c.php(121): App\Models\Admin_m->card_get_total_win_bid()
 6 SYSTEMPATH\CodeIgniter.php(933): App\Controllers\Admin_c->win_bid_commission_ajax()
 7 SYSTEMPATH\CodeIgniter.php(509): CodeIgniter\CodeIgniter->runController(Object(App\Controllers\Admin_c))
 8 SYSTEMPATH\CodeIgniter.php(355): CodeIgniter\CodeIgniter->handleRequest(null, Object(Config\Cache), false)
 9 SYSTEMPATH\Boot.php(325): CodeIgniter\CodeIgniter->run()
10 SYSTEMPATH\Boot.php(67): CodeIgniter\Boot::runCodeIgniter(Object(CodeIgniter\CodeIgniter))
11 FCPATH\index.php(57): CodeIgniter\Boot::bootWeb(Object(Config\Paths))
CRITICAL - 2025-06-06 22:39:24 --> [Caused by] mysqli_sql_exception: Table 'pro1.playgame70s' doesn't exist
in SYSTEMPATH\Database\MySQLi\Connection.php on line 312.
 1 SYSTEMPATH\Database\MySQLi\Connection.php(312): mysqli->query('SELECT SUM(amount) as total_bid, SUM(CASE WHEN win = 1 THEN amount * rate ELSE 0 END) as total_win, SUM(commission) as total_commission
FROM `playgame70s`
WHERE DATE(date_added) >= \'2025-06-06\'
AND DATE(date_added) <= \'2025-06-06\'', 0)
 2 SYSTEMPATH\Database\BaseConnection.php(734): CodeIgniter\Database\MySQLi\Connection->execute('SELECT SUM(amount) as total_bid, SUM(CASE WHEN win = 1 THEN amount * rate ELSE 0 END) as total_win, SUM(commission) as total_commission
FROM `playgame70s`
WHERE DATE(date_added) >= \'2025-06-06\'
AND DATE(date_added) <= \'2025-06-06\'')
 3 SYSTEMPATH\Database\BaseConnection.php(648): CodeIgniter\Database\BaseConnection->simpleQuery('SELECT SUM(amount) as total_bid, SUM(CASE WHEN win = 1 THEN amount * rate ELSE 0 END) as total_win, SUM(commission) as total_commission
FROM `playgame70s`
WHERE DATE(date_added) >= \'2025-06-06\'
AND DATE(date_added) <= \'2025-06-06\'')
 4 SYSTEMPATH\Database\BaseBuilder.php(1644): CodeIgniter\Database\BaseConnection->query('SELECT SUM(amount) as total_bid, SUM(CASE WHEN win = 1 THEN amount * rate ELSE 0 END) as total_win, SUM(commission) as total_commission
FROM `playgame70s`
WHERE DATE(date_added) >= :DATE(date_added):
AND DATE(date_added) <= :DATE(date_added).1:', [...], false)
 5 APPPATH\Models\Admin_m.php(1998): CodeIgniter\Database\BaseBuilder->get()
 6 APPPATH\Controllers\Admin_c.php(121): App\Models\Admin_m->card_get_total_win_bid()
 7 SYSTEMPATH\CodeIgniter.php(933): App\Controllers\Admin_c->win_bid_commission_ajax()
 8 SYSTEMPATH\CodeIgniter.php(509): CodeIgniter\CodeIgniter->runController(Object(App\Controllers\Admin_c))
 9 SYSTEMPATH\CodeIgniter.php(355): CodeIgniter\CodeIgniter->handleRequest(null, Object(Config\Cache), false)
10 SYSTEMPATH\Boot.php(325): CodeIgniter\CodeIgniter->run()
11 SYSTEMPATH\Boot.php(67): CodeIgniter\Boot::runCodeIgniter(Object(CodeIgniter\CodeIgniter))
12 FCPATH\index.php(57): CodeIgniter\Boot::bootWeb(Object(Config\Paths))
INFO - 2025-06-06 22:39:24 --> Session: Class initialized using 'CodeIgniter\Session\Handlers\FileHandler' driver.
WARNING - 2025-06-06 22:39:24 --> Session: Sessions is enabled, and one exists. Please don't $session->start();
INFO - 2025-06-06 22:39:24 --> Session: Class initialized using 'CodeIgniter\Session\Handlers\FileHandler' driver.
WARNING - 2025-06-06 22:39:24 --> Session: Sessions is enabled, and one exists. Please don't $session->start();
INFO - 2025-06-06 22:39:25 --> Session: Class initialized using 'CodeIgniter\Session\Handlers\FileHandler' driver.
WARNING - 2025-06-06 22:39:25 --> Session: Sessions is enabled, and one exists. Please don't $session->start();
INFO - 2025-06-06 22:39:25 --> Session: Class initialized using 'CodeIgniter\Session\Handlers\FileHandler' driver.
WARNING - 2025-06-06 22:39:25 --> Session: Sessions is enabled, and one exists. Please don't $session->start();
INFO - 2025-06-06 22:39:30 --> Session: Class initialized using 'CodeIgniter\Session\Handlers\FileHandler' driver.
WARNING - 2025-06-06 22:39:30 --> Session: Sessions is enabled, and one exists. Please don't $session->start();
INFO - 2025-06-06 22:39:40 --> Session: Class initialized using 'CodeIgniter\Session\Handlers\FileHandler' driver.
WARNING - 2025-06-06 22:39:40 --> Session: Sessions is enabled, and one exists. Please don't $session->start();
INFO - 2025-06-06 22:39:41 --> Session: Class initialized using 'CodeIgniter\Session\Handlers\FileHandler' driver.
WARNING - 2025-06-06 22:39:41 --> Session: Sessions is enabled, and one exists. Please don't $session->start();
INFO - 2025-06-06 22:40:25 --> Session: Class initialized using 'CodeIgniter\Session\Handlers\FileHandler' driver.
WARNING - 2025-06-06 22:40:25 --> Session: Sessions is enabled, and one exists. Please don't $session->start();
INFO - 2025-06-06 22:40:30 --> Session: Class initialized using 'CodeIgniter\Session\Handlers\FileHandler' driver.
WARNING - 2025-06-06 22:40:30 --> Session: Sessions is enabled, and one exists. Please don't $session->start();
INFO - 2025-06-06 22:40:32 --> Session: Class initialized using 'CodeIgniter\Session\Handlers\FileHandler' driver.
WARNING - 2025-06-06 22:40:32 --> Session: Sessions is enabled, and one exists. Please don't $session->start();
INFO - 2025-06-06 22:40:44 --> Session: Class initialized using 'CodeIgniter\Session\Handlers\FileHandler' driver.
WARNING - 2025-06-06 22:40:44 --> Session: Sessions is enabled, and one exists. Please don't $session->start();
INFO - 2025-06-06 22:40:47 --> Session: Class initialized using 'CodeIgniter\Session\Handlers\FileHandler' driver.
WARNING - 2025-06-06 22:40:47 --> Session: Sessions is enabled, and one exists. Please don't $session->start();
INFO - 2025-06-06 22:40:50 --> Session: Class initialized using 'CodeIgniter\Session\Handlers\FileHandler' driver.
WARNING - 2025-06-06 22:40:50 --> Session: Sessions is enabled, and one exists. Please don't $session->start();
INFO - 2025-06-06 22:40:51 --> Session: Class initialized using 'CodeIgniter\Session\Handlers\FileHandler' driver.
WARNING - 2025-06-06 22:40:51 --> Session: Sessions is enabled, and one exists. Please don't $session->start();
INFO - 2025-06-06 22:41:06 --> Session: Class initialized using 'CodeIgniter\Session\Handlers\FileHandler' driver.
WARNING - 2025-06-06 22:41:06 --> Session: Sessions is enabled, and one exists. Please don't $session->start();
INFO - 2025-06-06 22:42:38 --> Session: Class initialized using 'CodeIgniter\Session\Handlers\FileHandler' driver.
WARNING - 2025-06-06 22:42:38 --> Session: Sessions is enabled, and one exists. Please don't $session->start();
INFO - 2025-06-06 22:43:38 --> Session: Class initialized using 'CodeIgniter\Session\Handlers\FileHandler' driver.
WARNING - 2025-06-06 22:43:38 --> Session: Sessions is enabled, and one exists. Please don't $session->start();
INFO - 2025-06-06 22:44:28 --> Session: Class initialized using 'CodeIgniter\Session\Handlers\FileHandler' driver.
WARNING - 2025-06-06 22:44:28 --> Session: Sessions is enabled, and one exists. Please don't $session->start();
INFO - 2025-06-06 22:44:42 --> Session: Class initialized using 'CodeIgniter\Session\Handlers\FileHandler' driver.
WARNING - 2025-06-06 22:44:42 --> Session: Sessions is enabled, and one exists. Please don't $session->start();
INFO - 2025-06-06 22:45:25 --> Session: Class initialized using 'CodeIgniter\Session\Handlers\FileHandler' driver.
WARNING - 2025-06-06 22:45:25 --> Session: Sessions is enabled, and one exists. Please don't $session->start();
INFO - 2025-06-06 22:46:34 --> Session: Class initialized using 'CodeIgniter\Session\Handlers\FileHandler' driver.
WARNING - 2025-06-06 22:46:34 --> Session: Sessions is enabled, and one exists. Please don't $session->start();
INFO - 2025-06-06 22:46:44 --> Session: Class initialized using 'CodeIgniter\Session\Handlers\FileHandler' driver.
WARNING - 2025-06-06 22:46:44 --> Session: Sessions is enabled, and one exists. Please don't $session->start();
INFO - 2025-06-06 22:47:17 --> Session: Class initialized using 'CodeIgniter\Session\Handlers\FileHandler' driver.
WARNING - 2025-06-06 22:47:17 --> Session: Sessions is enabled, and one exists. Please don't $session->start();
INFO - 2025-06-06 22:47:20 --> Session: Class initialized using 'CodeIgniter\Session\Handlers\FileHandler' driver.
WARNING - 2025-06-06 22:47:20 --> Session: Sessions is enabled, and one exists. Please don't $session->start();
INFO - 2025-06-06 22:47:22 --> Session: Class initialized using 'CodeIgniter\Session\Handlers\FileHandler' driver.
WARNING - 2025-06-06 22:47:22 --> Session: Sessions is enabled, and one exists. Please don't $session->start();
INFO - 2025-06-06 22:47:22 --> Session: Class initialized using 'CodeIgniter\Session\Handlers\FileHandler' driver.
WARNING - 2025-06-06 22:47:22 --> Session: Sessions is enabled, and one exists. Please don't $session->start();
INFO - 2025-06-06 22:47:23 --> Session: Class initialized using 'CodeIgniter\Session\Handlers\FileHandler' driver.
WARNING - 2025-06-06 22:47:23 --> Session: Sessions is enabled, and one exists. Please don't $session->start();
INFO - 2025-06-06 22:47:23 --> Session: Class initialized using 'CodeIgniter\Session\Handlers\FileHandler' driver.
WARNING - 2025-06-06 22:47:23 --> Session: Sessions is enabled, and one exists. Please don't $session->start();
INFO - 2025-06-06 22:47:28 --> Session: Class initialized using 'CodeIgniter\Session\Handlers\FileHandler' driver.
WARNING - 2025-06-06 22:47:28 --> Session: Sessions is enabled, and one exists. Please don't $session->start();
INFO - 2025-06-06 22:47:36 --> Session: Class initialized using 'CodeIgniter\Session\Handlers\FileHandler' driver.
WARNING - 2025-06-06 22:47:36 --> Session: Sessions is enabled, and one exists. Please don't $session->start();
INFO - 2025-06-06 22:47:40 --> Session: Class initialized using 'CodeIgniter\Session\Handlers\FileHandler' driver.
WARNING - 2025-06-06 22:47:40 --> Session: Sessions is enabled, and one exists. Please don't $session->start();
INFO - 2025-06-06 22:47:40 --> Session: Class initialized using 'CodeIgniter\Session\Handlers\FileHandler' driver.
WARNING - 2025-06-06 22:47:40 --> Session: Sessions is enabled, and one exists. Please don't $session->start();
INFO - 2025-06-06 22:47:48 --> Session: Class initialized using 'CodeIgniter\Session\Handlers\FileHandler' driver.
WARNING - 2025-06-06 22:47:48 --> Session: Sessions is enabled, and one exists. Please don't $session->start();
INFO - 2025-06-06 22:47:57 --> Session: Class initialized using 'CodeIgniter\Session\Handlers\FileHandler' driver.
WARNING - 2025-06-06 22:47:57 --> Session: Sessions is enabled, and one exists. Please don't $session->start();
