INFO - 2025-09-30 19:33:11 --> Session: Class initialized using 'CodeIgniter\Session\Handlers\FileHandler' driver.
WARNING - 2025-09-30 19:33:11 --> Session: Sessions is enabled, and one exists. Please don't $session->start();
WARNING - 2025-09-30 19:33:14 --> [DEPRECATED] Optional parameter $market_name declared before required parameter $market_id is implicitly treated as a required parameter in APPPATH\Controllers\User_c.php on line 2492.
 1 FCPATH\vendor\composer\ClassLoader.php(576): include('C:\\laragon\\www\\pro1\\vendor\\codeigniter4\\framework\\system\\Debug\\Exceptions.php')
 2 FCPATH\vendor\composer\ClassLoader.php(427): Composer\Autoload\{closure}('C:\\laragon\\www\\pro1\\vendor\\composer/../../app/Controllers/User_c.php')
 3 [internal function]: Composer\Autoload\ClassLoader->loadClass('App\\Controllers\\User_c')
 4 SYSTEMPATH\CodeIgniter.php(887): class_exists('\\App\\Controllers\\User_c', true)
 5 SYSTEMPATH\CodeIgniter.php(496): CodeIgniter\CodeIgniter->startController()
 6 SYSTEMPATH\CodeIgniter.php(355): CodeIgniter\CodeIgniter->handleRequest(null, Object(Config\Cache), false)
 7 SYSTEMPATH\Boot.php(325): CodeIgniter\CodeIgniter->run()
 8 SYSTEMPATH\Boot.php(67): CodeIgniter\Boot::runCodeIgniter(Object(CodeIgniter\CodeIgniter))
 9 FCPATH\index.php(57): CodeIgniter\Boot::bootWeb(Object(Config\Paths))
INFO - 2025-09-30 19:33:14 --> Session: Class initialized using 'CodeIgniter\Session\Handlers\FileHandler' driver.
WARNING - 2025-09-30 19:33:14 --> Session: Sessions is enabled, and one exists. Please don't $session->start();
WARNING - 2025-09-30 19:33:20 --> [DEPRECATED] Optional parameter $market_name declared before required parameter $market_id is implicitly treated as a required parameter in APPPATH\Controllers\User_c.php on line 2492.
 1 FCPATH\vendor\composer\ClassLoader.php(576): include('C:\\laragon\\www\\pro1\\vendor\\codeigniter4\\framework\\system\\Debug\\Exceptions.php')
 2 FCPATH\vendor\composer\ClassLoader.php(427): Composer\Autoload\{closure}('C:\\laragon\\www\\pro1\\vendor\\composer/../../app/Controllers/User_c.php')
 3 [internal function]: Composer\Autoload\ClassLoader->loadClass('App\\Controllers\\User_c')
 4 SYSTEMPATH\CodeIgniter.php(887): class_exists('\\App\\Controllers\\User_c', true)
 5 SYSTEMPATH\CodeIgniter.php(496): CodeIgniter\CodeIgniter->startController()
 6 SYSTEMPATH\CodeIgniter.php(355): CodeIgniter\CodeIgniter->handleRequest(null, Object(Config\Cache), false)
 7 SYSTEMPATH\Boot.php(325): CodeIgniter\CodeIgniter->run()
 8 SYSTEMPATH\Boot.php(67): CodeIgniter\Boot::runCodeIgniter(Object(CodeIgniter\CodeIgniter))
 9 FCPATH\index.php(57): CodeIgniter\Boot::bootWeb(Object(Config\Paths))
INFO - 2025-09-30 19:33:20 --> Session: Class initialized using 'CodeIgniter\Session\Handlers\FileHandler' driver.
WARNING - 2025-09-30 19:33:20 --> Session: Sessions is enabled, and one exists. Please don't $session->start();
WARNING - 2025-09-30 19:33:21 --> [DEPRECATED] Optional parameter $market_name declared before required parameter $market_id is implicitly treated as a required parameter in APPPATH\Controllers\User_c.php on line 2492.
 1 FCPATH\vendor\composer\ClassLoader.php(576): include('C:\\laragon\\www\\pro1\\vendor\\codeigniter4\\framework\\system\\Debug\\Exceptions.php')
 2 FCPATH\vendor\composer\ClassLoader.php(427): Composer\Autoload\{closure}('C:\\laragon\\www\\pro1\\vendor\\composer/../../app/Controllers/User_c.php')
 3 [internal function]: Composer\Autoload\ClassLoader->loadClass('App\\Controllers\\User_c')
 4 SYSTEMPATH\CodeIgniter.php(887): class_exists('\\App\\Controllers\\User_c', true)
 5 SYSTEMPATH\CodeIgniter.php(496): CodeIgniter\CodeIgniter->startController()
 6 SYSTEMPATH\CodeIgniter.php(355): CodeIgniter\CodeIgniter->handleRequest(null, Object(Config\Cache), false)
 7 SYSTEMPATH\Boot.php(325): CodeIgniter\CodeIgniter->run()
 8 SYSTEMPATH\Boot.php(67): CodeIgniter\Boot::runCodeIgniter(Object(CodeIgniter\CodeIgniter))
 9 FCPATH\index.php(57): CodeIgniter\Boot::bootWeb(Object(Config\Paths))
INFO - 2025-09-30 19:33:21 --> Session: Class initialized using 'CodeIgniter\Session\Handlers\FileHandler' driver.
WARNING - 2025-09-30 19:33:21 --> Session: Sessions is enabled, and one exists. Please don't $session->start();
WARNING - 2025-09-30 19:33:22 --> [DEPRECATED] Optional parameter $market_name declared before required parameter $market_id is implicitly treated as a required parameter in APPPATH\Controllers\User_c.php on line 2492.
 1 FCPATH\vendor\composer\ClassLoader.php(576): include('C:\\laragon\\www\\pro1\\vendor\\codeigniter4\\framework\\system\\Debug\\Exceptions.php')
 2 FCPATH\vendor\composer\ClassLoader.php(427): Composer\Autoload\{closure}('C:\\laragon\\www\\pro1\\vendor\\composer/../../app/Controllers/User_c.php')
 3 [internal function]: Composer\Autoload\ClassLoader->loadClass('App\\Controllers\\User_c')
 4 SYSTEMPATH\CodeIgniter.php(887): class_exists('\\App\\Controllers\\User_c', true)
 5 SYSTEMPATH\CodeIgniter.php(496): CodeIgniter\CodeIgniter->startController()
 6 SYSTEMPATH\CodeIgniter.php(355): CodeIgniter\CodeIgniter->handleRequest(null, Object(Config\Cache), false)
 7 SYSTEMPATH\Boot.php(325): CodeIgniter\CodeIgniter->run()
 8 SYSTEMPATH\Boot.php(67): CodeIgniter\Boot::runCodeIgniter(Object(CodeIgniter\CodeIgniter))
 9 FCPATH\index.php(57): CodeIgniter\Boot::bootWeb(Object(Config\Paths))
INFO - 2025-09-30 19:33:22 --> Session: Class initialized using 'CodeIgniter\Session\Handlers\FileHandler' driver.
WARNING - 2025-09-30 19:33:22 --> Session: Sessions is enabled, and one exists. Please don't $session->start();
INFO - 2025-09-30 19:35:02 --> Session: Class initialized using 'CodeIgniter\Session\Handlers\FileHandler' driver.
WARNING - 2025-09-30 19:35:02 --> Session: Sessions is enabled, and one exists. Please don't $session->start();
WARNING - 2025-09-30 19:35:02 --> [DEPRECATED] Optional parameter $market_name declared before required parameter $market_id is implicitly treated as a required parameter in APPPATH\Controllers\User_c.php on line 2492.
 1 FCPATH\vendor\composer\ClassLoader.php(576): include('C:\\laragon\\www\\pro1\\vendor\\codeigniter4\\framework\\system\\Debug\\Exceptions.php')
 2 FCPATH\vendor\composer\ClassLoader.php(427): Composer\Autoload\{closure}('C:\\laragon\\www\\pro1\\vendor\\composer/../../app/Controllers/User_c.php')
 3 [internal function]: Composer\Autoload\ClassLoader->loadClass('App\\Controllers\\User_c')
 4 SYSTEMPATH\CodeIgniter.php(887): class_exists('\\App\\Controllers\\User_c', true)
 5 SYSTEMPATH\CodeIgniter.php(496): CodeIgniter\CodeIgniter->startController()
 6 SYSTEMPATH\CodeIgniter.php(355): CodeIgniter\CodeIgniter->handleRequest(null, Object(Config\Cache), false)
 7 SYSTEMPATH\Boot.php(325): CodeIgniter\CodeIgniter->run()
 8 SYSTEMPATH\Boot.php(67): CodeIgniter\Boot::runCodeIgniter(Object(CodeIgniter\CodeIgniter))
 9 FCPATH\index.php(57): CodeIgniter\Boot::bootWeb(Object(Config\Paths))
INFO - 2025-09-30 19:35:02 --> Session: Class initialized using 'CodeIgniter\Session\Handlers\FileHandler' driver.
WARNING - 2025-09-30 19:35:02 --> Session: Sessions is enabled, and one exists. Please don't $session->start();
INFO - 2025-09-30 19:35:04 --> Session: Class initialized using 'CodeIgniter\Session\Handlers\FileHandler' driver.
WARNING - 2025-09-30 19:35:04 --> Session: Sessions is enabled, and one exists. Please don't $session->start();
INFO - 2025-09-30 19:35:04 --> Session: Class initialized using 'CodeIgniter\Session\Handlers\FileHandler' driver.
WARNING - 2025-09-30 19:35:04 --> Session: Sessions is enabled, and one exists. Please don't $session->start();
INFO - 2025-09-30 19:35:05 --> Session: Class initialized using 'CodeIgniter\Session\Handlers\FileHandler' driver.
WARNING - 2025-09-30 19:35:05 --> Session: Sessions is enabled, and one exists. Please don't $session->start();
INFO - 2025-09-30 19:35:05 --> Session: Class initialized using 'CodeIgniter\Session\Handlers\FileHandler' driver.
WARNING - 2025-09-30 19:35:05 --> Session: Sessions is enabled, and one exists. Please don't $session->start();
INFO - 2025-09-30 19:35:05 --> Session: Class initialized using 'CodeIgniter\Session\Handlers\FileHandler' driver.
WARNING - 2025-09-30 19:35:05 --> Session: Sessions is enabled, and one exists. Please don't $session->start();
INFO - 2025-09-30 19:35:05 --> Session: Class initialized using 'CodeIgniter\Session\Handlers\FileHandler' driver.
WARNING - 2025-09-30 19:35:05 --> Session: Sessions is enabled, and one exists. Please don't $session->start();
INFO - 2025-09-30 19:35:05 --> Session: Class initialized using 'CodeIgniter\Session\Handlers\FileHandler' driver.
WARNING - 2025-09-30 19:35:05 --> Session: Sessions is enabled, and one exists. Please don't $session->start();
INFO - 2025-09-30 19:37:07 --> Session: Class initialized using 'CodeIgniter\Session\Handlers\FileHandler' driver.
WARNING - 2025-09-30 19:37:07 --> Session: Sessions is enabled, and one exists. Please don't $session->start();
INFO - 2025-09-30 19:37:08 --> Session: Class initialized using 'CodeIgniter\Session\Handlers\FileHandler' driver.
WARNING - 2025-09-30 19:37:08 --> Session: Sessions is enabled, and one exists. Please don't $session->start();
INFO - 2025-09-30 19:37:08 --> Session: Class initialized using 'CodeIgniter\Session\Handlers\FileHandler' driver.
WARNING - 2025-09-30 19:37:08 --> Session: Sessions is enabled, and one exists. Please don't $session->start();
INFO - 2025-09-30 19:37:08 --> Session: Class initialized using 'CodeIgniter\Session\Handlers\FileHandler' driver.
WARNING - 2025-09-30 19:37:08 --> Session: Sessions is enabled, and one exists. Please don't $session->start();
INFO - 2025-09-30 19:37:08 --> Session: Class initialized using 'CodeIgniter\Session\Handlers\FileHandler' driver.
WARNING - 2025-09-30 19:37:08 --> Session: Sessions is enabled, and one exists. Please don't $session->start();
INFO - 2025-09-30 19:37:13 --> Session: Class initialized using 'CodeIgniter\Session\Handlers\FileHandler' driver.
WARNING - 2025-09-30 19:37:13 --> Session: Sessions is enabled, and one exists. Please don't $session->start();
INFO - 2025-09-30 19:37:53 --> Session: Class initialized using 'CodeIgniter\Session\Handlers\FileHandler' driver.
WARNING - 2025-09-30 19:37:53 --> Session: Sessions is enabled, and one exists. Please don't $session->start();
INFO - 2025-09-30 19:37:54 --> Session: Class initialized using 'CodeIgniter\Session\Handlers\FileHandler' driver.
WARNING - 2025-09-30 19:37:54 --> Session: Sessions is enabled, and one exists. Please don't $session->start();
INFO - 2025-09-30 19:37:54 --> Session: Class initialized using 'CodeIgniter\Session\Handlers\FileHandler' driver.
WARNING - 2025-09-30 19:37:54 --> Session: Sessions is enabled, and one exists. Please don't $session->start();
INFO - 2025-09-30 19:37:54 --> Session: Class initialized using 'CodeIgniter\Session\Handlers\FileHandler' driver.
WARNING - 2025-09-30 19:37:54 --> Session: Sessions is enabled, and one exists. Please don't $session->start();
INFO - 2025-09-30 19:37:54 --> Session: Class initialized using 'CodeIgniter\Session\Handlers\FileHandler' driver.
WARNING - 2025-09-30 19:37:54 --> Session: Sessions is enabled, and one exists. Please don't $session->start();
INFO - 2025-09-30 19:38:01 --> Session: Class initialized using 'CodeIgniter\Session\Handlers\FileHandler' driver.
WARNING - 2025-09-30 19:38:01 --> Session: Sessions is enabled, and one exists. Please don't $session->start();
INFO - 2025-09-30 19:38:02 --> Session: Class initialized using 'CodeIgniter\Session\Handlers\FileHandler' driver.
WARNING - 2025-09-30 19:38:02 --> Session: Sessions is enabled, and one exists. Please don't $session->start();
INFO - 2025-09-30 19:38:02 --> Session: Class initialized using 'CodeIgniter\Session\Handlers\FileHandler' driver.
WARNING - 2025-09-30 19:38:02 --> Session: Sessions is enabled, and one exists. Please don't $session->start();
INFO - 2025-09-30 19:38:02 --> Session: Class initialized using 'CodeIgniter\Session\Handlers\FileHandler' driver.
WARNING - 2025-09-30 19:38:02 --> Session: Sessions is enabled, and one exists. Please don't $session->start();
INFO - 2025-09-30 19:38:02 --> Session: Class initialized using 'CodeIgniter\Session\Handlers\FileHandler' driver.
WARNING - 2025-09-30 19:38:02 --> Session: Sessions is enabled, and one exists. Please don't $session->start();
INFO - 2025-09-30 19:38:39 --> Session: Class initialized using 'CodeIgniter\Session\Handlers\FileHandler' driver.
WARNING - 2025-09-30 19:38:39 --> Session: Sessions is enabled, and one exists. Please don't $session->start();
INFO - 2025-09-30 19:38:39 --> Session: Class initialized using 'CodeIgniter\Session\Handlers\FileHandler' driver.
WARNING - 2025-09-30 19:38:39 --> Session: Sessions is enabled, and one exists. Please don't $session->start();
INFO - 2025-09-30 19:38:40 --> Session: Class initialized using 'CodeIgniter\Session\Handlers\FileHandler' driver.
WARNING - 2025-09-30 19:38:40 --> Session: Sessions is enabled, and one exists. Please don't $session->start();
INFO - 2025-09-30 19:38:40 --> Session: Class initialized using 'CodeIgniter\Session\Handlers\FileHandler' driver.
WARNING - 2025-09-30 19:38:40 --> Session: Sessions is enabled, and one exists. Please don't $session->start();
INFO - 2025-09-30 19:38:40 --> Session: Class initialized using 'CodeIgniter\Session\Handlers\FileHandler' driver.
WARNING - 2025-09-30 19:38:40 --> Session: Sessions is enabled, and one exists. Please don't $session->start();
INFO - 2025-09-30 19:47:07 --> Session: Class initialized using 'CodeIgniter\Session\Handlers\FileHandler' driver.
WARNING - 2025-09-30 19:47:07 --> Session: Sessions is enabled, and one exists. Please don't $session->start();
INFO - 2025-09-30 19:47:08 --> Session: Class initialized using 'CodeIgniter\Session\Handlers\FileHandler' driver.
WARNING - 2025-09-30 19:47:08 --> Session: Sessions is enabled, and one exists. Please don't $session->start();
INFO - 2025-09-30 19:47:08 --> Session: Class initialized using 'CodeIgniter\Session\Handlers\FileHandler' driver.
WARNING - 2025-09-30 19:47:08 --> Session: Sessions is enabled, and one exists. Please don't $session->start();
INFO - 2025-09-30 19:47:08 --> Session: Class initialized using 'CodeIgniter\Session\Handlers\FileHandler' driver.
WARNING - 2025-09-30 19:47:08 --> Session: Sessions is enabled, and one exists. Please don't $session->start();
INFO - 2025-09-30 19:47:08 --> Session: Class initialized using 'CodeIgniter\Session\Handlers\FileHandler' driver.
WARNING - 2025-09-30 19:47:08 --> Session: Sessions is enabled, and one exists. Please don't $session->start();
INFO - 2025-09-30 19:47:13 --> Session: Class initialized using 'CodeIgniter\Session\Handlers\FileHandler' driver.
WARNING - 2025-09-30 19:47:13 --> Session: Sessions is enabled, and one exists. Please don't $session->start();
INFO - 2025-09-30 19:47:13 --> Session: Class initialized using 'CodeIgniter\Session\Handlers\FileHandler' driver.
WARNING - 2025-09-30 19:47:13 --> Session: Sessions is enabled, and one exists. Please don't $session->start();
INFO - 2025-09-30 19:47:14 --> Session: Class initialized using 'CodeIgniter\Session\Handlers\FileHandler' driver.
WARNING - 2025-09-30 19:47:14 --> Session: Sessions is enabled, and one exists. Please don't $session->start();
INFO - 2025-09-30 19:47:14 --> Session: Class initialized using 'CodeIgniter\Session\Handlers\FileHandler' driver.
WARNING - 2025-09-30 19:47:14 --> Session: Sessions is enabled, and one exists. Please don't $session->start();
INFO - 2025-09-30 19:47:15 --> Session: Class initialized using 'CodeIgniter\Session\Handlers\FileHandler' driver.
WARNING - 2025-09-30 19:47:15 --> Session: Sessions is enabled, and one exists. Please don't $session->start();
INFO - 2025-09-30 19:47:15 --> Session: Class initialized using 'CodeIgniter\Session\Handlers\FileHandler' driver.
WARNING - 2025-09-30 19:47:15 --> Session: Sessions is enabled, and one exists. Please don't $session->start();
WARNING - 2025-09-30 19:47:31 --> [DEPRECATED] Optional parameter $market_name declared before required parameter $market_id is implicitly treated as a required parameter in APPPATH\Controllers\User_c.php on line 2492.
 1 FCPATH\vendor\composer\ClassLoader.php(576): include('C:\\laragon\\www\\pro1\\vendor\\codeigniter4\\framework\\system\\Debug\\Exceptions.php')
 2 FCPATH\vendor\composer\ClassLoader.php(427): Composer\Autoload\{closure}('C:\\laragon\\www\\pro1\\vendor\\composer/../../app/Controllers/User_c.php')
 3 [internal function]: Composer\Autoload\ClassLoader->loadClass('App\\Controllers\\User_c')
 4 SYSTEMPATH\CodeIgniter.php(887): class_exists('\\App\\Controllers\\User_c', true)
 5 SYSTEMPATH\CodeIgniter.php(496): CodeIgniter\CodeIgniter->startController()
 6 SYSTEMPATH\CodeIgniter.php(355): CodeIgniter\CodeIgniter->handleRequest(null, Object(Config\Cache), false)
 7 SYSTEMPATH\Boot.php(325): CodeIgniter\CodeIgniter->run()
 8 SYSTEMPATH\Boot.php(67): CodeIgniter\Boot::runCodeIgniter(Object(CodeIgniter\CodeIgniter))
 9 FCPATH\index.php(57): CodeIgniter\Boot::bootWeb(Object(Config\Paths))
INFO - 2025-09-30 19:47:31 --> Session: Class initialized using 'CodeIgniter\Session\Handlers\FileHandler' driver.
WARNING - 2025-09-30 19:47:31 --> Session: Sessions is enabled, and one exists. Please don't $session->start();
WARNING - 2025-09-30 19:47:32 --> [DEPRECATED] Optional parameter $market_name declared before required parameter $market_id is implicitly treated as a required parameter in APPPATH\Controllers\User_c.php on line 2492.
 1 FCPATH\vendor\composer\ClassLoader.php(576): include('C:\\laragon\\www\\pro1\\vendor\\codeigniter4\\framework\\system\\Debug\\Exceptions.php')
 2 FCPATH\vendor\composer\ClassLoader.php(427): Composer\Autoload\{closure}('C:\\laragon\\www\\pro1\\vendor\\composer/../../app/Controllers/User_c.php')
 3 [internal function]: Composer\Autoload\ClassLoader->loadClass('App\\Controllers\\User_c')
 4 SYSTEMPATH\CodeIgniter.php(887): class_exists('\\App\\Controllers\\User_c', true)
 5 SYSTEMPATH\CodeIgniter.php(496): CodeIgniter\CodeIgniter->startController()
 6 SYSTEMPATH\CodeIgniter.php(355): CodeIgniter\CodeIgniter->handleRequest(null, Object(Config\Cache), false)
 7 SYSTEMPATH\Boot.php(325): CodeIgniter\CodeIgniter->run()
 8 SYSTEMPATH\Boot.php(67): CodeIgniter\Boot::runCodeIgniter(Object(CodeIgniter\CodeIgniter))
 9 FCPATH\index.php(57): CodeIgniter\Boot::bootWeb(Object(Config\Paths))
INFO - 2025-09-30 19:47:32 --> Session: Class initialized using 'CodeIgniter\Session\Handlers\FileHandler' driver.
WARNING - 2025-09-30 19:47:32 --> Session: Sessions is enabled, and one exists. Please don't $session->start();
INFO - 2025-09-30 19:47:33 --> Session: Class initialized using 'CodeIgniter\Session\Handlers\FileHandler' driver.
WARNING - 2025-09-30 19:47:33 --> Session: Sessions is enabled, and one exists. Please don't $session->start();
INFO - 2025-09-30 19:47:34 --> Session: Class initialized using 'CodeIgniter\Session\Handlers\FileHandler' driver.
WARNING - 2025-09-30 19:47:34 --> Session: Sessions is enabled, and one exists. Please don't $session->start();
INFO - 2025-09-30 19:47:34 --> Session: Class initialized using 'CodeIgniter\Session\Handlers\FileHandler' driver.
WARNING - 2025-09-30 19:47:34 --> Session: Sessions is enabled, and one exists. Please don't $session->start();
INFO - 2025-09-30 19:47:34 --> Session: Class initialized using 'CodeIgniter\Session\Handlers\FileHandler' driver.
WARNING - 2025-09-30 19:47:34 --> Session: Sessions is enabled, and one exists. Please don't $session->start();
INFO - 2025-09-30 19:47:34 --> Session: Class initialized using 'CodeIgniter\Session\Handlers\FileHandler' driver.
WARNING - 2025-09-30 19:47:34 --> Session: Sessions is enabled, and one exists. Please don't $session->start();
INFO - 2025-09-30 19:47:37 --> Session: Class initialized using 'CodeIgniter\Session\Handlers\FileHandler' driver.
WARNING - 2025-09-30 19:47:37 --> Session: Sessions is enabled, and one exists. Please don't $session->start();
INFO - 2025-09-30 19:47:38 --> Session: Class initialized using 'CodeIgniter\Session\Handlers\FileHandler' driver.
WARNING - 2025-09-30 19:47:38 --> Session: Sessions is enabled, and one exists. Please don't $session->start();
INFO - 2025-09-30 19:47:38 --> Session: Class initialized using 'CodeIgniter\Session\Handlers\FileHandler' driver.
WARNING - 2025-09-30 19:47:38 --> Session: Sessions is enabled, and one exists. Please don't $session->start();
INFO - 2025-09-30 19:47:38 --> Session: Class initialized using 'CodeIgniter\Session\Handlers\FileHandler' driver.
WARNING - 2025-09-30 19:47:38 --> Session: Sessions is enabled, and one exists. Please don't $session->start();
INFO - 2025-09-30 19:47:39 --> Session: Class initialized using 'CodeIgniter\Session\Handlers\FileHandler' driver.
WARNING - 2025-09-30 19:47:39 --> Session: Sessions is enabled, and one exists. Please don't $session->start();
INFO - 2025-09-30 19:47:39 --> Session: Class initialized using 'CodeIgniter\Session\Handlers\FileHandler' driver.
WARNING - 2025-09-30 19:47:39 --> Session: Sessions is enabled, and one exists. Please don't $session->start();
INFO - 2025-09-30 19:47:45 --> Session: Class initialized using 'CodeIgniter\Session\Handlers\FileHandler' driver.
WARNING - 2025-09-30 19:47:45 --> Session: Sessions is enabled, and one exists. Please don't $session->start();
INFO - 2025-09-30 19:47:46 --> Session: Class initialized using 'CodeIgniter\Session\Handlers\FileHandler' driver.
WARNING - 2025-09-30 19:47:46 --> Session: Sessions is enabled, and one exists. Please don't $session->start();
INFO - 2025-09-30 19:47:47 --> Session: Class initialized using 'CodeIgniter\Session\Handlers\FileHandler' driver.
WARNING - 2025-09-30 19:47:47 --> Session: Sessions is enabled, and one exists. Please don't $session->start();
INFO - 2025-09-30 19:47:47 --> Session: Class initialized using 'CodeIgniter\Session\Handlers\FileHandler' driver.
WARNING - 2025-09-30 19:47:47 --> Session: Sessions is enabled, and one exists. Please don't $session->start();
INFO - 2025-09-30 19:47:47 --> Session: Class initialized using 'CodeIgniter\Session\Handlers\FileHandler' driver.
WARNING - 2025-09-30 19:47:47 --> Session: Sessions is enabled, and one exists. Please don't $session->start();
INFO - 2025-09-30 19:47:47 --> Session: Class initialized using 'CodeIgniter\Session\Handlers\FileHandler' driver.
WARNING - 2025-09-30 19:47:47 --> Session: Sessions is enabled, and one exists. Please don't $session->start();
INFO - 2025-09-30 19:57:47 --> Session: Class initialized using 'CodeIgniter\Session\Handlers\FileHandler' driver.
WARNING - 2025-09-30 19:57:47 --> Session: Sessions is enabled, and one exists. Please don't $session->start();
INFO - 2025-09-30 19:57:48 --> Session: Class initialized using 'CodeIgniter\Session\Handlers\FileHandler' driver.
WARNING - 2025-09-30 19:57:48 --> Session: Sessions is enabled, and one exists. Please don't $session->start();
INFO - 2025-09-30 19:57:48 --> Session: Class initialized using 'CodeIgniter\Session\Handlers\FileHandler' driver.
WARNING - 2025-09-30 19:57:48 --> Session: Sessions is enabled, and one exists. Please don't $session->start();
INFO - 2025-09-30 19:57:48 --> Session: Class initialized using 'CodeIgniter\Session\Handlers\FileHandler' driver.
WARNING - 2025-09-30 19:57:48 --> Session: Sessions is enabled, and one exists. Please don't $session->start();
INFO - 2025-09-30 19:57:49 --> Session: Class initialized using 'CodeIgniter\Session\Handlers\FileHandler' driver.
WARNING - 2025-09-30 19:57:49 --> Session: Sessions is enabled, and one exists. Please don't $session->start();
INFO - 2025-09-30 19:58:40 --> Session: Class initialized using 'CodeIgniter\Session\Handlers\FileHandler' driver.
WARNING - 2025-09-30 19:58:40 --> Session: Sessions is enabled, and one exists. Please don't $session->start();
WARNING - 2025-09-30 19:58:40 --> [DEPRECATED] Optional parameter $market_name declared before required parameter $market_id is implicitly treated as a required parameter in APPPATH\Controllers\User_c.php on line 2492.
 1 FCPATH\vendor\composer\ClassLoader.php(576): include('C:\\laragon\\www\\pro1\\vendor\\codeigniter4\\framework\\system\\Debug\\Exceptions.php')
 2 FCPATH\vendor\composer\ClassLoader.php(427): Composer\Autoload\{closure}('C:\\laragon\\www\\pro1\\vendor\\composer/../../app/Controllers/User_c.php')
 3 [internal function]: Composer\Autoload\ClassLoader->loadClass('App\\Controllers\\User_c')
 4 SYSTEMPATH\CodeIgniter.php(887): class_exists('\\App\\Controllers\\User_c', true)
 5 SYSTEMPATH\CodeIgniter.php(496): CodeIgniter\CodeIgniter->startController()
 6 SYSTEMPATH\CodeIgniter.php(355): CodeIgniter\CodeIgniter->handleRequest(null, Object(Config\Cache), false)
 7 SYSTEMPATH\Boot.php(325): CodeIgniter\CodeIgniter->run()
 8 SYSTEMPATH\Boot.php(67): CodeIgniter\Boot::runCodeIgniter(Object(CodeIgniter\CodeIgniter))
 9 FCPATH\index.php(57): CodeIgniter\Boot::bootWeb(Object(Config\Paths))
INFO - 2025-09-30 19:58:40 --> Session: Class initialized using 'CodeIgniter\Session\Handlers\FileHandler' driver.
WARNING - 2025-09-30 19:58:40 --> Session: Sessions is enabled, and one exists. Please don't $session->start();
INFO - 2025-09-30 20:01:47 --> Session: Class initialized using 'CodeIgniter\Session\Handlers\FileHandler' driver.
WARNING - 2025-09-30 20:01:47 --> Session: Sessions is enabled, and one exists. Please don't $session->start();
INFO - 2025-09-30 20:02:04 --> Session: Class initialized using 'CodeIgniter\Session\Handlers\FileHandler' driver.
WARNING - 2025-09-30 20:02:04 --> Session: Sessions is enabled, and one exists. Please don't $session->start();
WARNING - 2025-09-30 20:02:31 --> [DEPRECATED] Optional parameter $market_name declared before required parameter $market_id is implicitly treated as a required parameter in APPPATH\Controllers\User_c.php on line 2492.
 1 FCPATH\vendor\composer\ClassLoader.php(576): include('C:\\laragon\\www\\pro1\\vendor\\codeigniter4\\framework\\system\\Debug\\Exceptions.php')
 2 FCPATH\vendor\composer\ClassLoader.php(427): Composer\Autoload\{closure}('C:\\laragon\\www\\pro1\\vendor\\composer/../../app/Controllers/User_c.php')
 3 [internal function]: Composer\Autoload\ClassLoader->loadClass('App\\Controllers\\User_c')
 4 SYSTEMPATH\CodeIgniter.php(887): class_exists('\\App\\Controllers\\User_c', true)
 5 SYSTEMPATH\CodeIgniter.php(496): CodeIgniter\CodeIgniter->startController()
 6 SYSTEMPATH\CodeIgniter.php(355): CodeIgniter\CodeIgniter->handleRequest(null, Object(Config\Cache), false)
 7 SYSTEMPATH\Boot.php(325): CodeIgniter\CodeIgniter->run()
 8 SYSTEMPATH\Boot.php(67): CodeIgniter\Boot::runCodeIgniter(Object(CodeIgniter\CodeIgniter))
 9 FCPATH\index.php(57): CodeIgniter\Boot::bootWeb(Object(Config\Paths))
INFO - 2025-09-30 20:02:31 --> Session: Class initialized using 'CodeIgniter\Session\Handlers\FileHandler' driver.
WARNING - 2025-09-30 20:02:31 --> Session: Sessions is enabled, and one exists. Please don't $session->start();
WARNING - 2025-09-30 20:02:31 --> [DEPRECATED] Optional parameter $market_name declared before required parameter $market_id is implicitly treated as a required parameter in APPPATH\Controllers\User_c.php on line 2492.
 1 FCPATH\vendor\composer\ClassLoader.php(576): include('C:\\laragon\\www\\pro1\\vendor\\codeigniter4\\framework\\system\\Debug\\Exceptions.php')
 2 FCPATH\vendor\composer\ClassLoader.php(427): Composer\Autoload\{closure}('C:\\laragon\\www\\pro1\\vendor\\composer/../../app/Controllers/User_c.php')
 3 [internal function]: Composer\Autoload\ClassLoader->loadClass('App\\Controllers\\User_c')
 4 SYSTEMPATH\CodeIgniter.php(887): class_exists('\\App\\Controllers\\User_c', true)
 5 SYSTEMPATH\CodeIgniter.php(496): CodeIgniter\CodeIgniter->startController()
 6 SYSTEMPATH\CodeIgniter.php(355): CodeIgniter\CodeIgniter->handleRequest(null, Object(Config\Cache), false)
 7 SYSTEMPATH\Boot.php(325): CodeIgniter\CodeIgniter->run()
 8 SYSTEMPATH\Boot.php(67): CodeIgniter\Boot::runCodeIgniter(Object(CodeIgniter\CodeIgniter))
 9 FCPATH\index.php(57): CodeIgniter\Boot::bootWeb(Object(Config\Paths))
INFO - 2025-09-30 20:02:31 --> Session: Class initialized using 'CodeIgniter\Session\Handlers\FileHandler' driver.
WARNING - 2025-09-30 20:02:31 --> Session: Sessions is enabled, and one exists. Please don't $session->start();
WARNING - 2025-09-30 21:24:06 --> [DEPRECATED] Optional parameter $market_name declared before required parameter $market_id is implicitly treated as a required parameter in APPPATH\Controllers\User_c.php on line 2492.
 1 FCPATH\vendor\composer\ClassLoader.php(576): include('C:\\laragon\\www\\pro1\\vendor\\codeigniter4\\framework\\system\\Debug\\Exceptions.php')
 2 FCPATH\vendor\composer\ClassLoader.php(427): Composer\Autoload\{closure}('C:\\laragon\\www\\pro1\\vendor\\composer/../../app/Controllers/User_c.php')
 3 [internal function]: Composer\Autoload\ClassLoader->loadClass('App\\Controllers\\User_c')
 4 SYSTEMPATH\CodeIgniter.php(887): class_exists('\\App\\Controllers\\User_c', true)
 5 SYSTEMPATH\CodeIgniter.php(496): CodeIgniter\CodeIgniter->startController()
 6 SYSTEMPATH\CodeIgniter.php(355): CodeIgniter\CodeIgniter->handleRequest(null, Object(Config\Cache), false)
 7 SYSTEMPATH\Boot.php(325): CodeIgniter\CodeIgniter->run()
 8 SYSTEMPATH\Boot.php(67): CodeIgniter\Boot::runCodeIgniter(Object(CodeIgniter\CodeIgniter))
 9 FCPATH\index.php(57): CodeIgniter\Boot::bootWeb(Object(Config\Paths))
INFO - 2025-09-30 21:24:06 --> Session: Class initialized using 'CodeIgniter\Session\Handlers\FileHandler' driver.
WARNING - 2025-09-30 21:24:06 --> Session: Sessions is enabled, and one exists. Please don't $session->start();
WARNING - 2025-09-30 21:24:08 --> [DEPRECATED] Optional parameter $market_name declared before required parameter $market_id is implicitly treated as a required parameter in APPPATH\Controllers\User_c.php on line 2492.
 1 FCPATH\vendor\composer\ClassLoader.php(576): include('C:\\laragon\\www\\pro1\\vendor\\codeigniter4\\framework\\system\\Debug\\Exceptions.php')
 2 FCPATH\vendor\composer\ClassLoader.php(427): Composer\Autoload\{closure}('C:\\laragon\\www\\pro1\\vendor\\composer/../../app/Controllers/User_c.php')
 3 [internal function]: Composer\Autoload\ClassLoader->loadClass('App\\Controllers\\User_c')
 4 SYSTEMPATH\CodeIgniter.php(887): class_exists('\\App\\Controllers\\User_c', true)
 5 SYSTEMPATH\CodeIgniter.php(496): CodeIgniter\CodeIgniter->startController()
 6 SYSTEMPATH\CodeIgniter.php(355): CodeIgniter\CodeIgniter->handleRequest(null, Object(Config\Cache), false)
 7 SYSTEMPATH\Boot.php(325): CodeIgniter\CodeIgniter->run()
 8 SYSTEMPATH\Boot.php(67): CodeIgniter\Boot::runCodeIgniter(Object(CodeIgniter\CodeIgniter))
 9 FCPATH\index.php(57): CodeIgniter\Boot::bootWeb(Object(Config\Paths))
INFO - 2025-09-30 21:24:08 --> Session: Class initialized using 'CodeIgniter\Session\Handlers\FileHandler' driver.
WARNING - 2025-09-30 21:24:08 --> Session: Sessions is enabled, and one exists. Please don't $session->start();
WARNING - 2025-09-30 21:24:12 --> [DEPRECATED] Optional parameter $market_name declared before required parameter $market_id is implicitly treated as a required parameter in APPPATH\Controllers\User_c.php on line 2492.
 1 FCPATH\vendor\composer\ClassLoader.php(576): include('C:\\laragon\\www\\pro1\\vendor\\codeigniter4\\framework\\system\\Debug\\Exceptions.php')
 2 FCPATH\vendor\composer\ClassLoader.php(427): Composer\Autoload\{closure}('C:\\laragon\\www\\pro1\\vendor\\composer/../../app/Controllers/User_c.php')
 3 [internal function]: Composer\Autoload\ClassLoader->loadClass('App\\Controllers\\User_c')
 4 SYSTEMPATH\CodeIgniter.php(887): class_exists('\\App\\Controllers\\User_c', true)
 5 SYSTEMPATH\CodeIgniter.php(496): CodeIgniter\CodeIgniter->startController()
 6 SYSTEMPATH\CodeIgniter.php(355): CodeIgniter\CodeIgniter->handleRequest(null, Object(Config\Cache), false)
 7 SYSTEMPATH\Boot.php(325): CodeIgniter\CodeIgniter->run()
 8 SYSTEMPATH\Boot.php(67): CodeIgniter\Boot::runCodeIgniter(Object(CodeIgniter\CodeIgniter))
 9 FCPATH\index.php(57): CodeIgniter\Boot::bootWeb(Object(Config\Paths))
INFO - 2025-09-30 21:24:12 --> Session: Class initialized using 'CodeIgniter\Session\Handlers\FileHandler' driver.
WARNING - 2025-09-30 21:24:12 --> Session: Sessions is enabled, and one exists. Please don't $session->start();
WARNING - 2025-09-30 21:24:22 --> [DEPRECATED] Optional parameter $market_name declared before required parameter $market_id is implicitly treated as a required parameter in APPPATH\Controllers\User_c.php on line 2492.
 1 FCPATH\vendor\composer\ClassLoader.php(576): include('C:\\laragon\\www\\pro1\\vendor\\codeigniter4\\framework\\system\\Debug\\Exceptions.php')
 2 FCPATH\vendor\composer\ClassLoader.php(427): Composer\Autoload\{closure}('C:\\laragon\\www\\pro1\\vendor\\composer/../../app/Controllers/User_c.php')
 3 [internal function]: Composer\Autoload\ClassLoader->loadClass('App\\Controllers\\User_c')
 4 SYSTEMPATH\CodeIgniter.php(887): class_exists('\\App\\Controllers\\User_c', true)
 5 SYSTEMPATH\CodeIgniter.php(496): CodeIgniter\CodeIgniter->startController()
 6 SYSTEMPATH\CodeIgniter.php(355): CodeIgniter\CodeIgniter->handleRequest(null, Object(Config\Cache), false)
 7 SYSTEMPATH\Boot.php(325): CodeIgniter\CodeIgniter->run()
 8 SYSTEMPATH\Boot.php(67): CodeIgniter\Boot::runCodeIgniter(Object(CodeIgniter\CodeIgniter))
 9 FCPATH\index.php(57): CodeIgniter\Boot::bootWeb(Object(Config\Paths))
INFO - 2025-09-30 21:24:23 --> Session: Class initialized using 'CodeIgniter\Session\Handlers\FileHandler' driver.
WARNING - 2025-09-30 21:24:23 --> Session: Sessions is enabled, and one exists. Please don't $session->start();
WARNING - 2025-09-30 21:24:37 --> [DEPRECATED] Optional parameter $market_name declared before required parameter $market_id is implicitly treated as a required parameter in APPPATH\Controllers\User_c.php on line 2492.
 1 FCPATH\vendor\composer\ClassLoader.php(576): include('C:\\laragon\\www\\pro1\\vendor\\codeigniter4\\framework\\system\\Debug\\Exceptions.php')
 2 FCPATH\vendor\composer\ClassLoader.php(427): Composer\Autoload\{closure}('C:\\laragon\\www\\pro1\\vendor\\composer/../../app/Controllers/User_c.php')
 3 [internal function]: Composer\Autoload\ClassLoader->loadClass('App\\Controllers\\User_c')
 4 SYSTEMPATH\CodeIgniter.php(887): class_exists('\\App\\Controllers\\User_c', true)
 5 SYSTEMPATH\CodeIgniter.php(496): CodeIgniter\CodeIgniter->startController()
 6 SYSTEMPATH\CodeIgniter.php(355): CodeIgniter\CodeIgniter->handleRequest(null, Object(Config\Cache), false)
 7 SYSTEMPATH\Boot.php(325): CodeIgniter\CodeIgniter->run()
 8 SYSTEMPATH\Boot.php(67): CodeIgniter\Boot::runCodeIgniter(Object(CodeIgniter\CodeIgniter))
 9 FCPATH\index.php(57): CodeIgniter\Boot::bootWeb(Object(Config\Paths))
INFO - 2025-09-30 21:24:37 --> Session: Class initialized using 'CodeIgniter\Session\Handlers\FileHandler' driver.
WARNING - 2025-09-30 21:24:37 --> Session: Sessions is enabled, and one exists. Please don't $session->start();
WARNING - 2025-09-30 21:24:44 --> [DEPRECATED] Optional parameter $market_name declared before required parameter $market_id is implicitly treated as a required parameter in APPPATH\Controllers\User_c.php on line 2492.
 1 FCPATH\vendor\composer\ClassLoader.php(576): include('C:\\laragon\\www\\pro1\\vendor\\codeigniter4\\framework\\system\\Debug\\Exceptions.php')
 2 FCPATH\vendor\composer\ClassLoader.php(427): Composer\Autoload\{closure}('C:\\laragon\\www\\pro1\\vendor\\composer/../../app/Controllers/User_c.php')
 3 [internal function]: Composer\Autoload\ClassLoader->loadClass('App\\Controllers\\User_c')
 4 SYSTEMPATH\CodeIgniter.php(887): class_exists('\\App\\Controllers\\User_c', true)
 5 SYSTEMPATH\CodeIgniter.php(496): CodeIgniter\CodeIgniter->startController()
 6 SYSTEMPATH\CodeIgniter.php(355): CodeIgniter\CodeIgniter->handleRequest(null, Object(Config\Cache), false)
 7 SYSTEMPATH\Boot.php(325): CodeIgniter\CodeIgniter->run()
 8 SYSTEMPATH\Boot.php(67): CodeIgniter\Boot::runCodeIgniter(Object(CodeIgniter\CodeIgniter))
 9 FCPATH\index.php(57): CodeIgniter\Boot::bootWeb(Object(Config\Paths))
INFO - 2025-09-30 21:24:44 --> Session: Class initialized using 'CodeIgniter\Session\Handlers\FileHandler' driver.
WARNING - 2025-09-30 21:24:44 --> Session: Sessions is enabled, and one exists. Please don't $session->start();
WARNING - 2025-09-30 21:24:58 --> [DEPRECATED] Optional parameter $market_name declared before required parameter $market_id is implicitly treated as a required parameter in APPPATH\Controllers\User_c.php on line 2492.
 1 FCPATH\vendor\composer\ClassLoader.php(576): include('C:\\laragon\\www\\pro1\\vendor\\codeigniter4\\framework\\system\\Debug\\Exceptions.php')
 2 FCPATH\vendor\composer\ClassLoader.php(427): Composer\Autoload\{closure}('C:\\laragon\\www\\pro1\\vendor\\composer/../../app/Controllers/User_c.php')
 3 [internal function]: Composer\Autoload\ClassLoader->loadClass('App\\Controllers\\User_c')
 4 SYSTEMPATH\CodeIgniter.php(887): class_exists('\\App\\Controllers\\User_c', true)
 5 SYSTEMPATH\CodeIgniter.php(496): CodeIgniter\CodeIgniter->startController()
 6 SYSTEMPATH\CodeIgniter.php(355): CodeIgniter\CodeIgniter->handleRequest(null, Object(Config\Cache), false)
 7 SYSTEMPATH\Boot.php(325): CodeIgniter\CodeIgniter->run()
 8 SYSTEMPATH\Boot.php(67): CodeIgniter\Boot::runCodeIgniter(Object(CodeIgniter\CodeIgniter))
 9 FCPATH\index.php(57): CodeIgniter\Boot::bootWeb(Object(Config\Paths))
INFO - 2025-09-30 21:24:58 --> Session: Class initialized using 'CodeIgniter\Session\Handlers\FileHandler' driver.
WARNING - 2025-09-30 21:24:58 --> Session: Sessions is enabled, and one exists. Please don't $session->start();
WARNING - 2025-09-30 21:25:04 --> [DEPRECATED] Optional parameter $market_name declared before required parameter $market_id is implicitly treated as a required parameter in APPPATH\Controllers\User_c.php on line 2492.
 1 FCPATH\vendor\composer\ClassLoader.php(576): include('C:\\laragon\\www\\pro1\\vendor\\codeigniter4\\framework\\system\\Debug\\Exceptions.php')
 2 FCPATH\vendor\composer\ClassLoader.php(427): Composer\Autoload\{closure}('C:\\laragon\\www\\pro1\\vendor\\composer/../../app/Controllers/User_c.php')
 3 [internal function]: Composer\Autoload\ClassLoader->loadClass('App\\Controllers\\User_c')
 4 SYSTEMPATH\CodeIgniter.php(887): class_exists('\\App\\Controllers\\User_c', true)
 5 SYSTEMPATH\CodeIgniter.php(496): CodeIgniter\CodeIgniter->startController()
 6 SYSTEMPATH\CodeIgniter.php(355): CodeIgniter\CodeIgniter->handleRequest(null, Object(Config\Cache), false)
 7 SYSTEMPATH\Boot.php(325): CodeIgniter\CodeIgniter->run()
 8 SYSTEMPATH\Boot.php(67): CodeIgniter\Boot::runCodeIgniter(Object(CodeIgniter\CodeIgniter))
 9 FCPATH\index.php(57): CodeIgniter\Boot::bootWeb(Object(Config\Paths))
INFO - 2025-09-30 21:25:04 --> Session: Class initialized using 'CodeIgniter\Session\Handlers\FileHandler' driver.
WARNING - 2025-09-30 21:25:04 --> Session: Sessions is enabled, and one exists. Please don't $session->start();
WARNING - 2025-09-30 21:25:17 --> [DEPRECATED] Optional parameter $market_name declared before required parameter $market_id is implicitly treated as a required parameter in APPPATH\Controllers\User_c.php on line 2492.
 1 FCPATH\vendor\composer\ClassLoader.php(576): include('C:\\laragon\\www\\pro1\\vendor\\codeigniter4\\framework\\system\\Debug\\Exceptions.php')
 2 FCPATH\vendor\composer\ClassLoader.php(427): Composer\Autoload\{closure}('C:\\laragon\\www\\pro1\\vendor\\composer/../../app/Controllers/User_c.php')
 3 [internal function]: Composer\Autoload\ClassLoader->loadClass('App\\Controllers\\User_c')
 4 SYSTEMPATH\CodeIgniter.php(887): class_exists('\\App\\Controllers\\User_c', true)
 5 SYSTEMPATH\CodeIgniter.php(496): CodeIgniter\CodeIgniter->startController()
 6 SYSTEMPATH\CodeIgniter.php(355): CodeIgniter\CodeIgniter->handleRequest(null, Object(Config\Cache), false)
 7 SYSTEMPATH\Boot.php(325): CodeIgniter\CodeIgniter->run()
 8 SYSTEMPATH\Boot.php(67): CodeIgniter\Boot::runCodeIgniter(Object(CodeIgniter\CodeIgniter))
 9 FCPATH\index.php(57): CodeIgniter\Boot::bootWeb(Object(Config\Paths))
INFO - 2025-09-30 21:25:17 --> Session: Class initialized using 'CodeIgniter\Session\Handlers\FileHandler' driver.
WARNING - 2025-09-30 21:25:17 --> Session: Sessions is enabled, and one exists. Please don't $session->start();
