INFO - 2025-08-28 20:43:27 --> Session: Class initialized using 'CodeIgniter\Session\Handlers\FileHandler' driver.
WARNING - 2025-08-28 20:43:27 --> Session: Sessions is enabled, and one exists. Please don't $session->start();
CRITICAL - 2025-08-28 20:43:27 --> Error: Call to undefined function form_open()
[Method: GET, Route: admin-play-game-history/3/0]
in APPPATH\Views\admin\play_game_history.php on line 96.
 1 SYSTEMPATH\View\View.php(234): include()
 2 SYSTEMPATH\View\View.php(237): CodeIgniter\View\View->CodeIgniter\View\{closure}()
 3 SYSTEMPATH\Common.php(1171): CodeIgniter\View\View->render('admin/play_game_history', [], true)
 4 APPPATH\Helpers\functions_helper.php(521): view('admin/play_game_history', [...])
 5 APPPATH\Controllers\Admin_c.php(2626): load_view('admin', 'admin/play_game_history', [...])
 6 SYSTEMPATH\CodeIgniter.php(933): App\Controllers\Admin_c->play_game_history('3', '0')
 7 SYSTEMPATH\CodeIgniter.php(509): CodeIgniter\CodeIgniter->runController(Object(App\Controllers\Admin_c))
 8 SYSTEMPATH\CodeIgniter.php(355): CodeIgniter\CodeIgniter->handleRequest(null, Object(Config\Cache), false)
 9 SYSTEMPATH\Boot.php(325): CodeIgniter\CodeIgniter->run()
10 SYSTEMPATH\Boot.php(67): CodeIgniter\Boot::runCodeIgniter(Object(CodeIgniter\CodeIgniter))
11 FCPATH\index.php(57): CodeIgniter\Boot::bootWeb(Object(Config\Paths))
INFO - 2025-08-28 20:44:15 --> Session: Class initialized using 'CodeIgniter\Session\Handlers\FileHandler' driver.
WARNING - 2025-08-28 20:44:15 --> Session: Sessions is enabled, and one exists. Please don't $session->start();
CRITICAL - 2025-08-28 20:44:15 --> ErrorException: Undefined variable $market_id
[Method: GET, Route: admin-play-game-history/3/0]
in APPPATH\Views\admin\play_game_history.php on line 96.
 1 APPPATH\Views\admin\play_game_history.php(96): CodeIgniter\Debug\Exceptions->errorHandler(2, 'Undefined variable $market_id', 'C:\\laragon\\www\\pro1\\app\\Views\\admin\\play_game_history.php', 96)
 2 SYSTEMPATH\View\View.php(234): include('C:\\laragon\\www\\pro1\\app\\Views\\admin\\play_game_history.php')
 3 SYSTEMPATH\View\View.php(237): CodeIgniter\View\View->CodeIgniter\View\{closure}()
 4 SYSTEMPATH\Common.php(1171): CodeIgniter\View\View->render('admin/play_game_history', [], true)
 5 APPPATH\Helpers\functions_helper.php(521): view('admin/play_game_history', [...])
 6 APPPATH\Controllers\Admin_c.php(2628): load_view('admin', 'admin/play_game_history', [...])
 7 SYSTEMPATH\CodeIgniter.php(933): App\Controllers\Admin_c->play_game_history('3', '0')
 8 SYSTEMPATH\CodeIgniter.php(509): CodeIgniter\CodeIgniter->runController(Object(App\Controllers\Admin_c))
 9 SYSTEMPATH\CodeIgniter.php(355): CodeIgniter\CodeIgniter->handleRequest(null, Object(Config\Cache), false)
10 SYSTEMPATH\Boot.php(325): CodeIgniter\CodeIgniter->run()
11 SYSTEMPATH\Boot.php(67): CodeIgniter\Boot::runCodeIgniter(Object(CodeIgniter\CodeIgniter))
12 FCPATH\index.php(57): CodeIgniter\Boot::bootWeb(Object(Config\Paths))
INFO - 2025-08-28 20:44:27 --> Session: Class initialized using 'CodeIgniter\Session\Handlers\FileHandler' driver.
WARNING - 2025-08-28 20:44:27 --> Session: Sessions is enabled, and one exists. Please don't $session->start();
CRITICAL - 2025-08-28 20:44:27 --> ErrorException: Undefined variable $date
[Method: GET, Route: admin-play-game-history/3/0]
in APPPATH\Views\admin\play_game_history.php on line 111.
 1 APPPATH\Views\admin\play_game_history.php(111): CodeIgniter\Debug\Exceptions->errorHandler(2, 'Undefined variable $date', 'C:\\laragon\\www\\pro1\\app\\Views\\admin\\play_game_history.php', 111)
 2 SYSTEMPATH\View\View.php(234): include('C:\\laragon\\www\\pro1\\app\\Views\\admin\\play_game_history.php')
 3 SYSTEMPATH\View\View.php(237): CodeIgniter\View\View->CodeIgniter\View\{closure}()
 4 SYSTEMPATH\Common.php(1171): CodeIgniter\View\View->render('admin/play_game_history', [], true)
 5 APPPATH\Helpers\functions_helper.php(521): view('admin/play_game_history', [...])
 6 APPPATH\Controllers\Admin_c.php(2629): load_view('admin', 'admin/play_game_history', [...])
 7 SYSTEMPATH\CodeIgniter.php(933): App\Controllers\Admin_c->play_game_history('3', '0')
 8 SYSTEMPATH\CodeIgniter.php(509): CodeIgniter\CodeIgniter->runController(Object(App\Controllers\Admin_c))
 9 SYSTEMPATH\CodeIgniter.php(355): CodeIgniter\CodeIgniter->handleRequest(null, Object(Config\Cache), false)
10 SYSTEMPATH\Boot.php(325): CodeIgniter\CodeIgniter->run()
11 SYSTEMPATH\Boot.php(67): CodeIgniter\Boot::runCodeIgniter(Object(CodeIgniter\CodeIgniter))
12 FCPATH\index.php(57): CodeIgniter\Boot::bootWeb(Object(Config\Paths))
INFO - 2025-08-28 20:45:04 --> Session: Class initialized using 'CodeIgniter\Session\Handlers\FileHandler' driver.
WARNING - 2025-08-28 20:45:04 --> Session: Sessions is enabled, and one exists. Please don't $session->start();
INFO - 2025-08-28 20:45:05 --> Session: Class initialized using 'CodeIgniter\Session\Handlers\FileHandler' driver.
WARNING - 2025-08-28 20:45:05 --> Session: Sessions is enabled, and one exists. Please don't $session->start();
INFO - 2025-08-28 20:45:05 --> Session: Class initialized using 'CodeIgniter\Session\Handlers\FileHandler' driver.
WARNING - 2025-08-28 20:45:05 --> Session: Sessions is enabled, and one exists. Please don't $session->start();
INFO - 2025-08-28 20:47:02 --> Session: Class initialized using 'CodeIgniter\Session\Handlers\FileHandler' driver.
WARNING - 2025-08-28 20:47:02 --> Session: Sessions is enabled, and one exists. Please don't $session->start();
INFO - 2025-08-28 20:47:03 --> Session: Class initialized using 'CodeIgniter\Session\Handlers\FileHandler' driver.
WARNING - 2025-08-28 20:47:03 --> Session: Sessions is enabled, and one exists. Please don't $session->start();
INFO - 2025-08-28 20:47:04 --> Session: Class initialized using 'CodeIgniter\Session\Handlers\FileHandler' driver.
WARNING - 2025-08-28 20:47:04 --> Session: Sessions is enabled, and one exists. Please don't $session->start();
INFO - 2025-08-28 20:47:07 --> Session: Class initialized using 'CodeIgniter\Session\Handlers\FileHandler' driver.
WARNING - 2025-08-28 20:47:07 --> Session: Sessions is enabled, and one exists. Please don't $session->start();
INFO - 2025-08-28 20:47:07 --> Session: Class initialized using 'CodeIgniter\Session\Handlers\FileHandler' driver.
WARNING - 2025-08-28 20:47:07 --> Session: Sessions is enabled, and one exists. Please don't $session->start();
INFO - 2025-08-28 20:47:08 --> Session: Class initialized using 'CodeIgniter\Session\Handlers\FileHandler' driver.
WARNING - 2025-08-28 20:47:08 --> Session: Sessions is enabled, and one exists. Please don't $session->start();
INFO - 2025-08-28 20:47:08 --> Session: Class initialized using 'CodeIgniter\Session\Handlers\FileHandler' driver.
WARNING - 2025-08-28 20:47:08 --> Session: Sessions is enabled, and one exists. Please don't $session->start();
INFO - 2025-08-28 20:48:04 --> Session: Class initialized using 'CodeIgniter\Session\Handlers\FileHandler' driver.
WARNING - 2025-08-28 20:48:04 --> Session: Sessions is enabled, and one exists. Please don't $session->start();
INFO - 2025-08-28 20:48:05 --> Session: Class initialized using 'CodeIgniter\Session\Handlers\FileHandler' driver.
WARNING - 2025-08-28 20:48:05 --> Session: Sessions is enabled, and one exists. Please don't $session->start();
INFO - 2025-08-28 20:48:05 --> Session: Class initialized using 'CodeIgniter\Session\Handlers\FileHandler' driver.
WARNING - 2025-08-28 20:48:05 --> Session: Sessions is enabled, and one exists. Please don't $session->start();
INFO - 2025-08-28 20:50:30 --> Session: Class initialized using 'CodeIgniter\Session\Handlers\FileHandler' driver.
WARNING - 2025-08-28 20:50:30 --> Session: Sessions is enabled, and one exists. Please don't $session->start();
INFO - 2025-08-28 20:50:31 --> Session: Class initialized using 'CodeIgniter\Session\Handlers\FileHandler' driver.
WARNING - 2025-08-28 20:50:31 --> Session: Sessions is enabled, and one exists. Please don't $session->start();
INFO - 2025-08-28 20:50:31 --> Session: Class initialized using 'CodeIgniter\Session\Handlers\FileHandler' driver.
WARNING - 2025-08-28 20:50:31 --> Session: Sessions is enabled, and one exists. Please don't $session->start();
INFO - 2025-08-28 20:50:32 --> Session: Class initialized using 'CodeIgniter\Session\Handlers\FileHandler' driver.
WARNING - 2025-08-28 20:50:32 --> Session: Sessions is enabled, and one exists. Please don't $session->start();
INFO - 2025-08-28 20:50:34 --> Session: Class initialized using 'CodeIgniter\Session\Handlers\FileHandler' driver.
WARNING - 2025-08-28 20:50:34 --> Session: Sessions is enabled, and one exists. Please don't $session->start();
CRITICAL - 2025-08-28 20:50:34 --> ErrorException: Array to string conversion
[Method: GET, Route: admin-play-delhi-game-history/3/0]
in APPPATH\Views\admin\play_delhi_game_history.php on line 82.
 1 APPPATH\Views\admin\play_delhi_game_history.php(82): CodeIgniter\Debug\Exceptions->errorHandler(2, 'Array to string conversion', 'C:\\laragon\\www\\pro1\\app\\Views\\admin\\play_delhi_game_history.php', 82)
 2 SYSTEMPATH\View\View.php(234): include('C:\\laragon\\www\\pro1\\app\\Views\\admin\\play_delhi_game_history.php')
 3 SYSTEMPATH\View\View.php(237): CodeIgniter\View\View->CodeIgniter\View\{closure}()
 4 SYSTEMPATH\Common.php(1171): CodeIgniter\View\View->render('admin/play_delhi_game_history', [], true)
 5 APPPATH\Helpers\functions_helper.php(521): view('admin/play_delhi_game_history', [...])
 6 APPPATH\Controllers\Admin_c.php(3122): load_view('admin', 'admin/play_delhi_game_history', [...])
 7 SYSTEMPATH\CodeIgniter.php(933): App\Controllers\Admin_c->play_delhi_game_history('3', '0')
 8 SYSTEMPATH\CodeIgniter.php(509): CodeIgniter\CodeIgniter->runController(Object(App\Controllers\Admin_c))
 9 SYSTEMPATH\CodeIgniter.php(355): CodeIgniter\CodeIgniter->handleRequest(null, Object(Config\Cache), false)
10 SYSTEMPATH\Boot.php(325): CodeIgniter\CodeIgniter->run()
11 SYSTEMPATH\Boot.php(67): CodeIgniter\Boot::runCodeIgniter(Object(CodeIgniter\CodeIgniter))
12 FCPATH\index.php(57): CodeIgniter\Boot::bootWeb(Object(Config\Paths))
INFO - 2025-08-28 20:50:59 --> Session: Class initialized using 'CodeIgniter\Session\Handlers\FileHandler' driver.
WARNING - 2025-08-28 20:50:59 --> Session: Sessions is enabled, and one exists. Please don't $session->start();
INFO - 2025-08-28 20:50:59 --> Session: Class initialized using 'CodeIgniter\Session\Handlers\FileHandler' driver.
WARNING - 2025-08-28 20:50:59 --> Session: Sessions is enabled, and one exists. Please don't $session->start();
INFO - 2025-08-28 20:50:59 --> Session: Class initialized using 'CodeIgniter\Session\Handlers\FileHandler' driver.
WARNING - 2025-08-28 20:50:59 --> Session: Sessions is enabled, and one exists. Please don't $session->start();
INFO - 2025-08-28 20:51:03 --> Session: Class initialized using 'CodeIgniter\Session\Handlers\FileHandler' driver.
WARNING - 2025-08-28 20:51:03 --> Session: Sessions is enabled, and one exists. Please don't $session->start();
INFO - 2025-08-28 20:51:06 --> Session: Class initialized using 'CodeIgniter\Session\Handlers\FileHandler' driver.
WARNING - 2025-08-28 20:51:06 --> Session: Sessions is enabled, and one exists. Please don't $session->start();
INFO - 2025-08-28 20:51:06 --> Session: Class initialized using 'CodeIgniter\Session\Handlers\FileHandler' driver.
WARNING - 2025-08-28 20:51:06 --> Session: Sessions is enabled, and one exists. Please don't $session->start();
INFO - 2025-08-28 20:51:07 --> Session: Class initialized using 'CodeIgniter\Session\Handlers\FileHandler' driver.
WARNING - 2025-08-28 20:51:07 --> Session: Sessions is enabled, and one exists. Please don't $session->start();
INFO - 2025-08-28 20:52:05 --> Session: Class initialized using 'CodeIgniter\Session\Handlers\FileHandler' driver.
WARNING - 2025-08-28 20:52:05 --> Session: Sessions is enabled, and one exists. Please don't $session->start();
INFO - 2025-08-28 20:52:06 --> Session: Class initialized using 'CodeIgniter\Session\Handlers\FileHandler' driver.
WARNING - 2025-08-28 20:52:06 --> Session: Sessions is enabled, and one exists. Please don't $session->start();
INFO - 2025-08-28 20:52:06 --> Session: Class initialized using 'CodeIgniter\Session\Handlers\FileHandler' driver.
WARNING - 2025-08-28 20:52:06 --> Session: Sessions is enabled, and one exists. Please don't $session->start();
INFO - 2025-08-28 20:52:29 --> Session: Class initialized using 'CodeIgniter\Session\Handlers\FileHandler' driver.
WARNING - 2025-08-28 20:52:29 --> Session: Sessions is enabled, and one exists. Please don't $session->start();
INFO - 2025-08-28 20:52:29 --> Session: Class initialized using 'CodeIgniter\Session\Handlers\FileHandler' driver.
WARNING - 2025-08-28 20:52:29 --> Session: Sessions is enabled, and one exists. Please don't $session->start();
INFO - 2025-08-28 20:52:29 --> Session: Class initialized using 'CodeIgniter\Session\Handlers\FileHandler' driver.
WARNING - 2025-08-28 20:52:29 --> Session: Sessions is enabled, and one exists. Please don't $session->start();
INFO - 2025-08-28 20:52:54 --> Session: Class initialized using 'CodeIgniter\Session\Handlers\FileHandler' driver.
WARNING - 2025-08-28 20:52:54 --> Session: Sessions is enabled, and one exists. Please don't $session->start();
INFO - 2025-08-28 20:52:55 --> Session: Class initialized using 'CodeIgniter\Session\Handlers\FileHandler' driver.
WARNING - 2025-08-28 20:52:55 --> Session: Sessions is enabled, and one exists. Please don't $session->start();
INFO - 2025-08-28 20:52:55 --> Session: Class initialized using 'CodeIgniter\Session\Handlers\FileHandler' driver.
WARNING - 2025-08-28 20:52:55 --> Session: Sessions is enabled, and one exists. Please don't $session->start();
INFO - 2025-08-28 20:52:57 --> Session: Class initialized using 'CodeIgniter\Session\Handlers\FileHandler' driver.
WARNING - 2025-08-28 20:52:57 --> Session: Sessions is enabled, and one exists. Please don't $session->start();
INFO - 2025-08-28 20:52:57 --> Session: Class initialized using 'CodeIgniter\Session\Handlers\FileHandler' driver.
WARNING - 2025-08-28 20:52:57 --> Session: Sessions is enabled, and one exists. Please don't $session->start();
INFO - 2025-08-28 20:52:58 --> Session: Class initialized using 'CodeIgniter\Session\Handlers\FileHandler' driver.
WARNING - 2025-08-28 20:52:58 --> Session: Sessions is enabled, and one exists. Please don't $session->start();
INFO - 2025-08-28 20:53:12 --> Session: Class initialized using 'CodeIgniter\Session\Handlers\FileHandler' driver.
WARNING - 2025-08-28 20:53:12 --> Session: Sessions is enabled, and one exists. Please don't $session->start();
INFO - 2025-08-28 20:53:13 --> Session: Class initialized using 'CodeIgniter\Session\Handlers\FileHandler' driver.
WARNING - 2025-08-28 20:53:13 --> Session: Sessions is enabled, and one exists. Please don't $session->start();
INFO - 2025-08-28 20:53:13 --> Session: Class initialized using 'CodeIgniter\Session\Handlers\FileHandler' driver.
WARNING - 2025-08-28 20:53:13 --> Session: Sessions is enabled, and one exists. Please don't $session->start();
INFO - 2025-08-28 20:53:38 --> Session: Class initialized using 'CodeIgniter\Session\Handlers\FileHandler' driver.
WARNING - 2025-08-28 20:53:38 --> Session: Sessions is enabled, and one exists. Please don't $session->start();
INFO - 2025-08-28 20:53:38 --> Session: Class initialized using 'CodeIgniter\Session\Handlers\FileHandler' driver.
WARNING - 2025-08-28 20:53:38 --> Session: Sessions is enabled, and one exists. Please don't $session->start();
INFO - 2025-08-28 20:53:38 --> Session: Class initialized using 'CodeIgniter\Session\Handlers\FileHandler' driver.
WARNING - 2025-08-28 20:53:38 --> Session: Sessions is enabled, and one exists. Please don't $session->start();
INFO - 2025-08-28 20:53:46 --> Session: Class initialized using 'CodeIgniter\Session\Handlers\FileHandler' driver.
WARNING - 2025-08-28 20:53:46 --> Session: Sessions is enabled, and one exists. Please don't $session->start();
INFO - 2025-08-28 20:53:46 --> Session: Class initialized using 'CodeIgniter\Session\Handlers\FileHandler' driver.
WARNING - 2025-08-28 20:53:46 --> Session: Sessions is enabled, and one exists. Please don't $session->start();
INFO - 2025-08-28 20:53:46 --> Session: Class initialized using 'CodeIgniter\Session\Handlers\FileHandler' driver.
WARNING - 2025-08-28 20:53:46 --> Session: Sessions is enabled, and one exists. Please don't $session->start();
INFO - 2025-08-28 20:54:26 --> Session: Class initialized using 'CodeIgniter\Session\Handlers\FileHandler' driver.
WARNING - 2025-08-28 20:54:26 --> Session: Sessions is enabled, and one exists. Please don't $session->start();
INFO - 2025-08-28 20:54:27 --> Session: Class initialized using 'CodeIgniter\Session\Handlers\FileHandler' driver.
WARNING - 2025-08-28 20:54:27 --> Session: Sessions is enabled, and one exists. Please don't $session->start();
INFO - 2025-08-28 20:54:27 --> Session: Class initialized using 'CodeIgniter\Session\Handlers\FileHandler' driver.
WARNING - 2025-08-28 20:54:27 --> Session: Sessions is enabled, and one exists. Please don't $session->start();
INFO - 2025-08-28 20:54:29 --> Session: Class initialized using 'CodeIgniter\Session\Handlers\FileHandler' driver.
WARNING - 2025-08-28 20:54:29 --> Session: Sessions is enabled, and one exists. Please don't $session->start();
INFO - 2025-08-28 20:54:29 --> Session: Class initialized using 'CodeIgniter\Session\Handlers\FileHandler' driver.
WARNING - 2025-08-28 20:54:29 --> Session: Sessions is enabled, and one exists. Please don't $session->start();
INFO - 2025-08-28 20:54:30 --> Session: Class initialized using 'CodeIgniter\Session\Handlers\FileHandler' driver.
WARNING - 2025-08-28 20:54:30 --> Session: Sessions is enabled, and one exists. Please don't $session->start();
INFO - 2025-08-28 20:54:30 --> Session: Class initialized using 'CodeIgniter\Session\Handlers\FileHandler' driver.
WARNING - 2025-08-28 20:54:30 --> Session: Sessions is enabled, and one exists. Please don't $session->start();
INFO - 2025-08-28 20:54:51 --> Session: Class initialized using 'CodeIgniter\Session\Handlers\FileHandler' driver.
WARNING - 2025-08-28 20:54:51 --> Session: Sessions is enabled, and one exists. Please don't $session->start();
INFO - 2025-08-28 20:54:52 --> Session: Class initialized using 'CodeIgniter\Session\Handlers\FileHandler' driver.
WARNING - 2025-08-28 20:54:52 --> Session: Sessions is enabled, and one exists. Please don't $session->start();
INFO - 2025-08-28 20:54:52 --> Session: Class initialized using 'CodeIgniter\Session\Handlers\FileHandler' driver.
WARNING - 2025-08-28 20:54:52 --> Session: Sessions is enabled, and one exists. Please don't $session->start();
INFO - 2025-08-28 20:54:56 --> Session: Class initialized using 'CodeIgniter\Session\Handlers\FileHandler' driver.
WARNING - 2025-08-28 20:54:56 --> Session: Sessions is enabled, and one exists. Please don't $session->start();
INFO - 2025-08-28 20:54:57 --> Session: Class initialized using 'CodeIgniter\Session\Handlers\FileHandler' driver.
WARNING - 2025-08-28 20:54:57 --> Session: Sessions is enabled, and one exists. Please don't $session->start();
INFO - 2025-08-28 20:54:57 --> Session: Class initialized using 'CodeIgniter\Session\Handlers\FileHandler' driver.
WARNING - 2025-08-28 20:54:57 --> Session: Sessions is enabled, and one exists. Please don't $session->start();
INFO - 2025-08-28 20:54:58 --> Session: Class initialized using 'CodeIgniter\Session\Handlers\FileHandler' driver.
WARNING - 2025-08-28 20:54:58 --> Session: Sessions is enabled, and one exists. Please don't $session->start();
INFO - 2025-08-28 20:54:59 --> Session: Class initialized using 'CodeIgniter\Session\Handlers\FileHandler' driver.
WARNING - 2025-08-28 20:54:59 --> Session: Sessions is enabled, and one exists. Please don't $session->start();
INFO - 2025-08-28 20:54:59 --> Session: Class initialized using 'CodeIgniter\Session\Handlers\FileHandler' driver.
WARNING - 2025-08-28 20:54:59 --> Session: Sessions is enabled, and one exists. Please don't $session->start();
INFO - 2025-08-28 20:54:59 --> Session: Class initialized using 'CodeIgniter\Session\Handlers\FileHandler' driver.
WARNING - 2025-08-28 20:54:59 --> Session: Sessions is enabled, and one exists. Please don't $session->start();
INFO - 2025-08-28 20:55:00 --> Session: Class initialized using 'CodeIgniter\Session\Handlers\FileHandler' driver.
WARNING - 2025-08-28 20:55:00 --> Session: Sessions is enabled, and one exists. Please don't $session->start();
INFO - 2025-08-28 20:55:00 --> Session: Class initialized using 'CodeIgniter\Session\Handlers\FileHandler' driver.
WARNING - 2025-08-28 20:55:00 --> Session: Sessions is enabled, and one exists. Please don't $session->start();
INFO - 2025-08-28 20:55:03 --> Session: Class initialized using 'CodeIgniter\Session\Handlers\FileHandler' driver.
WARNING - 2025-08-28 20:55:03 --> Session: Sessions is enabled, and one exists. Please don't $session->start();
INFO - 2025-08-28 20:55:03 --> Session: Class initialized using 'CodeIgniter\Session\Handlers\FileHandler' driver.
WARNING - 2025-08-28 20:55:03 --> Session: Sessions is enabled, and one exists. Please don't $session->start();
INFO - 2025-08-28 20:55:03 --> Session: Class initialized using 'CodeIgniter\Session\Handlers\FileHandler' driver.
WARNING - 2025-08-28 20:55:03 --> Session: Sessions is enabled, and one exists. Please don't $session->start();
INFO - 2025-08-28 20:55:03 --> Session: Class initialized using 'CodeIgniter\Session\Handlers\FileHandler' driver.
WARNING - 2025-08-28 20:55:03 --> Session: Sessions is enabled, and one exists. Please don't $session->start();
INFO - 2025-08-28 20:55:37 --> Session: Class initialized using 'CodeIgniter\Session\Handlers\FileHandler' driver.
WARNING - 2025-08-28 20:55:37 --> Session: Sessions is enabled, and one exists. Please don't $session->start();
INFO - 2025-08-28 20:55:38 --> Session: Class initialized using 'CodeIgniter\Session\Handlers\FileHandler' driver.
WARNING - 2025-08-28 20:55:38 --> Session: Sessions is enabled, and one exists. Please don't $session->start();
INFO - 2025-08-28 20:55:38 --> Session: Class initialized using 'CodeIgniter\Session\Handlers\FileHandler' driver.
WARNING - 2025-08-28 20:55:38 --> Session: Sessions is enabled, and one exists. Please don't $session->start();
INFO - 2025-08-28 20:56:08 --> Session: Class initialized using 'CodeIgniter\Session\Handlers\FileHandler' driver.
WARNING - 2025-08-28 20:56:08 --> Session: Sessions is enabled, and one exists. Please don't $session->start();
INFO - 2025-08-28 20:56:09 --> Session: Class initialized using 'CodeIgniter\Session\Handlers\FileHandler' driver.
WARNING - 2025-08-28 20:56:09 --> Session: Sessions is enabled, and one exists. Please don't $session->start();
INFO - 2025-08-28 20:56:09 --> Session: Class initialized using 'CodeIgniter\Session\Handlers\FileHandler' driver.
WARNING - 2025-08-28 20:56:09 --> Session: Sessions is enabled, and one exists. Please don't $session->start();
INFO - 2025-08-28 20:56:26 --> Session: Class initialized using 'CodeIgniter\Session\Handlers\FileHandler' driver.
WARNING - 2025-08-28 20:56:26 --> Session: Sessions is enabled, and one exists. Please don't $session->start();
INFO - 2025-08-28 20:56:26 --> Session: Class initialized using 'CodeIgniter\Session\Handlers\FileHandler' driver.
WARNING - 2025-08-28 20:56:26 --> Session: Sessions is enabled, and one exists. Please don't $session->start();
INFO - 2025-08-28 20:56:27 --> Session: Class initialized using 'CodeIgniter\Session\Handlers\FileHandler' driver.
WARNING - 2025-08-28 20:56:27 --> Session: Sessions is enabled, and one exists. Please don't $session->start();
INFO - 2025-08-28 20:56:27 --> Session: Class initialized using 'CodeIgniter\Session\Handlers\FileHandler' driver.
WARNING - 2025-08-28 20:56:27 --> Session: Sessions is enabled, and one exists. Please don't $session->start();
INFO - 2025-08-28 20:56:27 --> Session: Class initialized using 'CodeIgniter\Session\Handlers\FileHandler' driver.
WARNING - 2025-08-28 20:56:27 --> Session: Sessions is enabled, and one exists. Please don't $session->start();
INFO - 2025-08-28 20:56:27 --> Session: Class initialized using 'CodeIgniter\Session\Handlers\FileHandler' driver.
WARNING - 2025-08-28 20:56:27 --> Session: Sessions is enabled, and one exists. Please don't $session->start();
INFO - 2025-08-28 20:57:43 --> Session: Class initialized using 'CodeIgniter\Session\Handlers\FileHandler' driver.
WARNING - 2025-08-28 20:57:43 --> Session: Sessions is enabled, and one exists. Please don't $session->start();
INFO - 2025-08-28 20:57:45 --> Session: Class initialized using 'CodeIgniter\Session\Handlers\FileHandler' driver.
WARNING - 2025-08-28 20:57:45 --> Session: Sessions is enabled, and one exists. Please don't $session->start();
INFO - 2025-08-28 20:57:46 --> Session: Class initialized using 'CodeIgniter\Session\Handlers\FileHandler' driver.
WARNING - 2025-08-28 20:57:46 --> Session: Sessions is enabled, and one exists. Please don't $session->start();
INFO - 2025-08-28 20:58:01 --> Session: Class initialized using 'CodeIgniter\Session\Handlers\FileHandler' driver.
WARNING - 2025-08-28 20:58:01 --> Session: Sessions is enabled, and one exists. Please don't $session->start();
INFO - 2025-08-28 20:58:02 --> Session: Class initialized using 'CodeIgniter\Session\Handlers\FileHandler' driver.
WARNING - 2025-08-28 20:58:02 --> Session: Sessions is enabled, and one exists. Please don't $session->start();
INFO - 2025-08-28 20:58:02 --> Session: Class initialized using 'CodeIgniter\Session\Handlers\FileHandler' driver.
WARNING - 2025-08-28 20:58:02 --> Session: Sessions is enabled, and one exists. Please don't $session->start();
INFO - 2025-08-28 20:58:25 --> Session: Class initialized using 'CodeIgniter\Session\Handlers\FileHandler' driver.
WARNING - 2025-08-28 20:58:25 --> Session: Sessions is enabled, and one exists. Please don't $session->start();
INFO - 2025-08-28 20:58:26 --> Session: Class initialized using 'CodeIgniter\Session\Handlers\FileHandler' driver.
WARNING - 2025-08-28 20:58:26 --> Session: Sessions is enabled, and one exists. Please don't $session->start();
INFO - 2025-08-28 20:58:26 --> Session: Class initialized using 'CodeIgniter\Session\Handlers\FileHandler' driver.
WARNING - 2025-08-28 20:58:26 --> Session: Sessions is enabled, and one exists. Please don't $session->start();
INFO - 2025-08-28 20:59:27 --> Session: Class initialized using 'CodeIgniter\Session\Handlers\FileHandler' driver.
WARNING - 2025-08-28 20:59:27 --> Session: Sessions is enabled, and one exists. Please don't $session->start();
INFO - 2025-08-28 20:59:28 --> Session: Class initialized using 'CodeIgniter\Session\Handlers\FileHandler' driver.
WARNING - 2025-08-28 20:59:28 --> Session: Sessions is enabled, and one exists. Please don't $session->start();
INFO - 2025-08-28 20:59:28 --> Session: Class initialized using 'CodeIgniter\Session\Handlers\FileHandler' driver.
WARNING - 2025-08-28 20:59:28 --> Session: Sessions is enabled, and one exists. Please don't $session->start();
INFO - 2025-08-28 20:59:43 --> Session: Class initialized using 'CodeIgniter\Session\Handlers\FileHandler' driver.
WARNING - 2025-08-28 20:59:43 --> Session: Sessions is enabled, and one exists. Please don't $session->start();
INFO - 2025-08-28 20:59:44 --> Session: Class initialized using 'CodeIgniter\Session\Handlers\FileHandler' driver.
WARNING - 2025-08-28 20:59:44 --> Session: Sessions is enabled, and one exists. Please don't $session->start();
INFO - 2025-08-28 20:59:44 --> Session: Class initialized using 'CodeIgniter\Session\Handlers\FileHandler' driver.
WARNING - 2025-08-28 20:59:44 --> Session: Sessions is enabled, and one exists. Please don't $session->start();
INFO - 2025-08-28 21:00:33 --> Session: Class initialized using 'CodeIgniter\Session\Handlers\FileHandler' driver.
WARNING - 2025-08-28 21:00:33 --> Session: Sessions is enabled, and one exists. Please don't $session->start();
INFO - 2025-08-28 21:00:33 --> Session: Class initialized using 'CodeIgniter\Session\Handlers\FileHandler' driver.
WARNING - 2025-08-28 21:00:33 --> Session: Sessions is enabled, and one exists. Please don't $session->start();
INFO - 2025-08-28 21:00:34 --> Session: Class initialized using 'CodeIgniter\Session\Handlers\FileHandler' driver.
WARNING - 2025-08-28 21:00:34 --> Session: Sessions is enabled, and one exists. Please don't $session->start();
INFO - 2025-08-28 21:00:34 --> Session: Class initialized using 'CodeIgniter\Session\Handlers\FileHandler' driver.
WARNING - 2025-08-28 21:00:34 --> Session: Sessions is enabled, and one exists. Please don't $session->start();
INFO - 2025-08-28 21:00:49 --> Session: Class initialized using 'CodeIgniter\Session\Handlers\FileHandler' driver.
WARNING - 2025-08-28 21:00:49 --> Session: Sessions is enabled, and one exists. Please don't $session->start();
INFO - 2025-08-28 21:00:50 --> Session: Class initialized using 'CodeIgniter\Session\Handlers\FileHandler' driver.
WARNING - 2025-08-28 21:00:50 --> Session: Sessions is enabled, and one exists. Please don't $session->start();
INFO - 2025-08-28 21:00:50 --> Session: Class initialized using 'CodeIgniter\Session\Handlers\FileHandler' driver.
WARNING - 2025-08-28 21:00:50 --> Session: Sessions is enabled, and one exists. Please don't $session->start();
