INFO - 2025-06-07 16:16:16 --> Session: Class initialized using 'CodeIgniter\Session\Handlers\FileHandler' driver.
WARNING - 2025-06-07 16:16:16 --> Session: Sessions is enabled, and one exists. Please don't $session->start();
INFO - 2025-06-07 16:16:18 --> Session: Class initialized using 'CodeIgniter\Session\Handlers\FileHandler' driver.
WARNING - 2025-06-07 16:16:18 --> Session: Sessions is enabled, and one exists. Please don't $session->start();
INFO - 2025-06-07 16:18:46 --> Session: Class initialized using 'CodeIgniter\Session\Handlers\FileHandler' driver.
WARNING - 2025-06-07 16:18:46 --> Session: Sessions is enabled, and one exists. Please don't $session->start();
CRITICAL - 2025-06-07 16:18:46 --> ErrorException: Undefined array key "close_time"
[Method: GET, Route: dashboard-user]
in APPPATH\Views\user\dashboard.php on line 188.
 1 APPPATH\Views\user\dashboard.php(188): CodeIgniter\Debug\Exceptions->errorHandler(2, 'Undefined array key "close_time"', 'C:\\laragon\\www\\pro1\\app\\Views\\user\\dashboard.php', 188)
 2 SYSTEMPATH\View\View.php(234): include('C:\\laragon\\www\\pro1\\app\\Views\\user\\dashboard.php')
 3 SYSTEMPATH\View\View.php(237): CodeIgniter\View\View->CodeIgniter\View\{closure}()
 4 SYSTEMPATH\Common.php(1171): CodeIgniter\View\View->render('user/dashboard', [], true)
 5 APPPATH\Helpers\functions_helper.php(521): view('user/dashboard', [...])
 6 APPPATH\Controllers\User_c.php(130): load_view('user', 'user/dashboard', [...])
 7 SYSTEMPATH\CodeIgniter.php(933): App\Controllers\User_c->index()
 8 SYSTEMPATH\CodeIgniter.php(509): CodeIgniter\CodeIgniter->runController(Object(App\Controllers\User_c))
 9 SYSTEMPATH\CodeIgniter.php(355): CodeIgniter\CodeIgniter->handleRequest(null, Object(Config\Cache), false)
10 SYSTEMPATH\Boot.php(325): CodeIgniter\CodeIgniter->run()
11 SYSTEMPATH\Boot.php(67): CodeIgniter\Boot::runCodeIgniter(Object(CodeIgniter\CodeIgniter))
12 FCPATH\index.php(57): CodeIgniter\Boot::bootWeb(Object(Config\Paths))
INFO - 2025-06-07 16:19:28 --> Session: Class initialized using 'CodeIgniter\Session\Handlers\FileHandler' driver.
WARNING - 2025-06-07 16:19:28 --> Session: Sessions is enabled, and one exists. Please don't $session->start();
INFO - 2025-06-07 16:19:31 --> Session: Class initialized using 'CodeIgniter\Session\Handlers\FileHandler' driver.
WARNING - 2025-06-07 16:19:31 --> Session: Sessions is enabled, and one exists. Please don't $session->start();
INFO - 2025-06-07 16:19:31 --> Session: Class initialized using 'CodeIgniter\Session\Handlers\FileHandler' driver.
WARNING - 2025-06-07 16:19:31 --> Session: Sessions is enabled, and one exists. Please don't $session->start();
INFO - 2025-06-07 16:19:34 --> Session: Class initialized using 'CodeIgniter\Session\Handlers\FileHandler' driver.
WARNING - 2025-06-07 16:19:34 --> Session: Sessions is enabled, and one exists. Please don't $session->start();
INFO - 2025-06-07 16:19:34 --> Session: Class initialized using 'CodeIgniter\Session\Handlers\FileHandler' driver.
WARNING - 2025-06-07 16:19:34 --> Session: Sessions is enabled, and one exists. Please don't $session->start();
INFO - 2025-06-07 16:21:33 --> Session: Class initialized using 'CodeIgniter\Session\Handlers\FileHandler' driver.
WARNING - 2025-06-07 16:21:33 --> Session: Sessions is enabled, and one exists. Please don't $session->start();
CRITICAL - 2025-06-07 16:21:33 --> ErrorException: Undefined variable $close_for_today
[Method: GET, Route: dashboard-user]
in APPPATH\Views\user\dashboard.php on line 188.
 1 APPPATH\Views\user\dashboard.php(188): CodeIgniter\Debug\Exceptions->errorHandler(2, 'Undefined variable $close_for_today', 'C:\\laragon\\www\\pro1\\app\\Views\\user\\dashboard.php', 188)
 2 SYSTEMPATH\View\View.php(234): include('C:\\laragon\\www\\pro1\\app\\Views\\user\\dashboard.php')
 3 SYSTEMPATH\View\View.php(237): CodeIgniter\View\View->CodeIgniter\View\{closure}()
 4 SYSTEMPATH\Common.php(1171): CodeIgniter\View\View->render('user/dashboard', [], true)
 5 APPPATH\Helpers\functions_helper.php(521): view('user/dashboard', [...])
 6 APPPATH\Controllers\User_c.php(130): load_view('user', 'user/dashboard', [...])
 7 SYSTEMPATH\CodeIgniter.php(933): App\Controllers\User_c->index()
 8 SYSTEMPATH\CodeIgniter.php(509): CodeIgniter\CodeIgniter->runController(Object(App\Controllers\User_c))
 9 SYSTEMPATH\CodeIgniter.php(355): CodeIgniter\CodeIgniter->handleRequest(null, Object(Config\Cache), false)
10 SYSTEMPATH\Boot.php(325): CodeIgniter\CodeIgniter->run()
11 SYSTEMPATH\Boot.php(67): CodeIgniter\Boot::runCodeIgniter(Object(CodeIgniter\CodeIgniter))
12 FCPATH\index.php(57): CodeIgniter\Boot::bootWeb(Object(Config\Paths))
INFO - 2025-06-07 16:21:40 --> Session: Class initialized using 'CodeIgniter\Session\Handlers\FileHandler' driver.
WARNING - 2025-06-07 16:21:40 --> Session: Sessions is enabled, and one exists. Please don't $session->start();
CRITICAL - 2025-06-07 16:21:40 --> ErrorException: Undefined array key "close_time"
[Method: GET, Route: dashboard-user]
in APPPATH\Views\user\dashboard.php on line 190.
 1 APPPATH\Views\user\dashboard.php(190): CodeIgniter\Debug\Exceptions->errorHandler(2, 'Undefined array key "close_time"', 'C:\\laragon\\www\\pro1\\app\\Views\\user\\dashboard.php', 190)
 2 SYSTEMPATH\View\View.php(234): include('C:\\laragon\\www\\pro1\\app\\Views\\user\\dashboard.php')
 3 SYSTEMPATH\View\View.php(237): CodeIgniter\View\View->CodeIgniter\View\{closure}()
 4 SYSTEMPATH\Common.php(1171): CodeIgniter\View\View->render('user/dashboard', [], true)
 5 APPPATH\Helpers\functions_helper.php(521): view('user/dashboard', [...])
 6 APPPATH\Controllers\User_c.php(130): load_view('user', 'user/dashboard', [...])
 7 SYSTEMPATH\CodeIgniter.php(933): App\Controllers\User_c->index()
 8 SYSTEMPATH\CodeIgniter.php(509): CodeIgniter\CodeIgniter->runController(Object(App\Controllers\User_c))
 9 SYSTEMPATH\CodeIgniter.php(355): CodeIgniter\CodeIgniter->handleRequest(null, Object(Config\Cache), false)
10 SYSTEMPATH\Boot.php(325): CodeIgniter\CodeIgniter->run()
11 SYSTEMPATH\Boot.php(67): CodeIgniter\Boot::runCodeIgniter(Object(CodeIgniter\CodeIgniter))
12 FCPATH\index.php(57): CodeIgniter\Boot::bootWeb(Object(Config\Paths))
INFO - 2025-06-07 16:21:47 --> Session: Class initialized using 'CodeIgniter\Session\Handlers\FileHandler' driver.
WARNING - 2025-06-07 16:21:47 --> Session: Sessions is enabled, and one exists. Please don't $session->start();
INFO - 2025-06-07 16:21:54 --> Session: Class initialized using 'CodeIgniter\Session\Handlers\FileHandler' driver.
WARNING - 2025-06-07 16:21:54 --> Session: Sessions is enabled, and one exists. Please don't $session->start();
INFO - 2025-06-07 16:29:18 --> Session: Class initialized using 'CodeIgniter\Session\Handlers\FileHandler' driver.
WARNING - 2025-06-07 16:29:18 --> Session: Sessions is enabled, and one exists. Please don't $session->start();
INFO - 2025-06-07 16:29:41 --> Session: Class initialized using 'CodeIgniter\Session\Handlers\FileHandler' driver.
WARNING - 2025-06-07 16:29:41 --> Session: Sessions is enabled, and one exists. Please don't $session->start();
INFO - 2025-06-07 16:37:30 --> Session: Class initialized using 'CodeIgniter\Session\Handlers\FileHandler' driver.
WARNING - 2025-06-07 16:37:30 --> Session: Sessions is enabled, and one exists. Please don't $session->start();
INFO - 2025-06-07 16:38:28 --> Session: Class initialized using 'CodeIgniter\Session\Handlers\FileHandler' driver.
WARNING - 2025-06-07 16:38:28 --> Session: Sessions is enabled, and one exists. Please don't $session->start();
INFO - 2025-06-07 16:39:23 --> Session: Class initialized using 'CodeIgniter\Session\Handlers\FileHandler' driver.
WARNING - 2025-06-07 16:39:23 --> Session: Sessions is enabled, and one exists. Please don't $session->start();
INFO - 2025-06-07 16:39:23 --> Session: Class initialized using 'CodeIgniter\Session\Handlers\FileHandler' driver.
WARNING - 2025-06-07 16:39:23 --> Session: Sessions is enabled, and one exists. Please don't $session->start();
INFO - 2025-06-07 16:52:38 --> Session: Class initialized using 'CodeIgniter\Session\Handlers\FileHandler' driver.
WARNING - 2025-06-07 16:52:38 --> Session: Sessions is enabled, and one exists. Please don't $session->start();
INFO - 2025-06-07 16:55:04 --> Session: Class initialized using 'CodeIgniter\Session\Handlers\FileHandler' driver.
WARNING - 2025-06-07 16:55:04 --> Session: Sessions is enabled, and one exists. Please don't $session->start();
CRITICAL - 2025-06-07 16:55:04 --> ErrorException: Undefined array key "slot_time"
[Method: GET, Route: dashboard-user]
in APPPATH\Views\user\dashboard.php on line 273.
 1 APPPATH\Views\user\dashboard.php(273): CodeIgniter\Debug\Exceptions->errorHandler(2, 'Undefined array key "slot_time"', 'C:\\laragon\\www\\pro1\\app\\Views\\user\\dashboard.php', 273)
 2 SYSTEMPATH\View\View.php(234): include('C:\\laragon\\www\\pro1\\app\\Views\\user\\dashboard.php')
 3 SYSTEMPATH\View\View.php(237): CodeIgniter\View\View->CodeIgniter\View\{closure}()
 4 SYSTEMPATH\Common.php(1171): CodeIgniter\View\View->render('user/dashboard', [], true)
 5 APPPATH\Helpers\functions_helper.php(521): view('user/dashboard', [...])
 6 APPPATH\Controllers\User_c.php(130): load_view('user', 'user/dashboard', [...])
 7 SYSTEMPATH\CodeIgniter.php(933): App\Controllers\User_c->index()
 8 SYSTEMPATH\CodeIgniter.php(509): CodeIgniter\CodeIgniter->runController(Object(App\Controllers\User_c))
 9 SYSTEMPATH\CodeIgniter.php(355): CodeIgniter\CodeIgniter->handleRequest(null, Object(Config\Cache), false)
10 SYSTEMPATH\Boot.php(325): CodeIgniter\CodeIgniter->run()
11 SYSTEMPATH\Boot.php(67): CodeIgniter\Boot::runCodeIgniter(Object(CodeIgniter\CodeIgniter))
12 FCPATH\index.php(57): CodeIgniter\Boot::bootWeb(Object(Config\Paths))
INFO - 2025-06-07 16:55:32 --> Session: Class initialized using 'CodeIgniter\Session\Handlers\FileHandler' driver.
WARNING - 2025-06-07 16:55:32 --> Session: Sessions is enabled, and one exists. Please don't $session->start();
INFO - 2025-06-07 16:56:19 --> Session: Class initialized using 'CodeIgniter\Session\Handlers\FileHandler' driver.
WARNING - 2025-06-07 16:56:19 --> Session: Sessions is enabled, and one exists. Please don't $session->start();
INFO - 2025-06-07 16:56:56 --> Session: Class initialized using 'CodeIgniter\Session\Handlers\FileHandler' driver.
WARNING - 2025-06-07 16:56:56 --> Session: Sessions is enabled, and one exists. Please don't $session->start();
INFO - 2025-06-07 18:00:06 --> Session: Class initialized using 'CodeIgniter\Session\Handlers\FileHandler' driver.
WARNING - 2025-06-07 18:00:06 --> Session: Sessions is enabled, and one exists. Please don't $session->start();
INFO - 2025-06-07 18:00:22 --> Session: Class initialized using 'CodeIgniter\Session\Handlers\FileHandler' driver.
WARNING - 2025-06-07 18:00:22 --> Session: Sessions is enabled, and one exists. Please don't $session->start();
INFO - 2025-06-07 18:00:27 --> Session: Class initialized using 'CodeIgniter\Session\Handlers\FileHandler' driver.
WARNING - 2025-06-07 18:00:27 --> Session: Sessions is enabled, and one exists. Please don't $session->start();
INFO - 2025-06-07 18:00:27 --> Session: Class initialized using 'CodeIgniter\Session\Handlers\FileHandler' driver.
WARNING - 2025-06-07 18:00:27 --> Session: Sessions is enabled, and one exists. Please don't $session->start();
INFO - 2025-06-07 18:00:35 --> Session: Class initialized using 'CodeIgniter\Session\Handlers\FileHandler' driver.
WARNING - 2025-06-07 18:00:35 --> Session: Sessions is enabled, and one exists. Please don't $session->start();
INFO - 2025-06-07 18:00:39 --> Session: Class initialized using 'CodeIgniter\Session\Handlers\FileHandler' driver.
WARNING - 2025-06-07 18:00:39 --> Session: Sessions is enabled, and one exists. Please don't $session->start();
INFO - 2025-06-07 18:00:43 --> Session: Class initialized using 'CodeIgniter\Session\Handlers\FileHandler' driver.
WARNING - 2025-06-07 18:00:43 --> Session: Sessions is enabled, and one exists. Please don't $session->start();
INFO - 2025-06-07 18:00:56 --> Session: Class initialized using 'CodeIgniter\Session\Handlers\FileHandler' driver.
WARNING - 2025-06-07 18:00:56 --> Session: Sessions is enabled, and one exists. Please don't $session->start();
INFO - 2025-06-07 18:15:20 --> Session: Class initialized using 'CodeIgniter\Session\Handlers\FileHandler' driver.
WARNING - 2025-06-07 18:15:20 --> Session: Sessions is enabled, and one exists. Please don't $session->start();
INFO - 2025-06-07 18:15:26 --> Session: Class initialized using 'CodeIgniter\Session\Handlers\FileHandler' driver.
WARNING - 2025-06-07 18:15:26 --> Session: Sessions is enabled, and one exists. Please don't $session->start();
INFO - 2025-06-07 18:16:07 --> Session: Class initialized using 'CodeIgniter\Session\Handlers\FileHandler' driver.
WARNING - 2025-06-07 18:16:07 --> Session: Sessions is enabled, and one exists. Please don't $session->start();
INFO - 2025-06-07 18:18:34 --> Session: Class initialized using 'CodeIgniter\Session\Handlers\FileHandler' driver.
WARNING - 2025-06-07 18:18:34 --> Session: Sessions is enabled, and one exists. Please don't $session->start();
INFO - 2025-06-07 18:18:34 --> Session: Class initialized using 'CodeIgniter\Session\Handlers\FileHandler' driver.
WARNING - 2025-06-07 18:18:34 --> Session: Sessions is enabled, and one exists. Please don't $session->start();
INFO - 2025-06-07 18:18:36 --> Session: Class initialized using 'CodeIgniter\Session\Handlers\FileHandler' driver.
WARNING - 2025-06-07 18:18:36 --> Session: Sessions is enabled, and one exists. Please don't $session->start();
INFO - 2025-06-07 18:18:42 --> Session: Class initialized using 'CodeIgniter\Session\Handlers\FileHandler' driver.
WARNING - 2025-06-07 18:18:42 --> Session: Sessions is enabled, and one exists. Please don't $session->start();
INFO - 2025-06-07 18:27:11 --> Session: Class initialized using 'CodeIgniter\Session\Handlers\FileHandler' driver.
WARNING - 2025-06-07 18:27:11 --> Session: Sessions is enabled, and one exists. Please don't $session->start();
INFO - 2025-06-07 18:31:52 --> Session: Class initialized using 'CodeIgniter\Session\Handlers\FileHandler' driver.
WARNING - 2025-06-07 18:31:52 --> Session: Sessions is enabled, and one exists. Please don't $session->start();
INFO - 2025-06-07 18:31:53 --> Session: Class initialized using 'CodeIgniter\Session\Handlers\FileHandler' driver.
WARNING - 2025-06-07 18:31:53 --> Session: Sessions is enabled, and one exists. Please don't $session->start();
INFO - 2025-06-07 18:31:54 --> Session: Class initialized using 'CodeIgniter\Session\Handlers\FileHandler' driver.
WARNING - 2025-06-07 18:31:54 --> Session: Sessions is enabled, and one exists. Please don't $session->start();
INFO - 2025-06-07 18:31:55 --> Session: Class initialized using 'CodeIgniter\Session\Handlers\FileHandler' driver.
WARNING - 2025-06-07 18:31:55 --> Session: Sessions is enabled, and one exists. Please don't $session->start();
INFO - 2025-06-07 18:33:01 --> Session: Class initialized using 'CodeIgniter\Session\Handlers\FileHandler' driver.
WARNING - 2025-06-07 18:33:01 --> Session: Sessions is enabled, and one exists. Please don't $session->start();
INFO - 2025-06-07 18:33:19 --> Session: Class initialized using 'CodeIgniter\Session\Handlers\FileHandler' driver.
WARNING - 2025-06-07 18:33:19 --> Session: Sessions is enabled, and one exists. Please don't $session->start();
INFO - 2025-06-07 18:33:20 --> Session: Class initialized using 'CodeIgniter\Session\Handlers\FileHandler' driver.
WARNING - 2025-06-07 18:33:20 --> Session: Sessions is enabled, and one exists. Please don't $session->start();
INFO - 2025-06-07 18:40:58 --> Session: Class initialized using 'CodeIgniter\Session\Handlers\FileHandler' driver.
WARNING - 2025-06-07 18:40:58 --> Session: Sessions is enabled, and one exists. Please don't $session->start();
INFO - 2025-06-07 18:41:50 --> Session: Class initialized using 'CodeIgniter\Session\Handlers\FileHandler' driver.
WARNING - 2025-06-07 18:41:50 --> Session: Sessions is enabled, and one exists. Please don't $session->start();
INFO - 2025-06-07 18:42:18 --> Session: Class initialized using 'CodeIgniter\Session\Handlers\FileHandler' driver.
WARNING - 2025-06-07 18:42:18 --> Session: Sessions is enabled, and one exists. Please don't $session->start();
INFO - 2025-06-07 18:42:19 --> Session: Class initialized using 'CodeIgniter\Session\Handlers\FileHandler' driver.
WARNING - 2025-06-07 18:42:19 --> Session: Sessions is enabled, and one exists. Please don't $session->start();
INFO - 2025-06-07 18:42:22 --> Session: Class initialized using 'CodeIgniter\Session\Handlers\FileHandler' driver.
WARNING - 2025-06-07 18:42:22 --> Session: Sessions is enabled, and one exists. Please don't $session->start();
INFO - 2025-06-07 18:43:16 --> Session: Class initialized using 'CodeIgniter\Session\Handlers\FileHandler' driver.
WARNING - 2025-06-07 18:43:16 --> Session: Sessions is enabled, and one exists. Please don't $session->start();
INFO - 2025-06-07 18:43:16 --> Session: Class initialized using 'CodeIgniter\Session\Handlers\FileHandler' driver.
WARNING - 2025-06-07 18:43:16 --> Session: Sessions is enabled, and one exists. Please don't $session->start();
INFO - 2025-06-07 18:43:17 --> Session: Class initialized using 'CodeIgniter\Session\Handlers\FileHandler' driver.
WARNING - 2025-06-07 18:43:17 --> Session: Sessions is enabled, and one exists. Please don't $session->start();
INFO - 2025-06-07 18:43:33 --> Session: Class initialized using 'CodeIgniter\Session\Handlers\FileHandler' driver.
WARNING - 2025-06-07 18:43:33 --> Session: Sessions is enabled, and one exists. Please don't $session->start();
INFO - 2025-06-07 18:43:33 --> Session: Class initialized using 'CodeIgniter\Session\Handlers\FileHandler' driver.
WARNING - 2025-06-07 18:43:33 --> Session: Sessions is enabled, and one exists. Please don't $session->start();
INFO - 2025-06-07 18:43:52 --> Session: Class initialized using 'CodeIgniter\Session\Handlers\FileHandler' driver.
WARNING - 2025-06-07 18:43:52 --> Session: Sessions is enabled, and one exists. Please don't $session->start();
INFO - 2025-06-07 18:44:15 --> Session: Class initialized using 'CodeIgniter\Session\Handlers\FileHandler' driver.
WARNING - 2025-06-07 18:44:15 --> Session: Sessions is enabled, and one exists. Please don't $session->start();
INFO - 2025-06-07 18:44:28 --> Session: Class initialized using 'CodeIgniter\Session\Handlers\FileHandler' driver.
WARNING - 2025-06-07 18:44:28 --> Session: Sessions is enabled, and one exists. Please don't $session->start();
INFO - 2025-06-07 18:45:28 --> Session: Class initialized using 'CodeIgniter\Session\Handlers\FileHandler' driver.
WARNING - 2025-06-07 18:45:28 --> Session: Sessions is enabled, and one exists. Please don't $session->start();
INFO - 2025-06-07 18:47:06 --> Session: Class initialized using 'CodeIgniter\Session\Handlers\FileHandler' driver.
WARNING - 2025-06-07 18:47:06 --> Session: Sessions is enabled, and one exists. Please don't $session->start();
INFO - 2025-06-07 18:47:21 --> Session: Class initialized using 'CodeIgniter\Session\Handlers\FileHandler' driver.
WARNING - 2025-06-07 18:47:21 --> Session: Sessions is enabled, and one exists. Please don't $session->start();
INFO - 2025-06-07 18:47:55 --> Session: Class initialized using 'CodeIgniter\Session\Handlers\FileHandler' driver.
WARNING - 2025-06-07 18:47:55 --> Session: Sessions is enabled, and one exists. Please don't $session->start();
INFO - 2025-06-07 18:48:32 --> Session: Class initialized using 'CodeIgniter\Session\Handlers\FileHandler' driver.
WARNING - 2025-06-07 18:48:32 --> Session: Sessions is enabled, and one exists. Please don't $session->start();
INFO - 2025-06-07 18:48:36 --> Session: Class initialized using 'CodeIgniter\Session\Handlers\FileHandler' driver.
WARNING - 2025-06-07 18:48:36 --> Session: Sessions is enabled, and one exists. Please don't $session->start();
INFO - 2025-06-07 18:48:47 --> Session: Class initialized using 'CodeIgniter\Session\Handlers\FileHandler' driver.
WARNING - 2025-06-07 18:48:47 --> Session: Sessions is enabled, and one exists. Please don't $session->start();
INFO - 2025-06-07 18:48:49 --> Session: Class initialized using 'CodeIgniter\Session\Handlers\FileHandler' driver.
WARNING - 2025-06-07 18:48:49 --> Session: Sessions is enabled, and one exists. Please don't $session->start();
INFO - 2025-06-07 18:49:31 --> Session: Class initialized using 'CodeIgniter\Session\Handlers\FileHandler' driver.
WARNING - 2025-06-07 18:49:31 --> Session: Sessions is enabled, and one exists. Please don't $session->start();
INFO - 2025-06-07 18:49:32 --> Session: Class initialized using 'CodeIgniter\Session\Handlers\FileHandler' driver.
WARNING - 2025-06-07 18:49:32 --> Session: Sessions is enabled, and one exists. Please don't $session->start();
INFO - 2025-06-07 18:49:34 --> Session: Class initialized using 'CodeIgniter\Session\Handlers\FileHandler' driver.
WARNING - 2025-06-07 18:49:34 --> Session: Sessions is enabled, and one exists. Please don't $session->start();
INFO - 2025-06-07 18:49:35 --> Session: Class initialized using 'CodeIgniter\Session\Handlers\FileHandler' driver.
WARNING - 2025-06-07 18:49:35 --> Session: Sessions is enabled, and one exists. Please don't $session->start();
INFO - 2025-06-07 18:49:36 --> Session: Class initialized using 'CodeIgniter\Session\Handlers\FileHandler' driver.
WARNING - 2025-06-07 18:49:36 --> Session: Sessions is enabled, and one exists. Please don't $session->start();
INFO - 2025-06-07 18:49:37 --> Session: Class initialized using 'CodeIgniter\Session\Handlers\FileHandler' driver.
WARNING - 2025-06-07 18:49:37 --> Session: Sessions is enabled, and one exists. Please don't $session->start();
INFO - 2025-06-07 18:49:39 --> Session: Class initialized using 'CodeIgniter\Session\Handlers\FileHandler' driver.
WARNING - 2025-06-07 18:49:39 --> Session: Sessions is enabled, and one exists. Please don't $session->start();
INFO - 2025-06-07 18:49:40 --> Session: Class initialized using 'CodeIgniter\Session\Handlers\FileHandler' driver.
WARNING - 2025-06-07 18:49:40 --> Session: Sessions is enabled, and one exists. Please don't $session->start();
INFO - 2025-06-07 18:49:42 --> Session: Class initialized using 'CodeIgniter\Session\Handlers\FileHandler' driver.
WARNING - 2025-06-07 18:49:42 --> Session: Sessions is enabled, and one exists. Please don't $session->start();
INFO - 2025-06-07 18:49:44 --> Session: Class initialized using 'CodeIgniter\Session\Handlers\FileHandler' driver.
WARNING - 2025-06-07 18:49:44 --> Session: Sessions is enabled, and one exists. Please don't $session->start();
INFO - 2025-06-07 18:49:45 --> Session: Class initialized using 'CodeIgniter\Session\Handlers\FileHandler' driver.
WARNING - 2025-06-07 18:49:45 --> Session: Sessions is enabled, and one exists. Please don't $session->start();
INFO - 2025-06-07 18:49:46 --> Session: Class initialized using 'CodeIgniter\Session\Handlers\FileHandler' driver.
WARNING - 2025-06-07 18:49:46 --> Session: Sessions is enabled, and one exists. Please don't $session->start();
INFO - 2025-06-07 18:49:47 --> Session: Class initialized using 'CodeIgniter\Session\Handlers\FileHandler' driver.
WARNING - 2025-06-07 18:49:47 --> Session: Sessions is enabled, and one exists. Please don't $session->start();
INFO - 2025-06-07 18:49:48 --> Session: Class initialized using 'CodeIgniter\Session\Handlers\FileHandler' driver.
WARNING - 2025-06-07 18:49:48 --> Session: Sessions is enabled, and one exists. Please don't $session->start();
INFO - 2025-06-07 18:49:48 --> Session: Class initialized using 'CodeIgniter\Session\Handlers\FileHandler' driver.
WARNING - 2025-06-07 18:49:48 --> Session: Sessions is enabled, and one exists. Please don't $session->start();
CRITICAL - 2025-06-07 18:49:49 --> ErrorException: unlink(C:\laragon\www\pro1\writable\debugbar/debugbar_1749302226.652544.json): No such file or directory
[Method: GET, Route: /]
in SYSTEMPATH\Debug\Toolbar\Collectors\History.php on line 82.
 1 [internal function]: CodeIgniter\Debug\Exceptions->errorHandler(2, 'unlink(C:\\laragon\\www\\pro1\\writable\\debugbar/debugbar_1749302226.652544.json): No such file or directory', 'C:\\laragon\\www\\pro1\\vendor\\codeigniter4\\framework\\system\\Debug\\Toolbar\\Collectors\\History.php', 82)
 2 SYSTEMPATH\Debug\Toolbar\Collectors\History.php(82): unlink('C:\\laragon\\www\\pro1\\writable\\debugbar/debugbar_1749302226.652544.json')
 3 SYSTEMPATH\Debug\Toolbar.php(518): CodeIgniter\Debug\Toolbar\Collectors\History->setFiles('1749302377.974103', 20)
 4 SYSTEMPATH\Debug\Toolbar.php(497): CodeIgniter\Debug\Toolbar->format([...], 'html')
 5 APPPATH\Config\Events.php(47): CodeIgniter\Debug\Toolbar->respond()
 6 SYSTEMPATH\Events\Events.php(155): CodeIgniter\Events\Events::Config\{closure}()
 7 SYSTEMPATH\CodeIgniter.php(340): CodeIgniter\Events\Events::trigger('pre_system')
 8 SYSTEMPATH\Boot.php(325): CodeIgniter\CodeIgniter->run()
 9 SYSTEMPATH\Boot.php(67): CodeIgniter\Boot::runCodeIgniter(Object(CodeIgniter\CodeIgniter))
10 FCPATH\index.php(57): CodeIgniter\Boot::bootWeb(Object(Config\Paths))
INFO - 2025-06-07 18:49:49 --> Session: Class initialized using 'CodeIgniter\Session\Handlers\FileHandler' driver.
WARNING - 2025-06-07 18:49:49 --> Session: Sessions is enabled, and one exists. Please don't $session->start();
INFO - 2025-06-07 18:49:50 --> Session: Class initialized using 'CodeIgniter\Session\Handlers\FileHandler' driver.
WARNING - 2025-06-07 18:49:50 --> Session: Sessions is enabled, and one exists. Please don't $session->start();
INFO - 2025-06-07 18:49:51 --> Session: Class initialized using 'CodeIgniter\Session\Handlers\FileHandler' driver.
WARNING - 2025-06-07 18:49:51 --> Session: Sessions is enabled, and one exists. Please don't $session->start();
CRITICAL - 2025-06-07 18:49:52 --> ErrorException: unlink(C:\laragon\www\pro1\writable\debugbar/debugbar_1749302275.637188.json): No such file or directory
[Method: GET, Route: /]
in SYSTEMPATH\Debug\Toolbar\Collectors\History.php on line 82.
 1 [internal function]: CodeIgniter\Debug\Exceptions->errorHandler(2, 'unlink(C:\\laragon\\www\\pro1\\writable\\debugbar/debugbar_1749302275.637188.json): No such file or directory', 'C:\\laragon\\www\\pro1\\vendor\\codeigniter4\\framework\\system\\Debug\\Toolbar\\Collectors\\History.php', 82)
 2 SYSTEMPATH\Debug\Toolbar\Collectors\History.php(82): unlink('C:\\laragon\\www\\pro1\\writable\\debugbar/debugbar_1749302275.637188.json')
 3 SYSTEMPATH\Debug\Toolbar.php(518): CodeIgniter\Debug\Toolbar\Collectors\History->setFiles('1749302384.444094', 20)
 4 SYSTEMPATH\Debug\Toolbar.php(497): CodeIgniter\Debug\Toolbar->format([...], 'html')
 5 APPPATH\Config\Events.php(47): CodeIgniter\Debug\Toolbar->respond()
 6 SYSTEMPATH\Events\Events.php(155): CodeIgniter\Events\Events::Config\{closure}()
 7 SYSTEMPATH\CodeIgniter.php(340): CodeIgniter\Events\Events::trigger('pre_system')
 8 SYSTEMPATH\Boot.php(325): CodeIgniter\CodeIgniter->run()
 9 SYSTEMPATH\Boot.php(67): CodeIgniter\Boot::runCodeIgniter(Object(CodeIgniter\CodeIgniter))
10 FCPATH\index.php(57): CodeIgniter\Boot::bootWeb(Object(Config\Paths))
CRITICAL - 2025-06-07 18:49:54 --> ErrorException: unlink(C:\laragon\www\pro1\writable\debugbar/debugbar_1749302317.070846.json): No such file or directory
[Method: GET, Route: /]
in SYSTEMPATH\Debug\Toolbar\Collectors\History.php on line 82.
 1 [internal function]: CodeIgniter\Debug\Exceptions->errorHandler(2, 'unlink(C:\\laragon\\www\\pro1\\writable\\debugbar/debugbar_1749302317.070846.json): No such file or directory', 'C:\\laragon\\www\\pro1\\vendor\\codeigniter4\\framework\\system\\Debug\\Toolbar\\Collectors\\History.php', 82)
 2 SYSTEMPATH\Debug\Toolbar\Collectors\History.php(82): unlink('C:\\laragon\\www\\pro1\\writable\\debugbar/debugbar_1749302317.070846.json')
 3 SYSTEMPATH\Debug\Toolbar.php(518): CodeIgniter\Debug\Toolbar\Collectors\History->setFiles('1749302387.523237', 20)
 4 SYSTEMPATH\Debug\Toolbar.php(497): CodeIgniter\Debug\Toolbar->format([...], 'html')
 5 APPPATH\Config\Events.php(47): CodeIgniter\Debug\Toolbar->respond()
 6 SYSTEMPATH\Events\Events.php(155): CodeIgniter\Events\Events::Config\{closure}()
 7 SYSTEMPATH\CodeIgniter.php(340): CodeIgniter\Events\Events::trigger('pre_system')
 8 SYSTEMPATH\Boot.php(325): CodeIgniter\CodeIgniter->run()
 9 SYSTEMPATH\Boot.php(67): CodeIgniter\Boot::runCodeIgniter(Object(CodeIgniter\CodeIgniter))
10 FCPATH\index.php(57): CodeIgniter\Boot::bootWeb(Object(Config\Paths))
INFO - 2025-06-07 18:51:45 --> Session: Class initialized using 'CodeIgniter\Session\Handlers\FileHandler' driver.
WARNING - 2025-06-07 18:51:45 --> Session: Sessions is enabled, and one exists. Please don't $session->start();
INFO - 2025-06-07 18:51:49 --> Session: Class initialized using 'CodeIgniter\Session\Handlers\FileHandler' driver.
WARNING - 2025-06-07 18:51:49 --> Session: Sessions is enabled, and one exists. Please don't $session->start();
INFO - 2025-06-07 18:51:50 --> Session: Class initialized using 'CodeIgniter\Session\Handlers\FileHandler' driver.
WARNING - 2025-06-07 18:51:50 --> Session: Sessions is enabled, and one exists. Please don't $session->start();
INFO - 2025-06-07 18:53:54 --> Session: Class initialized using 'CodeIgniter\Session\Handlers\FileHandler' driver.
WARNING - 2025-06-07 18:53:54 --> Session: Sessions is enabled, and one exists. Please don't $session->start();
INFO - 2025-06-07 18:55:02 --> Session: Class initialized using 'CodeIgniter\Session\Handlers\FileHandler' driver.
WARNING - 2025-06-07 18:55:02 --> Session: Sessions is enabled, and one exists. Please don't $session->start();
INFO - 2025-06-07 18:55:04 --> Session: Class initialized using 'CodeIgniter\Session\Handlers\FileHandler' driver.
WARNING - 2025-06-07 18:55:04 --> Session: Sessions is enabled, and one exists. Please don't $session->start();
INFO - 2025-06-07 18:55:18 --> Session: Class initialized using 'CodeIgniter\Session\Handlers\FileHandler' driver.
WARNING - 2025-06-07 18:55:18 --> Session: Sessions is enabled, and one exists. Please don't $session->start();
INFO - 2025-06-07 18:57:38 --> Session: Class initialized using 'CodeIgniter\Session\Handlers\FileHandler' driver.
WARNING - 2025-06-07 18:57:38 --> Session: Sessions is enabled, and one exists. Please don't $session->start();
INFO - 2025-06-07 18:58:08 --> Session: Class initialized using 'CodeIgniter\Session\Handlers\FileHandler' driver.
WARNING - 2025-06-07 18:58:08 --> Session: Sessions is enabled, and one exists. Please don't $session->start();
INFO - 2025-06-07 19:26:26 --> Session: Class initialized using 'CodeIgniter\Session\Handlers\FileHandler' driver.
WARNING - 2025-06-07 19:26:26 --> Session: Sessions is enabled, and one exists. Please don't $session->start();
INFO - 2025-06-07 19:26:33 --> Session: Class initialized using 'CodeIgniter\Session\Handlers\FileHandler' driver.
WARNING - 2025-06-07 19:26:33 --> Session: Sessions is enabled, and one exists. Please don't $session->start();
INFO - 2025-06-07 19:26:38 --> Session: Class initialized using 'CodeIgniter\Session\Handlers\FileHandler' driver.
WARNING - 2025-06-07 19:26:38 --> Session: Sessions is enabled, and one exists. Please don't $session->start();
INFO - 2025-06-07 19:26:58 --> Session: Class initialized using 'CodeIgniter\Session\Handlers\FileHandler' driver.
WARNING - 2025-06-07 19:26:58 --> Session: Sessions is enabled, and one exists. Please don't $session->start();
INFO - 2025-06-07 19:27:20 --> Session: Class initialized using 'CodeIgniter\Session\Handlers\FileHandler' driver.
WARNING - 2025-06-07 19:27:20 --> Session: Sessions is enabled, and one exists. Please don't $session->start();
CRITICAL - 2025-06-07 19:27:20 --> ErrorException: Undefined array key "language"
[Method: GET, Route: dashboard-user]
in APPPATH\Helpers\functions_helper.php on line 787.
 1 APPPATH\Helpers\functions_helper.php(787): CodeIgniter\Debug\Exceptions->errorHandler(2, 'Undefined array key "language"', 'C:\\laragon\\www\\pro1\\app\\Helpers\\functions_helper.php', 787)
 2 APPPATH\Views\user\common\sidebar.php(31): convertToHindi('Home')
 3 SYSTEMPATH\View\View.php(234): include('C:\\laragon\\www\\pro1\\app\\Views\\user\\common\\sidebar.php')
 4 SYSTEMPATH\View\View.php(237): CodeIgniter\View\View->CodeIgniter\View\{closure}()
 5 SYSTEMPATH\Common.php(1171): CodeIgniter\View\View->render('user/common/sidebar', [], true)
 6 APPPATH\Helpers\functions_helper.php(519): view('user/common/sidebar', [...])
 7 APPPATH\Controllers\User_c.php(130): load_view('user', 'user/dashboard', [...])
 8 SYSTEMPATH\CodeIgniter.php(933): App\Controllers\User_c->index()
 9 SYSTEMPATH\CodeIgniter.php(509): CodeIgniter\CodeIgniter->runController(Object(App\Controllers\User_c))
10 SYSTEMPATH\CodeIgniter.php(355): CodeIgniter\CodeIgniter->handleRequest(null, Object(Config\Cache), false)
11 SYSTEMPATH\Boot.php(325): CodeIgniter\CodeIgniter->run()
12 SYSTEMPATH\Boot.php(67): CodeIgniter\Boot::runCodeIgniter(Object(CodeIgniter\CodeIgniter))
13 FCPATH\index.php(57): CodeIgniter\Boot::bootWeb(Object(Config\Paths))
INFO - 2025-06-07 19:27:24 --> Session: Class initialized using 'CodeIgniter\Session\Handlers\FileHandler' driver.
WARNING - 2025-06-07 19:27:24 --> Session: Sessions is enabled, and one exists. Please don't $session->start();
INFO - 2025-06-07 19:27:29 --> Session: Class initialized using 'CodeIgniter\Session\Handlers\FileHandler' driver.
WARNING - 2025-06-07 19:27:29 --> Session: Sessions is enabled, and one exists. Please don't $session->start();
INFO - 2025-06-07 19:27:29 --> Session: Class initialized using 'CodeIgniter\Session\Handlers\FileHandler' driver.
WARNING - 2025-06-07 19:27:29 --> Session: Sessions is enabled, and one exists. Please don't $session->start();
INFO - 2025-06-07 19:27:31 --> Session: Class initialized using 'CodeIgniter\Session\Handlers\FileHandler' driver.
WARNING - 2025-06-07 19:27:31 --> Session: Sessions is enabled, and one exists. Please don't $session->start();
INFO - 2025-06-07 19:27:31 --> Session: Class initialized using 'CodeIgniter\Session\Handlers\FileHandler' driver.
WARNING - 2025-06-07 19:27:31 --> Session: Sessions is enabled, and one exists. Please don't $session->start();
INFO - 2025-06-07 19:27:58 --> Session: Class initialized using 'CodeIgniter\Session\Handlers\FileHandler' driver.
WARNING - 2025-06-07 19:27:58 --> Session: Sessions is enabled, and one exists. Please don't $session->start();
INFO - 2025-06-07 19:28:20 --> Session: Class initialized using 'CodeIgniter\Session\Handlers\FileHandler' driver.
WARNING - 2025-06-07 19:28:20 --> Session: Sessions is enabled, and one exists. Please don't $session->start();
INFO - 2025-06-07 19:35:00 --> Session: Class initialized using 'CodeIgniter\Session\Handlers\FileHandler' driver.
WARNING - 2025-06-07 19:35:00 --> Session: Sessions is enabled, and one exists. Please don't $session->start();
INFO - 2025-06-07 19:36:10 --> Session: Class initialized using 'CodeIgniter\Session\Handlers\FileHandler' driver.
WARNING - 2025-06-07 19:36:10 --> Session: Sessions is enabled, and one exists. Please don't $session->start();
INFO - 2025-06-07 19:43:55 --> Session: Class initialized using 'CodeIgniter\Session\Handlers\FileHandler' driver.
WARNING - 2025-06-07 19:43:55 --> Session: Sessions is enabled, and one exists. Please don't $session->start();
INFO - 2025-06-07 19:46:24 --> Session: Class initialized using 'CodeIgniter\Session\Handlers\FileHandler' driver.
WARNING - 2025-06-07 19:46:24 --> Session: Sessions is enabled, and one exists. Please don't $session->start();
INFO - 2025-06-07 19:47:45 --> Session: Class initialized using 'CodeIgniter\Session\Handlers\FileHandler' driver.
WARNING - 2025-06-07 19:47:45 --> Session: Sessions is enabled, and one exists. Please don't $session->start();
INFO - 2025-06-07 19:48:39 --> Session: Class initialized using 'CodeIgniter\Session\Handlers\FileHandler' driver.
WARNING - 2025-06-07 19:48:39 --> Session: Sessions is enabled, and one exists. Please don't $session->start();
INFO - 2025-06-07 19:48:51 --> Session: Class initialized using 'CodeIgniter\Session\Handlers\FileHandler' driver.
WARNING - 2025-06-07 19:48:51 --> Session: Sessions is enabled, and one exists. Please don't $session->start();
INFO - 2025-06-07 19:48:58 --> Session: Class initialized using 'CodeIgniter\Session\Handlers\FileHandler' driver.
WARNING - 2025-06-07 19:48:58 --> Session: Sessions is enabled, and one exists. Please don't $session->start();
CRITICAL - 2025-06-07 19:48:58 --> ParseError: syntax error, unexpected token "&"
[Method: GET, Route: dashboard-user]
in APPPATH\Views\user\dashboard.php on line 11.
 1 SYSTEMPATH\View\View.php(237): CodeIgniter\View\View->CodeIgniter\View\{closure}()
 2 SYSTEMPATH\Common.php(1171): CodeIgniter\View\View->render('user/dashboard', [], true)
 3 APPPATH\Helpers\functions_helper.php(521): view('user/dashboard', [...])
 4 APPPATH\Controllers\User_c.php(130): load_view('user', 'user/dashboard', [...])
 5 SYSTEMPATH\CodeIgniter.php(933): App\Controllers\User_c->index()
 6 SYSTEMPATH\CodeIgniter.php(509): CodeIgniter\CodeIgniter->runController(Object(App\Controllers\User_c))
 7 SYSTEMPATH\CodeIgniter.php(355): CodeIgniter\CodeIgniter->handleRequest(null, Object(Config\Cache), false)
 8 SYSTEMPATH\Boot.php(325): CodeIgniter\CodeIgniter->run()
 9 SYSTEMPATH\Boot.php(67): CodeIgniter\Boot::runCodeIgniter(Object(CodeIgniter\CodeIgniter))
10 FCPATH\index.php(57): CodeIgniter\Boot::bootWeb(Object(Config\Paths))
INFO - 2025-06-07 19:49:14 --> Session: Class initialized using 'CodeIgniter\Session\Handlers\FileHandler' driver.
WARNING - 2025-06-07 19:49:14 --> Session: Sessions is enabled, and one exists. Please don't $session->start();
INFO - 2025-06-07 19:49:31 --> Session: Class initialized using 'CodeIgniter\Session\Handlers\FileHandler' driver.
WARNING - 2025-06-07 19:49:31 --> Session: Sessions is enabled, and one exists. Please don't $session->start();
INFO - 2025-06-07 19:49:51 --> Session: Class initialized using 'CodeIgniter\Session\Handlers\FileHandler' driver.
WARNING - 2025-06-07 19:49:51 --> Session: Sessions is enabled, and one exists. Please don't $session->start();
INFO - 2025-06-07 19:50:43 --> Session: Class initialized using 'CodeIgniter\Session\Handlers\FileHandler' driver.
WARNING - 2025-06-07 19:50:43 --> Session: Sessions is enabled, and one exists. Please don't $session->start();
INFO - 2025-06-07 19:51:29 --> Session: Class initialized using 'CodeIgniter\Session\Handlers\FileHandler' driver.
WARNING - 2025-06-07 19:51:29 --> Session: Sessions is enabled, and one exists. Please don't $session->start();
INFO - 2025-06-07 21:17:48 --> Session: Class initialized using 'CodeIgniter\Session\Handlers\FileHandler' driver.
WARNING - 2025-06-07 21:17:48 --> Session: Sessions is enabled, and one exists. Please don't $session->start();
INFO - 2025-06-07 21:19:33 --> Session: Class initialized using 'CodeIgniter\Session\Handlers\FileHandler' driver.
WARNING - 2025-06-07 21:19:33 --> Session: Sessions is enabled, and one exists. Please don't $session->start();
INFO - 2025-06-07 21:20:02 --> Session: Class initialized using 'CodeIgniter\Session\Handlers\FileHandler' driver.
WARNING - 2025-06-07 21:20:02 --> Session: Sessions is enabled, and one exists. Please don't $session->start();
INFO - 2025-06-07 21:22:28 --> Session: Class initialized using 'CodeIgniter\Session\Handlers\FileHandler' driver.
WARNING - 2025-06-07 21:22:28 --> Session: Sessions is enabled, and one exists. Please don't $session->start();
INFO - 2025-06-07 21:23:11 --> Session: Class initialized using 'CodeIgniter\Session\Handlers\FileHandler' driver.
WARNING - 2025-06-07 21:23:11 --> Session: Sessions is enabled, and one exists. Please don't $session->start();
INFO - 2025-06-07 21:23:26 --> Session: Class initialized using 'CodeIgniter\Session\Handlers\FileHandler' driver.
WARNING - 2025-06-07 21:23:26 --> Session: Sessions is enabled, and one exists. Please don't $session->start();
INFO - 2025-06-07 21:25:31 --> Session: Class initialized using 'CodeIgniter\Session\Handlers\FileHandler' driver.
WARNING - 2025-06-07 21:25:31 --> Session: Sessions is enabled, and one exists. Please don't $session->start();
INFO - 2025-06-07 21:30:37 --> Session: Class initialized using 'CodeIgniter\Session\Handlers\FileHandler' driver.
WARNING - 2025-06-07 21:30:37 --> Session: Sessions is enabled, and one exists. Please don't $session->start();
INFO - 2025-06-07 21:31:15 --> Session: Class initialized using 'CodeIgniter\Session\Handlers\FileHandler' driver.
WARNING - 2025-06-07 21:31:15 --> Session: Sessions is enabled, and one exists. Please don't $session->start();
INFO - 2025-06-07 21:34:01 --> Session: Class initialized using 'CodeIgniter\Session\Handlers\FileHandler' driver.
WARNING - 2025-06-07 21:34:01 --> Session: Sessions is enabled, and one exists. Please don't $session->start();
INFO - 2025-06-07 21:34:22 --> Session: Class initialized using 'CodeIgniter\Session\Handlers\FileHandler' driver.
WARNING - 2025-06-07 21:34:22 --> Session: Sessions is enabled, and one exists. Please don't $session->start();
INFO - 2025-06-07 21:35:04 --> Session: Class initialized using 'CodeIgniter\Session\Handlers\FileHandler' driver.
WARNING - 2025-06-07 21:35:04 --> Session: Sessions is enabled, and one exists. Please don't $session->start();
INFO - 2025-06-07 21:37:31 --> Session: Class initialized using 'CodeIgniter\Session\Handlers\FileHandler' driver.
WARNING - 2025-06-07 21:37:31 --> Session: Sessions is enabled, and one exists. Please don't $session->start();
INFO - 2025-06-07 21:38:52 --> Session: Class initialized using 'CodeIgniter\Session\Handlers\FileHandler' driver.
WARNING - 2025-06-07 21:38:52 --> Session: Sessions is enabled, and one exists. Please don't $session->start();
INFO - 2025-06-07 21:40:07 --> Session: Class initialized using 'CodeIgniter\Session\Handlers\FileHandler' driver.
WARNING - 2025-06-07 21:40:07 --> Session: Sessions is enabled, and one exists. Please don't $session->start();
INFO - 2025-06-07 21:45:01 --> Session: Class initialized using 'CodeIgniter\Session\Handlers\FileHandler' driver.
WARNING - 2025-06-07 21:45:01 --> Session: Sessions is enabled, and one exists. Please don't $session->start();
INFO - 2025-06-07 21:45:29 --> Session: Class initialized using 'CodeIgniter\Session\Handlers\FileHandler' driver.
WARNING - 2025-06-07 21:45:29 --> Session: Sessions is enabled, and one exists. Please don't $session->start();
INFO - 2025-06-07 21:46:33 --> Session: Class initialized using 'CodeIgniter\Session\Handlers\FileHandler' driver.
WARNING - 2025-06-07 21:46:33 --> Session: Sessions is enabled, and one exists. Please don't $session->start();
INFO - 2025-06-07 21:46:47 --> Session: Class initialized using 'CodeIgniter\Session\Handlers\FileHandler' driver.
WARNING - 2025-06-07 21:46:47 --> Session: Sessions is enabled, and one exists. Please don't $session->start();
INFO - 2025-06-07 21:47:29 --> Session: Class initialized using 'CodeIgniter\Session\Handlers\FileHandler' driver.
WARNING - 2025-06-07 21:47:29 --> Session: Sessions is enabled, and one exists. Please don't $session->start();
INFO - 2025-06-07 21:48:11 --> Session: Class initialized using 'CodeIgniter\Session\Handlers\FileHandler' driver.
WARNING - 2025-06-07 21:48:11 --> Session: Sessions is enabled, and one exists. Please don't $session->start();
INFO - 2025-06-07 21:48:41 --> Session: Class initialized using 'CodeIgniter\Session\Handlers\FileHandler' driver.
WARNING - 2025-06-07 21:48:41 --> Session: Sessions is enabled, and one exists. Please don't $session->start();
