INFO - 2025-09-04 21:30:03 --> Session: Class initialized using 'CodeIgniter\Session\Handlers\FileHandler' driver.
WARNING - 2025-09-04 21:30:03 --> Session: Sessions is enabled, and one exists. Please don't $session->start();
ERROR - 2025-09-04 21:30:03 --> mysqli_sql_exception: Table 'pro1.fp_entry' doesn't exist in C:\laragon\www\pro1\vendor\codeigniter4\framework\system\Database\MySQLi\Connection.php:312
Stack trace:
#0 C:\laragon\www\pro1\vendor\codeigniter4\framework\system\Database\MySQLi\Connection.php(312): mysqli->query('SELECT *\nFROM `...', 0)
#1 C:\laragon\www\pro1\vendor\codeigniter4\framework\system\Database\BaseConnection.php(734): CodeIgniter\Database\MySQLi\Connection->execute('SELECT *\nFROM `...')
#2 C:\laragon\www\pro1\vendor\codeigniter4\framework\system\Database\BaseConnection.php(648): CodeIgniter\Database\BaseConnection->simpleQuery('SELECT *\nFROM `...')
#3 C:\laragon\www\pro1\vendor\codeigniter4\framework\system\Database\BaseBuilder.php(1644): CodeIgniter\Database\BaseConnection->query('SELECT *\nFROM `...', Array, false)
#4 C:\laragon\www\pro1\app\Models\Admin_m.php(2577): CodeIgniter\Database\BaseBuilder->get()
#5 C:\laragon\www\pro1\app\Controllers\Admin_c.php(4783): App\Models\Admin_m->get_game_entry('FP', '1')
#6 C:\laragon\www\pro1\vendor\codeigniter4\framework\system\CodeIgniter.php(933): App\Controllers\Admin_c->edit_play_game_history()
#7 C:\laragon\www\pro1\vendor\codeigniter4\framework\system\CodeIgniter.php(509): CodeIgniter\CodeIgniter->runController(Object(App\Controllers\Admin_c))
#8 C:\laragon\www\pro1\vendor\codeigniter4\framework\system\CodeIgniter.php(355): CodeIgniter\CodeIgniter->handleRequest(NULL, Object(Config\Cache), false)
#9 C:\laragon\www\pro1\vendor\codeigniter4\framework\system\Boot.php(325): CodeIgniter\CodeIgniter->run()
#10 C:\laragon\www\pro1\vendor\codeigniter4\framework\system\Boot.php(67): CodeIgniter\Boot::runCodeIgniter(Object(CodeIgniter\CodeIgniter))
#11 C:\laragon\www\pro1\index.php(57): CodeIgniter\Boot::bootWeb(Object(Config\Paths))
#12 {main}
CRITICAL - 2025-09-04 21:30:03 --> CodeIgniter\Database\Exceptions\DatabaseException: Table 'pro1.fp_entry' doesn't exist
[Method: POST, Route: admin-edit-mh-history]
in SYSTEMPATH\Database\BaseConnection.php on line 688.
 1 SYSTEMPATH\Database\BaseBuilder.php(1644): CodeIgniter\Database\BaseConnection->query('SELECT *
FROM `FP_entry`
WHERE `FP_entry_id` = :FP_entry_id:', [...], false)
 2 APPPATH\Models\Admin_m.php(2577): CodeIgniter\Database\BaseBuilder->get()
 3 APPPATH\Controllers\Admin_c.php(4783): App\Models\Admin_m->get_game_entry('FP', '1')
 4 SYSTEMPATH\CodeIgniter.php(933): App\Controllers\Admin_c->edit_play_game_history()
 5 SYSTEMPATH\CodeIgniter.php(509): CodeIgniter\CodeIgniter->runController(Object(App\Controllers\Admin_c))
 6 SYSTEMPATH\CodeIgniter.php(355): CodeIgniter\CodeIgniter->handleRequest(null, Object(Config\Cache), false)
 7 SYSTEMPATH\Boot.php(325): CodeIgniter\CodeIgniter->run()
 8 SYSTEMPATH\Boot.php(67): CodeIgniter\Boot::runCodeIgniter(Object(CodeIgniter\CodeIgniter))
 9 FCPATH\index.php(57): CodeIgniter\Boot::bootWeb(Object(Config\Paths))
CRITICAL - 2025-09-04 21:30:03 --> [Caused by] CodeIgniter\Database\Exceptions\DatabaseException: Table 'pro1.fp_entry' doesn't exist
in SYSTEMPATH\Database\MySQLi\Connection.php on line 317.
 1 SYSTEMPATH\Database\BaseConnection.php(734): CodeIgniter\Database\MySQLi\Connection->execute('SELECT *
FROM `FP_entry`
WHERE `FP_entry_id` = \'1\'')
 2 SYSTEMPATH\Database\BaseConnection.php(648): CodeIgniter\Database\BaseConnection->simpleQuery('SELECT *
FROM `FP_entry`
WHERE `FP_entry_id` = \'1\'')
 3 SYSTEMPATH\Database\BaseBuilder.php(1644): CodeIgniter\Database\BaseConnection->query('SELECT *
FROM `FP_entry`
WHERE `FP_entry_id` = :FP_entry_id:', [...], false)
 4 APPPATH\Models\Admin_m.php(2577): CodeIgniter\Database\BaseBuilder->get()
 5 APPPATH\Controllers\Admin_c.php(4783): App\Models\Admin_m->get_game_entry('FP', '1')
 6 SYSTEMPATH\CodeIgniter.php(933): App\Controllers\Admin_c->edit_play_game_history()
 7 SYSTEMPATH\CodeIgniter.php(509): CodeIgniter\CodeIgniter->runController(Object(App\Controllers\Admin_c))
 8 SYSTEMPATH\CodeIgniter.php(355): CodeIgniter\CodeIgniter->handleRequest(null, Object(Config\Cache), false)
 9 SYSTEMPATH\Boot.php(325): CodeIgniter\CodeIgniter->run()
10 SYSTEMPATH\Boot.php(67): CodeIgniter\Boot::runCodeIgniter(Object(CodeIgniter\CodeIgniter))
11 FCPATH\index.php(57): CodeIgniter\Boot::bootWeb(Object(Config\Paths))
CRITICAL - 2025-09-04 21:30:03 --> [Caused by] mysqli_sql_exception: Table 'pro1.fp_entry' doesn't exist
in SYSTEMPATH\Database\MySQLi\Connection.php on line 312.
 1 SYSTEMPATH\Database\MySQLi\Connection.php(312): mysqli->query('SELECT *
FROM `FP_entry`
WHERE `FP_entry_id` = \'1\'', 0)
 2 SYSTEMPATH\Database\BaseConnection.php(734): CodeIgniter\Database\MySQLi\Connection->execute('SELECT *
FROM `FP_entry`
WHERE `FP_entry_id` = \'1\'')
 3 SYSTEMPATH\Database\BaseConnection.php(648): CodeIgniter\Database\BaseConnection->simpleQuery('SELECT *
FROM `FP_entry`
WHERE `FP_entry_id` = \'1\'')
 4 SYSTEMPATH\Database\BaseBuilder.php(1644): CodeIgniter\Database\BaseConnection->query('SELECT *
FROM `FP_entry`
WHERE `FP_entry_id` = :FP_entry_id:', [...], false)
 5 APPPATH\Models\Admin_m.php(2577): CodeIgniter\Database\BaseBuilder->get()
 6 APPPATH\Controllers\Admin_c.php(4783): App\Models\Admin_m->get_game_entry('FP', '1')
 7 SYSTEMPATH\CodeIgniter.php(933): App\Controllers\Admin_c->edit_play_game_history()
 8 SYSTEMPATH\CodeIgniter.php(509): CodeIgniter\CodeIgniter->runController(Object(App\Controllers\Admin_c))
 9 SYSTEMPATH\CodeIgniter.php(355): CodeIgniter\CodeIgniter->handleRequest(null, Object(Config\Cache), false)
10 SYSTEMPATH\Boot.php(325): CodeIgniter\CodeIgniter->run()
11 SYSTEMPATH\Boot.php(67): CodeIgniter\Boot::runCodeIgniter(Object(CodeIgniter\CodeIgniter))
12 FCPATH\index.php(57): CodeIgniter\Boot::bootWeb(Object(Config\Paths))
INFO - 2025-09-04 21:31:07 --> Session: Class initialized using 'CodeIgniter\Session\Handlers\FileHandler' driver.
WARNING - 2025-09-04 21:31:07 --> Session: Sessions is enabled, and one exists. Please don't $session->start();
ERROR - 2025-09-04 21:31:07 --> mysqli_sql_exception: Table 'pro1.fp_entry' doesn't exist in C:\laragon\www\pro1\vendor\codeigniter4\framework\system\Database\MySQLi\Connection.php:312
Stack trace:
#0 C:\laragon\www\pro1\vendor\codeigniter4\framework\system\Database\MySQLi\Connection.php(312): mysqli->query('SELECT *\nFROM `...', 0)
#1 C:\laragon\www\pro1\vendor\codeigniter4\framework\system\Database\BaseConnection.php(734): CodeIgniter\Database\MySQLi\Connection->execute('SELECT *\nFROM `...')
#2 C:\laragon\www\pro1\vendor\codeigniter4\framework\system\Database\BaseConnection.php(648): CodeIgniter\Database\BaseConnection->simpleQuery('SELECT *\nFROM `...')
#3 C:\laragon\www\pro1\vendor\codeigniter4\framework\system\Database\BaseBuilder.php(1644): CodeIgniter\Database\BaseConnection->query('SELECT *\nFROM `...', Array, false)
#4 C:\laragon\www\pro1\app\Models\Admin_m.php(2577): CodeIgniter\Database\BaseBuilder->get()
#5 C:\laragon\www\pro1\app\Controllers\Admin_c.php(4783): App\Models\Admin_m->get_game_entry('FP', '1')
#6 C:\laragon\www\pro1\vendor\codeigniter4\framework\system\CodeIgniter.php(933): App\Controllers\Admin_c->edit_play_game_history()
#7 C:\laragon\www\pro1\vendor\codeigniter4\framework\system\CodeIgniter.php(509): CodeIgniter\CodeIgniter->runController(Object(App\Controllers\Admin_c))
#8 C:\laragon\www\pro1\vendor\codeigniter4\framework\system\CodeIgniter.php(355): CodeIgniter\CodeIgniter->handleRequest(NULL, Object(Config\Cache), false)
#9 C:\laragon\www\pro1\vendor\codeigniter4\framework\system\Boot.php(325): CodeIgniter\CodeIgniter->run()
#10 C:\laragon\www\pro1\vendor\codeigniter4\framework\system\Boot.php(67): CodeIgniter\Boot::runCodeIgniter(Object(CodeIgniter\CodeIgniter))
#11 C:\laragon\www\pro1\index.php(57): CodeIgniter\Boot::bootWeb(Object(Config\Paths))
#12 {main}
CRITICAL - 2025-09-04 21:31:07 --> CodeIgniter\Database\Exceptions\DatabaseException: Table 'pro1.fp_entry' doesn't exist
[Method: POST, Route: admin-edit-mh-history]
in SYSTEMPATH\Database\BaseConnection.php on line 688.
 1 SYSTEMPATH\Database\BaseBuilder.php(1644): CodeIgniter\Database\BaseConnection->query('SELECT *
FROM `FP_entry`
WHERE `FP_entry_id` = :FP_entry_id:', [...], false)
 2 APPPATH\Models\Admin_m.php(2577): CodeIgniter\Database\BaseBuilder->get()
 3 APPPATH\Controllers\Admin_c.php(4783): App\Models\Admin_m->get_game_entry('FP', '1')
 4 SYSTEMPATH\CodeIgniter.php(933): App\Controllers\Admin_c->edit_play_game_history()
 5 SYSTEMPATH\CodeIgniter.php(509): CodeIgniter\CodeIgniter->runController(Object(App\Controllers\Admin_c))
 6 SYSTEMPATH\CodeIgniter.php(355): CodeIgniter\CodeIgniter->handleRequest(null, Object(Config\Cache), false)
 7 SYSTEMPATH\Boot.php(325): CodeIgniter\CodeIgniter->run()
 8 SYSTEMPATH\Boot.php(67): CodeIgniter\Boot::runCodeIgniter(Object(CodeIgniter\CodeIgniter))
 9 FCPATH\index.php(57): CodeIgniter\Boot::bootWeb(Object(Config\Paths))
CRITICAL - 2025-09-04 21:31:07 --> [Caused by] CodeIgniter\Database\Exceptions\DatabaseException: Table 'pro1.fp_entry' doesn't exist
in SYSTEMPATH\Database\MySQLi\Connection.php on line 317.
 1 SYSTEMPATH\Database\BaseConnection.php(734): CodeIgniter\Database\MySQLi\Connection->execute('SELECT *
FROM `FP_entry`
WHERE `FP_entry_id` = \'1\'')
 2 SYSTEMPATH\Database\BaseConnection.php(648): CodeIgniter\Database\BaseConnection->simpleQuery('SELECT *
FROM `FP_entry`
WHERE `FP_entry_id` = \'1\'')
 3 SYSTEMPATH\Database\BaseBuilder.php(1644): CodeIgniter\Database\BaseConnection->query('SELECT *
FROM `FP_entry`
WHERE `FP_entry_id` = :FP_entry_id:', [...], false)
 4 APPPATH\Models\Admin_m.php(2577): CodeIgniter\Database\BaseBuilder->get()
 5 APPPATH\Controllers\Admin_c.php(4783): App\Models\Admin_m->get_game_entry('FP', '1')
 6 SYSTEMPATH\CodeIgniter.php(933): App\Controllers\Admin_c->edit_play_game_history()
 7 SYSTEMPATH\CodeIgniter.php(509): CodeIgniter\CodeIgniter->runController(Object(App\Controllers\Admin_c))
 8 SYSTEMPATH\CodeIgniter.php(355): CodeIgniter\CodeIgniter->handleRequest(null, Object(Config\Cache), false)
 9 SYSTEMPATH\Boot.php(325): CodeIgniter\CodeIgniter->run()
10 SYSTEMPATH\Boot.php(67): CodeIgniter\Boot::runCodeIgniter(Object(CodeIgniter\CodeIgniter))
11 FCPATH\index.php(57): CodeIgniter\Boot::bootWeb(Object(Config\Paths))
CRITICAL - 2025-09-04 21:31:07 --> [Caused by] mysqli_sql_exception: Table 'pro1.fp_entry' doesn't exist
in SYSTEMPATH\Database\MySQLi\Connection.php on line 312.
 1 SYSTEMPATH\Database\MySQLi\Connection.php(312): mysqli->query('SELECT *
FROM `FP_entry`
WHERE `FP_entry_id` = \'1\'', 0)
 2 SYSTEMPATH\Database\BaseConnection.php(734): CodeIgniter\Database\MySQLi\Connection->execute('SELECT *
FROM `FP_entry`
WHERE `FP_entry_id` = \'1\'')
 3 SYSTEMPATH\Database\BaseConnection.php(648): CodeIgniter\Database\BaseConnection->simpleQuery('SELECT *
FROM `FP_entry`
WHERE `FP_entry_id` = \'1\'')
 4 SYSTEMPATH\Database\BaseBuilder.php(1644): CodeIgniter\Database\BaseConnection->query('SELECT *
FROM `FP_entry`
WHERE `FP_entry_id` = :FP_entry_id:', [...], false)
 5 APPPATH\Models\Admin_m.php(2577): CodeIgniter\Database\BaseBuilder->get()
 6 APPPATH\Controllers\Admin_c.php(4783): App\Models\Admin_m->get_game_entry('FP', '1')
 7 SYSTEMPATH\CodeIgniter.php(933): App\Controllers\Admin_c->edit_play_game_history()
 8 SYSTEMPATH\CodeIgniter.php(509): CodeIgniter\CodeIgniter->runController(Object(App\Controllers\Admin_c))
 9 SYSTEMPATH\CodeIgniter.php(355): CodeIgniter\CodeIgniter->handleRequest(null, Object(Config\Cache), false)
10 SYSTEMPATH\Boot.php(325): CodeIgniter\CodeIgniter->run()
11 SYSTEMPATH\Boot.php(67): CodeIgniter\Boot::runCodeIgniter(Object(CodeIgniter\CodeIgniter))
12 FCPATH\index.php(57): CodeIgniter\Boot::bootWeb(Object(Config\Paths))
INFO - 2025-09-04 21:31:27 --> Session: Class initialized using 'CodeIgniter\Session\Handlers\FileHandler' driver.
WARNING - 2025-09-04 21:31:27 --> Session: Sessions is enabled, and one exists. Please don't $session->start();
INFO - 2025-09-04 21:31:44 --> Session: Class initialized using 'CodeIgniter\Session\Handlers\FileHandler' driver.
WARNING - 2025-09-04 21:31:44 --> Session: Sessions is enabled, and one exists. Please don't $session->start();
INFO - 2025-09-04 21:32:05 --> Session: Class initialized using 'CodeIgniter\Session\Handlers\FileHandler' driver.
WARNING - 2025-09-04 21:32:05 --> Session: Sessions is enabled, and one exists. Please don't $session->start();
CRITICAL - 2025-09-04 21:32:06 --> ErrorException: Undefined array key "fullsangam_openpana"
[Method: POST, Route: admin-edit-mh-history]
in APPPATH\Controllers\Admin_c.php on line 4952.
 1 APPPATH\Controllers\Admin_c.php(4952): CodeIgniter\Debug\Exceptions->errorHandler(2, 'Undefined array key "fullsangam_openpana"', 'C:\\laragon\\www\\pro1\\app\\Controllers\\Admin_c.php', 4952)
 2 SYSTEMPATH\CodeIgniter.php(933): App\Controllers\Admin_c->edit_play_game_history()
 3 SYSTEMPATH\CodeIgniter.php(509): CodeIgniter\CodeIgniter->runController(Object(App\Controllers\Admin_c))
 4 SYSTEMPATH\CodeIgniter.php(355): CodeIgniter\CodeIgniter->handleRequest(null, Object(Config\Cache), false)
 5 SYSTEMPATH\Boot.php(325): CodeIgniter\CodeIgniter->run()
 6 SYSTEMPATH\Boot.php(67): CodeIgniter\Boot::runCodeIgniter(Object(CodeIgniter\CodeIgniter))
 7 FCPATH\index.php(57): CodeIgniter\Boot::bootWeb(Object(Config\Paths))
INFO - 2025-09-04 21:32:49 --> Session: Class initialized using 'CodeIgniter\Session\Handlers\FileHandler' driver.
WARNING - 2025-09-04 21:32:49 --> Session: Sessions is enabled, and one exists. Please don't $session->start();
INFO - 2025-09-04 21:32:49 --> Session: Class initialized using 'CodeIgniter\Session\Handlers\FileHandler' driver.
WARNING - 2025-09-04 21:32:49 --> Session: Sessions is enabled, and one exists. Please don't $session->start();
INFO - 2025-09-04 21:33:03 --> Session: Class initialized using 'CodeIgniter\Session\Handlers\FileHandler' driver.
WARNING - 2025-09-04 21:33:03 --> Session: Sessions is enabled, and one exists. Please don't $session->start();
INFO - 2025-09-04 21:33:18 --> Session: Class initialized using 'CodeIgniter\Session\Handlers\FileHandler' driver.
WARNING - 2025-09-04 21:33:18 --> Session: Sessions is enabled, and one exists. Please don't $session->start();
INFO - 2025-09-04 21:33:18 --> Session: Class initialized using 'CodeIgniter\Session\Handlers\FileHandler' driver.
WARNING - 2025-09-04 21:33:18 --> Session: Sessions is enabled, and one exists. Please don't $session->start();
