INFO - 2025-09-01 21:47:10 --> Session: Class initialized using 'CodeIgniter\Session\Handlers\FileHandler' driver.
WARNING - 2025-09-01 21:47:10 --> Session: Sessions is enabled, and one exists. Please don't $session->start();
INFO - 2025-09-01 21:47:13 --> Session: Class initialized using 'CodeIgniter\Session\Handlers\FileHandler' driver.
WARNING - 2025-09-01 21:47:13 --> Session: Sessions is enabled, and one exists. Please don't $session->start();
INFO - 2025-09-01 21:47:13 --> Session: Class initialized using 'CodeIgniter\Session\Handlers\FileHandler' driver.
WARNING - 2025-09-01 21:47:13 --> Session: Sessions is enabled, and one exists. Please don't $session->start();
INFO - 2025-09-01 21:47:17 --> Session: Class initialized using 'CodeIgniter\Session\Handlers\FileHandler' driver.
WARNING - 2025-09-01 21:47:17 --> Session: Sessions is enabled, and one exists. Please don't $session->start();
CRITICAL - 2025-09-01 21:47:17 --> ErrorException: Undefined array key "slot_id"
[Method: POST, Route: admin-new-play-game-history-list-ajax]
in APPPATH\Models\Datatable_m.php on line 311.
 1 APPPATH\Models\Datatable_m.php(311): CodeIgniter\Debug\Exceptions->errorHandler(2, 'Undefined array key "slot_id"', 'C:\\laragon\\www\\pro1\\app\\Models\\Datatable_m.php', 311)
 2 APPPATH\Models\Datatable_m.php(52): App\Models\Datatable_m->custome_query('digit_entry_play_game_history_ajax', Object(CodeIgniter\Database\MySQLi\Builder))
 3 APPPATH\Controllers\Admin_c.php(2775): App\Models\Datatable_m->get_datatables('digit_entry', [...], [...], [...], 'digit_entry_play_game_history_ajax')
 4 SYSTEMPATH\CodeIgniter.php(933): App\Controllers\Admin_c->new_play_game_history_ajax()
 5 SYSTEMPATH\CodeIgniter.php(509): CodeIgniter\CodeIgniter->runController(Object(App\Controllers\Admin_c))
 6 SYSTEMPATH\CodeIgniter.php(355): CodeIgniter\CodeIgniter->handleRequest(null, Object(Config\Cache), false)
 7 SYSTEMPATH\Boot.php(325): CodeIgniter\CodeIgniter->run()
 8 SYSTEMPATH\Boot.php(67): CodeIgniter\Boot::runCodeIgniter(Object(CodeIgniter\CodeIgniter))
 9 FCPATH\index.php(57): CodeIgniter\Boot::bootWeb(Object(Config\Paths))
INFO - 2025-09-01 21:48:00 --> Session: Class initialized using 'CodeIgniter\Session\Handlers\FileHandler' driver.
WARNING - 2025-09-01 21:48:00 --> Session: Sessions is enabled, and one exists. Please don't $session->start();
INFO - 2025-09-01 21:48:02 --> Session: Class initialized using 'CodeIgniter\Session\Handlers\FileHandler' driver.
WARNING - 2025-09-01 21:48:02 --> Session: Sessions is enabled, and one exists. Please don't $session->start();
INFO - 2025-09-01 21:48:02 --> Session: Class initialized using 'CodeIgniter\Session\Handlers\FileHandler' driver.
WARNING - 2025-09-01 21:48:02 --> Session: Sessions is enabled, and one exists. Please don't $session->start();
INFO - 2025-09-01 21:48:05 --> Session: Class initialized using 'CodeIgniter\Session\Handlers\FileHandler' driver.
WARNING - 2025-09-01 21:48:05 --> Session: Sessions is enabled, and one exists. Please don't $session->start();
CRITICAL - 2025-09-01 21:48:05 --> ErrorException: Undefined array key "type"
[Method: POST, Route: admin-new-play-game-history-list-ajax]
in APPPATH\Controllers\Admin_c.php on line 2777.
 1 APPPATH\Controllers\Admin_c.php(2777): CodeIgniter\Debug\Exceptions->errorHandler(2, 'Undefined array key "type"', 'C:\\laragon\\www\\pro1\\app\\Controllers\\Admin_c.php', 2777)
 2 SYSTEMPATH\CodeIgniter.php(933): App\Controllers\Admin_c->new_play_game_history_ajax()
 3 SYSTEMPATH\CodeIgniter.php(509): CodeIgniter\CodeIgniter->runController(Object(App\Controllers\Admin_c))
 4 SYSTEMPATH\CodeIgniter.php(355): CodeIgniter\CodeIgniter->handleRequest(null, Object(Config\Cache), false)
 5 SYSTEMPATH\Boot.php(325): CodeIgniter\CodeIgniter->run()
 6 SYSTEMPATH\Boot.php(67): CodeIgniter\Boot::runCodeIgniter(Object(CodeIgniter\CodeIgniter))
 7 FCPATH\index.php(57): CodeIgniter\Boot::bootWeb(Object(Config\Paths))
INFO - 2025-09-01 21:48:24 --> Session: Class initialized using 'CodeIgniter\Session\Handlers\FileHandler' driver.
WARNING - 2025-09-01 21:48:24 --> Session: Sessions is enabled, and one exists. Please don't $session->start();
INFO - 2025-09-01 21:48:25 --> Session: Class initialized using 'CodeIgniter\Session\Handlers\FileHandler' driver.
WARNING - 2025-09-01 21:48:25 --> Session: Sessions is enabled, and one exists. Please don't $session->start();
INFO - 2025-09-01 21:48:25 --> Session: Class initialized using 'CodeIgniter\Session\Handlers\FileHandler' driver.
WARNING - 2025-09-01 21:48:25 --> Session: Sessions is enabled, and one exists. Please don't $session->start();
INFO - 2025-09-01 21:48:28 --> Session: Class initialized using 'CodeIgniter\Session\Handlers\FileHandler' driver.
WARNING - 2025-09-01 21:48:28 --> Session: Sessions is enabled, and one exists. Please don't $session->start();
ERROR - 2025-09-01 21:48:28 --> mysqli_sql_exception: Unknown column 'halfsangam_entry.halfsangam_entry_openpana' in 'where clause' in C:\laragon\www\pro1\vendor\codeigniter4\framework\system\Database\MySQLi\Connection.php:312
Stack trace:
#0 C:\laragon\www\pro1\vendor\codeigniter4\framework\system\Database\MySQLi\Connection.php(312): mysqli->query('SELECT `halfsan...', 0)
#1 C:\laragon\www\pro1\vendor\codeigniter4\framework\system\Database\BaseConnection.php(734): CodeIgniter\Database\MySQLi\Connection->execute('SELECT `halfsan...')
#2 C:\laragon\www\pro1\vendor\codeigniter4\framework\system\Database\BaseConnection.php(648): CodeIgniter\Database\BaseConnection->simpleQuery('SELECT `halfsan...')
#3 C:\laragon\www\pro1\vendor\codeigniter4\framework\system\Database\BaseBuilder.php(1644): CodeIgniter\Database\BaseConnection->query('SELECT `halfsan...', Array, false)
#4 C:\laragon\www\pro1\app\Models\Datatable_m.php(56): CodeIgniter\Database\BaseBuilder->get()
#5 C:\laragon\www\pro1\app\Controllers\Admin_c.php(2779): App\Models\Datatable_m->get_datatables('halfsangam_entr...', Array, Array, Array, 'halfsangam_entr...')
#6 C:\laragon\www\pro1\vendor\codeigniter4\framework\system\CodeIgniter.php(933): App\Controllers\Admin_c->new_play_game_history_ajax()
#7 C:\laragon\www\pro1\vendor\codeigniter4\framework\system\CodeIgniter.php(509): CodeIgniter\CodeIgniter->runController(Object(App\Controllers\Admin_c))
#8 C:\laragon\www\pro1\vendor\codeigniter4\framework\system\CodeIgniter.php(355): CodeIgniter\CodeIgniter->handleRequest(NULL, Object(Config\Cache), false)
#9 C:\laragon\www\pro1\vendor\codeigniter4\framework\system\Boot.php(325): CodeIgniter\CodeIgniter->run()
#10 C:\laragon\www\pro1\vendor\codeigniter4\framework\system\Boot.php(67): CodeIgniter\Boot::runCodeIgniter(Object(CodeIgniter\CodeIgniter))
#11 C:\laragon\www\pro1\index.php(57): CodeIgniter\Boot::bootWeb(Object(Config\Paths))
#12 {main}
CRITICAL - 2025-09-01 21:48:28 --> CodeIgniter\Database\Exceptions\DatabaseException: Unknown column 'halfsangam_entry.halfsangam_entry_openpana' in 'where clause'
[Method: POST, Route: admin-new-play-game-history-list-ajax]
in SYSTEMPATH\Database\BaseConnection.php on line 688.
 1 SYSTEMPATH\Database\BaseBuilder.php(1644): CodeIgniter\Database\BaseConnection->query('SELECT `halfsangam_entry`.`halfsangam_entry_id` as `editId`, `halfsangam_entry`.`halfsangam_entry_type` as `type`, `halfsangam_entry`.`all_no` as `num`, `halfsangam_entry`.`halfsangam_entry_price` as `price`, `halfsangam_entry`.`halfsangam_entry_date` as `datetime`, `u`.`name`, `u`.`phone`, (CASE 
                WHEN halfsangam_entry.win_status = 1 
                THEN halfsangam_entry.halfsangam_entry_price * halfsangam_entry.rate 
                ELSE 0 
            END) as winning_price
FROM `halfsangam_entry`
LEFT JOIN `users` `u` ON `u`.`id` = `halfsangam_entry`.`refUser_id`
WHERE `halfsangam_entry`.`refMarket_id` = :halfsangam_entry.refMarket_id:
AND `halfsangam_entry`.`halfsangam_entry_openpana` = :halfsangam_entry.halfsangam_entry_openpana:
ORDER BY `halfsangam_entry`.`halfsangam_entry_id` DESC
 LIMIT 20', [...], false)
 2 APPPATH\Models\Datatable_m.php(56): CodeIgniter\Database\BaseBuilder->get()
 3 APPPATH\Controllers\Admin_c.php(2779): App\Models\Datatable_m->get_datatables('halfsangam_entry', [...], [...], [...], 'halfsangam_entry_play_game_history_ajax')
 4 SYSTEMPATH\CodeIgniter.php(933): App\Controllers\Admin_c->new_play_game_history_ajax()
 5 SYSTEMPATH\CodeIgniter.php(509): CodeIgniter\CodeIgniter->runController(Object(App\Controllers\Admin_c))
 6 SYSTEMPATH\CodeIgniter.php(355): CodeIgniter\CodeIgniter->handleRequest(null, Object(Config\Cache), false)
 7 SYSTEMPATH\Boot.php(325): CodeIgniter\CodeIgniter->run()
 8 SYSTEMPATH\Boot.php(67): CodeIgniter\Boot::runCodeIgniter(Object(CodeIgniter\CodeIgniter))
 9 FCPATH\index.php(57): CodeIgniter\Boot::bootWeb(Object(Config\Paths))
CRITICAL - 2025-09-01 21:48:28 --> [Caused by] CodeIgniter\Database\Exceptions\DatabaseException: Unknown column 'halfsangam_entry.halfsangam_entry_openpana' in 'where clause'
in SYSTEMPATH\Database\MySQLi\Connection.php on line 317.
 1 SYSTEMPATH\Database\BaseConnection.php(734): CodeIgniter\Database\MySQLi\Connection->execute('SELECT `halfsangam_entry`.`halfsangam_entry_id` as `editId`, `halfsangam_entry`.`halfsangam_entry_type` as `type`, `halfsangam_entry`.`all_no` as `num`, `halfsangam_entry`.`halfsangam_entry_price` as `price`, `halfsangam_entry`.`halfsangam_entry_date` as `datetime`, `u`.`name`, `u`.`phone`, (CASE 
                WHEN halfsangam_entry.win_status = 1 
                THEN halfsangam_entry.halfsangam_entry_price * halfsangam_entry.rate 
                ELSE 0 
            END) as winning_price
FROM `halfsangam_entry`
LEFT JOIN `users` `u` ON `u`.`id` = `halfsangam_entry`.`refUser_id`
WHERE `halfsangam_entry`.`refMarket_id` = \'226\'
AND `halfsangam_entry`.`halfsangam_entry_openpana` = \'110\'
ORDER BY `halfsangam_entry`.`halfsangam_entry_id` DESC
 LIMIT 20')
 2 SYSTEMPATH\Database\BaseConnection.php(648): CodeIgniter\Database\BaseConnection->simpleQuery('SELECT `halfsangam_entry`.`halfsangam_entry_id` as `editId`, `halfsangam_entry`.`halfsangam_entry_type` as `type`, `halfsangam_entry`.`all_no` as `num`, `halfsangam_entry`.`halfsangam_entry_price` as `price`, `halfsangam_entry`.`halfsangam_entry_date` as `datetime`, `u`.`name`, `u`.`phone`, (CASE 
                WHEN halfsangam_entry.win_status = 1 
                THEN halfsangam_entry.halfsangam_entry_price * halfsangam_entry.rate 
                ELSE 0 
            END) as winning_price
FROM `halfsangam_entry`
LEFT JOIN `users` `u` ON `u`.`id` = `halfsangam_entry`.`refUser_id`
WHERE `halfsangam_entry`.`refMarket_id` = \'226\'
AND `halfsangam_entry`.`halfsangam_entry_openpana` = \'110\'
ORDER BY `halfsangam_entry`.`halfsangam_entry_id` DESC
 LIMIT 20')
 3 SYSTEMPATH\Database\BaseBuilder.php(1644): CodeIgniter\Database\BaseConnection->query('SELECT `halfsangam_entry`.`halfsangam_entry_id` as `editId`, `halfsangam_entry`.`halfsangam_entry_type` as `type`, `halfsangam_entry`.`all_no` as `num`, `halfsangam_entry`.`halfsangam_entry_price` as `price`, `halfsangam_entry`.`halfsangam_entry_date` as `datetime`, `u`.`name`, `u`.`phone`, (CASE 
                WHEN halfsangam_entry.win_status = 1 
                THEN halfsangam_entry.halfsangam_entry_price * halfsangam_entry.rate 
                ELSE 0 
            END) as winning_price
FROM `halfsangam_entry`
LEFT JOIN `users` `u` ON `u`.`id` = `halfsangam_entry`.`refUser_id`
WHERE `halfsangam_entry`.`refMarket_id` = :halfsangam_entry.refMarket_id:
AND `halfsangam_entry`.`halfsangam_entry_openpana` = :halfsangam_entry.halfsangam_entry_openpana:
ORDER BY `halfsangam_entry`.`halfsangam_entry_id` DESC
 LIMIT 20', [...], false)
 4 APPPATH\Models\Datatable_m.php(56): CodeIgniter\Database\BaseBuilder->get()
 5 APPPATH\Controllers\Admin_c.php(2779): App\Models\Datatable_m->get_datatables('halfsangam_entry', [...], [...], [...], 'halfsangam_entry_play_game_history_ajax')
 6 SYSTEMPATH\CodeIgniter.php(933): App\Controllers\Admin_c->new_play_game_history_ajax()
 7 SYSTEMPATH\CodeIgniter.php(509): CodeIgniter\CodeIgniter->runController(Object(App\Controllers\Admin_c))
 8 SYSTEMPATH\CodeIgniter.php(355): CodeIgniter\CodeIgniter->handleRequest(null, Object(Config\Cache), false)
 9 SYSTEMPATH\Boot.php(325): CodeIgniter\CodeIgniter->run()
10 SYSTEMPATH\Boot.php(67): CodeIgniter\Boot::runCodeIgniter(Object(CodeIgniter\CodeIgniter))
11 FCPATH\index.php(57): CodeIgniter\Boot::bootWeb(Object(Config\Paths))
CRITICAL - 2025-09-01 21:48:28 --> [Caused by] mysqli_sql_exception: Unknown column 'halfsangam_entry.halfsangam_entry_openpana' in 'where clause'
in SYSTEMPATH\Database\MySQLi\Connection.php on line 312.
 1 SYSTEMPATH\Database\MySQLi\Connection.php(312): mysqli->query('SELECT `halfsangam_entry`.`halfsangam_entry_id` as `editId`, `halfsangam_entry`.`halfsangam_entry_type` as `type`, `halfsangam_entry`.`all_no` as `num`, `halfsangam_entry`.`halfsangam_entry_price` as `price`, `halfsangam_entry`.`halfsangam_entry_date` as `datetime`, `u`.`name`, `u`.`phone`, (CASE 
                WHEN halfsangam_entry.win_status = 1 
                THEN halfsangam_entry.halfsangam_entry_price * halfsangam_entry.rate 
                ELSE 0 
            END) as winning_price
FROM `halfsangam_entry`
LEFT JOIN `users` `u` ON `u`.`id` = `halfsangam_entry`.`refUser_id`
WHERE `halfsangam_entry`.`refMarket_id` = \'226\'
AND `halfsangam_entry`.`halfsangam_entry_openpana` = \'110\'
ORDER BY `halfsangam_entry`.`halfsangam_entry_id` DESC
 LIMIT 20', 0)
 2 SYSTEMPATH\Database\BaseConnection.php(734): CodeIgniter\Database\MySQLi\Connection->execute('SELECT `halfsangam_entry`.`halfsangam_entry_id` as `editId`, `halfsangam_entry`.`halfsangam_entry_type` as `type`, `halfsangam_entry`.`all_no` as `num`, `halfsangam_entry`.`halfsangam_entry_price` as `price`, `halfsangam_entry`.`halfsangam_entry_date` as `datetime`, `u`.`name`, `u`.`phone`, (CASE 
                WHEN halfsangam_entry.win_status = 1 
                THEN halfsangam_entry.halfsangam_entry_price * halfsangam_entry.rate 
                ELSE 0 
            END) as winning_price
FROM `halfsangam_entry`
LEFT JOIN `users` `u` ON `u`.`id` = `halfsangam_entry`.`refUser_id`
WHERE `halfsangam_entry`.`refMarket_id` = \'226\'
AND `halfsangam_entry`.`halfsangam_entry_openpana` = \'110\'
ORDER BY `halfsangam_entry`.`halfsangam_entry_id` DESC
 LIMIT 20')
 3 SYSTEMPATH\Database\BaseConnection.php(648): CodeIgniter\Database\BaseConnection->simpleQuery('SELECT `halfsangam_entry`.`halfsangam_entry_id` as `editId`, `halfsangam_entry`.`halfsangam_entry_type` as `type`, `halfsangam_entry`.`all_no` as `num`, `halfsangam_entry`.`halfsangam_entry_price` as `price`, `halfsangam_entry`.`halfsangam_entry_date` as `datetime`, `u`.`name`, `u`.`phone`, (CASE 
                WHEN halfsangam_entry.win_status = 1 
                THEN halfsangam_entry.halfsangam_entry_price * halfsangam_entry.rate 
                ELSE 0 
            END) as winning_price
FROM `halfsangam_entry`
LEFT JOIN `users` `u` ON `u`.`id` = `halfsangam_entry`.`refUser_id`
WHERE `halfsangam_entry`.`refMarket_id` = \'226\'
AND `halfsangam_entry`.`halfsangam_entry_openpana` = \'110\'
ORDER BY `halfsangam_entry`.`halfsangam_entry_id` DESC
 LIMIT 20')
 4 SYSTEMPATH\Database\BaseBuilder.php(1644): CodeIgniter\Database\BaseConnection->query('SELECT `halfsangam_entry`.`halfsangam_entry_id` as `editId`, `halfsangam_entry`.`halfsangam_entry_type` as `type`, `halfsangam_entry`.`all_no` as `num`, `halfsangam_entry`.`halfsangam_entry_price` as `price`, `halfsangam_entry`.`halfsangam_entry_date` as `datetime`, `u`.`name`, `u`.`phone`, (CASE 
                WHEN halfsangam_entry.win_status = 1 
                THEN halfsangam_entry.halfsangam_entry_price * halfsangam_entry.rate 
                ELSE 0 
            END) as winning_price
FROM `halfsangam_entry`
LEFT JOIN `users` `u` ON `u`.`id` = `halfsangam_entry`.`refUser_id`
WHERE `halfsangam_entry`.`refMarket_id` = :halfsangam_entry.refMarket_id:
AND `halfsangam_entry`.`halfsangam_entry_openpana` = :halfsangam_entry.halfsangam_entry_openpana:
ORDER BY `halfsangam_entry`.`halfsangam_entry_id` DESC
 LIMIT 20', [...], false)
 5 APPPATH\Models\Datatable_m.php(56): CodeIgniter\Database\BaseBuilder->get()
 6 APPPATH\Controllers\Admin_c.php(2779): App\Models\Datatable_m->get_datatables('halfsangam_entry', [...], [...], [...], 'halfsangam_entry_play_game_history_ajax')
 7 SYSTEMPATH\CodeIgniter.php(933): App\Controllers\Admin_c->new_play_game_history_ajax()
 8 SYSTEMPATH\CodeIgniter.php(509): CodeIgniter\CodeIgniter->runController(Object(App\Controllers\Admin_c))
 9 SYSTEMPATH\CodeIgniter.php(355): CodeIgniter\CodeIgniter->handleRequest(null, Object(Config\Cache), false)
10 SYSTEMPATH\Boot.php(325): CodeIgniter\CodeIgniter->run()
11 SYSTEMPATH\Boot.php(67): CodeIgniter\Boot::runCodeIgniter(Object(CodeIgniter\CodeIgniter))
12 FCPATH\index.php(57): CodeIgniter\Boot::bootWeb(Object(Config\Paths))
INFO - 2025-09-01 21:49:57 --> Session: Class initialized using 'CodeIgniter\Session\Handlers\FileHandler' driver.
WARNING - 2025-09-01 21:49:57 --> Session: Sessions is enabled, and one exists. Please don't $session->start();
ERROR - 2025-09-01 21:49:57 --> mysqli_sql_exception: Unknown column 'fullsangam_entry.fullsangam_entry_type' in 'where clause' in C:\laragon\www\pro1\vendor\codeigniter4\framework\system\Database\MySQLi\Connection.php:312
Stack trace:
#0 C:\laragon\www\pro1\vendor\codeigniter4\framework\system\Database\MySQLi\Connection.php(312): mysqli->query('SELECT "OPEN" a...', 0)
#1 C:\laragon\www\pro1\vendor\codeigniter4\framework\system\Database\BaseConnection.php(734): CodeIgniter\Database\MySQLi\Connection->execute('SELECT "OPEN" a...')
#2 C:\laragon\www\pro1\vendor\codeigniter4\framework\system\Database\BaseConnection.php(648): CodeIgniter\Database\BaseConnection->simpleQuery('SELECT "OPEN" a...')
#3 C:\laragon\www\pro1\vendor\codeigniter4\framework\system\Database\BaseBuilder.php(1644): CodeIgniter\Database\BaseConnection->query('SELECT "OPEN" a...', Array, false)
#4 C:\laragon\www\pro1\app\Models\Datatable_m.php(56): CodeIgniter\Database\BaseBuilder->get()
#5 C:\laragon\www\pro1\app\Controllers\Admin_c.php(2777): App\Models\Datatable_m->get_datatables('fullsangam_entr...', Array, Array, Array, 'fullsangam_entr...')
#6 C:\laragon\www\pro1\vendor\codeigniter4\framework\system\CodeIgniter.php(933): App\Controllers\Admin_c->new_play_game_history_ajax()
#7 C:\laragon\www\pro1\vendor\codeigniter4\framework\system\CodeIgniter.php(509): CodeIgniter\CodeIgniter->runController(Object(App\Controllers\Admin_c))
#8 C:\laragon\www\pro1\vendor\codeigniter4\framework\system\CodeIgniter.php(355): CodeIgniter\CodeIgniter->handleRequest(NULL, Object(Config\Cache), false)
#9 C:\laragon\www\pro1\vendor\codeigniter4\framework\system\Boot.php(325): CodeIgniter\CodeIgniter->run()
#10 C:\laragon\www\pro1\vendor\codeigniter4\framework\system\Boot.php(67): CodeIgniter\Boot::runCodeIgniter(Object(CodeIgniter\CodeIgniter))
#11 C:\laragon\www\pro1\index.php(57): CodeIgniter\Boot::bootWeb(Object(Config\Paths))
#12 {main}
CRITICAL - 2025-09-01 21:49:57 --> CodeIgniter\Database\Exceptions\DatabaseException: Unknown column 'fullsangam_entry.fullsangam_entry_type' in 'where clause'
[Method: POST, Route: admin-new-play-game-history-list-ajax]
in SYSTEMPATH\Database\BaseConnection.php on line 688.
 1 SYSTEMPATH\Database\BaseBuilder.php(1644): CodeIgniter\Database\BaseConnection->query('SELECT "OPEN" as `type`, `fullsangam_entry`.`fullsangam_entry_id` as `editId`, `fullsangam_entry`.`all_no` as `num`, `fullsangam_entry`.`fullsangam_entry_price` as `price`, `fullsangam_entry`.`fullsangam_entry_date` as `datetime`, `u`.`name`, `u`.`phone`, (CASE 
                WHEN fullsangam_entry.win_status = 1 
                THEN fullsangam_entry.fullsangam_entry_price * fullsangam_entry.rate 
                ELSE 0 
            END) as winning_price
FROM `fullsangam_entry`
LEFT JOIN `users` `u` ON `u`.`id` = `fullsangam_entry`.`refUser_id`
WHERE `fullsangam_entry`.`refMarket_id` = :fullsangam_entry.refMarket_id:
AND   (
`fullsangam_entry`.`fullsangam_entry_type` = :fullsangam_entry.fullsangam_entry_type:
AND `fullsangam_entry`.`fullsangam_entry_openpana` = :fullsangam_entry.fullsangam_entry_openpana:
OR    (
`fullsangam_entry`.`fullsangam_entry_type` = :fullsangam_entry.fullsangam_entry_type.1:
AND `fullsangam_entry`.`fullsangam_entry_closepana` = :fullsangam_entry.fullsangam_entry_closepana:
  )
 )
ORDER BY `fullsangam_entry`.`fullsangam_entry_id` DESC
 LIMIT 20', [...], false)
 2 APPPATH\Models\Datatable_m.php(56): CodeIgniter\Database\BaseBuilder->get()
 3 APPPATH\Controllers\Admin_c.php(2777): App\Models\Datatable_m->get_datatables('fullsangam_entry', [...], [...], [...], 'fullsangam_entry_play_game_history_ajax')
 4 SYSTEMPATH\CodeIgniter.php(933): App\Controllers\Admin_c->new_play_game_history_ajax()
 5 SYSTEMPATH\CodeIgniter.php(509): CodeIgniter\CodeIgniter->runController(Object(App\Controllers\Admin_c))
 6 SYSTEMPATH\CodeIgniter.php(355): CodeIgniter\CodeIgniter->handleRequest(null, Object(Config\Cache), false)
 7 SYSTEMPATH\Boot.php(325): CodeIgniter\CodeIgniter->run()
 8 SYSTEMPATH\Boot.php(67): CodeIgniter\Boot::runCodeIgniter(Object(CodeIgniter\CodeIgniter))
 9 FCPATH\index.php(57): CodeIgniter\Boot::bootWeb(Object(Config\Paths))
CRITICAL - 2025-09-01 21:49:57 --> [Caused by] CodeIgniter\Database\Exceptions\DatabaseException: Unknown column 'fullsangam_entry.fullsangam_entry_type' in 'where clause'
in SYSTEMPATH\Database\MySQLi\Connection.php on line 317.
 1 SYSTEMPATH\Database\BaseConnection.php(734): CodeIgniter\Database\MySQLi\Connection->execute('SELECT "OPEN" as `type`, `fullsangam_entry`.`fullsangam_entry_id` as `editId`, `fullsangam_entry`.`all_no` as `num`, `fullsangam_entry`.`fullsangam_entry_price` as `price`, `fullsangam_entry`.`fullsangam_entry_date` as `datetime`, `u`.`name`, `u`.`phone`, (CASE 
                WHEN fullsangam_entry.win_status = 1 
                THEN fullsangam_entry.fullsangam_entry_price * fullsangam_entry.rate 
                ELSE 0 
            END) as winning_price
FROM `fullsangam_entry`
LEFT JOIN `users` `u` ON `u`.`id` = `fullsangam_entry`.`refUser_id`
WHERE `fullsangam_entry`.`refMarket_id` = \'226\'
AND   (
`fullsangam_entry`.`fullsangam_entry_type` = \'OPEN\'
AND `fullsangam_entry`.`fullsangam_entry_openpana` = \'110\'
OR    (
`fullsangam_entry`.`fullsangam_entry_type` = \'CLOSE\'
AND `fullsangam_entry`.`fullsangam_entry_closepana` = \'112\'
  )
 )
ORDER BY `fullsangam_entry`.`fullsangam_entry_id` DESC
 LIMIT 20')
 2 SYSTEMPATH\Database\BaseConnection.php(648): CodeIgniter\Database\BaseConnection->simpleQuery('SELECT "OPEN" as `type`, `fullsangam_entry`.`fullsangam_entry_id` as `editId`, `fullsangam_entry`.`all_no` as `num`, `fullsangam_entry`.`fullsangam_entry_price` as `price`, `fullsangam_entry`.`fullsangam_entry_date` as `datetime`, `u`.`name`, `u`.`phone`, (CASE 
                WHEN fullsangam_entry.win_status = 1 
                THEN fullsangam_entry.fullsangam_entry_price * fullsangam_entry.rate 
                ELSE 0 
            END) as winning_price
FROM `fullsangam_entry`
LEFT JOIN `users` `u` ON `u`.`id` = `fullsangam_entry`.`refUser_id`
WHERE `fullsangam_entry`.`refMarket_id` = \'226\'
AND   (
`fullsangam_entry`.`fullsangam_entry_type` = \'OPEN\'
AND `fullsangam_entry`.`fullsangam_entry_openpana` = \'110\'
OR    (
`fullsangam_entry`.`fullsangam_entry_type` = \'CLOSE\'
AND `fullsangam_entry`.`fullsangam_entry_closepana` = \'112\'
  )
 )
ORDER BY `fullsangam_entry`.`fullsangam_entry_id` DESC
 LIMIT 20')
 3 SYSTEMPATH\Database\BaseBuilder.php(1644): CodeIgniter\Database\BaseConnection->query('SELECT "OPEN" as `type`, `fullsangam_entry`.`fullsangam_entry_id` as `editId`, `fullsangam_entry`.`all_no` as `num`, `fullsangam_entry`.`fullsangam_entry_price` as `price`, `fullsangam_entry`.`fullsangam_entry_date` as `datetime`, `u`.`name`, `u`.`phone`, (CASE 
                WHEN fullsangam_entry.win_status = 1 
                THEN fullsangam_entry.fullsangam_entry_price * fullsangam_entry.rate 
                ELSE 0 
            END) as winning_price
FROM `fullsangam_entry`
LEFT JOIN `users` `u` ON `u`.`id` = `fullsangam_entry`.`refUser_id`
WHERE `fullsangam_entry`.`refMarket_id` = :fullsangam_entry.refMarket_id:
AND   (
`fullsangam_entry`.`fullsangam_entry_type` = :fullsangam_entry.fullsangam_entry_type:
AND `fullsangam_entry`.`fullsangam_entry_openpana` = :fullsangam_entry.fullsangam_entry_openpana:
OR    (
`fullsangam_entry`.`fullsangam_entry_type` = :fullsangam_entry.fullsangam_entry_type.1:
AND `fullsangam_entry`.`fullsangam_entry_closepana` = :fullsangam_entry.fullsangam_entry_closepana:
  )
 )
ORDER BY `fullsangam_entry`.`fullsangam_entry_id` DESC
 LIMIT 20', [...], false)
 4 APPPATH\Models\Datatable_m.php(56): CodeIgniter\Database\BaseBuilder->get()
 5 APPPATH\Controllers\Admin_c.php(2777): App\Models\Datatable_m->get_datatables('fullsangam_entry', [...], [...], [...], 'fullsangam_entry_play_game_history_ajax')
 6 SYSTEMPATH\CodeIgniter.php(933): App\Controllers\Admin_c->new_play_game_history_ajax()
 7 SYSTEMPATH\CodeIgniter.php(509): CodeIgniter\CodeIgniter->runController(Object(App\Controllers\Admin_c))
 8 SYSTEMPATH\CodeIgniter.php(355): CodeIgniter\CodeIgniter->handleRequest(null, Object(Config\Cache), false)
 9 SYSTEMPATH\Boot.php(325): CodeIgniter\CodeIgniter->run()
10 SYSTEMPATH\Boot.php(67): CodeIgniter\Boot::runCodeIgniter(Object(CodeIgniter\CodeIgniter))
11 FCPATH\index.php(57): CodeIgniter\Boot::bootWeb(Object(Config\Paths))
CRITICAL - 2025-09-01 21:49:57 --> [Caused by] mysqli_sql_exception: Unknown column 'fullsangam_entry.fullsangam_entry_type' in 'where clause'
in SYSTEMPATH\Database\MySQLi\Connection.php on line 312.
 1 SYSTEMPATH\Database\MySQLi\Connection.php(312): mysqli->query('SELECT "OPEN" as `type`, `fullsangam_entry`.`fullsangam_entry_id` as `editId`, `fullsangam_entry`.`all_no` as `num`, `fullsangam_entry`.`fullsangam_entry_price` as `price`, `fullsangam_entry`.`fullsangam_entry_date` as `datetime`, `u`.`name`, `u`.`phone`, (CASE 
                WHEN fullsangam_entry.win_status = 1 
                THEN fullsangam_entry.fullsangam_entry_price * fullsangam_entry.rate 
                ELSE 0 
            END) as winning_price
FROM `fullsangam_entry`
LEFT JOIN `users` `u` ON `u`.`id` = `fullsangam_entry`.`refUser_id`
WHERE `fullsangam_entry`.`refMarket_id` = \'226\'
AND   (
`fullsangam_entry`.`fullsangam_entry_type` = \'OPEN\'
AND `fullsangam_entry`.`fullsangam_entry_openpana` = \'110\'
OR    (
`fullsangam_entry`.`fullsangam_entry_type` = \'CLOSE\'
AND `fullsangam_entry`.`fullsangam_entry_closepana` = \'112\'
  )
 )
ORDER BY `fullsangam_entry`.`fullsangam_entry_id` DESC
 LIMIT 20', 0)
 2 SYSTEMPATH\Database\BaseConnection.php(734): CodeIgniter\Database\MySQLi\Connection->execute('SELECT "OPEN" as `type`, `fullsangam_entry`.`fullsangam_entry_id` as `editId`, `fullsangam_entry`.`all_no` as `num`, `fullsangam_entry`.`fullsangam_entry_price` as `price`, `fullsangam_entry`.`fullsangam_entry_date` as `datetime`, `u`.`name`, `u`.`phone`, (CASE 
                WHEN fullsangam_entry.win_status = 1 
                THEN fullsangam_entry.fullsangam_entry_price * fullsangam_entry.rate 
                ELSE 0 
            END) as winning_price
FROM `fullsangam_entry`
LEFT JOIN `users` `u` ON `u`.`id` = `fullsangam_entry`.`refUser_id`
WHERE `fullsangam_entry`.`refMarket_id` = \'226\'
AND   (
`fullsangam_entry`.`fullsangam_entry_type` = \'OPEN\'
AND `fullsangam_entry`.`fullsangam_entry_openpana` = \'110\'
OR    (
`fullsangam_entry`.`fullsangam_entry_type` = \'CLOSE\'
AND `fullsangam_entry`.`fullsangam_entry_closepana` = \'112\'
  )
 )
ORDER BY `fullsangam_entry`.`fullsangam_entry_id` DESC
 LIMIT 20')
 3 SYSTEMPATH\Database\BaseConnection.php(648): CodeIgniter\Database\BaseConnection->simpleQuery('SELECT "OPEN" as `type`, `fullsangam_entry`.`fullsangam_entry_id` as `editId`, `fullsangam_entry`.`all_no` as `num`, `fullsangam_entry`.`fullsangam_entry_price` as `price`, `fullsangam_entry`.`fullsangam_entry_date` as `datetime`, `u`.`name`, `u`.`phone`, (CASE 
                WHEN fullsangam_entry.win_status = 1 
                THEN fullsangam_entry.fullsangam_entry_price * fullsangam_entry.rate 
                ELSE 0 
            END) as winning_price
FROM `fullsangam_entry`
LEFT JOIN `users` `u` ON `u`.`id` = `fullsangam_entry`.`refUser_id`
WHERE `fullsangam_entry`.`refMarket_id` = \'226\'
AND   (
`fullsangam_entry`.`fullsangam_entry_type` = \'OPEN\'
AND `fullsangam_entry`.`fullsangam_entry_openpana` = \'110\'
OR    (
`fullsangam_entry`.`fullsangam_entry_type` = \'CLOSE\'
AND `fullsangam_entry`.`fullsangam_entry_closepana` = \'112\'
  )
 )
ORDER BY `fullsangam_entry`.`fullsangam_entry_id` DESC
 LIMIT 20')
 4 SYSTEMPATH\Database\BaseBuilder.php(1644): CodeIgniter\Database\BaseConnection->query('SELECT "OPEN" as `type`, `fullsangam_entry`.`fullsangam_entry_id` as `editId`, `fullsangam_entry`.`all_no` as `num`, `fullsangam_entry`.`fullsangam_entry_price` as `price`, `fullsangam_entry`.`fullsangam_entry_date` as `datetime`, `u`.`name`, `u`.`phone`, (CASE 
                WHEN fullsangam_entry.win_status = 1 
                THEN fullsangam_entry.fullsangam_entry_price * fullsangam_entry.rate 
                ELSE 0 
            END) as winning_price
FROM `fullsangam_entry`
LEFT JOIN `users` `u` ON `u`.`id` = `fullsangam_entry`.`refUser_id`
WHERE `fullsangam_entry`.`refMarket_id` = :fullsangam_entry.refMarket_id:
AND   (
`fullsangam_entry`.`fullsangam_entry_type` = :fullsangam_entry.fullsangam_entry_type:
AND `fullsangam_entry`.`fullsangam_entry_openpana` = :fullsangam_entry.fullsangam_entry_openpana:
OR    (
`fullsangam_entry`.`fullsangam_entry_type` = :fullsangam_entry.fullsangam_entry_type.1:
AND `fullsangam_entry`.`fullsangam_entry_closepana` = :fullsangam_entry.fullsangam_entry_closepana:
  )
 )
ORDER BY `fullsangam_entry`.`fullsangam_entry_id` DESC
 LIMIT 20', [...], false)
 5 APPPATH\Models\Datatable_m.php(56): CodeIgniter\Database\BaseBuilder->get()
 6 APPPATH\Controllers\Admin_c.php(2777): App\Models\Datatable_m->get_datatables('fullsangam_entry', [...], [...], [...], 'fullsangam_entry_play_game_history_ajax')
 7 SYSTEMPATH\CodeIgniter.php(933): App\Controllers\Admin_c->new_play_game_history_ajax()
 8 SYSTEMPATH\CodeIgniter.php(509): CodeIgniter\CodeIgniter->runController(Object(App\Controllers\Admin_c))
 9 SYSTEMPATH\CodeIgniter.php(355): CodeIgniter\CodeIgniter->handleRequest(null, Object(Config\Cache), false)
10 SYSTEMPATH\Boot.php(325): CodeIgniter\CodeIgniter->run()
11 SYSTEMPATH\Boot.php(67): CodeIgniter\Boot::runCodeIgniter(Object(CodeIgniter\CodeIgniter))
12 FCPATH\index.php(57): CodeIgniter\Boot::bootWeb(Object(Config\Paths))
INFO - 2025-09-01 21:50:37 --> Session: Class initialized using 'CodeIgniter\Session\Handlers\FileHandler' driver.
WARNING - 2025-09-01 21:50:37 --> Session: Sessions is enabled, and one exists. Please don't $session->start();
INFO - 2025-09-01 21:50:38 --> Session: Class initialized using 'CodeIgniter\Session\Handlers\FileHandler' driver.
WARNING - 2025-09-01 21:50:38 --> Session: Sessions is enabled, and one exists. Please don't $session->start();
INFO - 2025-09-01 21:50:38 --> Session: Class initialized using 'CodeIgniter\Session\Handlers\FileHandler' driver.
WARNING - 2025-09-01 21:50:38 --> Session: Sessions is enabled, and one exists. Please don't $session->start();
INFO - 2025-09-01 21:50:41 --> Session: Class initialized using 'CodeIgniter\Session\Handlers\FileHandler' driver.
WARNING - 2025-09-01 21:50:41 --> Session: Sessions is enabled, and one exists. Please don't $session->start();
INFO - 2025-09-01 21:50:55 --> Session: Class initialized using 'CodeIgniter\Session\Handlers\FileHandler' driver.
WARNING - 2025-09-01 21:50:55 --> Session: Sessions is enabled, and one exists. Please don't $session->start();
INFO - 2025-09-01 21:52:10 --> Session: Class initialized using 'CodeIgniter\Session\Handlers\FileHandler' driver.
WARNING - 2025-09-01 21:52:10 --> Session: Sessions is enabled, and one exists. Please don't $session->start();
INFO - 2025-09-01 21:52:11 --> Session: Class initialized using 'CodeIgniter\Session\Handlers\FileHandler' driver.
WARNING - 2025-09-01 21:52:11 --> Session: Sessions is enabled, and one exists. Please don't $session->start();
INFO - 2025-09-01 21:52:11 --> Session: Class initialized using 'CodeIgniter\Session\Handlers\FileHandler' driver.
WARNING - 2025-09-01 21:52:11 --> Session: Sessions is enabled, and one exists. Please don't $session->start();
INFO - 2025-09-01 21:52:14 --> Session: Class initialized using 'CodeIgniter\Session\Handlers\FileHandler' driver.
WARNING - 2025-09-01 21:52:14 --> Session: Sessions is enabled, and one exists. Please don't $session->start();
INFO - 2025-09-01 21:52:14 --> Session: Class initialized using 'CodeIgniter\Session\Handlers\FileHandler' driver.
WARNING - 2025-09-01 21:52:14 --> Session: Sessions is enabled, and one exists. Please don't $session->start();
INFO - 2025-09-01 21:52:19 --> Session: Class initialized using 'CodeIgniter\Session\Handlers\FileHandler' driver.
WARNING - 2025-09-01 21:52:19 --> Session: Sessions is enabled, and one exists. Please don't $session->start();
INFO - 2025-09-01 21:52:19 --> Session: Class initialized using 'CodeIgniter\Session\Handlers\FileHandler' driver.
WARNING - 2025-09-01 21:52:19 --> Session: Sessions is enabled, and one exists. Please don't $session->start();
INFO - 2025-09-01 21:52:26 --> Session: Class initialized using 'CodeIgniter\Session\Handlers\FileHandler' driver.
WARNING - 2025-09-01 21:52:26 --> Session: Sessions is enabled, and one exists. Please don't $session->start();
INFO - 2025-09-01 21:52:27 --> Session: Class initialized using 'CodeIgniter\Session\Handlers\FileHandler' driver.
WARNING - 2025-09-01 21:52:27 --> Session: Sessions is enabled, and one exists. Please don't $session->start();
INFO - 2025-09-01 21:52:30 --> Session: Class initialized using 'CodeIgniter\Session\Handlers\FileHandler' driver.
WARNING - 2025-09-01 21:52:30 --> Session: Sessions is enabled, and one exists. Please don't $session->start();
INFO - 2025-09-01 21:52:30 --> Session: Class initialized using 'CodeIgniter\Session\Handlers\FileHandler' driver.
WARNING - 2025-09-01 21:52:30 --> Session: Sessions is enabled, and one exists. Please don't $session->start();
INFO - 2025-09-01 21:52:35 --> Session: Class initialized using 'CodeIgniter\Session\Handlers\FileHandler' driver.
WARNING - 2025-09-01 21:52:35 --> Session: Sessions is enabled, and one exists. Please don't $session->start();
INFO - 2025-09-01 21:52:36 --> Session: Class initialized using 'CodeIgniter\Session\Handlers\FileHandler' driver.
WARNING - 2025-09-01 21:52:36 --> Session: Sessions is enabled, and one exists. Please don't $session->start();
INFO - 2025-09-01 21:53:03 --> Session: Class initialized using 'CodeIgniter\Session\Handlers\FileHandler' driver.
WARNING - 2025-09-01 21:53:03 --> Session: Sessions is enabled, and one exists. Please don't $session->start();
INFO - 2025-09-01 21:53:04 --> Session: Class initialized using 'CodeIgniter\Session\Handlers\FileHandler' driver.
WARNING - 2025-09-01 21:53:04 --> Session: Sessions is enabled, and one exists. Please don't $session->start();
INFO - 2025-09-01 21:53:04 --> Session: Class initialized using 'CodeIgniter\Session\Handlers\FileHandler' driver.
WARNING - 2025-09-01 21:53:04 --> Session: Sessions is enabled, and one exists. Please don't $session->start();
