INFO - 2025-11-27 19:18:08 --> Session: Class initialized using 'CodeIgniter\Session\Handlers\FileHandler' driver.
WARNING - 2025-11-27 19:18:08 --> Session: Sessions is enabled, and one exists. Please don't $session->start();
INFO - 2025-11-27 19:18:13 --> Session: Class initialized using 'CodeIgniter\Session\Handlers\FileHandler' driver.
WARNING - 2025-11-27 19:18:13 --> Session: Sessions is enabled, and one exists. Please don't $session->start();
INFO - 2025-11-27 19:18:17 --> Session: Class initialized using 'CodeIgniter\Session\Handlers\FileHandler' driver.
WARNING - 2025-11-27 19:18:17 --> Session: Sessions is enabled, and one exists. Please don't $session->start();
INFO - 2025-11-27 19:18:22 --> Session: Class initialized using 'CodeIgniter\Session\Handlers\FileHandler' driver.
WARNING - 2025-11-27 19:18:22 --> Session: Sessions is enabled, and one exists. Please don't $session->start();
INFO - 2025-11-27 19:18:22 --> Session: Class initialized using 'CodeIgniter\Session\Handlers\FileHandler' driver.
WARNING - 2025-11-27 19:18:22 --> Session: Sessions is enabled, and one exists. Please don't $session->start();
CRITICAL - 2025-11-27 19:18:23 --> ErrorException: Undefined array key "theme_color"
[Method: GET, Route: dashboard-admin]
in APPPATH\Views\admin\common\header.php on line 17.
 1 APPPATH\Views\admin\common\header.php(17): CodeIgniter\Debug\Exceptions->errorHandler(2, 'Undefined array key "theme_color"', 'C:\\laragon\\www\\coin\\app\\Views\\admin\\common\\header.php', 17)
 2 SYSTEMPATH\View\View.php(234): include('C:\\laragon\\www\\coin\\app\\Views\\admin\\common\\header.php')
 3 SYSTEMPATH\View\View.php(237): CodeIgniter\View\View->CodeIgniter\View\{closure}()
 4 SYSTEMPATH\Common.php(1171): CodeIgniter\View\View->render('admin/common/header', [], true)
 5 APPPATH\Helpers\functions_helper.php(270): view('admin/common/header', [...])
 6 APPPATH\Controllers\Admin_c.php(41): load_view('admin', 'admin/dashboard', [...])
 7 SYSTEMPATH\CodeIgniter.php(933): App\Controllers\Admin_c->index()
 8 SYSTEMPATH\CodeIgniter.php(509): CodeIgniter\CodeIgniter->runController(Object(App\Controllers\Admin_c))
 9 SYSTEMPATH\CodeIgniter.php(355): CodeIgniter\CodeIgniter->handleRequest(null, Object(Config\Cache), false)
10 SYSTEMPATH\Boot.php(325): CodeIgniter\CodeIgniter->run()
11 SYSTEMPATH\Boot.php(67): CodeIgniter\Boot::runCodeIgniter(Object(CodeIgniter\CodeIgniter))
12 FCPATH\index.php(57): CodeIgniter\Boot::bootWeb(Object(Config\Paths))
INFO - 2025-11-27 19:18:41 --> Session: Class initialized using 'CodeIgniter\Session\Handlers\FileHandler' driver.
WARNING - 2025-11-27 19:18:41 --> Session: Sessions is enabled, and one exists. Please don't $session->start();
INFO - 2025-11-27 19:18:45 --> Session: Class initialized using 'CodeIgniter\Session\Handlers\FileHandler' driver.
WARNING - 2025-11-27 19:18:45 --> Session: Sessions is enabled, and one exists. Please don't $session->start();
INFO - 2025-11-27 19:18:45 --> Session: Class initialized using 'CodeIgniter\Session\Handlers\FileHandler' driver.
WARNING - 2025-11-27 19:18:45 --> Session: Sessions is enabled, and one exists. Please don't $session->start();
CRITICAL - 2025-11-27 19:18:46 --> ErrorException: Undefined array key "theme_color"
[Method: GET, Route: admin-login]
in APPPATH\Views\admin\login.php on line 16.
 1 APPPATH\Views\admin\login.php(16): CodeIgniter\Debug\Exceptions->errorHandler(2, 'Undefined array key "theme_color"', 'C:\\laragon\\www\\coin\\app\\Views\\admin\\login.php', 16)
 2 SYSTEMPATH\View\View.php(234): include('C:\\laragon\\www\\coin\\app\\Views\\admin\\login.php')
 3 SYSTEMPATH\View\View.php(237): CodeIgniter\View\View->CodeIgniter\View\{closure}()
 4 SYSTEMPATH\Common.php(1171): CodeIgniter\View\View->render('admin/login', [], true)
 5 APPPATH\Helpers\functions_helper.php(283): view('admin/login', [...])
 6 APPPATH\Controllers\Login_c.php(612): single_page('admin/login', [...])
 7 SYSTEMPATH\CodeIgniter.php(933): App\Controllers\Login_c->admin_login()
 8 SYSTEMPATH\CodeIgniter.php(509): CodeIgniter\CodeIgniter->runController(Object(App\Controllers\Login_c))
 9 SYSTEMPATH\CodeIgniter.php(355): CodeIgniter\CodeIgniter->handleRequest(null, Object(Config\Cache), false)
10 SYSTEMPATH\Boot.php(325): CodeIgniter\CodeIgniter->run()
11 SYSTEMPATH\Boot.php(67): CodeIgniter\Boot::runCodeIgniter(Object(CodeIgniter\CodeIgniter))
12 FCPATH\index.php(57): CodeIgniter\Boot::bootWeb(Object(Config\Paths))
INFO - 2025-11-27 19:18:59 --> Session: Class initialized using 'CodeIgniter\Session\Handlers\FileHandler' driver.
WARNING - 2025-11-27 19:18:59 --> Session: Sessions is enabled, and one exists. Please don't $session->start();
INFO - 2025-11-27 19:19:04 --> Session: Class initialized using 'CodeIgniter\Session\Handlers\FileHandler' driver.
WARNING - 2025-11-27 19:19:04 --> Session: Sessions is enabled, and one exists. Please don't $session->start();
INFO - 2025-11-27 19:19:09 --> Session: Class initialized using 'CodeIgniter\Session\Handlers\FileHandler' driver.
WARNING - 2025-11-27 19:19:09 --> Session: Sessions is enabled, and one exists. Please don't $session->start();
INFO - 2025-11-27 19:19:09 --> Session: Class initialized using 'CodeIgniter\Session\Handlers\FileHandler' driver.
WARNING - 2025-11-27 19:19:09 --> Session: Sessions is enabled, and one exists. Please don't $session->start();
INFO - 2025-11-27 19:19:12 --> Session: Class initialized using 'CodeIgniter\Session\Handlers\FileHandler' driver.
WARNING - 2025-11-27 19:19:12 --> Session: Sessions is enabled, and one exists. Please don't $session->start();
INFO - 2025-11-27 19:19:12 --> Session: Class initialized using 'CodeIgniter\Session\Handlers\FileHandler' driver.
WARNING - 2025-11-27 19:19:12 --> Session: Sessions is enabled, and one exists. Please don't $session->start();
INFO - 2025-11-27 19:19:16 --> Session: Class initialized using 'CodeIgniter\Session\Handlers\FileHandler' driver.
WARNING - 2025-11-27 19:19:16 --> Session: Sessions is enabled, and one exists. Please don't $session->start();
INFO - 2025-11-27 19:19:18 --> Session: Class initialized using 'CodeIgniter\Session\Handlers\FileHandler' driver.
WARNING - 2025-11-27 19:19:18 --> Session: Sessions is enabled, and one exists. Please don't $session->start();
INFO - 2025-11-27 19:19:18 --> Session: Class initialized using 'CodeIgniter\Session\Handlers\FileHandler' driver.
WARNING - 2025-11-27 19:19:18 --> Session: Sessions is enabled, and one exists. Please don't $session->start();
INFO - 2025-11-27 19:19:23 --> Session: Class initialized using 'CodeIgniter\Session\Handlers\FileHandler' driver.
WARNING - 2025-11-27 19:19:23 --> Session: Sessions is enabled, and one exists. Please don't $session->start();
INFO - 2025-11-27 19:19:26 --> Session: Class initialized using 'CodeIgniter\Session\Handlers\FileHandler' driver.
WARNING - 2025-11-27 19:19:26 --> Session: Sessions is enabled, and one exists. Please don't $session->start();
INFO - 2025-11-27 19:19:26 --> Session: Class initialized using 'CodeIgniter\Session\Handlers\FileHandler' driver.
WARNING - 2025-11-27 19:19:26 --> Session: Sessions is enabled, and one exists. Please don't $session->start();
INFO - 2025-11-27 19:19:27 --> Session: Class initialized using 'CodeIgniter\Session\Handlers\FileHandler' driver.
WARNING - 2025-11-27 19:19:27 --> Session: Sessions is enabled, and one exists. Please don't $session->start();
INFO - 2025-11-27 19:19:30 --> Session: Class initialized using 'CodeIgniter\Session\Handlers\FileHandler' driver.
WARNING - 2025-11-27 19:19:30 --> Session: Sessions is enabled, and one exists. Please don't $session->start();
INFO - 2025-11-27 19:19:31 --> Session: Class initialized using 'CodeIgniter\Session\Handlers\FileHandler' driver.
WARNING - 2025-11-27 19:19:31 --> Session: Sessions is enabled, and one exists. Please don't $session->start();
INFO - 2025-11-27 19:19:32 --> Session: Class initialized using 'CodeIgniter\Session\Handlers\FileHandler' driver.
WARNING - 2025-11-27 19:19:32 --> Session: Sessions is enabled, and one exists. Please don't $session->start();
INFO - 2025-11-27 19:19:35 --> Session: Class initialized using 'CodeIgniter\Session\Handlers\FileHandler' driver.
WARNING - 2025-11-27 19:19:35 --> Session: Sessions is enabled, and one exists. Please don't $session->start();
CRITICAL - 2025-11-27 19:19:36 --> CodeIgniter\Database\Exceptions\DatabaseException: You must set the database table to be used with your query.
[Method: GET, Route: admin-user-profile/2/user]
in SYSTEMPATH\Database\BaseConnection.php on line 927.
 1 SYSTEMPATH\Model.php(716): CodeIgniter\Database\BaseConnection->table(null)
 2 SYSTEMPATH\Model.php(922): CodeIgniter\Model->builder()
 3 APPPATH\Controllers\Admin_c.php(221): CodeIgniter\Model->__call('get_all_market', [])
 4 SYSTEMPATH\CodeIgniter.php(933): App\Controllers\Admin_c->user_profile('2', 'user')
 5 SYSTEMPATH\CodeIgniter.php(509): CodeIgniter\CodeIgniter->runController(Object(App\Controllers\Admin_c))
 6 SYSTEMPATH\CodeIgniter.php(355): CodeIgniter\CodeIgniter->handleRequest(null, Object(Config\Cache), false)
 7 SYSTEMPATH\Boot.php(325): CodeIgniter\CodeIgniter->run()
 8 SYSTEMPATH\Boot.php(67): CodeIgniter\Boot::runCodeIgniter(Object(CodeIgniter\CodeIgniter))
 9 FCPATH\index.php(57): CodeIgniter\Boot::bootWeb(Object(Config\Paths))
INFO - 2025-11-27 19:19:40 --> Session: Class initialized using 'CodeIgniter\Session\Handlers\FileHandler' driver.
WARNING - 2025-11-27 19:19:40 --> Session: Sessions is enabled, and one exists. Please don't $session->start();
INFO - 2025-11-27 19:19:40 --> Session: Class initialized using 'CodeIgniter\Session\Handlers\FileHandler' driver.
WARNING - 2025-11-27 19:19:40 --> Session: Sessions is enabled, and one exists. Please don't $session->start();
INFO - 2025-11-27 19:21:09 --> Session: Class initialized using 'CodeIgniter\Session\Handlers\FileHandler' driver.
WARNING - 2025-11-27 19:21:09 --> Session: Sessions is enabled, and one exists. Please don't $session->start();
INFO - 2025-11-27 19:52:31 --> Session: Class initialized using 'CodeIgniter\Session\Handlers\FileHandler' driver.
WARNING - 2025-11-27 19:52:31 --> Session: Sessions is enabled, and one exists. Please don't $session->start();
INFO - 2025-11-27 21:04:13 --> Session: Class initialized using 'CodeIgniter\Session\Handlers\FileHandler' driver.
WARNING - 2025-11-27 21:04:13 --> Session: Sessions is enabled, and one exists. Please don't $session->start();
CRITICAL - 2025-11-27 21:04:13 --> TypeError: CodeIgniter\Database\BaseBuilder::when(): Argument #2 ($callback) must be of type callable, int given, called in C:\laragon\www\coin\app\Models\User_m.php on line 29
[Method: GET, Route: dashboard-user]
in SYSTEMPATH\Traits\ConditionalTrait.php on line 30.
 1 APPPATH\Models\User_m.php(29): CodeIgniter\Database\BaseBuilder->when('status', 1)
 2 APPPATH\Controllers\User_c.php(54): App\Models\User_m->get_all_user()
 3 SYSTEMPATH\CodeIgniter.php(933): App\Controllers\User_c->index()
 4 SYSTEMPATH\CodeIgniter.php(509): CodeIgniter\CodeIgniter->runController(Object(App\Controllers\User_c))
 5 SYSTEMPATH\CodeIgniter.php(355): CodeIgniter\CodeIgniter->handleRequest(null, Object(Config\Cache), false)
 6 SYSTEMPATH\Boot.php(325): CodeIgniter\CodeIgniter->run()
 7 SYSTEMPATH\Boot.php(67): CodeIgniter\Boot::runCodeIgniter(Object(CodeIgniter\CodeIgniter))
 8 FCPATH\index.php(57): CodeIgniter\Boot::bootWeb(Object(Config\Paths))
INFO - 2025-11-27 21:04:28 --> Session: Class initialized using 'CodeIgniter\Session\Handlers\FileHandler' driver.
WARNING - 2025-11-27 21:04:28 --> Session: Sessions is enabled, and one exists. Please don't $session->start();
INFO - 2025-11-27 21:04:46 --> Session: Class initialized using 'CodeIgniter\Session\Handlers\FileHandler' driver.
WARNING - 2025-11-27 21:04:46 --> Session: Sessions is enabled, and one exists. Please don't $session->start();
INFO - 2025-11-27 21:05:07 --> Session: Class initialized using 'CodeIgniter\Session\Handlers\FileHandler' driver.
WARNING - 2025-11-27 21:05:07 --> Session: Sessions is enabled, and one exists. Please don't $session->start();
INFO - 2025-11-27 21:06:48 --> Session: Class initialized using 'CodeIgniter\Session\Handlers\FileHandler' driver.
WARNING - 2025-11-27 21:06:48 --> Session: Sessions is enabled, and one exists. Please don't $session->start();
INFO - 2025-11-27 21:11:12 --> Session: Class initialized using 'CodeIgniter\Session\Handlers\FileHandler' driver.
WARNING - 2025-11-27 21:11:12 --> Session: Sessions is enabled, and one exists. Please don't $session->start();
INFO - 2025-11-27 21:11:14 --> Session: Class initialized using 'CodeIgniter\Session\Handlers\FileHandler' driver.
WARNING - 2025-11-27 21:11:14 --> Session: Sessions is enabled, and one exists. Please don't $session->start();
INFO - 2025-11-27 21:11:15 --> Session: Class initialized using 'CodeIgniter\Session\Handlers\FileHandler' driver.
WARNING - 2025-11-27 21:11:15 --> Session: Sessions is enabled, and one exists. Please don't $session->start();
CRITICAL - 2025-11-27 21:11:15 --> CodeIgniter\Database\Exceptions\DatabaseException: You must set the database table to be used with your query.
[Method: GET, Route: admin-setting]
in SYSTEMPATH\Database\BaseConnection.php on line 927.
 1 SYSTEMPATH\Model.php(716): CodeIgniter\Database\BaseConnection->table(null)
 2 SYSTEMPATH\Model.php(922): CodeIgniter\Model->builder()
 3 APPPATH\Controllers\Admin_c.php(245): CodeIgniter\Model->__call('get_setting', [])
 4 SYSTEMPATH\CodeIgniter.php(933): App\Controllers\Admin_c->admin_setting()
 5 SYSTEMPATH\CodeIgniter.php(509): CodeIgniter\CodeIgniter->runController(Object(App\Controllers\Admin_c))
 6 SYSTEMPATH\CodeIgniter.php(355): CodeIgniter\CodeIgniter->handleRequest(null, Object(Config\Cache), false)
 7 SYSTEMPATH\Boot.php(325): CodeIgniter\CodeIgniter->run()
 8 SYSTEMPATH\Boot.php(67): CodeIgniter\Boot::runCodeIgniter(Object(CodeIgniter\CodeIgniter))
 9 FCPATH\index.php(57): CodeIgniter\Boot::bootWeb(Object(Config\Paths))
INFO - 2025-11-27 21:11:41 --> Session: Class initialized using 'CodeIgniter\Session\Handlers\FileHandler' driver.
WARNING - 2025-11-27 21:11:41 --> Session: Sessions is enabled, and one exists. Please don't $session->start();
INFO - 2025-11-27 21:13:07 --> Session: Class initialized using 'CodeIgniter\Session\Handlers\FileHandler' driver.
WARNING - 2025-11-27 21:13:07 --> Session: Sessions is enabled, and one exists. Please don't $session->start();
INFO - 2025-11-27 21:13:17 --> Session: Class initialized using 'CodeIgniter\Session\Handlers\FileHandler' driver.
WARNING - 2025-11-27 21:13:17 --> Session: Sessions is enabled, and one exists. Please don't $session->start();
INFO - 2025-11-27 21:14:01 --> Session: Class initialized using 'CodeIgniter\Session\Handlers\FileHandler' driver.
WARNING - 2025-11-27 21:14:01 --> Session: Sessions is enabled, and one exists. Please don't $session->start();
INFO - 2025-11-27 21:14:13 --> Session: Class initialized using 'CodeIgniter\Session\Handlers\FileHandler' driver.
WARNING - 2025-11-27 21:14:13 --> Session: Sessions is enabled, and one exists. Please don't $session->start();
INFO - 2025-11-27 21:16:10 --> Session: Class initialized using 'CodeIgniter\Session\Handlers\FileHandler' driver.
WARNING - 2025-11-27 21:16:10 --> Session: Sessions is enabled, and one exists. Please don't $session->start();
INFO - 2025-11-27 21:16:16 --> Session: Class initialized using 'CodeIgniter\Session\Handlers\FileHandler' driver.
WARNING - 2025-11-27 21:16:16 --> Session: Sessions is enabled, and one exists. Please don't $session->start();
INFO - 2025-11-27 21:16:16 --> Session: Class initialized using 'CodeIgniter\Session\Handlers\FileHandler' driver.
WARNING - 2025-11-27 21:16:16 --> Session: Sessions is enabled, and one exists. Please don't $session->start();
INFO - 2025-11-27 21:16:25 --> Session: Class initialized using 'CodeIgniter\Session\Handlers\FileHandler' driver.
WARNING - 2025-11-27 21:16:25 --> Session: Sessions is enabled, and one exists. Please don't $session->start();
INFO - 2025-11-27 21:16:26 --> Session: Class initialized using 'CodeIgniter\Session\Handlers\FileHandler' driver.
WARNING - 2025-11-27 21:16:26 --> Session: Sessions is enabled, and one exists. Please don't $session->start();
INFO - 2025-11-27 21:16:35 --> Session: Class initialized using 'CodeIgniter\Session\Handlers\FileHandler' driver.
WARNING - 2025-11-27 21:16:35 --> Session: Sessions is enabled, and one exists. Please don't $session->start();
INFO - 2025-11-27 21:16:45 --> Session: Class initialized using 'CodeIgniter\Session\Handlers\FileHandler' driver.
WARNING - 2025-11-27 21:16:45 --> Session: Sessions is enabled, and one exists. Please don't $session->start();
INFO - 2025-11-27 21:16:50 --> Session: Class initialized using 'CodeIgniter\Session\Handlers\FileHandler' driver.
WARNING - 2025-11-27 21:16:50 --> Session: Sessions is enabled, and one exists. Please don't $session->start();
INFO - 2025-11-27 21:17:13 --> Session: Class initialized using 'CodeIgniter\Session\Handlers\FileHandler' driver.
WARNING - 2025-11-27 21:17:13 --> Session: Sessions is enabled, and one exists. Please don't $session->start();
INFO - 2025-11-27 21:18:02 --> Session: Class initialized using 'CodeIgniter\Session\Handlers\FileHandler' driver.
WARNING - 2025-11-27 21:18:02 --> Session: Sessions is enabled, and one exists. Please don't $session->start();
INFO - 2025-11-27 21:19:10 --> Session: Class initialized using 'CodeIgniter\Session\Handlers\FileHandler' driver.
WARNING - 2025-11-27 21:19:10 --> Session: Sessions is enabled, and one exists. Please don't $session->start();
INFO - 2025-11-27 21:19:13 --> Session: Class initialized using 'CodeIgniter\Session\Handlers\FileHandler' driver.
WARNING - 2025-11-27 21:19:13 --> Session: Sessions is enabled, and one exists. Please don't $session->start();
INFO - 2025-11-27 21:19:14 --> Session: Class initialized using 'CodeIgniter\Session\Handlers\FileHandler' driver.
WARNING - 2025-11-27 21:19:14 --> Session: Sessions is enabled, and one exists. Please don't $session->start();
INFO - 2025-11-27 21:19:54 --> Session: Class initialized using 'CodeIgniter\Session\Handlers\FileHandler' driver.
WARNING - 2025-11-27 21:19:54 --> Session: Sessions is enabled, and one exists. Please don't $session->start();
INFO - 2025-11-27 21:19:54 --> Session: Class initialized using 'CodeIgniter\Session\Handlers\FileHandler' driver.
WARNING - 2025-11-27 21:19:54 --> Session: Sessions is enabled, and one exists. Please don't $session->start();
INFO - 2025-11-27 21:22:13 --> Session: Class initialized using 'CodeIgniter\Session\Handlers\FileHandler' driver.
WARNING - 2025-11-27 21:22:13 --> Session: Sessions is enabled, and one exists. Please don't $session->start();
INFO - 2025-11-27 21:22:30 --> Session: Class initialized using 'CodeIgniter\Session\Handlers\FileHandler' driver.
WARNING - 2025-11-27 21:22:30 --> Session: Sessions is enabled, and one exists. Please don't $session->start();
INFO - 2025-11-27 21:22:31 --> Session: Class initialized using 'CodeIgniter\Session\Handlers\FileHandler' driver.
WARNING - 2025-11-27 21:22:31 --> Session: Sessions is enabled, and one exists. Please don't $session->start();
INFO - 2025-11-27 21:22:33 --> Session: Class initialized using 'CodeIgniter\Session\Handlers\FileHandler' driver.
WARNING - 2025-11-27 21:22:33 --> Session: Sessions is enabled, and one exists. Please don't $session->start();
INFO - 2025-11-27 21:22:37 --> Session: Class initialized using 'CodeIgniter\Session\Handlers\FileHandler' driver.
WARNING - 2025-11-27 21:22:37 --> Session: Sessions is enabled, and one exists. Please don't $session->start();
INFO - 2025-11-27 21:22:47 --> Session: Class initialized using 'CodeIgniter\Session\Handlers\FileHandler' driver.
WARNING - 2025-11-27 21:22:47 --> Session: Sessions is enabled, and one exists. Please don't $session->start();
INFO - 2025-11-27 21:34:21 --> Session: Class initialized using 'CodeIgniter\Session\Handlers\FileHandler' driver.
WARNING - 2025-11-27 21:34:21 --> Session: Sessions is enabled, and one exists. Please don't $session->start();
INFO - 2025-11-27 21:34:46 --> Session: Class initialized using 'CodeIgniter\Session\Handlers\FileHandler' driver.
WARNING - 2025-11-27 21:34:46 --> Session: Sessions is enabled, and one exists. Please don't $session->start();
INFO - 2025-11-27 21:34:56 --> Session: Class initialized using 'CodeIgniter\Session\Handlers\FileHandler' driver.
WARNING - 2025-11-27 21:34:56 --> Session: Sessions is enabled, and one exists. Please don't $session->start();
INFO - 2025-11-27 21:43:35 --> Session: Class initialized using 'CodeIgniter\Session\Handlers\FileHandler' driver.
WARNING - 2025-11-27 21:43:35 --> Session: Sessions is enabled, and one exists. Please don't $session->start();
INFO - 2025-11-27 21:43:37 --> Session: Class initialized using 'CodeIgniter\Session\Handlers\FileHandler' driver.
WARNING - 2025-11-27 21:43:37 --> Session: Sessions is enabled, and one exists. Please don't $session->start();
INFO - 2025-11-27 21:44:49 --> Session: Class initialized using 'CodeIgniter\Session\Handlers\FileHandler' driver.
WARNING - 2025-11-27 21:44:49 --> Session: Sessions is enabled, and one exists. Please don't $session->start();
INFO - 2025-11-27 21:45:17 --> Session: Class initialized using 'CodeIgniter\Session\Handlers\FileHandler' driver.
WARNING - 2025-11-27 21:45:17 --> Session: Sessions is enabled, and one exists. Please don't $session->start();
INFO - 2025-11-27 21:46:28 --> Session: Class initialized using 'CodeIgniter\Session\Handlers\FileHandler' driver.
WARNING - 2025-11-27 21:46:28 --> Session: Sessions is enabled, and one exists. Please don't $session->start();
CRITICAL - 2025-11-27 21:46:28 --> CodeIgniter\Database\Exceptions\DatabaseException: You must set the database table to be used with your query.
[Method: POST, Route: update-bank]
in SYSTEMPATH\Database\BaseConnection.php on line 927.
 1 SYSTEMPATH\Model.php(716): CodeIgniter\Database\BaseConnection->table(null)
 2 SYSTEMPATH\Model.php(922): CodeIgniter\Model->builder()
 3 APPPATH\Controllers\User_c.php(116): CodeIgniter\Model->__call('update_user', [...])
 4 SYSTEMPATH\CodeIgniter.php(933): App\Controllers\User_c->bank_details()
 5 SYSTEMPATH\CodeIgniter.php(509): CodeIgniter\CodeIgniter->runController(Object(App\Controllers\User_c))
 6 SYSTEMPATH\CodeIgniter.php(355): CodeIgniter\CodeIgniter->handleRequest(null, Object(Config\Cache), false)
 7 SYSTEMPATH\Boot.php(325): CodeIgniter\CodeIgniter->run()
 8 SYSTEMPATH\Boot.php(67): CodeIgniter\Boot::runCodeIgniter(Object(CodeIgniter\CodeIgniter))
 9 FCPATH\index.php(57): CodeIgniter\Boot::bootWeb(Object(Config\Paths))
INFO - 2025-11-27 21:46:55 --> Session: Class initialized using 'CodeIgniter\Session\Handlers\FileHandler' driver.
WARNING - 2025-11-27 21:46:55 --> Session: Sessions is enabled, and one exists. Please don't $session->start();
INFO - 2025-11-27 21:46:58 --> Session: Class initialized using 'CodeIgniter\Session\Handlers\FileHandler' driver.
WARNING - 2025-11-27 21:46:58 --> Session: Sessions is enabled, and one exists. Please don't $session->start();
INFO - 2025-11-27 21:47:33 --> Session: Class initialized using 'CodeIgniter\Session\Handlers\FileHandler' driver.
WARNING - 2025-11-27 21:47:33 --> Session: Sessions is enabled, and one exists. Please don't $session->start();
INFO - 2025-11-27 22:03:37 --> Session: Class initialized using 'CodeIgniter\Session\Handlers\FileHandler' driver.
WARNING - 2025-11-27 22:03:37 --> Session: Sessions is enabled, and one exists. Please don't $session->start();
INFO - 2025-11-27 22:03:43 --> Session: Class initialized using 'CodeIgniter\Session\Handlers\FileHandler' driver.
WARNING - 2025-11-27 22:03:43 --> Session: Sessions is enabled, and one exists. Please don't $session->start();
INFO - 2025-11-27 22:05:05 --> Session: Class initialized using 'CodeIgniter\Session\Handlers\FileHandler' driver.
WARNING - 2025-11-27 22:05:05 --> Session: Sessions is enabled, and one exists. Please don't $session->start();
INFO - 2025-11-27 22:05:57 --> Session: Class initialized using 'CodeIgniter\Session\Handlers\FileHandler' driver.
WARNING - 2025-11-27 22:05:57 --> Session: Sessions is enabled, and one exists. Please don't $session->start();
INFO - 2025-11-27 22:16:43 --> Session: Class initialized using 'CodeIgniter\Session\Handlers\FileHandler' driver.
WARNING - 2025-11-27 22:16:43 --> Session: Sessions is enabled, and one exists. Please don't $session->start();
INFO - 2025-11-27 22:16:45 --> Session: Class initialized using 'CodeIgniter\Session\Handlers\FileHandler' driver.
WARNING - 2025-11-27 22:16:45 --> Session: Sessions is enabled, and one exists. Please don't $session->start();
INFO - 2025-11-27 22:16:49 --> Session: Class initialized using 'CodeIgniter\Session\Handlers\FileHandler' driver.
WARNING - 2025-11-27 22:16:49 --> Session: Sessions is enabled, and one exists. Please don't $session->start();
CRITICAL - 2025-11-27 22:16:49 --> Error: Undefined constant "App\Controllers\ADMIN_USER_PROFILE_TITLE"
[Method: GET, Route: admin-user-profile/2/user]
in APPPATH\Controllers\Admin_c.php on line 217.
 1 SYSTEMPATH\CodeIgniter.php(933): App\Controllers\Admin_c->user_profile('2', 'user')
 2 SYSTEMPATH\CodeIgniter.php(509): CodeIgniter\CodeIgniter->runController(Object(App\Controllers\Admin_c))
 3 SYSTEMPATH\CodeIgniter.php(355): CodeIgniter\CodeIgniter->handleRequest(null, Object(Config\Cache), false)
 4 SYSTEMPATH\Boot.php(325): CodeIgniter\CodeIgniter->run()
 5 SYSTEMPATH\Boot.php(67): CodeIgniter\Boot::runCodeIgniter(Object(CodeIgniter\CodeIgniter))
 6 FCPATH\index.php(57): CodeIgniter\Boot::bootWeb(Object(Config\Paths))
INFO - 2025-11-27 22:17:23 --> Session: Class initialized using 'CodeIgniter\Session\Handlers\FileHandler' driver.
WARNING - 2025-11-27 22:17:23 --> Session: Sessions is enabled, and one exists. Please don't $session->start();
CRITICAL - 2025-11-27 22:17:23 --> CodeIgniter\Database\Exceptions\DatabaseException: You must set the database table to be used with your query.
[Method: GET, Route: admin-user-profile/2/user]
in SYSTEMPATH\Database\BaseConnection.php on line 927.
 1 SYSTEMPATH\Model.php(716): CodeIgniter\Database\BaseConnection->table(null)
 2 SYSTEMPATH\Model.php(922): CodeIgniter\Model->builder()
 3 APPPATH\Controllers\Admin_c.php(221): CodeIgniter\Model->__call('get_all_market', [])
 4 SYSTEMPATH\CodeIgniter.php(933): App\Controllers\Admin_c->user_profile('2', 'user')
 5 SYSTEMPATH\CodeIgniter.php(509): CodeIgniter\CodeIgniter->runController(Object(App\Controllers\Admin_c))
 6 SYSTEMPATH\CodeIgniter.php(355): CodeIgniter\CodeIgniter->handleRequest(null, Object(Config\Cache), false)
 7 SYSTEMPATH\Boot.php(325): CodeIgniter\CodeIgniter->run()
 8 SYSTEMPATH\Boot.php(67): CodeIgniter\Boot::runCodeIgniter(Object(CodeIgniter\CodeIgniter))
 9 FCPATH\index.php(57): CodeIgniter\Boot::bootWeb(Object(Config\Paths))
INFO - 2025-11-27 22:21:00 --> Session: Class initialized using 'CodeIgniter\Session\Handlers\FileHandler' driver.
WARNING - 2025-11-27 22:21:00 --> Session: Sessions is enabled, and one exists. Please don't $session->start();
CRITICAL - 2025-11-27 22:21:00 --> ErrorException: Undefined array key "amount"
[Method: GET, Route: admin-user-profile/2/user]
in APPPATH\Views\admin\user_profile.php on line 10.
 1 APPPATH\Views\admin\user_profile.php(10): CodeIgniter\Debug\Exceptions->errorHandler(2, 'Undefined array key "amount"', 'C:\\laragon\\www\\coin\\app\\Views\\admin\\user_profile.php', 10)
 2 SYSTEMPATH\View\View.php(234): include('C:\\laragon\\www\\coin\\app\\Views\\admin\\user_profile.php')
 3 SYSTEMPATH\View\View.php(237): CodeIgniter\View\View->CodeIgniter\View\{closure}()
 4 SYSTEMPATH\Common.php(1171): CodeIgniter\View\View->render('admin/user_profile', [], true)
 5 APPPATH\Helpers\functions_helper.php(273): view('admin/user_profile', [...])
 6 APPPATH\Controllers\Admin_c.php(221): load_view('admin', 'admin/user_profile', [...])
 7 SYSTEMPATH\CodeIgniter.php(933): App\Controllers\Admin_c->user_profile('2', 'user')
 8 SYSTEMPATH\CodeIgniter.php(509): CodeIgniter\CodeIgniter->runController(Object(App\Controllers\Admin_c))
 9 SYSTEMPATH\CodeIgniter.php(355): CodeIgniter\CodeIgniter->handleRequest(null, Object(Config\Cache), false)
10 SYSTEMPATH\Boot.php(325): CodeIgniter\CodeIgniter->run()
11 SYSTEMPATH\Boot.php(67): CodeIgniter\Boot::runCodeIgniter(Object(CodeIgniter\CodeIgniter))
12 FCPATH\index.php(57): CodeIgniter\Boot::bootWeb(Object(Config\Paths))
INFO - 2025-11-27 22:21:46 --> Session: Class initialized using 'CodeIgniter\Session\Handlers\FileHandler' driver.
WARNING - 2025-11-27 22:21:46 --> Session: Sessions is enabled, and one exists. Please don't $session->start();
INFO - 2025-11-27 22:21:54 --> Session: Class initialized using 'CodeIgniter\Session\Handlers\FileHandler' driver.
WARNING - 2025-11-27 22:21:54 --> Session: Sessions is enabled, and one exists. Please don't $session->start();
INFO - 2025-11-27 22:22:15 --> Session: Class initialized using 'CodeIgniter\Session\Handlers\FileHandler' driver.
WARNING - 2025-11-27 22:22:15 --> Session: Sessions is enabled, and one exists. Please don't $session->start();
INFO - 2025-11-27 22:22:21 --> Session: Class initialized using 'CodeIgniter\Session\Handlers\FileHandler' driver.
WARNING - 2025-11-27 22:22:21 --> Session: Sessions is enabled, and one exists. Please don't $session->start();
INFO - 2025-11-27 22:22:33 --> Session: Class initialized using 'CodeIgniter\Session\Handlers\FileHandler' driver.
WARNING - 2025-11-27 22:22:33 --> Session: Sessions is enabled, and one exists. Please don't $session->start();
INFO - 2025-11-27 22:23:25 --> Session: Class initialized using 'CodeIgniter\Session\Handlers\FileHandler' driver.
WARNING - 2025-11-27 22:23:25 --> Session: Sessions is enabled, and one exists. Please don't $session->start();
INFO - 2025-11-27 22:23:27 --> Session: Class initialized using 'CodeIgniter\Session\Handlers\FileHandler' driver.
WARNING - 2025-11-27 22:23:27 --> Session: Sessions is enabled, and one exists. Please don't $session->start();
INFO - 2025-11-27 22:24:23 --> Session: Class initialized using 'CodeIgniter\Session\Handlers\FileHandler' driver.
WARNING - 2025-11-27 22:24:23 --> Session: Sessions is enabled, and one exists. Please don't $session->start();
INFO - 2025-11-27 22:40:55 --> Session: Class initialized using 'CodeIgniter\Session\Handlers\FileHandler' driver.
WARNING - 2025-11-27 22:40:55 --> Session: Sessions is enabled, and one exists. Please don't $session->start();
INFO - 2025-11-27 22:47:30 --> Session: Class initialized using 'CodeIgniter\Session\Handlers\FileHandler' driver.
WARNING - 2025-11-27 22:47:30 --> Session: Sessions is enabled, and one exists. Please don't $session->start();
INFO - 2025-11-27 22:47:52 --> Session: Class initialized using 'CodeIgniter\Session\Handlers\FileHandler' driver.
WARNING - 2025-11-27 22:47:52 --> Session: Sessions is enabled, and one exists. Please don't $session->start();
INFO - 2025-11-27 22:48:45 --> Session: Class initialized using 'CodeIgniter\Session\Handlers\FileHandler' driver.
WARNING - 2025-11-27 22:48:45 --> Session: Sessions is enabled, and one exists. Please don't $session->start();
INFO - 2025-11-27 22:50:06 --> Session: Class initialized using 'CodeIgniter\Session\Handlers\FileHandler' driver.
WARNING - 2025-11-27 22:50:06 --> Session: Sessions is enabled, and one exists. Please don't $session->start();
INFO - 2025-11-27 22:50:30 --> Session: Class initialized using 'CodeIgniter\Session\Handlers\FileHandler' driver.
WARNING - 2025-11-27 22:50:30 --> Session: Sessions is enabled, and one exists. Please don't $session->start();
INFO - 2025-11-27 22:53:28 --> Session: Class initialized using 'CodeIgniter\Session\Handlers\FileHandler' driver.
WARNING - 2025-11-27 22:53:28 --> Session: Sessions is enabled, and one exists. Please don't $session->start();
