INFO - 2025-05-05 21:06:32 --> Session: Class initialized using 'CodeIgniter\Session\Handlers\FileHandler' driver.
WARNING - 2025-05-05 21:06:32 --> Session: Sessions is enabled, and one exists. Please don't $session->start();
CRITICAL - 2025-05-05 21:06:32 --> CodeIgniter\Database\Exceptions\DatabaseException: You must set the database table to be used with your query.
[Method: GET, Route: admin-default-user-market-rate/1/0]
in SYSTEMPATH\Database\BaseConnection.php on line 927.
 1 SYSTEMPATH\Model.php(716): CodeIgniter\Database\BaseConnection->table(null)
 2 SYSTEMPATH\Model.php(922): CodeIgniter\Model->builder()
 3 APPPATH\Controllers\Admin_c.php(4185): CodeIgniter\Model->__call('get_user_all_default_market_rate', [...])
 4 SYSTEMPATH\CodeIgniter.php(933): App\Controllers\Admin_c->add_default_user_market_rate('1', '0')
 5 SYSTEMPATH\CodeIgniter.php(509): CodeIgniter\CodeIgniter->runController(Object(App\Controllers\Admin_c))
 6 SYSTEMPATH\CodeIgniter.php(355): CodeIgniter\CodeIgniter->handleRequest(null, Object(Config\Cache), false)
 7 SYSTEMPATH\Boot.php(325): CodeIgniter\CodeIgniter->run()
 8 SYSTEMPATH\Boot.php(67): CodeIgniter\Boot::runCodeIgniter(Object(CodeIgniter\CodeIgniter))
 9 FCPATH\index.php(57): CodeIgniter\Boot::bootWeb(Object(Config\Paths))
INFO - 2025-05-05 21:07:42 --> Session: Class initialized using 'CodeIgniter\Session\Handlers\FileHandler' driver.
WARNING - 2025-05-05 21:07:42 --> Session: Sessions is enabled, and one exists. Please don't $session->start();
INFO - 2025-05-05 21:07:46 --> Session: Class initialized using 'CodeIgniter\Session\Handlers\FileHandler' driver.
WARNING - 2025-05-05 21:07:46 --> Session: Sessions is enabled, and one exists. Please don't $session->start();
INFO - 2025-05-05 21:11:10 --> Session: Class initialized using 'CodeIgniter\Session\Handlers\FileHandler' driver.
WARNING - 2025-05-05 21:11:10 --> Session: Sessions is enabled, and one exists. Please don't $session->start();
INFO - 2025-05-05 21:11:21 --> Session: Class initialized using 'CodeIgniter\Session\Handlers\FileHandler' driver.
WARNING - 2025-05-05 21:11:21 --> Session: Sessions is enabled, and one exists. Please don't $session->start();
INFO - 2025-05-05 21:11:26 --> Session: Class initialized using 'CodeIgniter\Session\Handlers\FileHandler' driver.
WARNING - 2025-05-05 21:11:26 --> Session: Sessions is enabled, and one exists. Please don't $session->start();
INFO - 2025-05-05 21:11:30 --> Session: Class initialized using 'CodeIgniter\Session\Handlers\FileHandler' driver.
WARNING - 2025-05-05 21:11:30 --> Session: Sessions is enabled, and one exists. Please don't $session->start();
INFO - 2025-05-05 21:11:32 --> Session: Class initialized using 'CodeIgniter\Session\Handlers\FileHandler' driver.
WARNING - 2025-05-05 21:11:32 --> Session: Sessions is enabled, and one exists. Please don't $session->start();
INFO - 2025-05-05 21:11:34 --> Session: Class initialized using 'CodeIgniter\Session\Handlers\FileHandler' driver.
WARNING - 2025-05-05 21:11:34 --> Session: Sessions is enabled, and one exists. Please don't $session->start();
INFO - 2025-05-05 21:11:58 --> Session: Class initialized using 'CodeIgniter\Session\Handlers\FileHandler' driver.
WARNING - 2025-05-05 21:11:58 --> Session: Sessions is enabled, and one exists. Please don't $session->start();
INFO - 2025-05-05 21:12:01 --> Session: Class initialized using 'CodeIgniter\Session\Handlers\FileHandler' driver.
WARNING - 2025-05-05 21:12:01 --> Session: Sessions is enabled, and one exists. Please don't $session->start();
INFO - 2025-05-05 21:12:07 --> Session: Class initialized using 'CodeIgniter\Session\Handlers\FileHandler' driver.
WARNING - 2025-05-05 21:12:07 --> Session: Sessions is enabled, and one exists. Please don't $session->start();
INFO - 2025-05-05 21:13:21 --> Session: Class initialized using 'CodeIgniter\Session\Handlers\FileHandler' driver.
WARNING - 2025-05-05 21:13:21 --> Session: Sessions is enabled, and one exists. Please don't $session->start();
INFO - 2025-05-05 21:13:53 --> Session: Class initialized using 'CodeIgniter\Session\Handlers\FileHandler' driver.
WARNING - 2025-05-05 21:13:53 --> Session: Sessions is enabled, and one exists. Please don't $session->start();
INFO - 2025-05-05 21:13:55 --> Session: Class initialized using 'CodeIgniter\Session\Handlers\FileHandler' driver.
WARNING - 2025-05-05 21:13:55 --> Session: Sessions is enabled, and one exists. Please don't $session->start();
INFO - 2025-05-05 21:13:55 --> Session: Class initialized using 'CodeIgniter\Session\Handlers\FileHandler' driver.
WARNING - 2025-05-05 21:13:55 --> Session: Sessions is enabled, and one exists. Please don't $session->start();
INFO - 2025-05-05 21:14:43 --> Session: Class initialized using 'CodeIgniter\Session\Handlers\FileHandler' driver.
WARNING - 2025-05-05 21:14:43 --> Session: Sessions is enabled, and one exists. Please don't $session->start();
INFO - 2025-05-05 21:14:45 --> Session: Class initialized using 'CodeIgniter\Session\Handlers\FileHandler' driver.
WARNING - 2025-05-05 21:14:45 --> Session: Sessions is enabled, and one exists. Please don't $session->start();
INFO - 2025-05-05 21:14:45 --> Session: Class initialized using 'CodeIgniter\Session\Handlers\FileHandler' driver.
WARNING - 2025-05-05 21:14:45 --> Session: Sessions is enabled, and one exists. Please don't $session->start();
INFO - 2025-05-05 21:18:15 --> Session: Class initialized using 'CodeIgniter\Session\Handlers\FileHandler' driver.
WARNING - 2025-05-05 21:18:15 --> Session: Sessions is enabled, and one exists. Please don't $session->start();
INFO - 2025-05-05 21:18:17 --> Session: Class initialized using 'CodeIgniter\Session\Handlers\FileHandler' driver.
WARNING - 2025-05-05 21:18:17 --> Session: Sessions is enabled, and one exists. Please don't $session->start();
INFO - 2025-05-05 21:18:18 --> Session: Class initialized using 'CodeIgniter\Session\Handlers\FileHandler' driver.
WARNING - 2025-05-05 21:18:18 --> Session: Sessions is enabled, and one exists. Please don't $session->start();
INFO - 2025-05-05 21:18:19 --> Session: Class initialized using 'CodeIgniter\Session\Handlers\FileHandler' driver.
WARNING - 2025-05-05 21:18:19 --> Session: Sessions is enabled, and one exists. Please don't $session->start();
INFO - 2025-05-05 21:18:20 --> Session: Class initialized using 'CodeIgniter\Session\Handlers\FileHandler' driver.
WARNING - 2025-05-05 21:18:20 --> Session: Sessions is enabled, and one exists. Please don't $session->start();
INFO - 2025-05-05 21:18:21 --> Session: Class initialized using 'CodeIgniter\Session\Handlers\FileHandler' driver.
WARNING - 2025-05-05 21:18:21 --> Session: Sessions is enabled, and one exists. Please don't $session->start();
INFO - 2025-05-05 21:18:23 --> Session: Class initialized using 'CodeIgniter\Session\Handlers\FileHandler' driver.
WARNING - 2025-05-05 21:18:23 --> Session: Sessions is enabled, and one exists. Please don't $session->start();
INFO - 2025-05-05 21:18:25 --> Session: Class initialized using 'CodeIgniter\Session\Handlers\FileHandler' driver.
WARNING - 2025-05-05 21:18:25 --> Session: Sessions is enabled, and one exists. Please don't $session->start();
INFO - 2025-05-05 21:18:25 --> Session: Class initialized using 'CodeIgniter\Session\Handlers\FileHandler' driver.
WARNING - 2025-05-05 21:18:25 --> Session: Sessions is enabled, and one exists. Please don't $session->start();
WARNING - 2025-05-05 21:18:25 --> [DEPRECATED] Optional parameter $game_name declared before required parameter $game_id is implicitly treated as a required parameter in APPPATH\Models\User_m.php on line 305.
 1 FCPATH\vendor\composer\ClassLoader.php(576): include('C:\\laragon\\www\\pro1\\vendor\\codeigniter4\\framework\\system\\Debug\\Exceptions.php')
 2 FCPATH\vendor\composer\ClassLoader.php(427): Composer\Autoload\{closure}('C:\\laragon\\www\\pro1\\vendor\\composer/../../app/Models/User_m.php')
 3 APPPATH\Controllers\User_c.php(36): Composer\Autoload\ClassLoader->loadClass('App\\Models\\User_m')
 4 SYSTEMPATH\CodeIgniter.php(903): App\Controllers\User_c->__construct()
 5 SYSTEMPATH\CodeIgniter.php(500): CodeIgniter\CodeIgniter->createController()
 6 SYSTEMPATH\CodeIgniter.php(355): CodeIgniter\CodeIgniter->handleRequest(null, Object(Config\Cache), false)
 7 SYSTEMPATH\Boot.php(325): CodeIgniter\CodeIgniter->run()
 8 SYSTEMPATH\Boot.php(67): CodeIgniter\Boot::runCodeIgniter(Object(CodeIgniter\CodeIgniter))
 9 FCPATH\index.php(57): CodeIgniter\Boot::bootWeb(Object(Config\Paths))
INFO - 2025-05-05 21:18:33 --> Session: Class initialized using 'CodeIgniter\Session\Handlers\FileHandler' driver.
WARNING - 2025-05-05 21:18:33 --> Session: Sessions is enabled, and one exists. Please don't $session->start();
INFO - 2025-05-05 21:18:34 --> Session: Class initialized using 'CodeIgniter\Session\Handlers\FileHandler' driver.
WARNING - 2025-05-05 21:18:34 --> Session: Sessions is enabled, and one exists. Please don't $session->start();
INFO - 2025-05-05 21:18:38 --> Session: Class initialized using 'CodeIgniter\Session\Handlers\FileHandler' driver.
WARNING - 2025-05-05 21:18:38 --> Session: Sessions is enabled, and one exists. Please don't $session->start();
INFO - 2025-05-05 21:18:38 --> Session: Class initialized using 'CodeIgniter\Session\Handlers\FileHandler' driver.
WARNING - 2025-05-05 21:18:38 --> Session: Sessions is enabled, and one exists. Please don't $session->start();
WARNING - 2025-05-05 21:18:38 --> [DEPRECATED] Optional parameter $game_name declared before required parameter $game_id is implicitly treated as a required parameter in APPPATH\Models\User_m.php on line 305.
 1 FCPATH\vendor\composer\ClassLoader.php(576): include('C:\\laragon\\www\\pro1\\vendor\\codeigniter4\\framework\\system\\Debug\\Exceptions.php')
 2 FCPATH\vendor\composer\ClassLoader.php(427): Composer\Autoload\{closure}('C:\\laragon\\www\\pro1\\vendor\\composer/../../app/Models/User_m.php')
 3 APPPATH\Controllers\User_c.php(36): Composer\Autoload\ClassLoader->loadClass('App\\Models\\User_m')
 4 SYSTEMPATH\CodeIgniter.php(903): App\Controllers\User_c->__construct()
 5 SYSTEMPATH\CodeIgniter.php(500): CodeIgniter\CodeIgniter->createController()
 6 SYSTEMPATH\CodeIgniter.php(355): CodeIgniter\CodeIgniter->handleRequest(null, Object(Config\Cache), false)
 7 SYSTEMPATH\Boot.php(325): CodeIgniter\CodeIgniter->run()
 8 SYSTEMPATH\Boot.php(67): CodeIgniter\Boot::runCodeIgniter(Object(CodeIgniter\CodeIgniter))
 9 FCPATH\index.php(57): CodeIgniter\Boot::bootWeb(Object(Config\Paths))
INFO - 2025-05-05 21:18:49 --> Session: Class initialized using 'CodeIgniter\Session\Handlers\FileHandler' driver.
WARNING - 2025-05-05 21:18:49 --> Session: Sessions is enabled, and one exists. Please don't $session->start();
INFO - 2025-05-05 21:18:49 --> Session: Class initialized using 'CodeIgniter\Session\Handlers\FileHandler' driver.
WARNING - 2025-05-05 21:18:49 --> Session: Sessions is enabled, and one exists. Please don't $session->start();
INFO - 2025-05-05 21:18:49 --> Session: Class initialized using 'CodeIgniter\Session\Handlers\FileHandler' driver.
WARNING - 2025-05-05 21:18:49 --> Session: Sessions is enabled, and one exists. Please don't $session->start();
INFO - 2025-05-05 21:18:51 --> Session: Class initialized using 'CodeIgniter\Session\Handlers\FileHandler' driver.
WARNING - 2025-05-05 21:18:51 --> Session: Sessions is enabled, and one exists. Please don't $session->start();
INFO - 2025-05-05 21:18:52 --> Session: Class initialized using 'CodeIgniter\Session\Handlers\FileHandler' driver.
WARNING - 2025-05-05 21:18:52 --> Session: Sessions is enabled, and one exists. Please don't $session->start();
INFO - 2025-05-05 21:18:52 --> Session: Class initialized using 'CodeIgniter\Session\Handlers\FileHandler' driver.
WARNING - 2025-05-05 21:18:52 --> Session: Sessions is enabled, and one exists. Please don't $session->start();
INFO - 2025-05-05 21:18:52 --> Session: Class initialized using 'CodeIgniter\Session\Handlers\FileHandler' driver.
WARNING - 2025-05-05 21:18:52 --> Session: Sessions is enabled, and one exists. Please don't $session->start();
INFO - 2025-05-05 21:18:52 --> Session: Class initialized using 'CodeIgniter\Session\Handlers\FileHandler' driver.
WARNING - 2025-05-05 21:18:52 --> Session: Sessions is enabled, and one exists. Please don't $session->start();
INFO - 2025-05-05 21:18:53 --> Session: Class initialized using 'CodeIgniter\Session\Handlers\FileHandler' driver.
WARNING - 2025-05-05 21:18:53 --> Session: Sessions is enabled, and one exists. Please don't $session->start();
INFO - 2025-05-05 21:18:53 --> Session: Class initialized using 'CodeIgniter\Session\Handlers\FileHandler' driver.
WARNING - 2025-05-05 21:18:53 --> Session: Sessions is enabled, and one exists. Please don't $session->start();
INFO - 2025-05-05 21:18:58 --> Session: Class initialized using 'CodeIgniter\Session\Handlers\FileHandler' driver.
WARNING - 2025-05-05 21:18:58 --> Session: Sessions is enabled, and one exists. Please don't $session->start();
INFO - 2025-05-05 21:18:59 --> Session: Class initialized using 'CodeIgniter\Session\Handlers\FileHandler' driver.
WARNING - 2025-05-05 21:18:59 --> Session: Sessions is enabled, and one exists. Please don't $session->start();
INFO - 2025-05-05 21:19:02 --> Session: Class initialized using 'CodeIgniter\Session\Handlers\FileHandler' driver.
WARNING - 2025-05-05 21:19:02 --> Session: Sessions is enabled, and one exists. Please don't $session->start();
CRITICAL - 2025-05-05 21:19:02 --> ErrorException: include(C:\laragon\www\pro1\app\Views/admin/js/delhi_default_user_market_rate_js.php): Failed to open stream: No such file or directory
[Method: GET, Route: admin-default-user-delhi-market-rate/1/0]
in APPPATH\Views\admin\common\footer.php on line 46.
 1 APPPATH\Views\admin\common\footer.php(46): CodeIgniter\Debug\Exceptions->errorHandler(2, 'include(C:\\laragon\\www\\pro1\\app\\Views/admin/js/delhi_default_user_market_rate_js.php): Failed to open stream: No such file or directory', 'C:\\laragon\\www\\pro1\\app\\Views\\admin\\common\\footer.php', 46)
 2 APPPATH\Views\admin\common\footer.php(46): include()
 3 SYSTEMPATH\View\View.php(234): include('C:\\laragon\\www\\pro1\\app\\Views\\admin\\common\\footer.php')
 4 SYSTEMPATH\View\View.php(237): CodeIgniter\View\View->CodeIgniter\View\{closure}()
 5 SYSTEMPATH\Common.php(1171): CodeIgniter\View\View->render('admin/common/footer', [], true)
 6 APPPATH\Helpers\functions_helper.php(522): view('admin/common/footer', [...])
 7 APPPATH\Controllers\Admin_c.php(4268): load_view('admin', 'admin/user_default_delhi_market_rate', [...])
 8 SYSTEMPATH\CodeIgniter.php(933): App\Controllers\Admin_c->add_default_user_delhi_market_rate('1', '0')
 9 SYSTEMPATH\CodeIgniter.php(509): CodeIgniter\CodeIgniter->runController(Object(App\Controllers\Admin_c))
10 SYSTEMPATH\CodeIgniter.php(355): CodeIgniter\CodeIgniter->handleRequest(null, Object(Config\Cache), false)
11 SYSTEMPATH\Boot.php(325): CodeIgniter\CodeIgniter->run()
12 SYSTEMPATH\Boot.php(67): CodeIgniter\Boot::runCodeIgniter(Object(CodeIgniter\CodeIgniter))
13 FCPATH\index.php(57): CodeIgniter\Boot::bootWeb(Object(Config\Paths))
INFO - 2025-05-05 21:19:33 --> Session: Class initialized using 'CodeIgniter\Session\Handlers\FileHandler' driver.
WARNING - 2025-05-05 21:19:33 --> Session: Sessions is enabled, and one exists. Please don't $session->start();
INFO - 2025-05-05 21:19:39 --> Session: Class initialized using 'CodeIgniter\Session\Handlers\FileHandler' driver.
WARNING - 2025-05-05 21:19:39 --> Session: Sessions is enabled, and one exists. Please don't $session->start();
INFO - 2025-05-05 21:19:48 --> Session: Class initialized using 'CodeIgniter\Session\Handlers\FileHandler' driver.
WARNING - 2025-05-05 21:19:48 --> Session: Sessions is enabled, and one exists. Please don't $session->start();
INFO - 2025-05-05 21:21:17 --> Session: Class initialized using 'CodeIgniter\Session\Handlers\FileHandler' driver.
WARNING - 2025-05-05 21:21:17 --> Session: Sessions is enabled, and one exists. Please don't $session->start();
INFO - 2025-05-05 21:22:10 --> Session: Class initialized using 'CodeIgniter\Session\Handlers\FileHandler' driver.
WARNING - 2025-05-05 21:22:10 --> Session: Sessions is enabled, and one exists. Please don't $session->start();
INFO - 2025-05-05 21:22:35 --> Session: Class initialized using 'CodeIgniter\Session\Handlers\FileHandler' driver.
WARNING - 2025-05-05 21:22:35 --> Session: Sessions is enabled, and one exists. Please don't $session->start();
INFO - 2025-05-05 21:22:42 --> Session: Class initialized using 'CodeIgniter\Session\Handlers\FileHandler' driver.
WARNING - 2025-05-05 21:22:42 --> Session: Sessions is enabled, and one exists. Please don't $session->start();
INFO - 2025-05-05 21:22:46 --> Session: Class initialized using 'CodeIgniter\Session\Handlers\FileHandler' driver.
WARNING - 2025-05-05 21:22:46 --> Session: Sessions is enabled, and one exists. Please don't $session->start();
INFO - 2025-05-05 21:23:24 --> Session: Class initialized using 'CodeIgniter\Session\Handlers\FileHandler' driver.
WARNING - 2025-05-05 21:23:24 --> Session: Sessions is enabled, and one exists. Please don't $session->start();
INFO - 2025-05-05 21:23:24 --> Session: Class initialized using 'CodeIgniter\Session\Handlers\FileHandler' driver.
WARNING - 2025-05-05 21:23:24 --> Session: Sessions is enabled, and one exists. Please don't $session->start();
INFO - 2025-05-05 21:23:31 --> Session: Class initialized using 'CodeIgniter\Session\Handlers\FileHandler' driver.
WARNING - 2025-05-05 21:23:31 --> Session: Sessions is enabled, and one exists. Please don't $session->start();
INFO - 2025-05-05 21:23:34 --> Session: Class initialized using 'CodeIgniter\Session\Handlers\FileHandler' driver.
WARNING - 2025-05-05 21:23:34 --> Session: Sessions is enabled, and one exists. Please don't $session->start();
INFO - 2025-05-05 21:23:39 --> Session: Class initialized using 'CodeIgniter\Session\Handlers\FileHandler' driver.
WARNING - 2025-05-05 21:23:39 --> Session: Sessions is enabled, and one exists. Please don't $session->start();
INFO - 2025-05-05 21:24:07 --> Session: Class initialized using 'CodeIgniter\Session\Handlers\FileHandler' driver.
WARNING - 2025-05-05 21:24:07 --> Session: Sessions is enabled, and one exists. Please don't $session->start();
INFO - 2025-05-05 21:24:07 --> Session: Class initialized using 'CodeIgniter\Session\Handlers\FileHandler' driver.
WARNING - 2025-05-05 21:24:07 --> Session: Sessions is enabled, and one exists. Please don't $session->start();
INFO - 2025-05-05 21:24:10 --> Session: Class initialized using 'CodeIgniter\Session\Handlers\FileHandler' driver.
WARNING - 2025-05-05 21:24:10 --> Session: Sessions is enabled, and one exists. Please don't $session->start();
INFO - 2025-05-05 21:24:14 --> Session: Class initialized using 'CodeIgniter\Session\Handlers\FileHandler' driver.
WARNING - 2025-05-05 21:24:14 --> Session: Sessions is enabled, and one exists. Please don't $session->start();
INFO - 2025-05-05 21:25:01 --> Session: Class initialized using 'CodeIgniter\Session\Handlers\FileHandler' driver.
WARNING - 2025-05-05 21:25:01 --> Session: Sessions is enabled, and one exists. Please don't $session->start();
INFO - 2025-05-05 21:25:04 --> Session: Class initialized using 'CodeIgniter\Session\Handlers\FileHandler' driver.
WARNING - 2025-05-05 21:25:04 --> Session: Sessions is enabled, and one exists. Please don't $session->start();
INFO - 2025-05-05 21:25:05 --> Session: Class initialized using 'CodeIgniter\Session\Handlers\FileHandler' driver.
WARNING - 2025-05-05 21:25:05 --> Session: Sessions is enabled, and one exists. Please don't $session->start();
INFO - 2025-05-05 21:25:12 --> Session: Class initialized using 'CodeIgniter\Session\Handlers\FileHandler' driver.
WARNING - 2025-05-05 21:25:12 --> Session: Sessions is enabled, and one exists. Please don't $session->start();
INFO - 2025-05-05 21:25:18 --> Session: Class initialized using 'CodeIgniter\Session\Handlers\FileHandler' driver.
WARNING - 2025-05-05 21:25:18 --> Session: Sessions is enabled, and one exists. Please don't $session->start();
INFO - 2025-05-05 21:25:24 --> Session: Class initialized using 'CodeIgniter\Session\Handlers\FileHandler' driver.
WARNING - 2025-05-05 21:25:24 --> Session: Sessions is enabled, and one exists. Please don't $session->start();
INFO - 2025-05-05 21:25:29 --> Session: Class initialized using 'CodeIgniter\Session\Handlers\FileHandler' driver.
WARNING - 2025-05-05 21:25:29 --> Session: Sessions is enabled, and one exists. Please don't $session->start();
INFO - 2025-05-05 21:28:10 --> Session: Class initialized using 'CodeIgniter\Session\Handlers\FileHandler' driver.
WARNING - 2025-05-05 21:28:10 --> Session: Sessions is enabled, and one exists. Please don't $session->start();
INFO - 2025-05-05 21:28:14 --> Session: Class initialized using 'CodeIgniter\Session\Handlers\FileHandler' driver.
WARNING - 2025-05-05 21:28:14 --> Session: Sessions is enabled, and one exists. Please don't $session->start();
INFO - 2025-05-05 21:28:14 --> Session: Class initialized using 'CodeIgniter\Session\Handlers\FileHandler' driver.
WARNING - 2025-05-05 21:28:14 --> Session: Sessions is enabled, and one exists. Please don't $session->start();
INFO - 2025-05-05 21:28:15 --> Session: Class initialized using 'CodeIgniter\Session\Handlers\FileHandler' driver.
WARNING - 2025-05-05 21:28:15 --> Session: Sessions is enabled, and one exists. Please don't $session->start();
INFO - 2025-05-05 21:28:15 --> Session: Class initialized using 'CodeIgniter\Session\Handlers\FileHandler' driver.
WARNING - 2025-05-05 21:28:15 --> Session: Sessions is enabled, and one exists. Please don't $session->start();
INFO - 2025-05-05 21:28:18 --> Session: Class initialized using 'CodeIgniter\Session\Handlers\FileHandler' driver.
WARNING - 2025-05-05 21:28:18 --> Session: Sessions is enabled, and one exists. Please don't $session->start();
INFO - 2025-05-05 21:28:18 --> Session: Class initialized using 'CodeIgniter\Session\Handlers\FileHandler' driver.
WARNING - 2025-05-05 21:28:18 --> Session: Sessions is enabled, and one exists. Please don't $session->start();
INFO - 2025-05-05 21:28:21 --> Session: Class initialized using 'CodeIgniter\Session\Handlers\FileHandler' driver.
WARNING - 2025-05-05 21:28:21 --> Session: Sessions is enabled, and one exists. Please don't $session->start();
INFO - 2025-05-05 21:28:30 --> Session: Class initialized using 'CodeIgniter\Session\Handlers\FileHandler' driver.
WARNING - 2025-05-05 21:28:30 --> Session: Sessions is enabled, and one exists. Please don't $session->start();
INFO - 2025-05-05 21:28:41 --> Session: Class initialized using 'CodeIgniter\Session\Handlers\FileHandler' driver.
WARNING - 2025-05-05 21:28:41 --> Session: Sessions is enabled, and one exists. Please don't $session->start();
INFO - 2025-05-05 21:31:39 --> Session: Class initialized using 'CodeIgniter\Session\Handlers\FileHandler' driver.
WARNING - 2025-05-05 21:31:39 --> Session: Sessions is enabled, and one exists. Please don't $session->start();
WARNING - 2025-05-05 21:31:39 --> [DEPRECATED] Optional parameter $game_name declared before required parameter $game_id is implicitly treated as a required parameter in APPPATH\Models\User_m.php on line 305.
 1 FCPATH\vendor\composer\ClassLoader.php(576): include('C:\\laragon\\www\\pro1\\vendor\\codeigniter4\\framework\\system\\Debug\\Exceptions.php')
 2 FCPATH\vendor\composer\ClassLoader.php(427): Composer\Autoload\{closure}('C:\\laragon\\www\\pro1\\vendor\\composer/../../app/Models/User_m.php')
 3 APPPATH\Controllers\User_c.php(36): Composer\Autoload\ClassLoader->loadClass('App\\Models\\User_m')
 4 SYSTEMPATH\CodeIgniter.php(903): App\Controllers\User_c->__construct()
 5 SYSTEMPATH\CodeIgniter.php(500): CodeIgniter\CodeIgniter->createController()
 6 SYSTEMPATH\CodeIgniter.php(355): CodeIgniter\CodeIgniter->handleRequest(null, Object(Config\Cache), false)
 7 SYSTEMPATH\Boot.php(325): CodeIgniter\CodeIgniter->run()
 8 SYSTEMPATH\Boot.php(67): CodeIgniter\Boot::runCodeIgniter(Object(CodeIgniter\CodeIgniter))
 9 FCPATH\index.php(57): CodeIgniter\Boot::bootWeb(Object(Config\Paths))
INFO - 2025-05-05 21:31:42 --> Session: Class initialized using 'CodeIgniter\Session\Handlers\FileHandler' driver.
WARNING - 2025-05-05 21:31:42 --> Session: Sessions is enabled, and one exists. Please don't $session->start();
INFO - 2025-05-05 21:31:42 --> Session: Class initialized using 'CodeIgniter\Session\Handlers\FileHandler' driver.
WARNING - 2025-05-05 21:31:42 --> Session: Sessions is enabled, and one exists. Please don't $session->start();
INFO - 2025-05-05 21:31:45 --> Session: Class initialized using 'CodeIgniter\Session\Handlers\FileHandler' driver.
WARNING - 2025-05-05 21:31:45 --> Session: Sessions is enabled, and one exists. Please don't $session->start();
INFO - 2025-05-05 21:31:50 --> Session: Class initialized using 'CodeIgniter\Session\Handlers\FileHandler' driver.
WARNING - 2025-05-05 21:31:50 --> Session: Sessions is enabled, and one exists. Please don't $session->start();
INFO - 2025-05-05 21:31:50 --> Session: Class initialized using 'CodeIgniter\Session\Handlers\FileHandler' driver.
WARNING - 2025-05-05 21:31:50 --> Session: Sessions is enabled, and one exists. Please don't $session->start();
WARNING - 2025-05-05 21:31:50 --> [DEPRECATED] Optional parameter $game_name declared before required parameter $game_id is implicitly treated as a required parameter in APPPATH\Models\User_m.php on line 305.
 1 FCPATH\vendor\composer\ClassLoader.php(576): include('C:\\laragon\\www\\pro1\\vendor\\codeigniter4\\framework\\system\\Debug\\Exceptions.php')
 2 FCPATH\vendor\composer\ClassLoader.php(427): Composer\Autoload\{closure}('C:\\laragon\\www\\pro1\\vendor\\composer/../../app/Models/User_m.php')
 3 APPPATH\Controllers\User_c.php(36): Composer\Autoload\ClassLoader->loadClass('App\\Models\\User_m')
 4 SYSTEMPATH\CodeIgniter.php(903): App\Controllers\User_c->__construct()
 5 SYSTEMPATH\CodeIgniter.php(500): CodeIgniter\CodeIgniter->createController()
 6 SYSTEMPATH\CodeIgniter.php(355): CodeIgniter\CodeIgniter->handleRequest(null, Object(Config\Cache), false)
 7 SYSTEMPATH\Boot.php(325): CodeIgniter\CodeIgniter->run()
 8 SYSTEMPATH\Boot.php(67): CodeIgniter\Boot::runCodeIgniter(Object(CodeIgniter\CodeIgniter))
 9 FCPATH\index.php(57): CodeIgniter\Boot::bootWeb(Object(Config\Paths))
INFO - 2025-05-05 21:32:04 --> Session: Class initialized using 'CodeIgniter\Session\Handlers\FileHandler' driver.
WARNING - 2025-05-05 21:32:04 --> Session: Sessions is enabled, and one exists. Please don't $session->start();
INFO - 2025-05-05 21:41:57 --> Session: Class initialized using 'CodeIgniter\Session\Handlers\FileHandler' driver.
WARNING - 2025-05-05 21:41:57 --> Session: Sessions is enabled, and one exists. Please don't $session->start();
WARNING - 2025-05-05 21:41:57 --> [DEPRECATED] Optional parameter $game_name declared before required parameter $game_id is implicitly treated as a required parameter in APPPATH\Models\User_m.php on line 305.
 1 FCPATH\vendor\composer\ClassLoader.php(576): include('C:\\laragon\\www\\pro1\\vendor\\codeigniter4\\framework\\system\\Debug\\Exceptions.php')
 2 FCPATH\vendor\composer\ClassLoader.php(427): Composer\Autoload\{closure}('C:\\laragon\\www\\pro1\\vendor\\composer/../../app/Models/User_m.php')
 3 APPPATH\Controllers\User_c.php(36): Composer\Autoload\ClassLoader->loadClass('App\\Models\\User_m')
 4 SYSTEMPATH\CodeIgniter.php(903): App\Controllers\User_c->__construct()
 5 SYSTEMPATH\CodeIgniter.php(500): CodeIgniter\CodeIgniter->createController()
 6 SYSTEMPATH\CodeIgniter.php(355): CodeIgniter\CodeIgniter->handleRequest(null, Object(Config\Cache), false)
 7 SYSTEMPATH\Boot.php(325): CodeIgniter\CodeIgniter->run()
 8 SYSTEMPATH\Boot.php(67): CodeIgniter\Boot::runCodeIgniter(Object(CodeIgniter\CodeIgniter))
 9 FCPATH\index.php(57): CodeIgniter\Boot::bootWeb(Object(Config\Paths))
INFO - 2025-05-05 21:41:57 --> Session: Class initialized using 'CodeIgniter\Session\Handlers\FileHandler' driver.
WARNING - 2025-05-05 21:41:57 --> Session: Sessions is enabled, and one exists. Please don't $session->start();
WARNING - 2025-05-05 21:41:57 --> [DEPRECATED] Optional parameter $game_name declared before required parameter $game_id is implicitly treated as a required parameter in APPPATH\Models\User_m.php on line 305.
 1 FCPATH\vendor\composer\ClassLoader.php(576): include('C:\\laragon\\www\\pro1\\vendor\\codeigniter4\\framework\\system\\Debug\\Exceptions.php')
 2 FCPATH\vendor\composer\ClassLoader.php(427): Composer\Autoload\{closure}('C:\\laragon\\www\\pro1\\vendor\\composer/../../app/Models/User_m.php')
 3 APPPATH\Controllers\User_c.php(36): Composer\Autoload\ClassLoader->loadClass('App\\Models\\User_m')
 4 SYSTEMPATH\CodeIgniter.php(903): App\Controllers\User_c->__construct()
 5 SYSTEMPATH\CodeIgniter.php(500): CodeIgniter\CodeIgniter->createController()
 6 SYSTEMPATH\CodeIgniter.php(355): CodeIgniter\CodeIgniter->handleRequest(null, Object(Config\Cache), false)
 7 SYSTEMPATH\Boot.php(325): CodeIgniter\CodeIgniter->run()
 8 SYSTEMPATH\Boot.php(67): CodeIgniter\Boot::runCodeIgniter(Object(CodeIgniter\CodeIgniter))
 9 FCPATH\index.php(57): CodeIgniter\Boot::bootWeb(Object(Config\Paths))
INFO - 2025-05-05 21:42:02 --> Session: Class initialized using 'CodeIgniter\Session\Handlers\FileHandler' driver.
WARNING - 2025-05-05 21:42:02 --> Session: Sessions is enabled, and one exists. Please don't $session->start();
WARNING - 2025-05-05 21:42:02 --> [DEPRECATED] Optional parameter $game_name declared before required parameter $game_id is implicitly treated as a required parameter in APPPATH\Models\User_m.php on line 305.
 1 FCPATH\vendor\composer\ClassLoader.php(576): include('C:\\laragon\\www\\pro1\\vendor\\codeigniter4\\framework\\system\\Debug\\Exceptions.php')
 2 FCPATH\vendor\composer\ClassLoader.php(427): Composer\Autoload\{closure}('C:\\laragon\\www\\pro1\\vendor\\composer/../../app/Models/User_m.php')
 3 APPPATH\Controllers\User_c.php(36): Composer\Autoload\ClassLoader->loadClass('App\\Models\\User_m')
 4 SYSTEMPATH\CodeIgniter.php(903): App\Controllers\User_c->__construct()
 5 SYSTEMPATH\CodeIgniter.php(500): CodeIgniter\CodeIgniter->createController()
 6 SYSTEMPATH\CodeIgniter.php(355): CodeIgniter\CodeIgniter->handleRequest(null, Object(Config\Cache), false)
 7 SYSTEMPATH\Boot.php(325): CodeIgniter\CodeIgniter->run()
 8 SYSTEMPATH\Boot.php(67): CodeIgniter\Boot::runCodeIgniter(Object(CodeIgniter\CodeIgniter))
 9 FCPATH\index.php(57): CodeIgniter\Boot::bootWeb(Object(Config\Paths))
INFO - 2025-05-05 21:42:04 --> Session: Class initialized using 'CodeIgniter\Session\Handlers\FileHandler' driver.
WARNING - 2025-05-05 21:42:04 --> Session: Sessions is enabled, and one exists. Please don't $session->start();
WARNING - 2025-05-05 21:42:04 --> [DEPRECATED] Optional parameter $game_name declared before required parameter $game_id is implicitly treated as a required parameter in APPPATH\Models\User_m.php on line 305.
 1 FCPATH\vendor\composer\ClassLoader.php(576): include('C:\\laragon\\www\\pro1\\vendor\\codeigniter4\\framework\\system\\Debug\\Exceptions.php')
 2 FCPATH\vendor\composer\ClassLoader.php(427): Composer\Autoload\{closure}('C:\\laragon\\www\\pro1\\vendor\\composer/../../app/Models/User_m.php')
 3 APPPATH\Controllers\User_c.php(36): Composer\Autoload\ClassLoader->loadClass('App\\Models\\User_m')
 4 SYSTEMPATH\CodeIgniter.php(903): App\Controllers\User_c->__construct()
 5 SYSTEMPATH\CodeIgniter.php(500): CodeIgniter\CodeIgniter->createController()
 6 SYSTEMPATH\CodeIgniter.php(355): CodeIgniter\CodeIgniter->handleRequest(null, Object(Config\Cache), false)
 7 SYSTEMPATH\Boot.php(325): CodeIgniter\CodeIgniter->run()
 8 SYSTEMPATH\Boot.php(67): CodeIgniter\Boot::runCodeIgniter(Object(CodeIgniter\CodeIgniter))
 9 FCPATH\index.php(57): CodeIgniter\Boot::bootWeb(Object(Config\Paths))
INFO - 2025-05-05 21:50:49 --> Session: Class initialized using 'CodeIgniter\Session\Handlers\FileHandler' driver.
WARNING - 2025-05-05 21:50:49 --> Session: Sessions is enabled, and one exists. Please don't $session->start();
CRITICAL - 2025-05-05 21:50:51 --> ErrorException: Undefined array key "market_id"
[Method: POST, Route: user-signup/registeration-p247-color-game/1]
in APPPATH\Controllers\Login_c.php on line 316.
 1 APPPATH\Controllers\Login_c.php(316): CodeIgniter\Debug\Exceptions->errorHandler(2, 'Undefined array key "market_id"', 'C:\\laragon\\www\\pro1\\app\\Controllers\\Login_c.php', 316)
 2 SYSTEMPATH\CodeIgniter.php(933): App\Controllers\Login_c->signup('1')
 3 SYSTEMPATH\CodeIgniter.php(509): CodeIgniter\CodeIgniter->runController(Object(App\Controllers\Login_c))
 4 SYSTEMPATH\CodeIgniter.php(355): CodeIgniter\CodeIgniter->handleRequest(null, Object(Config\Cache), false)
 5 SYSTEMPATH\Boot.php(325): CodeIgniter\CodeIgniter->run()
 6 SYSTEMPATH\Boot.php(67): CodeIgniter\Boot::runCodeIgniter(Object(CodeIgniter\CodeIgniter))
 7 FCPATH\index.php(57): CodeIgniter\Boot::bootWeb(Object(Config\Paths))
INFO - 2025-05-05 21:51:10 --> Session: Class initialized using 'CodeIgniter\Session\Handlers\FileHandler' driver.
WARNING - 2025-05-05 21:51:10 --> Session: Sessions is enabled, and one exists. Please don't $session->start();
INFO - 2025-05-05 21:51:13 --> Session: Class initialized using 'CodeIgniter\Session\Handlers\FileHandler' driver.
WARNING - 2025-05-05 21:51:13 --> Session: Sessions is enabled, and one exists. Please don't $session->start();
INFO - 2025-05-05 21:52:18 --> Session: Class initialized using 'CodeIgniter\Session\Handlers\FileHandler' driver.
WARNING - 2025-05-05 21:52:18 --> Session: Sessions is enabled, and one exists. Please don't $session->start();
INFO - 2025-05-05 21:52:26 --> Session: Class initialized using 'CodeIgniter\Session\Handlers\FileHandler' driver.
WARNING - 2025-05-05 21:52:26 --> Session: Sessions is enabled, and one exists. Please don't $session->start();
INFO - 2025-05-05 21:53:06 --> Session: Class initialized using 'CodeIgniter\Session\Handlers\FileHandler' driver.
WARNING - 2025-05-05 21:53:06 --> Session: Sessions is enabled, and one exists. Please don't $session->start();
ERROR - 2025-05-05 21:53:08 --> mysqli_sql_exception: Duplicate entry '5' for key 'delhi_market_rate.PRIMARY' in C:\laragon\www\pro1\vendor\codeigniter4\framework\system\Database\MySQLi\Connection.php:312
Stack trace:
#0 C:\laragon\www\pro1\vendor\codeigniter4\framework\system\Database\MySQLi\Connection.php(312): mysqli->query('INSERT INTO `de...', 0)
#1 C:\laragon\www\pro1\vendor\codeigniter4\framework\system\Database\BaseConnection.php(734): CodeIgniter\Database\MySQLi\Connection->execute('INSERT INTO `de...')
#2 C:\laragon\www\pro1\vendor\codeigniter4\framework\system\Database\BaseConnection.php(648): CodeIgniter\Database\BaseConnection->simpleQuery('INSERT INTO `de...')
#3 C:\laragon\www\pro1\vendor\codeigniter4\framework\system\Database\BaseBuilder.php(2340): CodeIgniter\Database\BaseConnection->query('INSERT INTO `de...', Array, false)
#4 C:\laragon\www\pro1\app\Models\Login_m.php(214): CodeIgniter\Database\BaseBuilder->insert(Array)
#5 C:\laragon\www\pro1\app\Controllers\Login_c.php(318): App\Models\Login_m->add_user_delhi_market_rate(Array)
#6 C:\laragon\www\pro1\vendor\codeigniter4\framework\system\CodeIgniter.php(933): App\Controllers\Login_c->signup('1')
#7 C:\laragon\www\pro1\vendor\codeigniter4\framework\system\CodeIgniter.php(509): CodeIgniter\CodeIgniter->runController(Object(App\Controllers\Login_c))
#8 C:\laragon\www\pro1\vendor\codeigniter4\framework\system\CodeIgniter.php(355): CodeIgniter\CodeIgniter->handleRequest(NULL, Object(Config\Cache), false)
#9 C:\laragon\www\pro1\vendor\codeigniter4\framework\system\Boot.php(325): CodeIgniter\CodeIgniter->run()
#10 C:\laragon\www\pro1\vendor\codeigniter4\framework\system\Boot.php(67): CodeIgniter\Boot::runCodeIgniter(Object(CodeIgniter\CodeIgniter))
#11 C:\laragon\www\pro1\index.php(57): CodeIgniter\Boot::bootWeb(Object(Config\Paths))
#12 {main}
CRITICAL - 2025-05-05 21:53:08 --> CodeIgniter\Database\Exceptions\DatabaseException: Duplicate entry '5' for key 'delhi_market_rate.PRIMARY'
[Method: POST, Route: user-signup/registeration-p247-color-game/1]
in SYSTEMPATH\Database\BaseConnection.php on line 688.
 1 SYSTEMPATH\Database\BaseBuilder.php(2340): CodeIgniter\Database\BaseConnection->query('INSERT INTO `delhi_market_rate` (`market_rate_id`, `refUser_id`, `refMarket_id`, `op_figure_rate`, `cp_figure_rate`, `jodi_rate`) VALUES (:market_rate_id:, :refUser_id:, :refMarket_id:, :op_figure_rate:, :cp_figure_rate:, :jodi_rate:)', [...], false)
 2 APPPATH\Models\Login_m.php(214): CodeIgniter\Database\BaseBuilder->insert([...])
 3 APPPATH\Controllers\Login_c.php(318): App\Models\Login_m->add_user_delhi_market_rate([...])
 4 SYSTEMPATH\CodeIgniter.php(933): App\Controllers\Login_c->signup('1')
 5 SYSTEMPATH\CodeIgniter.php(509): CodeIgniter\CodeIgniter->runController(Object(App\Controllers\Login_c))
 6 SYSTEMPATH\CodeIgniter.php(355): CodeIgniter\CodeIgniter->handleRequest(null, Object(Config\Cache), false)
 7 SYSTEMPATH\Boot.php(325): CodeIgniter\CodeIgniter->run()
 8 SYSTEMPATH\Boot.php(67): CodeIgniter\Boot::runCodeIgniter(Object(CodeIgniter\CodeIgniter))
 9 FCPATH\index.php(57): CodeIgniter\Boot::bootWeb(Object(Config\Paths))
CRITICAL - 2025-05-05 21:53:08 --> [Caused by] CodeIgniter\Database\Exceptions\DatabaseException: Duplicate entry '5' for key 'delhi_market_rate.PRIMARY'
in SYSTEMPATH\Database\MySQLi\Connection.php on line 317.
 1 SYSTEMPATH\Database\BaseConnection.php(734): CodeIgniter\Database\MySQLi\Connection->execute('INSERT INTO `delhi_market_rate` (`market_rate_id`, `refUser_id`, `refMarket_id`, `op_figure_rate`, `cp_figure_rate`, `jodi_rate`) VALUES (\'5\', 9, \'52\', \'1\', \'2\', \'3\')')
 2 SYSTEMPATH\Database\BaseConnection.php(648): CodeIgniter\Database\BaseConnection->simpleQuery('INSERT INTO `delhi_market_rate` (`market_rate_id`, `refUser_id`, `refMarket_id`, `op_figure_rate`, `cp_figure_rate`, `jodi_rate`) VALUES (\'5\', 9, \'52\', \'1\', \'2\', \'3\')')
 3 SYSTEMPATH\Database\BaseBuilder.php(2340): CodeIgniter\Database\BaseConnection->query('INSERT INTO `delhi_market_rate` (`market_rate_id`, `refUser_id`, `refMarket_id`, `op_figure_rate`, `cp_figure_rate`, `jodi_rate`) VALUES (:market_rate_id:, :refUser_id:, :refMarket_id:, :op_figure_rate:, :cp_figure_rate:, :jodi_rate:)', [...], false)
 4 APPPATH\Models\Login_m.php(214): CodeIgniter\Database\BaseBuilder->insert([...])
 5 APPPATH\Controllers\Login_c.php(318): App\Models\Login_m->add_user_delhi_market_rate([...])
 6 SYSTEMPATH\CodeIgniter.php(933): App\Controllers\Login_c->signup('1')
 7 SYSTEMPATH\CodeIgniter.php(509): CodeIgniter\CodeIgniter->runController(Object(App\Controllers\Login_c))
 8 SYSTEMPATH\CodeIgniter.php(355): CodeIgniter\CodeIgniter->handleRequest(null, Object(Config\Cache), false)
 9 SYSTEMPATH\Boot.php(325): CodeIgniter\CodeIgniter->run()
10 SYSTEMPATH\Boot.php(67): CodeIgniter\Boot::runCodeIgniter(Object(CodeIgniter\CodeIgniter))
11 FCPATH\index.php(57): CodeIgniter\Boot::bootWeb(Object(Config\Paths))
CRITICAL - 2025-05-05 21:53:08 --> [Caused by] mysqli_sql_exception: Duplicate entry '5' for key 'delhi_market_rate.PRIMARY'
in SYSTEMPATH\Database\MySQLi\Connection.php on line 312.
 1 SYSTEMPATH\Database\MySQLi\Connection.php(312): mysqli->query('INSERT INTO `delhi_market_rate` (`market_rate_id`, `refUser_id`, `refMarket_id`, `op_figure_rate`, `cp_figure_rate`, `jodi_rate`) VALUES (\'5\', 9, \'52\', \'1\', \'2\', \'3\')', 0)
 2 SYSTEMPATH\Database\BaseConnection.php(734): CodeIgniter\Database\MySQLi\Connection->execute('INSERT INTO `delhi_market_rate` (`market_rate_id`, `refUser_id`, `refMarket_id`, `op_figure_rate`, `cp_figure_rate`, `jodi_rate`) VALUES (\'5\', 9, \'52\', \'1\', \'2\', \'3\')')
 3 SYSTEMPATH\Database\BaseConnection.php(648): CodeIgniter\Database\BaseConnection->simpleQuery('INSERT INTO `delhi_market_rate` (`market_rate_id`, `refUser_id`, `refMarket_id`, `op_figure_rate`, `cp_figure_rate`, `jodi_rate`) VALUES (\'5\', 9, \'52\', \'1\', \'2\', \'3\')')
 4 SYSTEMPATH\Database\BaseBuilder.php(2340): CodeIgniter\Database\BaseConnection->query('INSERT INTO `delhi_market_rate` (`market_rate_id`, `refUser_id`, `refMarket_id`, `op_figure_rate`, `cp_figure_rate`, `jodi_rate`) VALUES (:market_rate_id:, :refUser_id:, :refMarket_id:, :op_figure_rate:, :cp_figure_rate:, :jodi_rate:)', [...], false)
 5 APPPATH\Models\Login_m.php(214): CodeIgniter\Database\BaseBuilder->insert([...])
 6 APPPATH\Controllers\Login_c.php(318): App\Models\Login_m->add_user_delhi_market_rate([...])
 7 SYSTEMPATH\CodeIgniter.php(933): App\Controllers\Login_c->signup('1')
 8 SYSTEMPATH\CodeIgniter.php(509): CodeIgniter\CodeIgniter->runController(Object(App\Controllers\Login_c))
 9 SYSTEMPATH\CodeIgniter.php(355): CodeIgniter\CodeIgniter->handleRequest(null, Object(Config\Cache), false)
10 SYSTEMPATH\Boot.php(325): CodeIgniter\CodeIgniter->run()
11 SYSTEMPATH\Boot.php(67): CodeIgniter\Boot::runCodeIgniter(Object(CodeIgniter\CodeIgniter))
12 FCPATH\index.php(57): CodeIgniter\Boot::bootWeb(Object(Config\Paths))
INFO - 2025-05-05 21:53:53 --> Session: Class initialized using 'CodeIgniter\Session\Handlers\FileHandler' driver.
WARNING - 2025-05-05 21:53:53 --> Session: Sessions is enabled, and one exists. Please don't $session->start();
INFO - 2025-05-05 21:53:56 --> Session: Class initialized using 'CodeIgniter\Session\Handlers\FileHandler' driver.
WARNING - 2025-05-05 21:53:56 --> Session: Sessions is enabled, and one exists. Please don't $session->start();
INFO - 2025-05-05 21:54:13 --> Session: Class initialized using 'CodeIgniter\Session\Handlers\FileHandler' driver.
WARNING - 2025-05-05 21:54:13 --> Session: Sessions is enabled, and one exists. Please don't $session->start();
INFO - 2025-05-05 21:54:15 --> Session: Class initialized using 'CodeIgniter\Session\Handlers\FileHandler' driver.
WARNING - 2025-05-05 21:54:15 --> Session: Sessions is enabled, and one exists. Please don't $session->start();
INFO - 2025-05-05 21:55:12 --> Session: Class initialized using 'CodeIgniter\Session\Handlers\FileHandler' driver.
WARNING - 2025-05-05 21:55:12 --> Session: Sessions is enabled, and one exists. Please don't $session->start();
INFO - 2025-05-05 21:55:14 --> Session: Class initialized using 'CodeIgniter\Session\Handlers\FileHandler' driver.
WARNING - 2025-05-05 21:55:14 --> Session: Sessions is enabled, and one exists. Please don't $session->start();
INFO - 2025-05-05 21:55:26 --> Session: Class initialized using 'CodeIgniter\Session\Handlers\FileHandler' driver.
WARNING - 2025-05-05 21:55:26 --> Session: Sessions is enabled, and one exists. Please don't $session->start();
