INFO - 2025-08-21 21:14:17 --> Session: Class initialized using 'CodeIgniter\Session\Handlers\FileHandler' driver.
WARNING - 2025-08-21 21:14:17 --> Session: Sessions is enabled, and one exists. Please don't $session->start();
CRITICAL - 2025-08-21 21:14:17 --> ParseError: Unclosed '{' on line 8
[Method: GET, Route: admin-play-game-history/227/0]
in APPPATH\Models\Admin_m.php on line 2573.
 1 FCPATH\vendor\composer\ClassLoader.php(427): Composer\Autoload\{closure}('C:\\laragon\\www\\pro1\\vendor\\composer/../../app/Models/Admin_m.php')
 2 APPPATH\Controllers\Admin_c.php(33): Composer\Autoload\ClassLoader->loadClass('App\\Models\\Admin_m')
 3 SYSTEMPATH\CodeIgniter.php(903): App\Controllers\Admin_c->__construct()
 4 SYSTEMPATH\CodeIgniter.php(500): CodeIgniter\CodeIgniter->createController()
 5 SYSTEMPATH\CodeIgniter.php(355): CodeIgniter\CodeIgniter->handleRequest(null, Object(Config\Cache), false)
 6 SYSTEMPATH\Boot.php(325): CodeIgniter\CodeIgniter->run()
 7 SYSTEMPATH\Boot.php(67): CodeIgniter\Boot::runCodeIgniter(Object(CodeIgniter\CodeIgniter))
 8 FCPATH\index.php(57): CodeIgniter\Boot::bootWeb(Object(Config\Paths))
INFO - 2025-08-21 21:14:52 --> Session: Class initialized using 'CodeIgniter\Session\Handlers\FileHandler' driver.
WARNING - 2025-08-21 21:14:52 --> Session: Sessions is enabled, and one exists. Please don't $session->start();
INFO - 2025-08-21 21:15:12 --> Session: Class initialized using 'CodeIgniter\Session\Handlers\FileHandler' driver.
WARNING - 2025-08-21 21:15:12 --> Session: Sessions is enabled, and one exists. Please don't $session->start();
INFO - 2025-08-21 21:15:12 --> Session: Class initialized using 'CodeIgniter\Session\Handlers\FileHandler' driver.
WARNING - 2025-08-21 21:15:12 --> Session: Sessions is enabled, and one exists. Please don't $session->start();
INFO - 2025-08-21 21:15:13 --> Session: Class initialized using 'CodeIgniter\Session\Handlers\FileHandler' driver.
WARNING - 2025-08-21 21:15:13 --> Session: Sessions is enabled, and one exists. Please don't $session->start();
INFO - 2025-08-21 21:15:29 --> Session: Class initialized using 'CodeIgniter\Session\Handlers\FileHandler' driver.
WARNING - 2025-08-21 21:15:29 --> Session: Sessions is enabled, and one exists. Please don't $session->start();
INFO - 2025-08-21 21:15:45 --> Session: Class initialized using 'CodeIgniter\Session\Handlers\FileHandler' driver.
WARNING - 2025-08-21 21:15:45 --> Session: Sessions is enabled, and one exists. Please don't $session->start();
INFO - 2025-08-21 21:15:45 --> Session: Class initialized using 'CodeIgniter\Session\Handlers\FileHandler' driver.
WARNING - 2025-08-21 21:15:45 --> Session: Sessions is enabled, and one exists. Please don't $session->start();
INFO - 2025-08-21 21:15:45 --> Session: Class initialized using 'CodeIgniter\Session\Handlers\FileHandler' driver.
WARNING - 2025-08-21 21:15:45 --> Session: Sessions is enabled, and one exists. Please don't $session->start();
INFO - 2025-08-21 21:15:53 --> Session: Class initialized using 'CodeIgniter\Session\Handlers\FileHandler' driver.
WARNING - 2025-08-21 21:15:53 --> Session: Sessions is enabled, and one exists. Please don't $session->start();
INFO - 2025-08-21 21:15:54 --> Session: Class initialized using 'CodeIgniter\Session\Handlers\FileHandler' driver.
WARNING - 2025-08-21 21:15:54 --> Session: Sessions is enabled, and one exists. Please don't $session->start();
INFO - 2025-08-21 21:15:54 --> Session: Class initialized using 'CodeIgniter\Session\Handlers\FileHandler' driver.
WARNING - 2025-08-21 21:15:54 --> Session: Sessions is enabled, and one exists. Please don't $session->start();
INFO - 2025-08-21 21:15:56 --> Session: Class initialized using 'CodeIgniter\Session\Handlers\FileHandler' driver.
WARNING - 2025-08-21 21:15:56 --> Session: Sessions is enabled, and one exists. Please don't $session->start();
INFO - 2025-08-21 21:16:18 --> Session: Class initialized using 'CodeIgniter\Session\Handlers\FileHandler' driver.
WARNING - 2025-08-21 21:16:18 --> Session: Sessions is enabled, and one exists. Please don't $session->start();
INFO - 2025-08-21 21:16:18 --> Session: Class initialized using 'CodeIgniter\Session\Handlers\FileHandler' driver.
WARNING - 2025-08-21 21:16:18 --> Session: Sessions is enabled, and one exists. Please don't $session->start();
INFO - 2025-08-21 21:16:18 --> Session: Class initialized using 'CodeIgniter\Session\Handlers\FileHandler' driver.
WARNING - 2025-08-21 21:16:18 --> Session: Sessions is enabled, and one exists. Please don't $session->start();
INFO - 2025-08-21 21:16:25 --> Session: Class initialized using 'CodeIgniter\Session\Handlers\FileHandler' driver.
WARNING - 2025-08-21 21:16:25 --> Session: Sessions is enabled, and one exists. Please don't $session->start();
INFO - 2025-08-21 21:16:58 --> Session: Class initialized using 'CodeIgniter\Session\Handlers\FileHandler' driver.
WARNING - 2025-08-21 21:16:58 --> Session: Sessions is enabled, and one exists. Please don't $session->start();
ERROR - 2025-08-21 21:16:58 --> mysqli_sql_exception: Unknown column 'id' in 'where clause' in C:\laragon\www\pro1\vendor\codeigniter4\framework\system\Database\MySQLi\Connection.php:312
Stack trace:
#0 C:\laragon\www\pro1\vendor\codeigniter4\framework\system\Database\MySQLi\Connection.php(312): mysqli->query('SELECT *\nFROM `...', 0)
#1 C:\laragon\www\pro1\vendor\codeigniter4\framework\system\Database\BaseConnection.php(734): CodeIgniter\Database\MySQLi\Connection->execute('SELECT *\nFROM `...')
#2 C:\laragon\www\pro1\vendor\codeigniter4\framework\system\Database\BaseConnection.php(648): CodeIgniter\Database\BaseConnection->simpleQuery('SELECT *\nFROM `...')
#3 C:\laragon\www\pro1\vendor\codeigniter4\framework\system\Database\BaseBuilder.php(1644): CodeIgniter\Database\BaseConnection->query('SELECT *\nFROM `...', Array, false)
#4 C:\laragon\www\pro1\app\Models\Admin_m.php(2570): CodeIgniter\Database\BaseBuilder->get()
#5 C:\laragon\www\pro1\app\Controllers\Admin_c.php(4702): App\Models\Admin_m->get_game_entry('jodi', '')
#6 C:\laragon\www\pro1\vendor\codeigniter4\framework\system\CodeIgniter.php(933): App\Controllers\Admin_c->edit_play_game_history()
#7 C:\laragon\www\pro1\vendor\codeigniter4\framework\system\CodeIgniter.php(509): CodeIgniter\CodeIgniter->runController(Object(App\Controllers\Admin_c))
#8 C:\laragon\www\pro1\vendor\codeigniter4\framework\system\CodeIgniter.php(355): CodeIgniter\CodeIgniter->handleRequest(NULL, Object(Config\Cache), false)
#9 C:\laragon\www\pro1\vendor\codeigniter4\framework\system\Boot.php(325): CodeIgniter\CodeIgniter->run()
#10 C:\laragon\www\pro1\vendor\codeigniter4\framework\system\Boot.php(67): CodeIgniter\Boot::runCodeIgniter(Object(CodeIgniter\CodeIgniter))
#11 C:\laragon\www\pro1\index.php(57): CodeIgniter\Boot::bootWeb(Object(Config\Paths))
#12 {main}
CRITICAL - 2025-08-21 21:16:58 --> CodeIgniter\Database\Exceptions\DatabaseException: Unknown column 'id' in 'where clause'
[Method: POST, Route: admin-edit-mh-history]
in SYSTEMPATH\Database\BaseConnection.php on line 688.
 1 SYSTEMPATH\Database\BaseBuilder.php(1644): CodeIgniter\Database\BaseConnection->query('SELECT *
FROM `jodi_entry`
WHERE `id` = :id:', [...], false)
 2 APPPATH\Models\Admin_m.php(2570): CodeIgniter\Database\BaseBuilder->get()
 3 APPPATH\Controllers\Admin_c.php(4702): App\Models\Admin_m->get_game_entry('jodi', '')
 4 SYSTEMPATH\CodeIgniter.php(933): App\Controllers\Admin_c->edit_play_game_history()
 5 SYSTEMPATH\CodeIgniter.php(509): CodeIgniter\CodeIgniter->runController(Object(App\Controllers\Admin_c))
 6 SYSTEMPATH\CodeIgniter.php(355): CodeIgniter\CodeIgniter->handleRequest(null, Object(Config\Cache), false)
 7 SYSTEMPATH\Boot.php(325): CodeIgniter\CodeIgniter->run()
 8 SYSTEMPATH\Boot.php(67): CodeIgniter\Boot::runCodeIgniter(Object(CodeIgniter\CodeIgniter))
 9 FCPATH\index.php(57): CodeIgniter\Boot::bootWeb(Object(Config\Paths))
CRITICAL - 2025-08-21 21:16:58 --> [Caused by] CodeIgniter\Database\Exceptions\DatabaseException: Unknown column 'id' in 'where clause'
in SYSTEMPATH\Database\MySQLi\Connection.php on line 317.
 1 SYSTEMPATH\Database\BaseConnection.php(734): CodeIgniter\Database\MySQLi\Connection->execute('SELECT *
FROM `jodi_entry`
WHERE `id` = \'\'')
 2 SYSTEMPATH\Database\BaseConnection.php(648): CodeIgniter\Database\BaseConnection->simpleQuery('SELECT *
FROM `jodi_entry`
WHERE `id` = \'\'')
 3 SYSTEMPATH\Database\BaseBuilder.php(1644): CodeIgniter\Database\BaseConnection->query('SELECT *
FROM `jodi_entry`
WHERE `id` = :id:', [...], false)
 4 APPPATH\Models\Admin_m.php(2570): CodeIgniter\Database\BaseBuilder->get()
 5 APPPATH\Controllers\Admin_c.php(4702): App\Models\Admin_m->get_game_entry('jodi', '')
 6 SYSTEMPATH\CodeIgniter.php(933): App\Controllers\Admin_c->edit_play_game_history()
 7 SYSTEMPATH\CodeIgniter.php(509): CodeIgniter\CodeIgniter->runController(Object(App\Controllers\Admin_c))
 8 SYSTEMPATH\CodeIgniter.php(355): CodeIgniter\CodeIgniter->handleRequest(null, Object(Config\Cache), false)
 9 SYSTEMPATH\Boot.php(325): CodeIgniter\CodeIgniter->run()
10 SYSTEMPATH\Boot.php(67): CodeIgniter\Boot::runCodeIgniter(Object(CodeIgniter\CodeIgniter))
11 FCPATH\index.php(57): CodeIgniter\Boot::bootWeb(Object(Config\Paths))
CRITICAL - 2025-08-21 21:16:58 --> [Caused by] mysqli_sql_exception: Unknown column 'id' in 'where clause'
in SYSTEMPATH\Database\MySQLi\Connection.php on line 312.
 1 SYSTEMPATH\Database\MySQLi\Connection.php(312): mysqli->query('SELECT *
FROM `jodi_entry`
WHERE `id` = \'\'', 0)
 2 SYSTEMPATH\Database\BaseConnection.php(734): CodeIgniter\Database\MySQLi\Connection->execute('SELECT *
FROM `jodi_entry`
WHERE `id` = \'\'')
 3 SYSTEMPATH\Database\BaseConnection.php(648): CodeIgniter\Database\BaseConnection->simpleQuery('SELECT *
FROM `jodi_entry`
WHERE `id` = \'\'')
 4 SYSTEMPATH\Database\BaseBuilder.php(1644): CodeIgniter\Database\BaseConnection->query('SELECT *
FROM `jodi_entry`
WHERE `id` = :id:', [...], false)
 5 APPPATH\Models\Admin_m.php(2570): CodeIgniter\Database\BaseBuilder->get()
 6 APPPATH\Controllers\Admin_c.php(4702): App\Models\Admin_m->get_game_entry('jodi', '')
 7 SYSTEMPATH\CodeIgniter.php(933): App\Controllers\Admin_c->edit_play_game_history()
 8 SYSTEMPATH\CodeIgniter.php(509): CodeIgniter\CodeIgniter->runController(Object(App\Controllers\Admin_c))
 9 SYSTEMPATH\CodeIgniter.php(355): CodeIgniter\CodeIgniter->handleRequest(null, Object(Config\Cache), false)
10 SYSTEMPATH\Boot.php(325): CodeIgniter\CodeIgniter->run()
11 SYSTEMPATH\Boot.php(67): CodeIgniter\Boot::runCodeIgniter(Object(CodeIgniter\CodeIgniter))
12 FCPATH\index.php(57): CodeIgniter\Boot::bootWeb(Object(Config\Paths))
INFO - 2025-08-21 21:18:19 --> Session: Class initialized using 'CodeIgniter\Session\Handlers\FileHandler' driver.
WARNING - 2025-08-21 21:18:19 --> Session: Sessions is enabled, and one exists. Please don't $session->start();
ERROR - 2025-08-21 21:18:19 --> mysqli_sql_exception: Unknown column 'id' in 'where clause' in C:\laragon\www\pro1\vendor\codeigniter4\framework\system\Database\MySQLi\Connection.php:312
Stack trace:
#0 C:\laragon\www\pro1\vendor\codeigniter4\framework\system\Database\MySQLi\Connection.php(312): mysqli->query('SELECT *\nFROM `...', 0)
#1 C:\laragon\www\pro1\vendor\codeigniter4\framework\system\Database\BaseConnection.php(734): CodeIgniter\Database\MySQLi\Connection->execute('SELECT *\nFROM `...')
#2 C:\laragon\www\pro1\vendor\codeigniter4\framework\system\Database\BaseConnection.php(648): CodeIgniter\Database\BaseConnection->simpleQuery('SELECT *\nFROM `...')
#3 C:\laragon\www\pro1\vendor\codeigniter4\framework\system\Database\BaseBuilder.php(1644): CodeIgniter\Database\BaseConnection->query('SELECT *\nFROM `...', Array, false)
#4 C:\laragon\www\pro1\app\Models\Admin_m.php(2570): CodeIgniter\Database\BaseBuilder->get()
#5 C:\laragon\www\pro1\app\Controllers\Admin_c.php(4702): App\Models\Admin_m->get_game_entry('jodi', '')
#6 C:\laragon\www\pro1\vendor\codeigniter4\framework\system\CodeIgniter.php(933): App\Controllers\Admin_c->edit_play_game_history()
#7 C:\laragon\www\pro1\vendor\codeigniter4\framework\system\CodeIgniter.php(509): CodeIgniter\CodeIgniter->runController(Object(App\Controllers\Admin_c))
#8 C:\laragon\www\pro1\vendor\codeigniter4\framework\system\CodeIgniter.php(355): CodeIgniter\CodeIgniter->handleRequest(NULL, Object(Config\Cache), false)
#9 C:\laragon\www\pro1\vendor\codeigniter4\framework\system\Boot.php(325): CodeIgniter\CodeIgniter->run()
#10 C:\laragon\www\pro1\vendor\codeigniter4\framework\system\Boot.php(67): CodeIgniter\Boot::runCodeIgniter(Object(CodeIgniter\CodeIgniter))
#11 C:\laragon\www\pro1\index.php(57): CodeIgniter\Boot::bootWeb(Object(Config\Paths))
#12 {main}
CRITICAL - 2025-08-21 21:18:19 --> CodeIgniter\Database\Exceptions\DatabaseException: Unknown column 'id' in 'where clause'
[Method: POST, Route: admin-edit-mh-history]
in SYSTEMPATH\Database\BaseConnection.php on line 688.
 1 SYSTEMPATH\Database\BaseBuilder.php(1644): CodeIgniter\Database\BaseConnection->query('SELECT *
FROM `jodi_entry`
WHERE `id` = :id:', [...], false)
 2 APPPATH\Models\Admin_m.php(2570): CodeIgniter\Database\BaseBuilder->get()
 3 APPPATH\Controllers\Admin_c.php(4702): App\Models\Admin_m->get_game_entry('jodi', '')
 4 SYSTEMPATH\CodeIgniter.php(933): App\Controllers\Admin_c->edit_play_game_history()
 5 SYSTEMPATH\CodeIgniter.php(509): CodeIgniter\CodeIgniter->runController(Object(App\Controllers\Admin_c))
 6 SYSTEMPATH\CodeIgniter.php(355): CodeIgniter\CodeIgniter->handleRequest(null, Object(Config\Cache), false)
 7 SYSTEMPATH\Boot.php(325): CodeIgniter\CodeIgniter->run()
 8 SYSTEMPATH\Boot.php(67): CodeIgniter\Boot::runCodeIgniter(Object(CodeIgniter\CodeIgniter))
 9 FCPATH\index.php(57): CodeIgniter\Boot::bootWeb(Object(Config\Paths))
CRITICAL - 2025-08-21 21:18:19 --> [Caused by] CodeIgniter\Database\Exceptions\DatabaseException: Unknown column 'id' in 'where clause'
in SYSTEMPATH\Database\MySQLi\Connection.php on line 317.
 1 SYSTEMPATH\Database\BaseConnection.php(734): CodeIgniter\Database\MySQLi\Connection->execute('SELECT *
FROM `jodi_entry`
WHERE `id` = \'\'')
 2 SYSTEMPATH\Database\BaseConnection.php(648): CodeIgniter\Database\BaseConnection->simpleQuery('SELECT *
FROM `jodi_entry`
WHERE `id` = \'\'')
 3 SYSTEMPATH\Database\BaseBuilder.php(1644): CodeIgniter\Database\BaseConnection->query('SELECT *
FROM `jodi_entry`
WHERE `id` = :id:', [...], false)
 4 APPPATH\Models\Admin_m.php(2570): CodeIgniter\Database\BaseBuilder->get()
 5 APPPATH\Controllers\Admin_c.php(4702): App\Models\Admin_m->get_game_entry('jodi', '')
 6 SYSTEMPATH\CodeIgniter.php(933): App\Controllers\Admin_c->edit_play_game_history()
 7 SYSTEMPATH\CodeIgniter.php(509): CodeIgniter\CodeIgniter->runController(Object(App\Controllers\Admin_c))
 8 SYSTEMPATH\CodeIgniter.php(355): CodeIgniter\CodeIgniter->handleRequest(null, Object(Config\Cache), false)
 9 SYSTEMPATH\Boot.php(325): CodeIgniter\CodeIgniter->run()
10 SYSTEMPATH\Boot.php(67): CodeIgniter\Boot::runCodeIgniter(Object(CodeIgniter\CodeIgniter))
11 FCPATH\index.php(57): CodeIgniter\Boot::bootWeb(Object(Config\Paths))
CRITICAL - 2025-08-21 21:18:19 --> [Caused by] mysqli_sql_exception: Unknown column 'id' in 'where clause'
in SYSTEMPATH\Database\MySQLi\Connection.php on line 312.
 1 SYSTEMPATH\Database\MySQLi\Connection.php(312): mysqli->query('SELECT *
FROM `jodi_entry`
WHERE `id` = \'\'', 0)
 2 SYSTEMPATH\Database\BaseConnection.php(734): CodeIgniter\Database\MySQLi\Connection->execute('SELECT *
FROM `jodi_entry`
WHERE `id` = \'\'')
 3 SYSTEMPATH\Database\BaseConnection.php(648): CodeIgniter\Database\BaseConnection->simpleQuery('SELECT *
FROM `jodi_entry`
WHERE `id` = \'\'')
 4 SYSTEMPATH\Database\BaseBuilder.php(1644): CodeIgniter\Database\BaseConnection->query('SELECT *
FROM `jodi_entry`
WHERE `id` = :id:', [...], false)
 5 APPPATH\Models\Admin_m.php(2570): CodeIgniter\Database\BaseBuilder->get()
 6 APPPATH\Controllers\Admin_c.php(4702): App\Models\Admin_m->get_game_entry('jodi', '')
 7 SYSTEMPATH\CodeIgniter.php(933): App\Controllers\Admin_c->edit_play_game_history()
 8 SYSTEMPATH\CodeIgniter.php(509): CodeIgniter\CodeIgniter->runController(Object(App\Controllers\Admin_c))
 9 SYSTEMPATH\CodeIgniter.php(355): CodeIgniter\CodeIgniter->handleRequest(null, Object(Config\Cache), false)
10 SYSTEMPATH\Boot.php(325): CodeIgniter\CodeIgniter->run()
11 SYSTEMPATH\Boot.php(67): CodeIgniter\Boot::runCodeIgniter(Object(CodeIgniter\CodeIgniter))
12 FCPATH\index.php(57): CodeIgniter\Boot::bootWeb(Object(Config\Paths))
INFO - 2025-08-21 21:18:46 --> Session: Class initialized using 'CodeIgniter\Session\Handlers\FileHandler' driver.
WARNING - 2025-08-21 21:18:46 --> Session: Sessions is enabled, and one exists. Please don't $session->start();
INFO - 2025-08-21 21:18:47 --> Session: Class initialized using 'CodeIgniter\Session\Handlers\FileHandler' driver.
WARNING - 2025-08-21 21:18:47 --> Session: Sessions is enabled, and one exists. Please don't $session->start();
INFO - 2025-08-21 21:18:48 --> Session: Class initialized using 'CodeIgniter\Session\Handlers\FileHandler' driver.
WARNING - 2025-08-21 21:18:48 --> Session: Sessions is enabled, and one exists. Please don't $session->start();
INFO - 2025-08-21 21:18:51 --> Session: Class initialized using 'CodeIgniter\Session\Handlers\FileHandler' driver.
WARNING - 2025-08-21 21:18:51 --> Session: Sessions is enabled, and one exists. Please don't $session->start();
CRITICAL - 2025-08-21 21:18:51 --> ErrorException: Undefined variable $game_name
[Method: POST, Route: admin-edit-mh-history]
in APPPATH\Models\Admin_m.php on line 2569.
 1 APPPATH\Models\Admin_m.php(2569): CodeIgniter\Debug\Exceptions->errorHandler(2, 'Undefined variable $game_name', 'C:\\laragon\\www\\pro1\\app\\Models\\Admin_m.php', 2569)
 2 APPPATH\Controllers\Admin_c.php(4702): App\Models\Admin_m->get_game_entry('jodi', '')
 3 SYSTEMPATH\CodeIgniter.php(933): App\Controllers\Admin_c->edit_play_game_history()
 4 SYSTEMPATH\CodeIgniter.php(509): CodeIgniter\CodeIgniter->runController(Object(App\Controllers\Admin_c))
 5 SYSTEMPATH\CodeIgniter.php(355): CodeIgniter\CodeIgniter->handleRequest(null, Object(Config\Cache), false)
 6 SYSTEMPATH\Boot.php(325): CodeIgniter\CodeIgniter->run()
 7 SYSTEMPATH\Boot.php(67): CodeIgniter\Boot::runCodeIgniter(Object(CodeIgniter\CodeIgniter))
 8 FCPATH\index.php(57): CodeIgniter\Boot::bootWeb(Object(Config\Paths))
INFO - 2025-08-21 21:18:59 --> Session: Class initialized using 'CodeIgniter\Session\Handlers\FileHandler' driver.
WARNING - 2025-08-21 21:18:59 --> Session: Sessions is enabled, and one exists. Please don't $session->start();
ERROR - 2025-08-21 21:19:00 --> mysqli_sql_exception: Unknown column 'jodi_id' in 'where clause' in C:\laragon\www\pro1\vendor\codeigniter4\framework\system\Database\MySQLi\Connection.php:312
Stack trace:
#0 C:\laragon\www\pro1\vendor\codeigniter4\framework\system\Database\MySQLi\Connection.php(312): mysqli->query('SELECT *\nFROM `...', 0)
#1 C:\laragon\www\pro1\vendor\codeigniter4\framework\system\Database\BaseConnection.php(734): CodeIgniter\Database\MySQLi\Connection->execute('SELECT *\nFROM `...')
#2 C:\laragon\www\pro1\vendor\codeigniter4\framework\system\Database\BaseConnection.php(648): CodeIgniter\Database\BaseConnection->simpleQuery('SELECT *\nFROM `...')
#3 C:\laragon\www\pro1\vendor\codeigniter4\framework\system\Database\BaseBuilder.php(1644): CodeIgniter\Database\BaseConnection->query('SELECT *\nFROM `...', Array, false)
#4 C:\laragon\www\pro1\app\Models\Admin_m.php(2570): CodeIgniter\Database\BaseBuilder->get()
#5 C:\laragon\www\pro1\app\Controllers\Admin_c.php(4702): App\Models\Admin_m->get_game_entry('jodi', '')
#6 C:\laragon\www\pro1\vendor\codeigniter4\framework\system\CodeIgniter.php(933): App\Controllers\Admin_c->edit_play_game_history()
#7 C:\laragon\www\pro1\vendor\codeigniter4\framework\system\CodeIgniter.php(509): CodeIgniter\CodeIgniter->runController(Object(App\Controllers\Admin_c))
#8 C:\laragon\www\pro1\vendor\codeigniter4\framework\system\CodeIgniter.php(355): CodeIgniter\CodeIgniter->handleRequest(NULL, Object(Config\Cache), false)
#9 C:\laragon\www\pro1\vendor\codeigniter4\framework\system\Boot.php(325): CodeIgniter\CodeIgniter->run()
#10 C:\laragon\www\pro1\vendor\codeigniter4\framework\system\Boot.php(67): CodeIgniter\Boot::runCodeIgniter(Object(CodeIgniter\CodeIgniter))
#11 C:\laragon\www\pro1\index.php(57): CodeIgniter\Boot::bootWeb(Object(Config\Paths))
#12 {main}
CRITICAL - 2025-08-21 21:19:00 --> CodeIgniter\Database\Exceptions\DatabaseException: Unknown column 'jodi_id' in 'where clause'
[Method: POST, Route: admin-edit-mh-history]
in SYSTEMPATH\Database\BaseConnection.php on line 688.
 1 SYSTEMPATH\Database\BaseBuilder.php(1644): CodeIgniter\Database\BaseConnection->query('SELECT *
FROM `jodi_entry`
WHERE `jodi_id` = :jodi_id:', [...], false)
 2 APPPATH\Models\Admin_m.php(2570): CodeIgniter\Database\BaseBuilder->get()
 3 APPPATH\Controllers\Admin_c.php(4702): App\Models\Admin_m->get_game_entry('jodi', '')
 4 SYSTEMPATH\CodeIgniter.php(933): App\Controllers\Admin_c->edit_play_game_history()
 5 SYSTEMPATH\CodeIgniter.php(509): CodeIgniter\CodeIgniter->runController(Object(App\Controllers\Admin_c))
 6 SYSTEMPATH\CodeIgniter.php(355): CodeIgniter\CodeIgniter->handleRequest(null, Object(Config\Cache), false)
 7 SYSTEMPATH\Boot.php(325): CodeIgniter\CodeIgniter->run()
 8 SYSTEMPATH\Boot.php(67): CodeIgniter\Boot::runCodeIgniter(Object(CodeIgniter\CodeIgniter))
 9 FCPATH\index.php(57): CodeIgniter\Boot::bootWeb(Object(Config\Paths))
CRITICAL - 2025-08-21 21:19:00 --> [Caused by] CodeIgniter\Database\Exceptions\DatabaseException: Unknown column 'jodi_id' in 'where clause'
in SYSTEMPATH\Database\MySQLi\Connection.php on line 317.
 1 SYSTEMPATH\Database\BaseConnection.php(734): CodeIgniter\Database\MySQLi\Connection->execute('SELECT *
FROM `jodi_entry`
WHERE `jodi_id` = \'\'')
 2 SYSTEMPATH\Database\BaseConnection.php(648): CodeIgniter\Database\BaseConnection->simpleQuery('SELECT *
FROM `jodi_entry`
WHERE `jodi_id` = \'\'')
 3 SYSTEMPATH\Database\BaseBuilder.php(1644): CodeIgniter\Database\BaseConnection->query('SELECT *
FROM `jodi_entry`
WHERE `jodi_id` = :jodi_id:', [...], false)
 4 APPPATH\Models\Admin_m.php(2570): CodeIgniter\Database\BaseBuilder->get()
 5 APPPATH\Controllers\Admin_c.php(4702): App\Models\Admin_m->get_game_entry('jodi', '')
 6 SYSTEMPATH\CodeIgniter.php(933): App\Controllers\Admin_c->edit_play_game_history()
 7 SYSTEMPATH\CodeIgniter.php(509): CodeIgniter\CodeIgniter->runController(Object(App\Controllers\Admin_c))
 8 SYSTEMPATH\CodeIgniter.php(355): CodeIgniter\CodeIgniter->handleRequest(null, Object(Config\Cache), false)
 9 SYSTEMPATH\Boot.php(325): CodeIgniter\CodeIgniter->run()
10 SYSTEMPATH\Boot.php(67): CodeIgniter\Boot::runCodeIgniter(Object(CodeIgniter\CodeIgniter))
11 FCPATH\index.php(57): CodeIgniter\Boot::bootWeb(Object(Config\Paths))
CRITICAL - 2025-08-21 21:19:00 --> [Caused by] mysqli_sql_exception: Unknown column 'jodi_id' in 'where clause'
in SYSTEMPATH\Database\MySQLi\Connection.php on line 312.
 1 SYSTEMPATH\Database\MySQLi\Connection.php(312): mysqli->query('SELECT *
FROM `jodi_entry`
WHERE `jodi_id` = \'\'', 0)
 2 SYSTEMPATH\Database\BaseConnection.php(734): CodeIgniter\Database\MySQLi\Connection->execute('SELECT *
FROM `jodi_entry`
WHERE `jodi_id` = \'\'')
 3 SYSTEMPATH\Database\BaseConnection.php(648): CodeIgniter\Database\BaseConnection->simpleQuery('SELECT *
FROM `jodi_entry`
WHERE `jodi_id` = \'\'')
 4 SYSTEMPATH\Database\BaseBuilder.php(1644): CodeIgniter\Database\BaseConnection->query('SELECT *
FROM `jodi_entry`
WHERE `jodi_id` = :jodi_id:', [...], false)
 5 APPPATH\Models\Admin_m.php(2570): CodeIgniter\Database\BaseBuilder->get()
 6 APPPATH\Controllers\Admin_c.php(4702): App\Models\Admin_m->get_game_entry('jodi', '')
 7 SYSTEMPATH\CodeIgniter.php(933): App\Controllers\Admin_c->edit_play_game_history()
 8 SYSTEMPATH\CodeIgniter.php(509): CodeIgniter\CodeIgniter->runController(Object(App\Controllers\Admin_c))
 9 SYSTEMPATH\CodeIgniter.php(355): CodeIgniter\CodeIgniter->handleRequest(null, Object(Config\Cache), false)
10 SYSTEMPATH\Boot.php(325): CodeIgniter\CodeIgniter->run()
11 SYSTEMPATH\Boot.php(67): CodeIgniter\Boot::runCodeIgniter(Object(CodeIgniter\CodeIgniter))
12 FCPATH\index.php(57): CodeIgniter\Boot::bootWeb(Object(Config\Paths))
INFO - 2025-08-21 21:19:13 --> Session: Class initialized using 'CodeIgniter\Session\Handlers\FileHandler' driver.
WARNING - 2025-08-21 21:19:13 --> Session: Sessions is enabled, and one exists. Please don't $session->start();
INFO - 2025-08-21 21:20:10 --> Session: Class initialized using 'CodeIgniter\Session\Handlers\FileHandler' driver.
WARNING - 2025-08-21 21:20:10 --> Session: Sessions is enabled, and one exists. Please don't $session->start();
CRITICAL - 2025-08-21 21:20:10 --> ErrorException: Undefined array key "jodi_num"
[Method: POST, Route: admin-edit-mh-history]
in APPPATH\Controllers\Admin_c.php on line 4705.
 1 APPPATH\Controllers\Admin_c.php(4705): CodeIgniter\Debug\Exceptions->errorHandler(2, 'Undefined array key "jodi_num"', 'C:\\laragon\\www\\pro1\\app\\Controllers\\Admin_c.php', 4705)
 2 SYSTEMPATH\CodeIgniter.php(933): App\Controllers\Admin_c->edit_play_game_history()
 3 SYSTEMPATH\CodeIgniter.php(509): CodeIgniter\CodeIgniter->runController(Object(App\Controllers\Admin_c))
 4 SYSTEMPATH\CodeIgniter.php(355): CodeIgniter\CodeIgniter->handleRequest(null, Object(Config\Cache), false)
 5 SYSTEMPATH\Boot.php(325): CodeIgniter\CodeIgniter->run()
 6 SYSTEMPATH\Boot.php(67): CodeIgniter\Boot::runCodeIgniter(Object(CodeIgniter\CodeIgniter))
 7 FCPATH\index.php(57): CodeIgniter\Boot::bootWeb(Object(Config\Paths))
INFO - 2025-08-21 21:20:32 --> Session: Class initialized using 'CodeIgniter\Session\Handlers\FileHandler' driver.
WARNING - 2025-08-21 21:20:32 --> Session: Sessions is enabled, and one exists. Please don't $session->start();
INFO - 2025-08-21 21:20:48 --> Session: Class initialized using 'CodeIgniter\Session\Handlers\FileHandler' driver.
WARNING - 2025-08-21 21:20:48 --> Session: Sessions is enabled, and one exists. Please don't $session->start();
CRITICAL - 2025-08-21 21:20:48 --> ErrorException: Undefined array key "jodi_date"
[Method: POST, Route: admin-edit-mh-history]
in APPPATH\Controllers\Admin_c.php on line 4711.
 1 APPPATH\Controllers\Admin_c.php(4711): CodeIgniter\Debug\Exceptions->errorHandler(2, 'Undefined array key "jodi_date"', 'C:\\laragon\\www\\pro1\\app\\Controllers\\Admin_c.php', 4711)
 2 SYSTEMPATH\CodeIgniter.php(933): App\Controllers\Admin_c->edit_play_game_history()
 3 SYSTEMPATH\CodeIgniter.php(509): CodeIgniter\CodeIgniter->runController(Object(App\Controllers\Admin_c))
 4 SYSTEMPATH\CodeIgniter.php(355): CodeIgniter\CodeIgniter->handleRequest(null, Object(Config\Cache), false)
 5 SYSTEMPATH\Boot.php(325): CodeIgniter\CodeIgniter->run()
 6 SYSTEMPATH\Boot.php(67): CodeIgniter\Boot::runCodeIgniter(Object(CodeIgniter\CodeIgniter))
 7 FCPATH\index.php(57): CodeIgniter\Boot::bootWeb(Object(Config\Paths))
INFO - 2025-08-21 21:20:56 --> Session: Class initialized using 'CodeIgniter\Session\Handlers\FileHandler' driver.
WARNING - 2025-08-21 21:20:56 --> Session: Sessions is enabled, and one exists. Please don't $session->start();
INFO - 2025-08-21 21:21:18 --> Session: Class initialized using 'CodeIgniter\Session\Handlers\FileHandler' driver.
WARNING - 2025-08-21 21:21:18 --> Session: Sessions is enabled, and one exists. Please don't $session->start();
INFO - 2025-08-21 21:28:52 --> Session: Class initialized using 'CodeIgniter\Session\Handlers\FileHandler' driver.
WARNING - 2025-08-21 21:28:52 --> Session: Sessions is enabled, and one exists. Please don't $session->start();
INFO - 2025-08-21 21:28:53 --> Session: Class initialized using 'CodeIgniter\Session\Handlers\FileHandler' driver.
WARNING - 2025-08-21 21:28:53 --> Session: Sessions is enabled, and one exists. Please don't $session->start();
INFO - 2025-08-21 21:28:53 --> Session: Class initialized using 'CodeIgniter\Session\Handlers\FileHandler' driver.
WARNING - 2025-08-21 21:28:53 --> Session: Sessions is enabled, and one exists. Please don't $session->start();
INFO - 2025-08-21 21:35:38 --> Session: Class initialized using 'CodeIgniter\Session\Handlers\FileHandler' driver.
WARNING - 2025-08-21 21:35:38 --> Session: Sessions is enabled, and one exists. Please don't $session->start();
INFO - 2025-08-21 21:35:40 --> Session: Class initialized using 'CodeIgniter\Session\Handlers\FileHandler' driver.
WARNING - 2025-08-21 21:35:40 --> Session: Sessions is enabled, and one exists. Please don't $session->start();
INFO - 2025-08-21 21:35:40 --> Session: Class initialized using 'CodeIgniter\Session\Handlers\FileHandler' driver.
WARNING - 2025-08-21 21:35:40 --> Session: Sessions is enabled, and one exists. Please don't $session->start();
INFO - 2025-08-21 21:35:59 --> Session: Class initialized using 'CodeIgniter\Session\Handlers\FileHandler' driver.
WARNING - 2025-08-21 21:35:59 --> Session: Sessions is enabled, and one exists. Please don't $session->start();
INFO - 2025-08-21 21:36:41 --> Session: Class initialized using 'CodeIgniter\Session\Handlers\FileHandler' driver.
WARNING - 2025-08-21 21:36:41 --> Session: Sessions is enabled, and one exists. Please don't $session->start();
INFO - 2025-08-21 21:37:33 --> Session: Class initialized using 'CodeIgniter\Session\Handlers\FileHandler' driver.
WARNING - 2025-08-21 21:37:33 --> Session: Sessions is enabled, and one exists. Please don't $session->start();
INFO - 2025-08-21 21:38:22 --> Session: Class initialized using 'CodeIgniter\Session\Handlers\FileHandler' driver.
WARNING - 2025-08-21 21:38:22 --> Session: Sessions is enabled, and one exists. Please don't $session->start();
INFO - 2025-08-21 21:38:42 --> Session: Class initialized using 'CodeIgniter\Session\Handlers\FileHandler' driver.
WARNING - 2025-08-21 21:38:42 --> Session: Sessions is enabled, and one exists. Please don't $session->start();
INFO - 2025-08-21 21:39:49 --> Session: Class initialized using 'CodeIgniter\Session\Handlers\FileHandler' driver.
WARNING - 2025-08-21 21:39:49 --> Session: Sessions is enabled, and one exists. Please don't $session->start();
INFO - 2025-08-21 21:40:03 --> Session: Class initialized using 'CodeIgniter\Session\Handlers\FileHandler' driver.
WARNING - 2025-08-21 21:40:03 --> Session: Sessions is enabled, and one exists. Please don't $session->start();
INFO - 2025-08-21 21:40:04 --> Session: Class initialized using 'CodeIgniter\Session\Handlers\FileHandler' driver.
WARNING - 2025-08-21 21:40:04 --> Session: Sessions is enabled, and one exists. Please don't $session->start();
INFO - 2025-08-21 21:40:04 --> Session: Class initialized using 'CodeIgniter\Session\Handlers\FileHandler' driver.
WARNING - 2025-08-21 21:40:04 --> Session: Sessions is enabled, and one exists. Please don't $session->start();
INFO - 2025-08-21 21:40:24 --> Session: Class initialized using 'CodeIgniter\Session\Handlers\FileHandler' driver.
WARNING - 2025-08-21 21:40:24 --> Session: Sessions is enabled, and one exists. Please don't $session->start();
INFO - 2025-08-21 21:43:09 --> Session: Class initialized using 'CodeIgniter\Session\Handlers\FileHandler' driver.
WARNING - 2025-08-21 21:43:09 --> Session: Sessions is enabled, and one exists. Please don't $session->start();
INFO - 2025-08-21 21:43:10 --> Session: Class initialized using 'CodeIgniter\Session\Handlers\FileHandler' driver.
WARNING - 2025-08-21 21:43:10 --> Session: Sessions is enabled, and one exists. Please don't $session->start();
INFO - 2025-08-21 21:43:10 --> Session: Class initialized using 'CodeIgniter\Session\Handlers\FileHandler' driver.
WARNING - 2025-08-21 21:43:10 --> Session: Sessions is enabled, and one exists. Please don't $session->start();
INFO - 2025-08-21 21:45:03 --> Session: Class initialized using 'CodeIgniter\Session\Handlers\FileHandler' driver.
WARNING - 2025-08-21 21:45:03 --> Session: Sessions is enabled, and one exists. Please don't $session->start();
ERROR - 2025-08-21 21:45:03 --> mysqli_sql_exception: Table 'pro1.figure_entry' doesn't exist in C:\laragon\www\pro1\vendor\codeigniter4\framework\system\Database\MySQLi\Connection.php:312
Stack trace:
#0 C:\laragon\www\pro1\vendor\codeigniter4\framework\system\Database\MySQLi\Connection.php(312): mysqli->query('SELECT *\nFROM `...', 0)
#1 C:\laragon\www\pro1\vendor\codeigniter4\framework\system\Database\BaseConnection.php(734): CodeIgniter\Database\MySQLi\Connection->execute('SELECT *\nFROM `...')
#2 C:\laragon\www\pro1\vendor\codeigniter4\framework\system\Database\BaseConnection.php(648): CodeIgniter\Database\BaseConnection->simpleQuery('SELECT *\nFROM `...')
#3 C:\laragon\www\pro1\vendor\codeigniter4\framework\system\Database\BaseBuilder.php(1644): CodeIgniter\Database\BaseConnection->query('SELECT *\nFROM `...', Array, false)
#4 C:\laragon\www\pro1\app\Models\Admin_m.php(2570): CodeIgniter\Database\BaseBuilder->get()
#5 C:\laragon\www\pro1\app\Controllers\Admin_c.php(4702): App\Models\Admin_m->get_game_entry('figure', '18')
#6 C:\laragon\www\pro1\vendor\codeigniter4\framework\system\CodeIgniter.php(933): App\Controllers\Admin_c->edit_play_game_history()
#7 C:\laragon\www\pro1\vendor\codeigniter4\framework\system\CodeIgniter.php(509): CodeIgniter\CodeIgniter->runController(Object(App\Controllers\Admin_c))
#8 C:\laragon\www\pro1\vendor\codeigniter4\framework\system\CodeIgniter.php(355): CodeIgniter\CodeIgniter->handleRequest(NULL, Object(Config\Cache), false)
#9 C:\laragon\www\pro1\vendor\codeigniter4\framework\system\Boot.php(325): CodeIgniter\CodeIgniter->run()
#10 C:\laragon\www\pro1\vendor\codeigniter4\framework\system\Boot.php(67): CodeIgniter\Boot::runCodeIgniter(Object(CodeIgniter\CodeIgniter))
#11 C:\laragon\www\pro1\index.php(57): CodeIgniter\Boot::bootWeb(Object(Config\Paths))
#12 {main}
CRITICAL - 2025-08-21 21:45:03 --> CodeIgniter\Database\Exceptions\DatabaseException: Table 'pro1.figure_entry' doesn't exist
[Method: POST, Route: admin-edit-mh-history]
in SYSTEMPATH\Database\BaseConnection.php on line 688.
 1 SYSTEMPATH\Database\BaseBuilder.php(1644): CodeIgniter\Database\BaseConnection->query('SELECT *
FROM `figure_entry`
WHERE `figure_entry_id` = :figure_entry_id:', [...], false)
 2 APPPATH\Models\Admin_m.php(2570): CodeIgniter\Database\BaseBuilder->get()
 3 APPPATH\Controllers\Admin_c.php(4702): App\Models\Admin_m->get_game_entry('figure', '18')
 4 SYSTEMPATH\CodeIgniter.php(933): App\Controllers\Admin_c->edit_play_game_history()
 5 SYSTEMPATH\CodeIgniter.php(509): CodeIgniter\CodeIgniter->runController(Object(App\Controllers\Admin_c))
 6 SYSTEMPATH\CodeIgniter.php(355): CodeIgniter\CodeIgniter->handleRequest(null, Object(Config\Cache), false)
 7 SYSTEMPATH\Boot.php(325): CodeIgniter\CodeIgniter->run()
 8 SYSTEMPATH\Boot.php(67): CodeIgniter\Boot::runCodeIgniter(Object(CodeIgniter\CodeIgniter))
 9 FCPATH\index.php(57): CodeIgniter\Boot::bootWeb(Object(Config\Paths))
CRITICAL - 2025-08-21 21:45:03 --> [Caused by] CodeIgniter\Database\Exceptions\DatabaseException: Table 'pro1.figure_entry' doesn't exist
in SYSTEMPATH\Database\MySQLi\Connection.php on line 317.
 1 SYSTEMPATH\Database\BaseConnection.php(734): CodeIgniter\Database\MySQLi\Connection->execute('SELECT *
FROM `figure_entry`
WHERE `figure_entry_id` = \'18\'')
 2 SYSTEMPATH\Database\BaseConnection.php(648): CodeIgniter\Database\BaseConnection->simpleQuery('SELECT *
FROM `figure_entry`
WHERE `figure_entry_id` = \'18\'')
 3 SYSTEMPATH\Database\BaseBuilder.php(1644): CodeIgniter\Database\BaseConnection->query('SELECT *
FROM `figure_entry`
WHERE `figure_entry_id` = :figure_entry_id:', [...], false)
 4 APPPATH\Models\Admin_m.php(2570): CodeIgniter\Database\BaseBuilder->get()
 5 APPPATH\Controllers\Admin_c.php(4702): App\Models\Admin_m->get_game_entry('figure', '18')
 6 SYSTEMPATH\CodeIgniter.php(933): App\Controllers\Admin_c->edit_play_game_history()
 7 SYSTEMPATH\CodeIgniter.php(509): CodeIgniter\CodeIgniter->runController(Object(App\Controllers\Admin_c))
 8 SYSTEMPATH\CodeIgniter.php(355): CodeIgniter\CodeIgniter->handleRequest(null, Object(Config\Cache), false)
 9 SYSTEMPATH\Boot.php(325): CodeIgniter\CodeIgniter->run()
10 SYSTEMPATH\Boot.php(67): CodeIgniter\Boot::runCodeIgniter(Object(CodeIgniter\CodeIgniter))
11 FCPATH\index.php(57): CodeIgniter\Boot::bootWeb(Object(Config\Paths))
CRITICAL - 2025-08-21 21:45:03 --> [Caused by] mysqli_sql_exception: Table 'pro1.figure_entry' doesn't exist
in SYSTEMPATH\Database\MySQLi\Connection.php on line 312.
 1 SYSTEMPATH\Database\MySQLi\Connection.php(312): mysqli->query('SELECT *
FROM `figure_entry`
WHERE `figure_entry_id` = \'18\'', 0)
 2 SYSTEMPATH\Database\BaseConnection.php(734): CodeIgniter\Database\MySQLi\Connection->execute('SELECT *
FROM `figure_entry`
WHERE `figure_entry_id` = \'18\'')
 3 SYSTEMPATH\Database\BaseConnection.php(648): CodeIgniter\Database\BaseConnection->simpleQuery('SELECT *
FROM `figure_entry`
WHERE `figure_entry_id` = \'18\'')
 4 SYSTEMPATH\Database\BaseBuilder.php(1644): CodeIgniter\Database\BaseConnection->query('SELECT *
FROM `figure_entry`
WHERE `figure_entry_id` = :figure_entry_id:', [...], false)
 5 APPPATH\Models\Admin_m.php(2570): CodeIgniter\Database\BaseBuilder->get()
 6 APPPATH\Controllers\Admin_c.php(4702): App\Models\Admin_m->get_game_entry('figure', '18')
 7 SYSTEMPATH\CodeIgniter.php(933): App\Controllers\Admin_c->edit_play_game_history()
 8 SYSTEMPATH\CodeIgniter.php(509): CodeIgniter\CodeIgniter->runController(Object(App\Controllers\Admin_c))
 9 SYSTEMPATH\CodeIgniter.php(355): CodeIgniter\CodeIgniter->handleRequest(null, Object(Config\Cache), false)
10 SYSTEMPATH\Boot.php(325): CodeIgniter\CodeIgniter->run()
11 SYSTEMPATH\Boot.php(67): CodeIgniter\Boot::runCodeIgniter(Object(CodeIgniter\CodeIgniter))
12 FCPATH\index.php(57): CodeIgniter\Boot::bootWeb(Object(Config\Paths))
INFO - 2025-08-21 21:46:03 --> Session: Class initialized using 'CodeIgniter\Session\Handlers\FileHandler' driver.
WARNING - 2025-08-21 21:46:03 --> Session: Sessions is enabled, and one exists. Please don't $session->start();
INFO - 2025-08-21 21:46:04 --> Session: Class initialized using 'CodeIgniter\Session\Handlers\FileHandler' driver.
WARNING - 2025-08-21 21:46:04 --> Session: Sessions is enabled, and one exists. Please don't $session->start();
INFO - 2025-08-21 21:46:05 --> Session: Class initialized using 'CodeIgniter\Session\Handlers\FileHandler' driver.
WARNING - 2025-08-21 21:46:05 --> Session: Sessions is enabled, and one exists. Please don't $session->start();
INFO - 2025-08-21 21:46:18 --> Session: Class initialized using 'CodeIgniter\Session\Handlers\FileHandler' driver.
WARNING - 2025-08-21 21:46:18 --> Session: Sessions is enabled, and one exists. Please don't $session->start();
CRITICAL - 2025-08-21 21:46:18 --> ErrorException: Undefined array key "figure_"
[Method: POST, Route: admin-edit-mh-history]
in APPPATH\Controllers\Admin_c.php on line 4765.
 1 APPPATH\Controllers\Admin_c.php(4765): CodeIgniter\Debug\Exceptions->errorHandler(2, 'Undefined array key "figure_"', 'C:\\laragon\\www\\pro1\\app\\Controllers\\Admin_c.php', 4765)
 2 SYSTEMPATH\CodeIgniter.php(933): App\Controllers\Admin_c->edit_play_game_history()
 3 SYSTEMPATH\CodeIgniter.php(509): CodeIgniter\CodeIgniter->runController(Object(App\Controllers\Admin_c))
 4 SYSTEMPATH\CodeIgniter.php(355): CodeIgniter\CodeIgniter->handleRequest(null, Object(Config\Cache), false)
 5 SYSTEMPATH\Boot.php(325): CodeIgniter\CodeIgniter->run()
 6 SYSTEMPATH\Boot.php(67): CodeIgniter\Boot::runCodeIgniter(Object(CodeIgniter\CodeIgniter))
 7 FCPATH\index.php(57): CodeIgniter\Boot::bootWeb(Object(Config\Paths))
INFO - 2025-08-21 21:46:53 --> Session: Class initialized using 'CodeIgniter\Session\Handlers\FileHandler' driver.
WARNING - 2025-08-21 21:46:53 --> Session: Sessions is enabled, and one exists. Please don't $session->start();
INFO - 2025-08-21 21:46:54 --> Session: Class initialized using 'CodeIgniter\Session\Handlers\FileHandler' driver.
WARNING - 2025-08-21 21:46:54 --> Session: Sessions is enabled, and one exists. Please don't $session->start();
INFO - 2025-08-21 21:46:54 --> Session: Class initialized using 'CodeIgniter\Session\Handlers\FileHandler' driver.
WARNING - 2025-08-21 21:46:54 --> Session: Sessions is enabled, and one exists. Please don't $session->start();
INFO - 2025-08-21 21:47:02 --> Session: Class initialized using 'CodeIgniter\Session\Handlers\FileHandler' driver.
WARNING - 2025-08-21 21:47:02 --> Session: Sessions is enabled, and one exists. Please don't $session->start();
CRITICAL - 2025-08-21 21:47:02 --> ErrorException: Undefined array key "figure_OPEN"
[Method: POST, Route: admin-edit-mh-history]
in APPPATH\Controllers\Admin_c.php on line 4765.
 1 APPPATH\Controllers\Admin_c.php(4765): CodeIgniter\Debug\Exceptions->errorHandler(2, 'Undefined array key "figure_OPEN"', 'C:\\laragon\\www\\pro1\\app\\Controllers\\Admin_c.php', 4765)
 2 SYSTEMPATH\CodeIgniter.php(933): App\Controllers\Admin_c->edit_play_game_history()
 3 SYSTEMPATH\CodeIgniter.php(509): CodeIgniter\CodeIgniter->runController(Object(App\Controllers\Admin_c))
 4 SYSTEMPATH\CodeIgniter.php(355): CodeIgniter\CodeIgniter->handleRequest(null, Object(Config\Cache), false)
 5 SYSTEMPATH\Boot.php(325): CodeIgniter\CodeIgniter->run()
 6 SYSTEMPATH\Boot.php(67): CodeIgniter\Boot::runCodeIgniter(Object(CodeIgniter\CodeIgniter))
 7 FCPATH\index.php(57): CodeIgniter\Boot::bootWeb(Object(Config\Paths))
INFO - 2025-08-21 21:47:38 --> Session: Class initialized using 'CodeIgniter\Session\Handlers\FileHandler' driver.
WARNING - 2025-08-21 21:47:38 --> Session: Sessions is enabled, and one exists. Please don't $session->start();
CRITICAL - 2025-08-21 21:47:38 --> ErrorException: Undefined array key "figure_OPEN"
[Method: POST, Route: admin-edit-mh-history]
in APPPATH\Controllers\Admin_c.php on line 4785.
 1 APPPATH\Controllers\Admin_c.php(4785): CodeIgniter\Debug\Exceptions->errorHandler(2, 'Undefined array key "figure_OPEN"', 'C:\\laragon\\www\\pro1\\app\\Controllers\\Admin_c.php', 4785)
 2 SYSTEMPATH\CodeIgniter.php(933): App\Controllers\Admin_c->edit_play_game_history()
 3 SYSTEMPATH\CodeIgniter.php(509): CodeIgniter\CodeIgniter->runController(Object(App\Controllers\Admin_c))
 4 SYSTEMPATH\CodeIgniter.php(355): CodeIgniter\CodeIgniter->handleRequest(null, Object(Config\Cache), false)
 5 SYSTEMPATH\Boot.php(325): CodeIgniter\CodeIgniter->run()
 6 SYSTEMPATH\Boot.php(67): CodeIgniter\Boot::runCodeIgniter(Object(CodeIgniter\CodeIgniter))
 7 FCPATH\index.php(57): CodeIgniter\Boot::bootWeb(Object(Config\Paths))
INFO - 2025-08-21 21:48:04 --> Session: Class initialized using 'CodeIgniter\Session\Handlers\FileHandler' driver.
WARNING - 2025-08-21 21:48:04 --> Session: Sessions is enabled, and one exists. Please don't $session->start();
INFO - 2025-08-21 21:49:02 --> Session: Class initialized using 'CodeIgniter\Session\Handlers\FileHandler' driver.
WARNING - 2025-08-21 21:49:02 --> Session: Sessions is enabled, and one exists. Please don't $session->start();
INFO - 2025-08-21 21:49:02 --> Session: Class initialized using 'CodeIgniter\Session\Handlers\FileHandler' driver.
WARNING - 2025-08-21 21:49:02 --> Session: Sessions is enabled, and one exists. Please don't $session->start();
INFO - 2025-08-21 21:49:03 --> Session: Class initialized using 'CodeIgniter\Session\Handlers\FileHandler' driver.
WARNING - 2025-08-21 21:49:03 --> Session: Sessions is enabled, and one exists. Please don't $session->start();
INFO - 2025-08-21 21:49:31 --> Session: Class initialized using 'CodeIgniter\Session\Handlers\FileHandler' driver.
WARNING - 2025-08-21 21:49:31 --> Session: Sessions is enabled, and one exists. Please don't $session->start();
INFO - 2025-08-21 21:51:13 --> Session: Class initialized using 'CodeIgniter\Session\Handlers\FileHandler' driver.
WARNING - 2025-08-21 21:51:13 --> Session: Sessions is enabled, and one exists. Please don't $session->start();
INFO - 2025-08-21 22:18:54 --> Session: Class initialized using 'CodeIgniter\Session\Handlers\FileHandler' driver.
WARNING - 2025-08-21 22:18:54 --> Session: Sessions is enabled, and one exists. Please don't $session->start();
INFO - 2025-08-21 22:22:09 --> Session: Class initialized using 'CodeIgniter\Session\Handlers\FileHandler' driver.
WARNING - 2025-08-21 22:22:09 --> Session: Sessions is enabled, and one exists. Please don't $session->start();
INFO - 2025-08-21 22:22:13 --> Session: Class initialized using 'CodeIgniter\Session\Handlers\FileHandler' driver.
WARNING - 2025-08-21 22:22:13 --> Session: Sessions is enabled, and one exists. Please don't $session->start();
INFO - 2025-08-21 22:22:14 --> Session: Class initialized using 'CodeIgniter\Session\Handlers\FileHandler' driver.
WARNING - 2025-08-21 22:22:14 --> Session: Sessions is enabled, and one exists. Please don't $session->start();
INFO - 2025-08-21 22:24:32 --> Session: Class initialized using 'CodeIgniter\Session\Handlers\FileHandler' driver.
WARNING - 2025-08-21 22:24:32 --> Session: Sessions is enabled, and one exists. Please don't $session->start();
WARNING - 2025-08-21 22:24:34 --> [DEPRECATED] Optional parameter $market_name declared before required parameter $market_id is implicitly treated as a required parameter in APPPATH\Controllers\User_c.php on line 2375.
 1 FCPATH\vendor\composer\ClassLoader.php(576): include('C:\\laragon\\www\\pro1\\vendor\\codeigniter4\\framework\\system\\Debug\\Exceptions.php')
 2 FCPATH\vendor\composer\ClassLoader.php(427): Composer\Autoload\{closure}('C:\\laragon\\www\\pro1\\vendor\\composer/../../app/Controllers/User_c.php')
 3 [internal function]: Composer\Autoload\ClassLoader->loadClass('App\\Controllers\\User_c')
 4 SYSTEMPATH\CodeIgniter.php(887): class_exists('\\App\\Controllers\\User_c', true)
 5 SYSTEMPATH\CodeIgniter.php(496): CodeIgniter\CodeIgniter->startController()
 6 SYSTEMPATH\CodeIgniter.php(355): CodeIgniter\CodeIgniter->handleRequest(null, Object(Config\Cache), false)
 7 SYSTEMPATH\Boot.php(325): CodeIgniter\CodeIgniter->run()
 8 SYSTEMPATH\Boot.php(67): CodeIgniter\Boot::runCodeIgniter(Object(CodeIgniter\CodeIgniter))
 9 FCPATH\index.php(57): CodeIgniter\Boot::bootWeb(Object(Config\Paths))
INFO - 2025-08-21 22:24:34 --> Session: Class initialized using 'CodeIgniter\Session\Handlers\FileHandler' driver.
WARNING - 2025-08-21 22:24:34 --> Session: Sessions is enabled, and one exists. Please don't $session->start();
INFO - 2025-08-21 22:24:34 --> Session: Class initialized using 'CodeIgniter\Session\Handlers\FileHandler' driver.
WARNING - 2025-08-21 22:24:34 --> Session: Sessions is enabled, and one exists. Please don't $session->start();
INFO - 2025-08-21 22:24:34 --> Session: Class initialized using 'CodeIgniter\Session\Handlers\FileHandler' driver.
WARNING - 2025-08-21 22:24:34 --> Session: Sessions is enabled, and one exists. Please don't $session->start();
INFO - 2025-08-21 22:24:35 --> Session: Class initialized using 'CodeIgniter\Session\Handlers\FileHandler' driver.
WARNING - 2025-08-21 22:24:35 --> Session: Sessions is enabled, and one exists. Please don't $session->start();
INFO - 2025-08-21 22:24:38 --> Session: Class initialized using 'CodeIgniter\Session\Handlers\FileHandler' driver.
WARNING - 2025-08-21 22:24:38 --> Session: Sessions is enabled, and one exists. Please don't $session->start();
WARNING - 2025-08-21 22:24:38 --> [DEPRECATED] Optional parameter $market_name declared before required parameter $market_id is implicitly treated as a required parameter in APPPATH\Controllers\User_c.php on line 2375.
 1 FCPATH\vendor\composer\ClassLoader.php(576): include('C:\\laragon\\www\\pro1\\vendor\\codeigniter4\\framework\\system\\Debug\\Exceptions.php')
 2 FCPATH\vendor\composer\ClassLoader.php(427): Composer\Autoload\{closure}('C:\\laragon\\www\\pro1\\vendor\\composer/../../app/Controllers/User_c.php')
 3 [internal function]: Composer\Autoload\ClassLoader->loadClass('App\\Controllers\\User_c')
 4 SYSTEMPATH\CodeIgniter.php(887): class_exists('\\App\\Controllers\\User_c', true)
 5 SYSTEMPATH\CodeIgniter.php(496): CodeIgniter\CodeIgniter->startController()
 6 SYSTEMPATH\CodeIgniter.php(355): CodeIgniter\CodeIgniter->handleRequest(null, Object(Config\Cache), false)
 7 SYSTEMPATH\Boot.php(325): CodeIgniter\CodeIgniter->run()
 8 SYSTEMPATH\Boot.php(67): CodeIgniter\Boot::runCodeIgniter(Object(CodeIgniter\CodeIgniter))
 9 FCPATH\index.php(57): CodeIgniter\Boot::bootWeb(Object(Config\Paths))
INFO - 2025-08-21 22:24:38 --> Session: Class initialized using 'CodeIgniter\Session\Handlers\FileHandler' driver.
WARNING - 2025-08-21 22:24:38 --> Session: Sessions is enabled, and one exists. Please don't $session->start();
WARNING - 2025-08-21 22:24:43 --> [DEPRECATED] Optional parameter $market_name declared before required parameter $market_id is implicitly treated as a required parameter in APPPATH\Controllers\User_c.php on line 2375.
 1 FCPATH\vendor\composer\ClassLoader.php(576): include('C:\\laragon\\www\\pro1\\vendor\\codeigniter4\\framework\\system\\Debug\\Exceptions.php')
 2 FCPATH\vendor\composer\ClassLoader.php(427): Composer\Autoload\{closure}('C:\\laragon\\www\\pro1\\vendor\\composer/../../app/Controllers/User_c.php')
 3 [internal function]: Composer\Autoload\ClassLoader->loadClass('App\\Controllers\\User_c')
 4 SYSTEMPATH\CodeIgniter.php(887): class_exists('\\App\\Controllers\\User_c', true)
 5 SYSTEMPATH\CodeIgniter.php(496): CodeIgniter\CodeIgniter->startController()
 6 SYSTEMPATH\CodeIgniter.php(355): CodeIgniter\CodeIgniter->handleRequest(null, Object(Config\Cache), false)
 7 SYSTEMPATH\Boot.php(325): CodeIgniter\CodeIgniter->run()
 8 SYSTEMPATH\Boot.php(67): CodeIgniter\Boot::runCodeIgniter(Object(CodeIgniter\CodeIgniter))
 9 FCPATH\index.php(57): CodeIgniter\Boot::bootWeb(Object(Config\Paths))
INFO - 2025-08-21 22:24:43 --> Session: Class initialized using 'CodeIgniter\Session\Handlers\FileHandler' driver.
WARNING - 2025-08-21 22:24:43 --> Session: Sessions is enabled, and one exists. Please don't $session->start();
WARNING - 2025-08-21 22:24:52 --> [DEPRECATED] Optional parameter $market_name declared before required parameter $market_id is implicitly treated as a required parameter in APPPATH\Controllers\User_c.php on line 2375.
 1 FCPATH\vendor\composer\ClassLoader.php(576): include('C:\\laragon\\www\\pro1\\vendor\\codeigniter4\\framework\\system\\Debug\\Exceptions.php')
 2 FCPATH\vendor\composer\ClassLoader.php(427): Composer\Autoload\{closure}('C:\\laragon\\www\\pro1\\vendor\\composer/../../app/Controllers/User_c.php')
 3 [internal function]: Composer\Autoload\ClassLoader->loadClass('App\\Controllers\\User_c')
 4 SYSTEMPATH\CodeIgniter.php(887): class_exists('\\App\\Controllers\\User_c', true)
 5 SYSTEMPATH\CodeIgniter.php(496): CodeIgniter\CodeIgniter->startController()
 6 SYSTEMPATH\CodeIgniter.php(355): CodeIgniter\CodeIgniter->handleRequest(null, Object(Config\Cache), false)
 7 SYSTEMPATH\Boot.php(325): CodeIgniter\CodeIgniter->run()
 8 SYSTEMPATH\Boot.php(67): CodeIgniter\Boot::runCodeIgniter(Object(CodeIgniter\CodeIgniter))
 9 FCPATH\index.php(57): CodeIgniter\Boot::bootWeb(Object(Config\Paths))
INFO - 2025-08-21 22:24:52 --> Session: Class initialized using 'CodeIgniter\Session\Handlers\FileHandler' driver.
WARNING - 2025-08-21 22:24:52 --> Session: Sessions is enabled, and one exists. Please don't $session->start();
WARNING - 2025-08-21 22:26:03 --> [DEPRECATED] Optional parameter $market_name declared before required parameter $market_id is implicitly treated as a required parameter in APPPATH\Controllers\User_c.php on line 2375.
 1 FCPATH\vendor\composer\ClassLoader.php(576): include('C:\\laragon\\www\\pro1\\vendor\\codeigniter4\\framework\\system\\Debug\\Exceptions.php')
 2 FCPATH\vendor\composer\ClassLoader.php(427): Composer\Autoload\{closure}('C:\\laragon\\www\\pro1\\vendor\\composer/../../app/Controllers/User_c.php')
 3 [internal function]: Composer\Autoload\ClassLoader->loadClass('App\\Controllers\\User_c')
 4 SYSTEMPATH\CodeIgniter.php(887): class_exists('\\App\\Controllers\\User_c', true)
 5 SYSTEMPATH\CodeIgniter.php(496): CodeIgniter\CodeIgniter->startController()
 6 SYSTEMPATH\CodeIgniter.php(355): CodeIgniter\CodeIgniter->handleRequest(null, Object(Config\Cache), false)
 7 SYSTEMPATH\Boot.php(325): CodeIgniter\CodeIgniter->run()
 8 SYSTEMPATH\Boot.php(67): CodeIgniter\Boot::runCodeIgniter(Object(CodeIgniter\CodeIgniter))
 9 FCPATH\index.php(57): CodeIgniter\Boot::bootWeb(Object(Config\Paths))
INFO - 2025-08-21 22:26:03 --> Session: Class initialized using 'CodeIgniter\Session\Handlers\FileHandler' driver.
WARNING - 2025-08-21 22:26:03 --> Session: Sessions is enabled, and one exists. Please don't $session->start();
WARNING - 2025-08-21 22:26:18 --> [DEPRECATED] Optional parameter $market_name declared before required parameter $market_id is implicitly treated as a required parameter in APPPATH\Controllers\User_c.php on line 2375.
 1 FCPATH\vendor\composer\ClassLoader.php(576): include('C:\\laragon\\www\\pro1\\vendor\\codeigniter4\\framework\\system\\Debug\\Exceptions.php')
 2 FCPATH\vendor\composer\ClassLoader.php(427): Composer\Autoload\{closure}('C:\\laragon\\www\\pro1\\vendor\\composer/../../app/Controllers/User_c.php')
 3 [internal function]: Composer\Autoload\ClassLoader->loadClass('App\\Controllers\\User_c')
 4 SYSTEMPATH\CodeIgniter.php(887): class_exists('\\App\\Controllers\\User_c', true)
 5 SYSTEMPATH\CodeIgniter.php(496): CodeIgniter\CodeIgniter->startController()
 6 SYSTEMPATH\CodeIgniter.php(355): CodeIgniter\CodeIgniter->handleRequest(null, Object(Config\Cache), false)
 7 SYSTEMPATH\Boot.php(325): CodeIgniter\CodeIgniter->run()
 8 SYSTEMPATH\Boot.php(67): CodeIgniter\Boot::runCodeIgniter(Object(CodeIgniter\CodeIgniter))
 9 FCPATH\index.php(57): CodeIgniter\Boot::bootWeb(Object(Config\Paths))
INFO - 2025-08-21 22:26:18 --> Session: Class initialized using 'CodeIgniter\Session\Handlers\FileHandler' driver.
WARNING - 2025-08-21 22:26:18 --> Session: Sessions is enabled, and one exists. Please don't $session->start();
WARNING - 2025-08-21 22:26:29 --> [DEPRECATED] Optional parameter $market_name declared before required parameter $market_id is implicitly treated as a required parameter in APPPATH\Controllers\User_c.php on line 2375.
 1 FCPATH\vendor\composer\ClassLoader.php(576): include('C:\\laragon\\www\\pro1\\vendor\\codeigniter4\\framework\\system\\Debug\\Exceptions.php')
 2 FCPATH\vendor\composer\ClassLoader.php(427): Composer\Autoload\{closure}('C:\\laragon\\www\\pro1\\vendor\\composer/../../app/Controllers/User_c.php')
 3 [internal function]: Composer\Autoload\ClassLoader->loadClass('App\\Controllers\\User_c')
 4 SYSTEMPATH\CodeIgniter.php(887): class_exists('\\App\\Controllers\\User_c', true)
 5 SYSTEMPATH\CodeIgniter.php(496): CodeIgniter\CodeIgniter->startController()
 6 SYSTEMPATH\CodeIgniter.php(355): CodeIgniter\CodeIgniter->handleRequest(null, Object(Config\Cache), false)
 7 SYSTEMPATH\Boot.php(325): CodeIgniter\CodeIgniter->run()
 8 SYSTEMPATH\Boot.php(67): CodeIgniter\Boot::runCodeIgniter(Object(CodeIgniter\CodeIgniter))
 9 FCPATH\index.php(57): CodeIgniter\Boot::bootWeb(Object(Config\Paths))
INFO - 2025-08-21 22:26:29 --> Session: Class initialized using 'CodeIgniter\Session\Handlers\FileHandler' driver.
WARNING - 2025-08-21 22:26:29 --> Session: Sessions is enabled, and one exists. Please don't $session->start();
WARNING - 2025-08-21 22:26:31 --> [DEPRECATED] Optional parameter $market_name declared before required parameter $market_id is implicitly treated as a required parameter in APPPATH\Controllers\User_c.php on line 2375.
 1 FCPATH\vendor\composer\ClassLoader.php(576): include('C:\\laragon\\www\\pro1\\vendor\\codeigniter4\\framework\\system\\Debug\\Exceptions.php')
 2 FCPATH\vendor\composer\ClassLoader.php(427): Composer\Autoload\{closure}('C:\\laragon\\www\\pro1\\vendor\\composer/../../app/Controllers/User_c.php')
 3 [internal function]: Composer\Autoload\ClassLoader->loadClass('App\\Controllers\\User_c')
 4 SYSTEMPATH\CodeIgniter.php(887): class_exists('\\App\\Controllers\\User_c', true)
 5 SYSTEMPATH\CodeIgniter.php(496): CodeIgniter\CodeIgniter->startController()
 6 SYSTEMPATH\CodeIgniter.php(355): CodeIgniter\CodeIgniter->handleRequest(null, Object(Config\Cache), false)
 7 SYSTEMPATH\Boot.php(325): CodeIgniter\CodeIgniter->run()
 8 SYSTEMPATH\Boot.php(67): CodeIgniter\Boot::runCodeIgniter(Object(CodeIgniter\CodeIgniter))
 9 FCPATH\index.php(57): CodeIgniter\Boot::bootWeb(Object(Config\Paths))
INFO - 2025-08-21 22:26:31 --> Session: Class initialized using 'CodeIgniter\Session\Handlers\FileHandler' driver.
WARNING - 2025-08-21 22:26:31 --> Session: Sessions is enabled, and one exists. Please don't $session->start();
WARNING - 2025-08-21 22:26:35 --> [DEPRECATED] Optional parameter $market_name declared before required parameter $market_id is implicitly treated as a required parameter in APPPATH\Controllers\User_c.php on line 2375.
 1 FCPATH\vendor\composer\ClassLoader.php(576): include('C:\\laragon\\www\\pro1\\vendor\\codeigniter4\\framework\\system\\Debug\\Exceptions.php')
 2 FCPATH\vendor\composer\ClassLoader.php(427): Composer\Autoload\{closure}('C:\\laragon\\www\\pro1\\vendor\\composer/../../app/Controllers/User_c.php')
 3 [internal function]: Composer\Autoload\ClassLoader->loadClass('App\\Controllers\\User_c')
 4 SYSTEMPATH\CodeIgniter.php(887): class_exists('\\App\\Controllers\\User_c', true)
 5 SYSTEMPATH\CodeIgniter.php(496): CodeIgniter\CodeIgniter->startController()
 6 SYSTEMPATH\CodeIgniter.php(355): CodeIgniter\CodeIgniter->handleRequest(null, Object(Config\Cache), false)
 7 SYSTEMPATH\Boot.php(325): CodeIgniter\CodeIgniter->run()
 8 SYSTEMPATH\Boot.php(67): CodeIgniter\Boot::runCodeIgniter(Object(CodeIgniter\CodeIgniter))
 9 FCPATH\index.php(57): CodeIgniter\Boot::bootWeb(Object(Config\Paths))
INFO - 2025-08-21 22:26:35 --> Session: Class initialized using 'CodeIgniter\Session\Handlers\FileHandler' driver.
WARNING - 2025-08-21 22:26:35 --> Session: Sessions is enabled, and one exists. Please don't $session->start();
WARNING - 2025-08-21 22:26:47 --> [DEPRECATED] Optional parameter $market_name declared before required parameter $market_id is implicitly treated as a required parameter in APPPATH\Controllers\User_c.php on line 2375.
 1 FCPATH\vendor\composer\ClassLoader.php(576): include('C:\\laragon\\www\\pro1\\vendor\\codeigniter4\\framework\\system\\Debug\\Exceptions.php')
 2 FCPATH\vendor\composer\ClassLoader.php(427): Composer\Autoload\{closure}('C:\\laragon\\www\\pro1\\vendor\\composer/../../app/Controllers/User_c.php')
 3 [internal function]: Composer\Autoload\ClassLoader->loadClass('App\\Controllers\\User_c')
 4 SYSTEMPATH\CodeIgniter.php(887): class_exists('\\App\\Controllers\\User_c', true)
 5 SYSTEMPATH\CodeIgniter.php(496): CodeIgniter\CodeIgniter->startController()
 6 SYSTEMPATH\CodeIgniter.php(355): CodeIgniter\CodeIgniter->handleRequest(null, Object(Config\Cache), false)
 7 SYSTEMPATH\Boot.php(325): CodeIgniter\CodeIgniter->run()
 8 SYSTEMPATH\Boot.php(67): CodeIgniter\Boot::runCodeIgniter(Object(CodeIgniter\CodeIgniter))
 9 FCPATH\index.php(57): CodeIgniter\Boot::bootWeb(Object(Config\Paths))
INFO - 2025-08-21 22:26:47 --> Session: Class initialized using 'CodeIgniter\Session\Handlers\FileHandler' driver.
WARNING - 2025-08-21 22:26:47 --> Session: Sessions is enabled, and one exists. Please don't $session->start();
WARNING - 2025-08-21 22:26:48 --> [DEPRECATED] Optional parameter $market_name declared before required parameter $market_id is implicitly treated as a required parameter in APPPATH\Controllers\User_c.php on line 2375.
 1 FCPATH\vendor\composer\ClassLoader.php(576): include('C:\\laragon\\www\\pro1\\vendor\\codeigniter4\\framework\\system\\Debug\\Exceptions.php')
 2 FCPATH\vendor\composer\ClassLoader.php(427): Composer\Autoload\{closure}('C:\\laragon\\www\\pro1\\vendor\\composer/../../app/Controllers/User_c.php')
 3 [internal function]: Composer\Autoload\ClassLoader->loadClass('App\\Controllers\\User_c')
 4 SYSTEMPATH\CodeIgniter.php(887): class_exists('\\App\\Controllers\\User_c', true)
 5 SYSTEMPATH\CodeIgniter.php(496): CodeIgniter\CodeIgniter->startController()
 6 SYSTEMPATH\CodeIgniter.php(355): CodeIgniter\CodeIgniter->handleRequest(null, Object(Config\Cache), false)
 7 SYSTEMPATH\Boot.php(325): CodeIgniter\CodeIgniter->run()
 8 SYSTEMPATH\Boot.php(67): CodeIgniter\Boot::runCodeIgniter(Object(CodeIgniter\CodeIgniter))
 9 FCPATH\index.php(57): CodeIgniter\Boot::bootWeb(Object(Config\Paths))
INFO - 2025-08-21 22:26:48 --> Session: Class initialized using 'CodeIgniter\Session\Handlers\FileHandler' driver.
WARNING - 2025-08-21 22:26:48 --> Session: Sessions is enabled, and one exists. Please don't $session->start();
WARNING - 2025-08-21 22:27:04 --> [DEPRECATED] Optional parameter $market_name declared before required parameter $market_id is implicitly treated as a required parameter in APPPATH\Controllers\User_c.php on line 2375.
 1 FCPATH\vendor\composer\ClassLoader.php(576): include('C:\\laragon\\www\\pro1\\vendor\\codeigniter4\\framework\\system\\Debug\\Exceptions.php')
 2 FCPATH\vendor\composer\ClassLoader.php(427): Composer\Autoload\{closure}('C:\\laragon\\www\\pro1\\vendor\\composer/../../app/Controllers/User_c.php')
 3 [internal function]: Composer\Autoload\ClassLoader->loadClass('App\\Controllers\\User_c')
 4 SYSTEMPATH\CodeIgniter.php(887): class_exists('\\App\\Controllers\\User_c', true)
 5 SYSTEMPATH\CodeIgniter.php(496): CodeIgniter\CodeIgniter->startController()
 6 SYSTEMPATH\CodeIgniter.php(355): CodeIgniter\CodeIgniter->handleRequest(null, Object(Config\Cache), false)
 7 SYSTEMPATH\Boot.php(325): CodeIgniter\CodeIgniter->run()
 8 SYSTEMPATH\Boot.php(67): CodeIgniter\Boot::runCodeIgniter(Object(CodeIgniter\CodeIgniter))
 9 FCPATH\index.php(57): CodeIgniter\Boot::bootWeb(Object(Config\Paths))
INFO - 2025-08-21 22:27:04 --> Session: Class initialized using 'CodeIgniter\Session\Handlers\FileHandler' driver.
WARNING - 2025-08-21 22:27:04 --> Session: Sessions is enabled, and one exists. Please don't $session->start();
WARNING - 2025-08-21 22:27:30 --> [DEPRECATED] Optional parameter $market_name declared before required parameter $market_id is implicitly treated as a required parameter in APPPATH\Controllers\User_c.php on line 2375.
 1 FCPATH\vendor\composer\ClassLoader.php(576): include('C:\\laragon\\www\\pro1\\vendor\\codeigniter4\\framework\\system\\Debug\\Exceptions.php')
 2 FCPATH\vendor\composer\ClassLoader.php(427): Composer\Autoload\{closure}('C:\\laragon\\www\\pro1\\vendor\\composer/../../app/Controllers/User_c.php')
 3 [internal function]: Composer\Autoload\ClassLoader->loadClass('App\\Controllers\\User_c')
 4 SYSTEMPATH\CodeIgniter.php(887): class_exists('\\App\\Controllers\\User_c', true)
 5 SYSTEMPATH\CodeIgniter.php(496): CodeIgniter\CodeIgniter->startController()
 6 SYSTEMPATH\CodeIgniter.php(355): CodeIgniter\CodeIgniter->handleRequest(null, Object(Config\Cache), false)
 7 SYSTEMPATH\Boot.php(325): CodeIgniter\CodeIgniter->run()
 8 SYSTEMPATH\Boot.php(67): CodeIgniter\Boot::runCodeIgniter(Object(CodeIgniter\CodeIgniter))
 9 FCPATH\index.php(57): CodeIgniter\Boot::bootWeb(Object(Config\Paths))
INFO - 2025-08-21 22:27:30 --> Session: Class initialized using 'CodeIgniter\Session\Handlers\FileHandler' driver.
WARNING - 2025-08-21 22:27:30 --> Session: Sessions is enabled, and one exists. Please don't $session->start();
WARNING - 2025-08-21 22:28:03 --> [DEPRECATED] Optional parameter $market_name declared before required parameter $market_id is implicitly treated as a required parameter in APPPATH\Controllers\User_c.php on line 2375.
 1 FCPATH\vendor\composer\ClassLoader.php(576): include('C:\\laragon\\www\\pro1\\vendor\\codeigniter4\\framework\\system\\Debug\\Exceptions.php')
 2 FCPATH\vendor\composer\ClassLoader.php(427): Composer\Autoload\{closure}('C:\\laragon\\www\\pro1\\vendor\\composer/../../app/Controllers/User_c.php')
 3 [internal function]: Composer\Autoload\ClassLoader->loadClass('App\\Controllers\\User_c')
 4 SYSTEMPATH\CodeIgniter.php(887): class_exists('\\App\\Controllers\\User_c', true)
 5 SYSTEMPATH\CodeIgniter.php(496): CodeIgniter\CodeIgniter->startController()
 6 SYSTEMPATH\CodeIgniter.php(355): CodeIgniter\CodeIgniter->handleRequest(null, Object(Config\Cache), false)
 7 SYSTEMPATH\Boot.php(325): CodeIgniter\CodeIgniter->run()
 8 SYSTEMPATH\Boot.php(67): CodeIgniter\Boot::runCodeIgniter(Object(CodeIgniter\CodeIgniter))
 9 FCPATH\index.php(57): CodeIgniter\Boot::bootWeb(Object(Config\Paths))
INFO - 2025-08-21 22:28:03 --> Session: Class initialized using 'CodeIgniter\Session\Handlers\FileHandler' driver.
WARNING - 2025-08-21 22:28:03 --> Session: Sessions is enabled, and one exists. Please don't $session->start();
WARNING - 2025-08-21 22:28:12 --> [DEPRECATED] Optional parameter $market_name declared before required parameter $market_id is implicitly treated as a required parameter in APPPATH\Controllers\User_c.php on line 2375.
 1 FCPATH\vendor\composer\ClassLoader.php(576): include('C:\\laragon\\www\\pro1\\vendor\\codeigniter4\\framework\\system\\Debug\\Exceptions.php')
 2 FCPATH\vendor\composer\ClassLoader.php(427): Composer\Autoload\{closure}('C:\\laragon\\www\\pro1\\vendor\\composer/../../app/Controllers/User_c.php')
 3 [internal function]: Composer\Autoload\ClassLoader->loadClass('App\\Controllers\\User_c')
 4 SYSTEMPATH\CodeIgniter.php(887): class_exists('\\App\\Controllers\\User_c', true)
 5 SYSTEMPATH\CodeIgniter.php(496): CodeIgniter\CodeIgniter->startController()
 6 SYSTEMPATH\CodeIgniter.php(355): CodeIgniter\CodeIgniter->handleRequest(null, Object(Config\Cache), false)
 7 SYSTEMPATH\Boot.php(325): CodeIgniter\CodeIgniter->run()
 8 SYSTEMPATH\Boot.php(67): CodeIgniter\Boot::runCodeIgniter(Object(CodeIgniter\CodeIgniter))
 9 FCPATH\index.php(57): CodeIgniter\Boot::bootWeb(Object(Config\Paths))
INFO - 2025-08-21 22:28:12 --> Session: Class initialized using 'CodeIgniter\Session\Handlers\FileHandler' driver.
WARNING - 2025-08-21 22:28:12 --> Session: Sessions is enabled, and one exists. Please don't $session->start();
WARNING - 2025-08-21 22:29:51 --> [DEPRECATED] Optional parameter $market_name declared before required parameter $market_id is implicitly treated as a required parameter in APPPATH\Controllers\User_c.php on line 2375.
 1 FCPATH\vendor\composer\ClassLoader.php(576): include('C:\\laragon\\www\\pro1\\vendor\\codeigniter4\\framework\\system\\Debug\\Exceptions.php')
 2 FCPATH\vendor\composer\ClassLoader.php(427): Composer\Autoload\{closure}('C:\\laragon\\www\\pro1\\vendor\\composer/../../app/Controllers/User_c.php')
 3 [internal function]: Composer\Autoload\ClassLoader->loadClass('App\\Controllers\\User_c')
 4 SYSTEMPATH\CodeIgniter.php(887): class_exists('\\App\\Controllers\\User_c', true)
 5 SYSTEMPATH\CodeIgniter.php(496): CodeIgniter\CodeIgniter->startController()
 6 SYSTEMPATH\CodeIgniter.php(355): CodeIgniter\CodeIgniter->handleRequest(null, Object(Config\Cache), false)
 7 SYSTEMPATH\Boot.php(325): CodeIgniter\CodeIgniter->run()
 8 SYSTEMPATH\Boot.php(67): CodeIgniter\Boot::runCodeIgniter(Object(CodeIgniter\CodeIgniter))
 9 FCPATH\index.php(57): CodeIgniter\Boot::bootWeb(Object(Config\Paths))
INFO - 2025-08-21 22:29:51 --> Session: Class initialized using 'CodeIgniter\Session\Handlers\FileHandler' driver.
WARNING - 2025-08-21 22:29:51 --> Session: Sessions is enabled, and one exists. Please don't $session->start();
WARNING - 2025-08-21 22:32:57 --> [DEPRECATED] Optional parameter $market_name declared before required parameter $market_id is implicitly treated as a required parameter in APPPATH\Controllers\User_c.php on line 2375.
 1 FCPATH\vendor\composer\ClassLoader.php(576): include('C:\\laragon\\www\\pro1\\vendor\\codeigniter4\\framework\\system\\Debug\\Exceptions.php')
 2 FCPATH\vendor\composer\ClassLoader.php(427): Composer\Autoload\{closure}('C:\\laragon\\www\\pro1\\vendor\\composer/../../app/Controllers/User_c.php')
 3 [internal function]: Composer\Autoload\ClassLoader->loadClass('App\\Controllers\\User_c')
 4 SYSTEMPATH\CodeIgniter.php(887): class_exists('\\App\\Controllers\\User_c', true)
 5 SYSTEMPATH\CodeIgniter.php(496): CodeIgniter\CodeIgniter->startController()
 6 SYSTEMPATH\CodeIgniter.php(355): CodeIgniter\CodeIgniter->handleRequest(null, Object(Config\Cache), false)
 7 SYSTEMPATH\Boot.php(325): CodeIgniter\CodeIgniter->run()
 8 SYSTEMPATH\Boot.php(67): CodeIgniter\Boot::runCodeIgniter(Object(CodeIgniter\CodeIgniter))
 9 FCPATH\index.php(57): CodeIgniter\Boot::bootWeb(Object(Config\Paths))
INFO - 2025-08-21 22:32:57 --> Session: Class initialized using 'CodeIgniter\Session\Handlers\FileHandler' driver.
WARNING - 2025-08-21 22:32:57 --> Session: Sessions is enabled, and one exists. Please don't $session->start();
