INFO - 2025-10-27 20:37:07 --> Session: Class initialized using 'CodeIgniter\Session\Handlers\FileHandler' driver.
WARNING - 2025-10-27 20:37:07 --> Session: Sessions is enabled, and one exists. Please don't $session->start();
INFO - 2025-10-27 20:37:11 --> Session: Class initialized using 'CodeIgniter\Session\Handlers\FileHandler' driver.
WARNING - 2025-10-27 20:37:11 --> Session: Sessions is enabled, and one exists. Please don't $session->start();
INFO - 2025-10-27 20:37:11 --> Session: Class initialized using 'CodeIgniter\Session\Handlers\FileHandler' driver.
WARNING - 2025-10-27 20:37:11 --> Session: Sessions is enabled, and one exists. Please don't $session->start();
INFO - 2025-10-27 20:37:12 --> Session: Class initialized using 'CodeIgniter\Session\Handlers\FileHandler' driver.
WARNING - 2025-10-27 20:37:12 --> Session: Sessions is enabled, and one exists. Please don't $session->start();
INFO - 2025-10-27 20:37:12 --> Session: Class initialized using 'CodeIgniter\Session\Handlers\FileHandler' driver.
WARNING - 2025-10-27 20:37:12 --> Session: Sessions is enabled, and one exists. Please don't $session->start();
INFO - 2025-10-27 20:37:17 --> Session: Class initialized using 'CodeIgniter\Session\Handlers\FileHandler' driver.
WARNING - 2025-10-27 20:37:17 --> Session: Sessions is enabled, and one exists. Please don't $session->start();
CRITICAL - 2025-10-27 20:37:17 --> CodeIgniter\Database\Exceptions\DatabaseException: You must set the database table to be used with your query.
[Method: POST, Route: topup-admin]
in SYSTEMPATH\Database\BaseConnection.php on line 927.
 1 SYSTEMPATH\Model.php(716): CodeIgniter\Database\BaseConnection->table(null)
 2 SYSTEMPATH\Model.php(922): CodeIgniter\Model->builder()
 3 APPPATH\Controllers\Admin_c.php(1198): CodeIgniter\Model->__call('add_agent_commission', [...])
 4 SYSTEMPATH\CodeIgniter.php(933): App\Controllers\Admin_c->topup()
 5 SYSTEMPATH\CodeIgniter.php(509): CodeIgniter\CodeIgniter->runController(Object(App\Controllers\Admin_c))
 6 SYSTEMPATH\CodeIgniter.php(355): CodeIgniter\CodeIgniter->handleRequest(null, Object(Config\Cache), false)
 7 SYSTEMPATH\Boot.php(325): CodeIgniter\CodeIgniter->run()
 8 SYSTEMPATH\Boot.php(67): CodeIgniter\Boot::runCodeIgniter(Object(CodeIgniter\CodeIgniter))
 9 FCPATH\index.php(57): CodeIgniter\Boot::bootWeb(Object(Config\Paths))
INFO - 2025-10-27 20:38:09 --> Session: Class initialized using 'CodeIgniter\Session\Handlers\FileHandler' driver.
WARNING - 2025-10-27 20:38:09 --> Session: Sessions is enabled, and one exists. Please don't $session->start();
INFO - 2025-10-27 20:38:10 --> Session: Class initialized using 'CodeIgniter\Session\Handlers\FileHandler' driver.
WARNING - 2025-10-27 20:38:10 --> Session: Sessions is enabled, and one exists. Please don't $session->start();
INFO - 2025-10-27 20:38:10 --> Session: Class initialized using 'CodeIgniter\Session\Handlers\FileHandler' driver.
WARNING - 2025-10-27 20:38:10 --> Session: Sessions is enabled, and one exists. Please don't $session->start();
INFO - 2025-10-27 20:38:10 --> Session: Class initialized using 'CodeIgniter\Session\Handlers\FileHandler' driver.
WARNING - 2025-10-27 20:38:10 --> Session: Sessions is enabled, and one exists. Please don't $session->start();
INFO - 2025-10-27 20:38:11 --> Session: Class initialized using 'CodeIgniter\Session\Handlers\FileHandler' driver.
WARNING - 2025-10-27 20:38:11 --> Session: Sessions is enabled, and one exists. Please don't $session->start();
INFO - 2025-10-27 20:38:19 --> Session: Class initialized using 'CodeIgniter\Session\Handlers\FileHandler' driver.
WARNING - 2025-10-27 20:38:19 --> Session: Sessions is enabled, and one exists. Please don't $session->start();
INFO - 2025-10-27 20:38:51 --> Session: Class initialized using 'CodeIgniter\Session\Handlers\FileHandler' driver.
WARNING - 2025-10-27 20:38:51 --> Session: Sessions is enabled, and one exists. Please don't $session->start();
INFO - 2025-10-27 20:38:52 --> Session: Class initialized using 'CodeIgniter\Session\Handlers\FileHandler' driver.
WARNING - 2025-10-27 20:38:52 --> Session: Sessions is enabled, and one exists. Please don't $session->start();
INFO - 2025-10-27 20:38:53 --> Session: Class initialized using 'CodeIgniter\Session\Handlers\FileHandler' driver.
WARNING - 2025-10-27 20:38:53 --> Session: Sessions is enabled, and one exists. Please don't $session->start();
INFO - 2025-10-27 20:38:53 --> Session: Class initialized using 'CodeIgniter\Session\Handlers\FileHandler' driver.
WARNING - 2025-10-27 20:38:53 --> Session: Sessions is enabled, and one exists. Please don't $session->start();
INFO - 2025-10-27 20:38:53 --> Session: Class initialized using 'CodeIgniter\Session\Handlers\FileHandler' driver.
WARNING - 2025-10-27 20:38:53 --> Session: Sessions is enabled, and one exists. Please don't $session->start();
INFO - 2025-10-27 20:38:58 --> Session: Class initialized using 'CodeIgniter\Session\Handlers\FileHandler' driver.
WARNING - 2025-10-27 20:38:58 --> Session: Sessions is enabled, and one exists. Please don't $session->start();
INFO - 2025-10-27 20:39:25 --> Session: Class initialized using 'CodeIgniter\Session\Handlers\FileHandler' driver.
WARNING - 2025-10-27 20:39:25 --> Session: Sessions is enabled, and one exists. Please don't $session->start();
INFO - 2025-10-27 20:39:26 --> Session: Class initialized using 'CodeIgniter\Session\Handlers\FileHandler' driver.
WARNING - 2025-10-27 20:39:26 --> Session: Sessions is enabled, and one exists. Please don't $session->start();
INFO - 2025-10-27 20:39:27 --> Session: Class initialized using 'CodeIgniter\Session\Handlers\FileHandler' driver.
WARNING - 2025-10-27 20:39:27 --> Session: Sessions is enabled, and one exists. Please don't $session->start();
INFO - 2025-10-27 20:39:27 --> Session: Class initialized using 'CodeIgniter\Session\Handlers\FileHandler' driver.
WARNING - 2025-10-27 20:39:27 --> Session: Sessions is enabled, and one exists. Please don't $session->start();
INFO - 2025-10-27 20:39:27 --> Session: Class initialized using 'CodeIgniter\Session\Handlers\FileHandler' driver.
WARNING - 2025-10-27 20:39:27 --> Session: Sessions is enabled, and one exists. Please don't $session->start();
WARNING - 2025-10-27 20:42:31 --> [DEPRECATED] Optional parameter $market_name declared before required parameter $market_id is implicitly treated as a required parameter in APPPATH\Controllers\User_c.php on line 2569.
 1 FCPATH\vendor\composer\ClassLoader.php(576): include('C:\\laragon\\www\\pro1\\vendor\\codeigniter4\\framework\\system\\Debug\\Exceptions.php')
 2 FCPATH\vendor\composer\ClassLoader.php(427): Composer\Autoload\{closure}('C:\\laragon\\www\\pro1\\vendor\\composer/../../app/Controllers/User_c.php')
 3 [internal function]: Composer\Autoload\ClassLoader->loadClass('App\\Controllers\\User_c')
 4 SYSTEMPATH\CodeIgniter.php(887): class_exists('\\App\\Controllers\\User_c', true)
 5 SYSTEMPATH\CodeIgniter.php(496): CodeIgniter\CodeIgniter->startController()
 6 SYSTEMPATH\CodeIgniter.php(355): CodeIgniter\CodeIgniter->handleRequest(null, Object(Config\Cache), false)
 7 SYSTEMPATH\Boot.php(325): CodeIgniter\CodeIgniter->run()
 8 SYSTEMPATH\Boot.php(67): CodeIgniter\Boot::runCodeIgniter(Object(CodeIgniter\CodeIgniter))
 9 FCPATH\index.php(57): CodeIgniter\Boot::bootWeb(Object(Config\Paths))
INFO - 2025-10-27 20:42:31 --> Session: Class initialized using 'CodeIgniter\Session\Handlers\FileHandler' driver.
WARNING - 2025-10-27 20:42:31 --> Session: Sessions is enabled, and one exists. Please don't $session->start();
WARNING - 2025-10-27 20:42:33 --> [DEPRECATED] Optional parameter $market_name declared before required parameter $market_id is implicitly treated as a required parameter in APPPATH\Controllers\User_c.php on line 2569.
 1 FCPATH\vendor\composer\ClassLoader.php(576): include('C:\\laragon\\www\\pro1\\vendor\\codeigniter4\\framework\\system\\Debug\\Exceptions.php')
 2 FCPATH\vendor\composer\ClassLoader.php(427): Composer\Autoload\{closure}('C:\\laragon\\www\\pro1\\vendor\\composer/../../app/Controllers/User_c.php')
 3 [internal function]: Composer\Autoload\ClassLoader->loadClass('App\\Controllers\\User_c')
 4 SYSTEMPATH\CodeIgniter.php(887): class_exists('\\App\\Controllers\\User_c', true)
 5 SYSTEMPATH\CodeIgniter.php(496): CodeIgniter\CodeIgniter->startController()
 6 SYSTEMPATH\CodeIgniter.php(355): CodeIgniter\CodeIgniter->handleRequest(null, Object(Config\Cache), false)
 7 SYSTEMPATH\Boot.php(325): CodeIgniter\CodeIgniter->run()
 8 SYSTEMPATH\Boot.php(67): CodeIgniter\Boot::runCodeIgniter(Object(CodeIgniter\CodeIgniter))
 9 FCPATH\index.php(57): CodeIgniter\Boot::bootWeb(Object(Config\Paths))
INFO - 2025-10-27 20:42:33 --> Session: Class initialized using 'CodeIgniter\Session\Handlers\FileHandler' driver.
WARNING - 2025-10-27 20:42:33 --> Session: Sessions is enabled, and one exists. Please don't $session->start();
INFO - 2025-10-27 20:42:35 --> Session: Class initialized using 'CodeIgniter\Session\Handlers\FileHandler' driver.
WARNING - 2025-10-27 20:42:35 --> Session: Sessions is enabled, and one exists. Please don't $session->start();
INFO - 2025-10-27 20:42:36 --> Session: Class initialized using 'CodeIgniter\Session\Handlers\FileHandler' driver.
WARNING - 2025-10-27 20:42:36 --> Session: Sessions is enabled, and one exists. Please don't $session->start();
INFO - 2025-10-27 20:42:46 --> Session: Class initialized using 'CodeIgniter\Session\Handlers\FileHandler' driver.
WARNING - 2025-10-27 20:42:46 --> Session: Sessions is enabled, and one exists. Please don't $session->start();
WARNING - 2025-10-27 20:42:46 --> [DEPRECATED] Optional parameter $market_name declared before required parameter $market_id is implicitly treated as a required parameter in APPPATH\Controllers\User_c.php on line 2569.
 1 FCPATH\vendor\composer\ClassLoader.php(576): include('C:\\laragon\\www\\pro1\\vendor\\codeigniter4\\framework\\system\\Debug\\Exceptions.php')
 2 FCPATH\vendor\composer\ClassLoader.php(427): Composer\Autoload\{closure}('C:\\laragon\\www\\pro1\\vendor\\composer/../../app/Controllers/User_c.php')
 3 [internal function]: Composer\Autoload\ClassLoader->loadClass('App\\Controllers\\User_c')
 4 SYSTEMPATH\CodeIgniter.php(887): class_exists('\\App\\Controllers\\User_c', true)
 5 SYSTEMPATH\CodeIgniter.php(496): CodeIgniter\CodeIgniter->startController()
 6 SYSTEMPATH\CodeIgniter.php(355): CodeIgniter\CodeIgniter->handleRequest(null, Object(Config\Cache), false)
 7 SYSTEMPATH\Boot.php(325): CodeIgniter\CodeIgniter->run()
 8 SYSTEMPATH\Boot.php(67): CodeIgniter\Boot::runCodeIgniter(Object(CodeIgniter\CodeIgniter))
 9 FCPATH\index.php(57): CodeIgniter\Boot::bootWeb(Object(Config\Paths))
INFO - 2025-10-27 20:42:46 --> Session: Class initialized using 'CodeIgniter\Session\Handlers\FileHandler' driver.
WARNING - 2025-10-27 20:42:46 --> Session: Sessions is enabled, and one exists. Please don't $session->start();
WARNING - 2025-10-27 20:42:53 --> [DEPRECATED] Optional parameter $market_name declared before required parameter $market_id is implicitly treated as a required parameter in APPPATH\Controllers\User_c.php on line 2569.
 1 FCPATH\vendor\composer\ClassLoader.php(576): include('C:\\laragon\\www\\pro1\\vendor\\codeigniter4\\framework\\system\\Debug\\Exceptions.php')
 2 FCPATH\vendor\composer\ClassLoader.php(427): Composer\Autoload\{closure}('C:\\laragon\\www\\pro1\\vendor\\composer/../../app/Controllers/User_c.php')
 3 [internal function]: Composer\Autoload\ClassLoader->loadClass('App\\Controllers\\User_c')
 4 SYSTEMPATH\CodeIgniter.php(887): class_exists('\\App\\Controllers\\User_c', true)
 5 SYSTEMPATH\CodeIgniter.php(496): CodeIgniter\CodeIgniter->startController()
 6 SYSTEMPATH\CodeIgniter.php(355): CodeIgniter\CodeIgniter->handleRequest(null, Object(Config\Cache), false)
 7 SYSTEMPATH\Boot.php(325): CodeIgniter\CodeIgniter->run()
 8 SYSTEMPATH\Boot.php(67): CodeIgniter\Boot::runCodeIgniter(Object(CodeIgniter\CodeIgniter))
 9 FCPATH\index.php(57): CodeIgniter\Boot::bootWeb(Object(Config\Paths))
INFO - 2025-10-27 20:42:53 --> Session: Class initialized using 'CodeIgniter\Session\Handlers\FileHandler' driver.
WARNING - 2025-10-27 20:42:53 --> Session: Sessions is enabled, and one exists. Please don't $session->start();
WARNING - 2025-10-27 20:42:54 --> [DEPRECATED] Optional parameter $market_name declared before required parameter $market_id is implicitly treated as a required parameter in APPPATH\Controllers\User_c.php on line 2569.
 1 FCPATH\vendor\composer\ClassLoader.php(576): include('C:\\laragon\\www\\pro1\\vendor\\codeigniter4\\framework\\system\\Debug\\Exceptions.php')
 2 FCPATH\vendor\composer\ClassLoader.php(427): Composer\Autoload\{closure}('C:\\laragon\\www\\pro1\\vendor\\composer/../../app/Controllers/User_c.php')
 3 [internal function]: Composer\Autoload\ClassLoader->loadClass('App\\Controllers\\User_c')
 4 SYSTEMPATH\CodeIgniter.php(887): class_exists('\\App\\Controllers\\User_c', true)
 5 SYSTEMPATH\CodeIgniter.php(496): CodeIgniter\CodeIgniter->startController()
 6 SYSTEMPATH\CodeIgniter.php(355): CodeIgniter\CodeIgniter->handleRequest(null, Object(Config\Cache), false)
 7 SYSTEMPATH\Boot.php(325): CodeIgniter\CodeIgniter->run()
 8 SYSTEMPATH\Boot.php(67): CodeIgniter\Boot::runCodeIgniter(Object(CodeIgniter\CodeIgniter))
 9 FCPATH\index.php(57): CodeIgniter\Boot::bootWeb(Object(Config\Paths))
INFO - 2025-10-27 20:42:54 --> Session: Class initialized using 'CodeIgniter\Session\Handlers\FileHandler' driver.
WARNING - 2025-10-27 20:42:54 --> Session: Sessions is enabled, and one exists. Please don't $session->start();
WARNING - 2025-10-27 20:42:57 --> [DEPRECATED] Optional parameter $market_name declared before required parameter $market_id is implicitly treated as a required parameter in APPPATH\Controllers\User_c.php on line 2569.
 1 FCPATH\vendor\composer\ClassLoader.php(576): include('C:\\laragon\\www\\pro1\\vendor\\codeigniter4\\framework\\system\\Debug\\Exceptions.php')
 2 FCPATH\vendor\composer\ClassLoader.php(427): Composer\Autoload\{closure}('C:\\laragon\\www\\pro1\\vendor\\composer/../../app/Controllers/User_c.php')
 3 [internal function]: Composer\Autoload\ClassLoader->loadClass('App\\Controllers\\User_c')
 4 SYSTEMPATH\CodeIgniter.php(887): class_exists('\\App\\Controllers\\User_c', true)
 5 SYSTEMPATH\CodeIgniter.php(496): CodeIgniter\CodeIgniter->startController()
 6 SYSTEMPATH\CodeIgniter.php(355): CodeIgniter\CodeIgniter->handleRequest(null, Object(Config\Cache), false)
 7 SYSTEMPATH\Boot.php(325): CodeIgniter\CodeIgniter->run()
 8 SYSTEMPATH\Boot.php(67): CodeIgniter\Boot::runCodeIgniter(Object(CodeIgniter\CodeIgniter))
 9 FCPATH\index.php(57): CodeIgniter\Boot::bootWeb(Object(Config\Paths))
INFO - 2025-10-27 20:42:57 --> Session: Class initialized using 'CodeIgniter\Session\Handlers\FileHandler' driver.
WARNING - 2025-10-27 20:42:57 --> Session: Sessions is enabled, and one exists. Please don't $session->start();
WARNING - 2025-10-27 20:42:59 --> [DEPRECATED] Optional parameter $market_name declared before required parameter $market_id is implicitly treated as a required parameter in APPPATH\Controllers\User_c.php on line 2569.
 1 FCPATH\vendor\composer\ClassLoader.php(576): include('C:\\laragon\\www\\pro1\\vendor\\codeigniter4\\framework\\system\\Debug\\Exceptions.php')
 2 FCPATH\vendor\composer\ClassLoader.php(427): Composer\Autoload\{closure}('C:\\laragon\\www\\pro1\\vendor\\composer/../../app/Controllers/User_c.php')
 3 [internal function]: Composer\Autoload\ClassLoader->loadClass('App\\Controllers\\User_c')
 4 SYSTEMPATH\CodeIgniter.php(887): class_exists('\\App\\Controllers\\User_c', true)
 5 SYSTEMPATH\CodeIgniter.php(496): CodeIgniter\CodeIgniter->startController()
 6 SYSTEMPATH\CodeIgniter.php(355): CodeIgniter\CodeIgniter->handleRequest(null, Object(Config\Cache), false)
 7 SYSTEMPATH\Boot.php(325): CodeIgniter\CodeIgniter->run()
 8 SYSTEMPATH\Boot.php(67): CodeIgniter\Boot::runCodeIgniter(Object(CodeIgniter\CodeIgniter))
 9 FCPATH\index.php(57): CodeIgniter\Boot::bootWeb(Object(Config\Paths))
INFO - 2025-10-27 20:42:59 --> Session: Class initialized using 'CodeIgniter\Session\Handlers\FileHandler' driver.
WARNING - 2025-10-27 20:42:59 --> Session: Sessions is enabled, and one exists. Please don't $session->start();
INFO - 2025-10-27 20:43:16 --> Session: Class initialized using 'CodeIgniter\Session\Handlers\FileHandler' driver.
WARNING - 2025-10-27 20:43:16 --> Session: Sessions is enabled, and one exists. Please don't $session->start();
INFO - 2025-10-27 20:43:18 --> Session: Class initialized using 'CodeIgniter\Session\Handlers\FileHandler' driver.
WARNING - 2025-10-27 20:43:18 --> Session: Sessions is enabled, and one exists. Please don't $session->start();
INFO - 2025-10-27 20:43:18 --> Session: Class initialized using 'CodeIgniter\Session\Handlers\FileHandler' driver.
WARNING - 2025-10-27 20:43:18 --> Session: Sessions is enabled, and one exists. Please don't $session->start();
INFO - 2025-10-27 20:43:18 --> Session: Class initialized using 'CodeIgniter\Session\Handlers\FileHandler' driver.
WARNING - 2025-10-27 20:43:18 --> Session: Sessions is enabled, and one exists. Please don't $session->start();
INFO - 2025-10-27 20:43:19 --> Session: Class initialized using 'CodeIgniter\Session\Handlers\FileHandler' driver.
WARNING - 2025-10-27 20:43:19 --> Session: Sessions is enabled, and one exists. Please don't $session->start();
INFO - 2025-10-27 20:43:38 --> Session: Class initialized using 'CodeIgniter\Session\Handlers\FileHandler' driver.
WARNING - 2025-10-27 20:43:38 --> Session: Sessions is enabled, and one exists. Please don't $session->start();
INFO - 2025-10-27 20:43:39 --> Session: Class initialized using 'CodeIgniter\Session\Handlers\FileHandler' driver.
WARNING - 2025-10-27 20:43:39 --> Session: Sessions is enabled, and one exists. Please don't $session->start();
INFO - 2025-10-27 20:43:40 --> Session: Class initialized using 'CodeIgniter\Session\Handlers\FileHandler' driver.
WARNING - 2025-10-27 20:43:40 --> Session: Sessions is enabled, and one exists. Please don't $session->start();
INFO - 2025-10-27 20:43:41 --> Session: Class initialized using 'CodeIgniter\Session\Handlers\FileHandler' driver.
WARNING - 2025-10-27 20:43:41 --> Session: Sessions is enabled, and one exists. Please don't $session->start();
INFO - 2025-10-27 20:43:41 --> Session: Class initialized using 'CodeIgniter\Session\Handlers\FileHandler' driver.
WARNING - 2025-10-27 20:43:41 --> Session: Sessions is enabled, and one exists. Please don't $session->start();
INFO - 2025-10-27 20:43:41 --> Session: Class initialized using 'CodeIgniter\Session\Handlers\FileHandler' driver.
WARNING - 2025-10-27 20:43:41 --> Session: Sessions is enabled, and one exists. Please don't $session->start();
WARNING - 2025-10-27 20:44:15 --> [DEPRECATED] Optional parameter $market_name declared before required parameter $market_id is implicitly treated as a required parameter in APPPATH\Controllers\User_c.php on line 2569.
 1 FCPATH\vendor\composer\ClassLoader.php(576): include('C:\\laragon\\www\\pro1\\vendor\\codeigniter4\\framework\\system\\Debug\\Exceptions.php')
 2 FCPATH\vendor\composer\ClassLoader.php(427): Composer\Autoload\{closure}('C:\\laragon\\www\\pro1\\vendor\\composer/../../app/Controllers/User_c.php')
 3 [internal function]: Composer\Autoload\ClassLoader->loadClass('App\\Controllers\\User_c')
 4 SYSTEMPATH\CodeIgniter.php(887): class_exists('\\App\\Controllers\\User_c', true)
 5 SYSTEMPATH\CodeIgniter.php(496): CodeIgniter\CodeIgniter->startController()
 6 SYSTEMPATH\CodeIgniter.php(355): CodeIgniter\CodeIgniter->handleRequest(null, Object(Config\Cache), false)
 7 SYSTEMPATH\Boot.php(325): CodeIgniter\CodeIgniter->run()
 8 SYSTEMPATH\Boot.php(67): CodeIgniter\Boot::runCodeIgniter(Object(CodeIgniter\CodeIgniter))
 9 FCPATH\index.php(57): CodeIgniter\Boot::bootWeb(Object(Config\Paths))
INFO - 2025-10-27 20:44:15 --> Session: Class initialized using 'CodeIgniter\Session\Handlers\FileHandler' driver.
WARNING - 2025-10-27 20:44:15 --> Session: Sessions is enabled, and one exists. Please don't $session->start();
WARNING - 2025-10-27 20:44:17 --> [DEPRECATED] Optional parameter $market_name declared before required parameter $market_id is implicitly treated as a required parameter in APPPATH\Controllers\User_c.php on line 2569.
 1 FCPATH\vendor\composer\ClassLoader.php(576): include('C:\\laragon\\www\\pro1\\vendor\\codeigniter4\\framework\\system\\Debug\\Exceptions.php')
 2 FCPATH\vendor\composer\ClassLoader.php(427): Composer\Autoload\{closure}('C:\\laragon\\www\\pro1\\vendor\\composer/../../app/Controllers/User_c.php')
 3 [internal function]: Composer\Autoload\ClassLoader->loadClass('App\\Controllers\\User_c')
 4 SYSTEMPATH\CodeIgniter.php(887): class_exists('\\App\\Controllers\\User_c', true)
 5 SYSTEMPATH\CodeIgniter.php(496): CodeIgniter\CodeIgniter->startController()
 6 SYSTEMPATH\CodeIgniter.php(355): CodeIgniter\CodeIgniter->handleRequest(null, Object(Config\Cache), false)
 7 SYSTEMPATH\Boot.php(325): CodeIgniter\CodeIgniter->run()
 8 SYSTEMPATH\Boot.php(67): CodeIgniter\Boot::runCodeIgniter(Object(CodeIgniter\CodeIgniter))
 9 FCPATH\index.php(57): CodeIgniter\Boot::bootWeb(Object(Config\Paths))
INFO - 2025-10-27 20:44:17 --> Session: Class initialized using 'CodeIgniter\Session\Handlers\FileHandler' driver.
WARNING - 2025-10-27 20:44:17 --> Session: Sessions is enabled, and one exists. Please don't $session->start();
WARNING - 2025-10-27 20:44:26 --> [DEPRECATED] Optional parameter $market_name declared before required parameter $market_id is implicitly treated as a required parameter in APPPATH\Controllers\User_c.php on line 2569.
 1 FCPATH\vendor\composer\ClassLoader.php(576): include('C:\\laragon\\www\\pro1\\vendor\\codeigniter4\\framework\\system\\Debug\\Exceptions.php')
 2 FCPATH\vendor\composer\ClassLoader.php(427): Composer\Autoload\{closure}('C:\\laragon\\www\\pro1\\vendor\\composer/../../app/Controllers/User_c.php')
 3 [internal function]: Composer\Autoload\ClassLoader->loadClass('App\\Controllers\\User_c')
 4 SYSTEMPATH\CodeIgniter.php(887): class_exists('\\App\\Controllers\\User_c', true)
 5 SYSTEMPATH\CodeIgniter.php(496): CodeIgniter\CodeIgniter->startController()
 6 SYSTEMPATH\CodeIgniter.php(355): CodeIgniter\CodeIgniter->handleRequest(null, Object(Config\Cache), false)
 7 SYSTEMPATH\Boot.php(325): CodeIgniter\CodeIgniter->run()
 8 SYSTEMPATH\Boot.php(67): CodeIgniter\Boot::runCodeIgniter(Object(CodeIgniter\CodeIgniter))
 9 FCPATH\index.php(57): CodeIgniter\Boot::bootWeb(Object(Config\Paths))
INFO - 2025-10-27 20:44:27 --> Session: Class initialized using 'CodeIgniter\Session\Handlers\FileHandler' driver.
WARNING - 2025-10-27 20:44:27 --> Session: Sessions is enabled, and one exists. Please don't $session->start();
WARNING - 2025-10-27 20:44:28 --> [DEPRECATED] Optional parameter $market_name declared before required parameter $market_id is implicitly treated as a required parameter in APPPATH\Controllers\User_c.php on line 2569.
 1 FCPATH\vendor\composer\ClassLoader.php(576): include('C:\\laragon\\www\\pro1\\vendor\\codeigniter4\\framework\\system\\Debug\\Exceptions.php')
 2 FCPATH\vendor\composer\ClassLoader.php(427): Composer\Autoload\{closure}('C:\\laragon\\www\\pro1\\vendor\\composer/../../app/Controllers/User_c.php')
 3 [internal function]: Composer\Autoload\ClassLoader->loadClass('App\\Controllers\\User_c')
 4 SYSTEMPATH\CodeIgniter.php(887): class_exists('\\App\\Controllers\\User_c', true)
 5 SYSTEMPATH\CodeIgniter.php(496): CodeIgniter\CodeIgniter->startController()
 6 SYSTEMPATH\CodeIgniter.php(355): CodeIgniter\CodeIgniter->handleRequest(null, Object(Config\Cache), false)
 7 SYSTEMPATH\Boot.php(325): CodeIgniter\CodeIgniter->run()
 8 SYSTEMPATH\Boot.php(67): CodeIgniter\Boot::runCodeIgniter(Object(CodeIgniter\CodeIgniter))
 9 FCPATH\index.php(57): CodeIgniter\Boot::bootWeb(Object(Config\Paths))
INFO - 2025-10-27 20:44:28 --> Session: Class initialized using 'CodeIgniter\Session\Handlers\FileHandler' driver.
WARNING - 2025-10-27 20:44:28 --> Session: Sessions is enabled, and one exists. Please don't $session->start();
INFO - 2025-10-27 20:44:29 --> Session: Class initialized using 'CodeIgniter\Session\Handlers\FileHandler' driver.
WARNING - 2025-10-27 20:44:29 --> Session: Sessions is enabled, and one exists. Please don't $session->start();
INFO - 2025-10-27 20:44:30 --> Session: Class initialized using 'CodeIgniter\Session\Handlers\FileHandler' driver.
WARNING - 2025-10-27 20:44:30 --> Session: Sessions is enabled, and one exists. Please don't $session->start();
INFO - 2025-10-27 20:44:30 --> Session: Class initialized using 'CodeIgniter\Session\Handlers\FileHandler' driver.
WARNING - 2025-10-27 20:44:30 --> Session: Sessions is enabled, and one exists. Please don't $session->start();
INFO - 2025-10-27 20:44:30 --> Session: Class initialized using 'CodeIgniter\Session\Handlers\FileHandler' driver.
WARNING - 2025-10-27 20:44:30 --> Session: Sessions is enabled, and one exists. Please don't $session->start();
INFO - 2025-10-27 20:44:31 --> Session: Class initialized using 'CodeIgniter\Session\Handlers\FileHandler' driver.
WARNING - 2025-10-27 20:44:31 --> Session: Sessions is enabled, and one exists. Please don't $session->start();
INFO - 2025-10-27 20:44:36 --> Session: Class initialized using 'CodeIgniter\Session\Handlers\FileHandler' driver.
WARNING - 2025-10-27 20:44:36 --> Session: Sessions is enabled, and one exists. Please don't $session->start();
INFO - 2025-10-27 20:44:37 --> Session: Class initialized using 'CodeIgniter\Session\Handlers\FileHandler' driver.
WARNING - 2025-10-27 20:44:37 --> Session: Sessions is enabled, and one exists. Please don't $session->start();
INFO - 2025-10-27 20:44:38 --> Session: Class initialized using 'CodeIgniter\Session\Handlers\FileHandler' driver.
WARNING - 2025-10-27 20:44:38 --> Session: Sessions is enabled, and one exists. Please don't $session->start();
INFO - 2025-10-27 20:44:39 --> Session: Class initialized using 'CodeIgniter\Session\Handlers\FileHandler' driver.
WARNING - 2025-10-27 20:44:39 --> Session: Sessions is enabled, and one exists. Please don't $session->start();
INFO - 2025-10-27 20:44:39 --> Session: Class initialized using 'CodeIgniter\Session\Handlers\FileHandler' driver.
WARNING - 2025-10-27 20:44:39 --> Session: Sessions is enabled, and one exists. Please don't $session->start();
INFO - 2025-10-27 20:44:39 --> Session: Class initialized using 'CodeIgniter\Session\Handlers\FileHandler' driver.
WARNING - 2025-10-27 20:44:39 --> Session: Sessions is enabled, and one exists. Please don't $session->start();
WARNING - 2025-10-27 20:46:03 --> [DEPRECATED] Optional parameter $market_name declared before required parameter $market_id is implicitly treated as a required parameter in APPPATH\Controllers\User_c.php on line 2569.
 1 FCPATH\vendor\composer\ClassLoader.php(576): include('C:\\laragon\\www\\pro1\\vendor\\codeigniter4\\framework\\system\\Debug\\Exceptions.php')
 2 FCPATH\vendor\composer\ClassLoader.php(427): Composer\Autoload\{closure}('C:\\laragon\\www\\pro1\\vendor\\composer/../../app/Controllers/User_c.php')
 3 [internal function]: Composer\Autoload\ClassLoader->loadClass('App\\Controllers\\User_c')
 4 SYSTEMPATH\CodeIgniter.php(887): class_exists('\\App\\Controllers\\User_c', true)
 5 SYSTEMPATH\CodeIgniter.php(496): CodeIgniter\CodeIgniter->startController()
 6 SYSTEMPATH\CodeIgniter.php(355): CodeIgniter\CodeIgniter->handleRequest(null, Object(Config\Cache), false)
 7 SYSTEMPATH\Boot.php(325): CodeIgniter\CodeIgniter->run()
 8 SYSTEMPATH\Boot.php(67): CodeIgniter\Boot::runCodeIgniter(Object(CodeIgniter\CodeIgniter))
 9 FCPATH\index.php(57): CodeIgniter\Boot::bootWeb(Object(Config\Paths))
INFO - 2025-10-27 20:46:03 --> Session: Class initialized using 'CodeIgniter\Session\Handlers\FileHandler' driver.
WARNING - 2025-10-27 20:46:03 --> Session: Sessions is enabled, and one exists. Please don't $session->start();
WARNING - 2025-10-27 20:46:05 --> [DEPRECATED] Optional parameter $market_name declared before required parameter $market_id is implicitly treated as a required parameter in APPPATH\Controllers\User_c.php on line 2569.
 1 FCPATH\vendor\composer\ClassLoader.php(576): include('C:\\laragon\\www\\pro1\\vendor\\codeigniter4\\framework\\system\\Debug\\Exceptions.php')
 2 FCPATH\vendor\composer\ClassLoader.php(427): Composer\Autoload\{closure}('C:\\laragon\\www\\pro1\\vendor\\composer/../../app/Controllers/User_c.php')
 3 [internal function]: Composer\Autoload\ClassLoader->loadClass('App\\Controllers\\User_c')
 4 SYSTEMPATH\CodeIgniter.php(887): class_exists('\\App\\Controllers\\User_c', true)
 5 SYSTEMPATH\CodeIgniter.php(496): CodeIgniter\CodeIgniter->startController()
 6 SYSTEMPATH\CodeIgniter.php(355): CodeIgniter\CodeIgniter->handleRequest(null, Object(Config\Cache), false)
 7 SYSTEMPATH\Boot.php(325): CodeIgniter\CodeIgniter->run()
 8 SYSTEMPATH\Boot.php(67): CodeIgniter\Boot::runCodeIgniter(Object(CodeIgniter\CodeIgniter))
 9 FCPATH\index.php(57): CodeIgniter\Boot::bootWeb(Object(Config\Paths))
INFO - 2025-10-27 20:46:05 --> Session: Class initialized using 'CodeIgniter\Session\Handlers\FileHandler' driver.
WARNING - 2025-10-27 20:46:05 --> Session: Sessions is enabled, and one exists. Please don't $session->start();
INFO - 2025-10-27 20:46:06 --> Session: Class initialized using 'CodeIgniter\Session\Handlers\FileHandler' driver.
WARNING - 2025-10-27 20:46:06 --> Session: Sessions is enabled, and one exists. Please don't $session->start();
INFO - 2025-10-27 20:46:07 --> Session: Class initialized using 'CodeIgniter\Session\Handlers\FileHandler' driver.
WARNING - 2025-10-27 20:46:07 --> Session: Sessions is enabled, and one exists. Please don't $session->start();
INFO - 2025-10-27 20:46:07 --> Session: Class initialized using 'CodeIgniter\Session\Handlers\FileHandler' driver.
WARNING - 2025-10-27 20:46:07 --> Session: Sessions is enabled, and one exists. Please don't $session->start();
INFO - 2025-10-27 20:46:08 --> Session: Class initialized using 'CodeIgniter\Session\Handlers\FileHandler' driver.
WARNING - 2025-10-27 20:46:08 --> Session: Sessions is enabled, and one exists. Please don't $session->start();
INFO - 2025-10-27 20:46:08 --> Session: Class initialized using 'CodeIgniter\Session\Handlers\FileHandler' driver.
WARNING - 2025-10-27 20:46:08 --> Session: Sessions is enabled, and one exists. Please don't $session->start();
INFO - 2025-10-27 20:46:13 --> Session: Class initialized using 'CodeIgniter\Session\Handlers\FileHandler' driver.
WARNING - 2025-10-27 20:46:13 --> Session: Sessions is enabled, and one exists. Please don't $session->start();
INFO - 2025-10-27 20:46:14 --> Session: Class initialized using 'CodeIgniter\Session\Handlers\FileHandler' driver.
WARNING - 2025-10-27 20:46:14 --> Session: Sessions is enabled, and one exists. Please don't $session->start();
INFO - 2025-10-27 20:46:15 --> Session: Class initialized using 'CodeIgniter\Session\Handlers\FileHandler' driver.
WARNING - 2025-10-27 20:46:15 --> Session: Sessions is enabled, and one exists. Please don't $session->start();
INFO - 2025-10-27 20:46:15 --> Session: Class initialized using 'CodeIgniter\Session\Handlers\FileHandler' driver.
WARNING - 2025-10-27 20:46:15 --> Session: Sessions is enabled, and one exists. Please don't $session->start();
INFO - 2025-10-27 20:46:16 --> Session: Class initialized using 'CodeIgniter\Session\Handlers\FileHandler' driver.
WARNING - 2025-10-27 20:46:16 --> Session: Sessions is enabled, and one exists. Please don't $session->start();
INFO - 2025-10-27 20:46:16 --> Session: Class initialized using 'CodeIgniter\Session\Handlers\FileHandler' driver.
WARNING - 2025-10-27 20:46:16 --> Session: Sessions is enabled, and one exists. Please don't $session->start();
